2023-02-20 01:16:52 +0000 [MT] Initial pipeline context: <IDEDistributionProcessingPipelineContext: 0x7fc8e6198bc0; archive(resolved)="<IDEArchive: 0x600002a7d980>", distributionTask(resolved)="2", distributionDestination(resolved)="1", distributionMethod(resolved)="<IDEDistributionMethodiOSAdHoc: 0x600000c499b0>", team(resolved)="<IDEProvisioningBasicTeam: 0x600000f523a0; teamID='9R8LPM6UR2', teamName='(null)'>">
	Chain (13, self inclusive):
	<IDEDistributionProcessingPipelineContext: 0x7fc8e6198bc0; archive = "<IDEArchive: 0x600002a7d980>", distributionMethod="<IDEDistributionMethodiOSAdHoc: 0x600000c499b0>", team="<IDEProvisioningBasicTeam: 0x600000f523a0; teamID='9R8LPM6UR2', teamName='(null)'>">
	<IDEDistributionProcessingPipelineContext: 0x7fc8e61a3670; archive = "<IDEArchive: 0x600002a7d980>", distributionMethod="<IDEDistributionMethodiOSAdHoc: 0x600000c499b0>", team="<IDEProvisioningBasicTeam: 0x600000f523a0; teamID='9R8LPM6UR2', teamName='(null)'>">
	<IDEDistributionContext: 0x7fc8e616a970; archive = "<IDEArchive: 0x600002a7d980>", distributionMethod="<IDEDistributionMethodiOSAdHoc: 0x600000c499b0>", team="<IDEProvisioningBasicTeam: 0x600000f523a0; teamID='9R8LPM6UR2', teamName='(null)'>">
	<IDEDistributionContext: 0x7fc8e606abf0; archive = "<IDEArchive: 0x600002a7d980>", distributionMethod="<IDEDistributionMethodiOSAdHoc: 0x600000c499b0>", team="<IDEProvisioningBasicTeam: 0x600000f523a0; teamID='9R8LPM6UR2', teamName='(null)'>">
	<IDEDistributionContext: 0x7fc8e6186740; archive = "<IDEArchive: 0x600002a7d980>", distributionMethod="<IDEDistributionMethodiOSAdHoc: 0x600000c499b0>", team="<IDEProvisioningBasicTeam: 0x600000f523a0; teamID='9R8LPM6UR2', teamName='(null)'>">
	<IDEDistributionContext: 0x7fc8e606a5b0; archive = "<IDEArchive: 0x600002a7d980>", distributionMethod="<IDEDistributionMethodiOSAdHoc: 0x600000c499b0>", team="<IDEProvisioningBasicTeam: 0x600000f523a0; teamID='9R8LPM6UR2', teamName='(null)'>">
	<IDEDistributionContext: 0x7fc8e6186540; archive = "<IDEArchive: 0x600002a7d980>", distributionMethod="<IDEDistributionMethodiOSAdHoc: 0x600000c499b0>", team="<IDEProvisioningBasicTeam: 0x600000f523a0; teamID='9R8LPM6UR2', teamName='(null)'>">
	<IDEDistributionContext: 0x7fc8e6067c20; archive = "<IDEArchive: 0x600002a7d980>", distributionMethod="<IDEDistributionMethodiOSAdHoc: 0x600000c499b0>", team="<IDEProvisioningBasicTeam: 0x600000f523a0; teamID='9R8LPM6UR2', teamName='(null)'>">
	<IDEDistributionContext: 0x7fc9057246b0; archive = "<IDEArchive: 0x600002a7d980>", distributionMethod="<IDEDistributionMethodiOSAdHoc: 0x600000c499b0>", team="<IDEProvisioningBasicTeam: 0x600000f523a0; teamID='9R8LPM6UR2', teamName='(null)'>">
	<IDEDistributionContext: 0x7fc8e57aa030; archive = "<IDEArchive: 0x600002a7d980>", distributionMethod="<IDEDistributionMethodiOSAdHoc: 0x600000c499b0>", team="(null)">
	<IDEDistributionContext: 0x7fc8e6054fa0; archive = "<IDEArchive: 0x600002a7d980>", distributionMethod="<IDEDistributionMethodiOSAdHoc: 0x600000c499b0>", team="(null)">
	<IDEDistributionContext: 0x7fc8e6054da0; archive = "<IDEArchive: 0x600002a7d980>", distributionMethod="<IDEDistributionMethodiOSAdHoc: 0x600000c499b0>", team="(null)">
	<IDEDistributionContext: 0x7fc8e57f7f10; archive = "<IDEArchive: 0x600002a7d980>", distributionMethod="(null)", team="(null)">
</IDEDistributionProcessingPipelineContext: 0x7fc8e6198bc0>
2023-02-20 01:16:52 +0000 [MT] Processing step: IDEDistributionCreateDestRootStep
2023-02-20 01:16:52 +0000 [MT] Processing step: IDEDistributionCopyItemStep
2023-02-20 01:16:52 +0000 [MT] Running /usr/bin/ditto '-V' '/Users/craig/actions-runner/_work/gcode/gcode/build/out/37790665-swans-score.xcarchive/Products/Applications/score.app' '/var/folders/sv/h0fz1p090h97prcxzlhf99740000gr/T/XcodeDistPipeline.~~~1FXbj5/Root/Payload/score.app'
2023-02-20 01:16:52 +0000  >>> Copying /Users/craig/actions-runner/_work/gcode/gcode/build/out/37790665-swans-score.xcarchive/Products/Applications/score.app 
2023-02-20 01:16:52 +0000  copying file ./_CodeSignature/CodeResources ... 
2023-02-20 01:16:52 +0000  14045 bytes for ./_CodeSignature/CodeResources
2023-02-20 01:16:52 +0000  copying file ./AppIcon60x60@2x.png ... 
5225 bytes for ./AppIcon60x60@2x.png
2023-02-20 01:16:52 +0000  copying file ./GoogleService-Info.plist ... 
664 bytes for ./GoogleService-Info.plist
copying file ./Base.lproj/Main.storyboardc/UIViewController-BYZ-38-t0r.nib/runtime.nib ... 
967 bytes for ./Base.lproj/Main.storyboardc/UIViewController-BYZ-38-t0r.nib/runtime.nib
copying file ./Base.lproj/Main.storyboardc/UIViewController-BYZ-38-t0r.nib/objects-14.0+.nib ... 
967 bytes for ./Base.lproj/Main.storyboardc/UIViewController-BYZ-38-t0r.nib/objects-14.0+.nib
copying file ./Base.lproj/Main.storyboardc/BYZ-38-t0r-view-8bC-Xf-vdC.nib/runtime.nib ... 
4313 bytes for ./Base.lproj/Main.storyboardc/BYZ-38-t0r-view-8bC-Xf-vdC.nib/runtime.nib
copying file ./Base.lproj/Main.storyboardc/BYZ-38-t0r-view-8bC-Xf-vdC.nib/objects-14.0+.nib ... 
3164 bytes for ./Base.lproj/Main.storyboardc/BYZ-38-t0r-view-8bC-Xf-vdC.nib/objects-14.0+.nib
copying file ./Base.lproj/Main.storyboardc/Info.plist ... 
258 bytes for ./Base.lproj/Main.storyboardc/Info.plist
copying file ./Base.lproj/LaunchScreen.storyboardc/01J-lp-oVM-view-4mO-e4-REQ.nib ... 
2240 bytes for ./Base.lproj/LaunchScreen.storyboardc/01J-lp-oVM-view-4mO-e4-REQ.nib
copying file ./Base.lproj/LaunchScreen.storyboardc/UIViewController-01J-lp-oVM.nib ... 
896 bytes for ./Base.lproj/LaunchScreen.storyboardc/UIViewController-01J-lp-oVM.nib
copying file ./Base.lproj/LaunchScreen.storyboardc/Info.plist ... 
258 bytes for ./Base.lproj/LaunchScreen.storyboardc/Info.plist
copying file ./score ... 
196768 bytes for ./score
copying file ./Entitlements/Entitlements.plist ... 
837 bytes for ./Entitlements/Entitlements.plist
copying file ./Entitlements/.gitignore ... 
27 bytes for ./Entitlements/.gitignore
copying file ./Assets.car ... 
212959 bytes for ./Assets.car
copying file ./AppIcon76x76@2x~ipad.png ... 
6527 bytes for ./AppIcon76x76@2x~ipad.png
copying file ./Frameworks/GoogleDataTransport.framework/_CodeSignature/CodeResources ... 
1798 bytes for ./Frameworks/GoogleDataTransport.framework/_CodeSignature/CodeResources
copying file ./Frameworks/GoogleDataTransport.framework/GoogleDataTransport ... 
361360 bytes for ./Frameworks/GoogleDataTransport.framework/GoogleDataTransport
copying file ./Frameworks/GoogleDataTransport.framework/Info.plist ... 
807 bytes for ./Frameworks/GoogleDataTransport.framework/Info.plist
copying file ./Frameworks/FBLPromises.framework/_CodeSignature/CodeResources ... 
1798 bytes for ./Frameworks/FBLPromises.framework/_CodeSignature/CodeResources
copying file ./Frameworks/FBLPromises.framework/FBLPromises ... 
191920 bytes for ./Frameworks/FBLPromises.framework/FBLPromises
copying file ./Frameworks/FBLPromises.framework/Info.plist ... 
789 bytes for ./Frameworks/FBLPromises.framework/Info.plist
copying file ./Frameworks/FirebaseCoreInternal.framework/_CodeSignature/CodeResources ... 
1798 bytes for ./Frameworks/FirebaseCoreInternal.framework/_CodeSignature/CodeResources
copying file ./Frameworks/FirebaseCoreInternal.framework/FirebaseCoreInternal ... 
404128 bytes for ./Frameworks/FirebaseCoreInternal.framework/FirebaseCoreInternal
copying file ./Frameworks/FirebaseCoreInternal.framework/Info.plist ... 
809 bytes for ./Frameworks/FirebaseCoreInternal.framework/Info.plist
copying file ./Frameworks/FirebaseCore.framework/_CodeSignature/CodeResources ... 
1798 bytes for ./Frameworks/FirebaseCore.framework/_CodeSignature/CodeResources
copying file ./Frameworks/FirebaseCore.framework/FirebaseCore ... 
223648 bytes for ./Frameworks/FirebaseCore.framework/FirebaseCore
copying file ./Frameworks/FirebaseCore.framework/Info.plist ... 
791 bytes for ./Frameworks/FirebaseCore.framework/Info.plist
copying file ./Frameworks/GoogleUtilities.framework/_CodeSignature/CodeResources ... 
1798 bytes for ./Frameworks/GoogleUtilities.framework/_CodeSignature/CodeResources
copying file ./Frameworks/GoogleUtilities.framework/GoogleUtilities ... 
308704 bytes for ./Frameworks/GoogleUtilities.framework/GoogleUtilities
copying file ./Frameworks/GoogleUtilities.framework/Info.plist ... 
799 bytes for ./Frameworks/GoogleUtilities.framework/Info.plist
copying file ./Frameworks/FirebaseMessaging.framework
2023-02-20 01:16:52 +0000  /_CodeSignature/CodeResources ... 
1798 bytes for ./Frameworks/FirebaseMessaging.framework/_CodeSignature/CodeResources
copying file ./Frameworks/FirebaseMessaging.framework/FirebaseMessaging ... 
566528 bytes for ./Frameworks/FirebaseMessaging.framework/FirebaseMessaging
copying file ./Frameworks/FirebaseMessaging.framework/Info.plist ... 
804 bytes for ./Frameworks/FirebaseMessaging.framework/Info.plist
copying file ./Frameworks/nanopb.framework/_CodeSignature/CodeResources ... 
1798 bytes for ./Frameworks/nanopb.framework/_CodeSignature/CodeResources
copying file ./Frameworks/nanopb.framework/nanopb ... 
80752 bytes for ./Frameworks/nanopb.framework/nanopb
copying file ./Frameworks/nanopb.framework/Info.plist ... 
783 bytes for ./Frameworks/nanopb.framework/Info.plist
2023-02-20 01:16:52 +0000  copying file ./Frameworks/FirebaseInstallations.framework/_CodeSignature/CodeResources ... 
2023-02-20 01:16:52 +0000  1798 bytes for ./Frameworks/FirebaseInstallations.framework/_CodeSignature/CodeResources
copying file ./Frameworks/FirebaseInstallations.framework/FirebaseInstallations ... 
293952 bytes for ./Frameworks/FirebaseInstallations.framework/FirebaseInstallations
copying file ./Frameworks/FirebaseInstallations.framework/Info.plist ... 
811 bytes for ./Frameworks/FirebaseInstallations.framework/Info.plist
copying file ./Frameworks/FirebaseCoreDiagnostics.framework/_CodeSignature/CodeResources ... 
1798 bytes for ./Frameworks/FirebaseCoreDiagnostics.framework/_CodeSignature/CodeResources
copying file ./Frameworks/FirebaseCoreDiagnostics.framework/FirebaseCoreDiagnostics ... 
2023-02-20 01:16:52 +0000  86256 bytes for ./Frameworks/FirebaseCoreDiagnostics.framework/FirebaseCoreDiagnostics
copying file ./Frameworks/FirebaseCoreDiagnostics.framework/Info.plist ... 
2023-02-20 01:16:52 +0000  815 bytes for ./Frameworks/FirebaseCoreDiagnostics.framework/Info.plist
copying file ./embedded.mobileprovision ... 
2023-02-20 01:16:52 +0000  15430 bytes for ./embedded.mobileprovision
2023-02-20 01:16:52 +0000  copying file ./Info.plist ... 
2023-02-20 01:16:52 +0000  2378 bytes for ./Info.plist
copying file ./PkgInfo ... 
2023-02-20 01:16:52 +0000  8 bytes for ./PkgInfo
2023-02-20 01:16:52 +0000 [MT] /usr/bin/ditto exited with 0
2023-02-20 01:16:52 +0000 [MT] Processing step: IDEDistributionEmbedProfileStep
2023-02-20 01:16:52 +0000 [MT] Skipping profile for item: <IDEDistributionItem: 0x600002a7bde0; bundleID='org.cocoapods.FBLPromises', path='<DVTFilePath:0x60000259e530:'/Users/craig/actions-runner/_work/gcode/gcode/build/out/37790665-swans-score.xcarchive/Products/Applications/score.app/Frameworks/FBLPromises.framework'>', codeSigningInfo='<_DVTCodeSigningInformation_Path: 0x600002dc1900; isSigned='1', isAdHocSigned='0', signingCertificate='<DVTSigningCertificate: 0x600003930a50; name='Apple Development: Craig Gorman (5JC3XWB44V)', hash='4306BBB633743D94CFC7565694FEA4757730DEB5', serialNumber='494AE56079AD754BE508213DD1272D64', certificateKinds='(
    "1.2.840.113635.100.6.1.12",
    "1.2.840.113635.100.6.1.2"
), issueDate='2022-06-27 06:12:40 +0000''>', entitlements='(null)', teamID='9R8LPM6UR2', identifier='org.cocoapods.FBLPromises', executablePath='<DVTFilePath:0x6000025a27d0:'/Users/craig/actions-runner/_work/gcode/gcode/build/out/37790665-swans-score.xcarchive/Products/Applications/score.app/Frameworks/FBLPromises.framework/FBLPromises'>', hardenedRuntime='0'>'>
2023-02-20 01:16:52 +0000 [MT] Skipping profile for item: <IDEDistributionItem: 0x600002a7ba20; bundleID='org.cocoapods.FirebaseCore', path='<DVTFilePath:0x6000025a1490:'/Users/craig/actions-runner/_work/gcode/gcode/build/out/37790665-swans-score.xcarchive/Products/Applications/score.app/Frameworks/FirebaseCore.framework'>', codeSigningInfo='<_DVTCodeSigningInformation_Path: 0x600002dd3480; isSigned='1', isAdHocSigned='0', signingCertificate='<DVTSigningCertificate: 0x600003930a50; name='Apple Development: Craig Gorman (5JC3XWB44V)', hash='4306BBB633743D94CFC7565694FEA4757730DEB5', serialNumber='494AE56079AD754BE508213DD1272D64', certificateKinds='(
    "1.2.840.113635.100.6.1.12",
    "1.2.840.113635.100.6.1.2"
), issueDate='2022-06-27 06:12:40 +0000''>', entitlements='(null)', teamID='9R8LPM6UR2', identifier='org.cocoapods.FirebaseCore', executablePath='<DVTFilePath:0x6000025a1650:'/Users/craig/actions-runner/_work/gcode/gcode/build/out/37790665-swans-score.xcarchive/Products/Applications/score.app/Frameworks/FirebaseCore.framework/FirebaseCore'>', hardenedRuntime='0'>'>
2023-02-20 01:16:52 +0000 [MT] Skipping profile for item: <IDEDistributionItem: 0x600002a79560; bundleID='org.cocoapods.FirebaseCoreDiagnostics', path='<DVTFilePath:0x600002171900:'/Users/craig/actions-runner/_work/gcode/gcode/build/out/37790665-swans-score.xcarchive/Products/Applications/score.app/Frameworks/FirebaseCoreDiagnostics.framework'>', codeSigningInfo='<_DVTCodeSigningInformation_Path: 0x600002ddb8e0; isSigned='1', isAdHocSigned='0', signingCertificate='<DVTSigningCertificate: 0x60000391bde0; name='Apple Development: Craig Gorman (5JC3XWB44V)', hash='4306BBB633743D94CFC7565694FEA4757730DEB5', serialNumber='494AE56079AD754BE508213DD1272D64', certificateKinds='(
    "1.2.840.113635.100.6.1.12",
    "1.2.840.113635.100.6.1.2"
), issueDate='2022-06-27 06:12:40 +0000''>', entitlements='(null)', teamID='9R8LPM6UR2', identifier='org.cocoapods.FirebaseCoreDiagnostics', executablePath='<DVTFilePath:0x60000259ee60:'/Users/craig/actions-runner/_work/gcode/gcode/build/out/37790665-swans-score.xcarchive/Products/Applications/score.app/Frameworks/FirebaseCoreDiagnostics.framework/FirebaseCoreDiagnostics'>', hardenedRuntime='0'>'>
2023-02-20 01:16:52 +0000 [MT] Skipping profile for item: <IDEDistributionItem: 0x600002a9f6c0; bundleID='org.cocoapods.FirebaseCoreInternal', path='<DVTFilePath:0x60000215e080:'/Users/craig/actions-runner/_work/gcode/gcode/build/out/37790665-swans-score.xcarchive/Products/Applications/score.app/Frameworks/FirebaseCoreInternal.framework'>', codeSigningInfo='<_DVTCodeSigningInformation_Path: 0x600002ddb160; isSigned='1', isAdHocSigned='0', signingCertificate='<DVTSigningCertificate: 0x600003930a50; name='Apple Development: Craig Gorman (5JC3XWB44V)', hash='4306BBB633743D94CFC7565694FEA4757730DEB5', serialNumber='494AE56079AD754BE508213DD1272D64', certificateKinds='(
    "1.2.840.113635.100.6.1.12",
    "1.2.840.113635.100.6.1.2"
), issueDate='2022-06-27 06:12:40 +0000''>', entitlements='(null)', teamID='9R8LPM6UR2', identifier='org.cocoapods.FirebaseCoreInternal', executablePath='<DVTFilePath:0x6000025a11f0:'/Users/craig/actions-runner/_work/gcode/gcode/build/out/37790665-swans-score.xcarchive/Products/Applications/score.app/Frameworks/FirebaseCoreInternal.framework/FirebaseCoreInternal'>', hardenedRuntime='0'>'>
2023-02-20 01:16:52 +0000 [MT] Skipping profile for item: <IDEDistributionItem: 0x600002a8af40; bundleID='org.cocoapods.FirebaseInstallations', path='<DVTFilePath:0x60000215e180:'/Users/craig/actions-runner/_work/gcode/gcode/build/out/37790665-swans-score.xcarchive/Products/Applications/score.app/Frameworks/FirebaseInstallations.framework'>', codeSigningInfo='<_DVTCodeSigningInformation_Path: 0x600002dd77f0; isSigned='1', isAdHocSigned='0', signingCertificate='<DVTSigningCertificate: 0x600003930a50; name='Apple Development: Craig Gorman (5JC3XWB44V)', hash='4306BBB633743D94CFC7565694FEA4757730DEB5', serialNumber='494AE56079AD754BE508213DD1272D64', certificateKinds='(
    "1.2.840.113635.100.6.1.12",
    "1.2.840.113635.100.6.1.2"
), issueDate='2022-06-27 06:12:40 +0000''>', entitlements='(null)', teamID='9R8LPM6UR2', identifier='org.cocoapods.FirebaseInstallations', executablePath='<DVTFilePath:0x60000259f560:'/Users/craig/actions-runner/_work/gcode/gcode/build/out/37790665-swans-score.xcarchive/Products/Applications/score.app/Frameworks/FirebaseInstallations.framework/FirebaseInstallations'>', hardenedRuntime='0'>'>
2023-02-20 01:16:52 +0000 [MT] Skipping profile for item: <IDEDistributionItem: 0x600002a8adc0; bundleID='org.cocoapods.FirebaseMessaging', path='<DVTFilePath:0x600002171980:'/Users/craig/actions-runner/_work/gcode/gcode/build/out/37790665-swans-score.xcarchive/Products/Applications/score.app/Frameworks/FirebaseMessaging.framework'>', codeSigningInfo='<_DVTCodeSigningInformation_Path: 0x600002dcfde0; isSigned='1', isAdHocSigned='0', signingCertificate='<DVTSigningCertificate: 0x600003930a50; name='Apple Development: Craig Gorman (5JC3XWB44V)', hash='4306BBB633743D94CFC7565694FEA4757730DEB5', serialNumber='494AE56079AD754BE508213DD1272D64', certificateKinds='(
    "1.2.840.113635.100.6.1.12",
    "1.2.840.113635.100.6.1.2"
), issueDate='2022-06-27 06:12:40 +0000''>', entitlements='(null)', teamID='9R8LPM6UR2', identifier='org.cocoapods.FirebaseMessaging', executablePath='<DVTFilePath:0x60000259e060:'/Users/craig/actions-runner/_work/gcode/gcode/build/out/37790665-swans-score.xcarchive/Products/Applications/score.app/Frameworks/FirebaseMessaging.framework/FirebaseMessaging'>', hardenedRuntime='0'>'>
2023-02-20 01:16:52 +0000 [MT] Skipping profile for item: <IDEDistributionItem: 0x600002a7b180; bundleID='org.cocoapods.GoogleDataTransport', path='<DVTFilePath:0x600002180f00:'/Users/craig/actions-runner/_work/gcode/gcode/build/out/37790665-swans-score.xcarchive/Products/Applications/score.app/Frameworks/GoogleDataTransport.framework'>', codeSigningInfo='<_DVTCodeSigningInformation_Path: 0x600002ddf980; isSigned='1', isAdHocSigned='0', signingCertificate='<DVTSigningCertificate: 0x600003930a50; name='Apple Development: Craig Gorman (5JC3XWB44V)', hash='4306BBB633743D94CFC7565694FEA4757730DEB5', serialNumber='494AE56079AD754BE508213DD1272D64', certificateKinds='(
    "1.2.840.113635.100.6.1.12",
    "1.2.840.113635.100.6.1.2"
), issueDate='2022-06-27 06:12:40 +0000''>', entitlements='(null)', teamID='9R8LPM6UR2', identifier='org.cocoapods.GoogleDataTransport', executablePath='<DVTFilePath:0x60000259e450:'/Users/craig/actions-runner/_work/gcode/gcode/build/out/37790665-swans-score.xcarchive/Products/Applications/score.app/Frameworks/GoogleDataTransport.framework/GoogleDataTransport'>', hardenedRuntime='0'>'>
2023-02-20 01:16:52 +0000 [MT] Skipping profile for item: <IDEDistributionItem: 0x600002a7bcc0; bundleID='org.cocoapods.GoogleUtilities', path='<DVTFilePath:0x60000215e100:'/Users/craig/actions-runner/_work/gcode/gcode/build/out/37790665-swans-score.xcarchive/Products/Applications/score.app/Frameworks/GoogleUtilities.framework'>', codeSigningInfo='<_DVTCodeSigningInformation_Path: 0x600002dd35c0; isSigned='1', isAdHocSigned='0', signingCertificate='<DVTSigningCertificate: 0x60000391bde0; name='Apple Development: Craig Gorman (5JC3XWB44V)', hash='4306BBB633743D94CFC7565694FEA4757730DEB5', serialNumber='494AE56079AD754BE508213DD1272D64', certificateKinds='(
    "1.2.840.113635.100.6.1.12",
    "1.2.840.113635.100.6.1.2"
), issueDate='2022-06-27 06:12:40 +0000''>', entitlements='(null)', teamID='9R8LPM6UR2', identifier='org.cocoapods.GoogleUtilities', executablePath='<DVTFilePath:0x6000025a1880:'/Users/craig/actions-runner/_work/gcode/gcode/build/out/37790665-swans-score.xcarchive/Products/Applications/score.app/Frameworks/GoogleUtilities.framework/GoogleUtilities'>', hardenedRuntime='0'>'>
2023-02-20 01:16:52 +0000 [MT] Skipping profile for item: <IDEDistributionItem: 0x600002a956e0; bundleID='org.cocoapods.nanopb', path='<DVTFilePath:0x6000025a18f0:'/Users/craig/actions-runner/_work/gcode/gcode/build/out/37790665-swans-score.xcarchive/Products/Applications/score.app/Frameworks/nanopb.framework'>', codeSigningInfo='<_DVTCodeSigningInformation_Path: 0x600002dd3520; isSigned='1', isAdHocSigned='0', signingCertificate='<DVTSigningCertificate: 0x60000391bde0; name='Apple Development: Craig Gorman (5JC3XWB44V)', hash='4306BBB633743D94CFC7565694FEA4757730DEB5', serialNumber='494AE56079AD754BE508213DD1272D64', certificateKinds='(
    "1.2.840.113635.100.6.1.12",
    "1.2.840.113635.100.6.1.2"
), issueDate='2022-06-27 06:12:40 +0000''>', entitlements='(null)', teamID='9R8LPM6UR2', identifier='org.cocoapods.nanopb', executablePath='<DVTFilePath:0x600002a93720:'/Users/craig/actions-runner/_work/gcode/gcode/build/out/37790665-swans-score.xcarchive/Products/Applications/score.app/Frameworks/nanopb.framework/nanopb'>', hardenedRuntime='0'>'>
2023-02-20 01:16:52 +0000 [MT] Processing step: IDEDistributionInfoPlistStep
2023-02-20 01:16:52 +0000 [MT] Skipping step: IDEDistributionInfoPlistStep because it said so
2023-02-20 01:16:52 +0000 [MT] Skipping step: IDEDistributionInfoPlistStep because it said so
2023-02-20 01:16:52 +0000 [MT] Skipping step: IDEDistributionInfoPlistStep because it said so
2023-02-20 01:16:52 +0000 [MT] Skipping step: IDEDistributionInfoPlistStep because it said so
2023-02-20 01:16:52 +0000 [MT] Skipping step: IDEDistributionInfoPlistStep because it said so
2023-02-20 01:16:52 +0000 [MT] Skipping step: IDEDistributionInfoPlistStep because it said so
2023-02-20 01:16:52 +0000 [MT] Skipping step: IDEDistributionInfoPlistStep because it said so
2023-02-20 01:16:52 +0000 [MT] Skipping step: IDEDistributionInfoPlistStep because it said so
2023-02-20 01:16:52 +0000 [MT] Skipping step: IDEDistributionInfoPlistStep because it said so
2023-02-20 01:16:52 +0000 [MT] Skipping step: IDEDistributionInfoPlistStep because it said so
2023-02-20 01:16:52 +0000 [MT] Processing step: IDEDistributionAppThinningPlistStep
2023-02-20 01:16:52 +0000 [MT] Skipping step: IDEDistributionAppThinningPlistStep because it said so
2023-02-20 01:16:52 +0000 [MT] Processing step: IDEDistributionCompileBitcodeStep
2023-02-20 01:16:52 +0000 [MT] Skipping step: IDEDistributionCompileBitcodeStep because it said so
2023-02-20 01:16:52 +0000 [MT] Processing step: IDEDistributionCodeSlimmingStep
2023-02-20 01:16:52 +0000 [MT] Processing step: IDEDistributionCopyBCSymbolMapsStep
2023-02-20 01:16:52 +0000 [MT] Skipping step: IDEDistributionCopyBCSymbolMapsStep because it said so
2023-02-20 01:16:52 +0000 [MT] Skipping step: IDEDistributionCopyBCSymbolMapsStep because it said so
2023-02-20 01:16:52 +0000 [MT] Skipping step: IDEDistributionCopyBCSymbolMapsStep because it said so
2023-02-20 01:16:52 +0000 [MT] Skipping step: IDEDistributionCopyBCSymbolMapsStep because it said so
2023-02-20 01:16:52 +0000 [MT] Skipping step: IDEDistributionCopyBCSymbolMapsStep because it said so
2023-02-20 01:16:52 +0000 [MT] Skipping step: IDEDistributionCopyBCSymbolMapsStep because it said so
2023-02-20 01:16:52 +0000 [MT] Skipping step: IDEDistributionCopyBCSymbolMapsStep because it said so
2023-02-20 01:16:52 +0000 [MT] Skipping step: IDEDistributionCopyBCSymbolMapsStep because it said so
2023-02-20 01:16:52 +0000 [MT] Skipping step: IDEDistributionCopyBCSymbolMapsStep because it said so
2023-02-20 01:16:52 +0000 [MT] Skipping step: IDEDistributionCopyBCSymbolMapsStep because it said so
2023-02-20 01:16:52 +0000 [MT] Processing step: IDEDistributionSymbolsStep
2023-02-20 01:16:52 +0000 [MT] Skipping step: IDEDistributionSymbolsStep because it said so
2023-02-20 01:16:52 +0000 [MT] Skipping step: IDEDistributionSymbolsStep because it said so
2023-02-20 01:16:52 +0000 [MT] Skipping step: IDEDistributionSymbolsStep because it said so
2023-02-20 01:16:52 +0000 [MT] Skipping step: IDEDistributionSymbolsStep because it said so
2023-02-20 01:16:52 +0000 [MT] Skipping step: IDEDistributionSymbolsStep because it said so
2023-02-20 01:16:52 +0000 [MT] Skipping step: IDEDistributionSymbolsStep because it said so
2023-02-20 01:16:52 +0000 [MT] Skipping step: IDEDistributionSymbolsStep because it said so
2023-02-20 01:16:52 +0000 [MT] Skipping step: IDEDistributionSymbolsStep because it said so
2023-02-20 01:16:52 +0000 [MT] Skipping step: IDEDistributionSymbolsStep because it said so
2023-02-20 01:16:52 +0000 [MT] Skipping step: IDEDistributionSymbolsStep because it said so
2023-02-20 01:16:52 +0000 [MT] Processing step: IDEDistributionAppThinningStep
2023-02-20 01:16:52 +0000 [MT] Skipping step: IDEDistributionAppThinningStep because it said so
2023-02-20 01:16:52 +0000 [MT] Processing step: IDEDistributionArchThinningStep
2023-02-20 01:16:52 +0000 [MT] Running /Applications/Xcode.app/Contents/Developer/Toolchains/XcodeDefault.xctoolchain/usr/bin/lipo '/var/folders/sv/h0fz1p090h97prcxzlhf99740000gr/T/XcodeDistPipeline.~~~1FXbj5/Root/Payload/score.app/Frameworks/FBLPromises.framework/FBLPromises' '-verify_arch' 'arm64e'
2023-02-20 01:16:52 +0000 [MT] /Applications/Xcode.app/Contents/Developer/Toolchains/XcodeDefault.xctoolchain/usr/bin/lipo exited with 1
2023-02-20 01:16:52 +0000 [MT] Skipping architecture thinning for item "FBLPromises" because arch "arm64e" wasn't found
2023-02-20 01:16:52 +0000 [MT] Running /Applications/Xcode.app/Contents/Developer/Toolchains/XcodeDefault.xctoolchain/usr/bin/lipo '/var/folders/sv/h0fz1p090h97prcxzlhf99740000gr/T/XcodeDistPipeline.~~~1FXbj5/Root/Payload/score.app/Frameworks/FirebaseCore.framework/FirebaseCore' '-verify_arch' 'arm64e'
2023-02-20 01:16:52 +0000 [MT] /Applications/Xcode.app/Contents/Developer/Toolchains/XcodeDefault.xctoolchain/usr/bin/lipo exited with 1
2023-02-20 01:16:52 +0000 [MT] Skipping architecture thinning for item "FirebaseCore" because arch "arm64e" wasn't found
2023-02-20 01:16:52 +0000 [MT] Running /Applications/Xcode.app/Contents/Developer/Toolchains/XcodeDefault.xctoolchain/usr/bin/lipo '/var/folders/sv/h0fz1p090h97prcxzlhf99740000gr/T/XcodeDistPipeline.~~~1FXbj5/Root/Payload/score.app/Frameworks/FirebaseCoreDiagnostics.framework/FirebaseCoreDiagnostics' '-verify_arch' 'arm64e'
2023-02-20 01:16:52 +0000 [MT] /Applications/Xcode.app/Contents/Developer/Toolchains/XcodeDefault.xctoolchain/usr/bin/lipo exited with 1
2023-02-20 01:16:52 +0000 [MT] Skipping architecture thinning for item "FirebaseCoreDiagnostics" because arch "arm64e" wasn't found
2023-02-20 01:16:52 +0000 [MT] Running /Applications/Xcode.app/Contents/Developer/Toolchains/XcodeDefault.xctoolchain/usr/bin/lipo '/var/folders/sv/h0fz1p090h97prcxzlhf99740000gr/T/XcodeDistPipeline.~~~1FXbj5/Root/Payload/score.app/Frameworks/FirebaseCoreInternal.framework/FirebaseCoreInternal' '-verify_arch' 'arm64e'
2023-02-20 01:16:52 +0000 [MT] /Applications/Xcode.app/Contents/Developer/Toolchains/XcodeDefault.xctoolchain/usr/bin/lipo exited with 1
2023-02-20 01:16:52 +0000 [MT] Skipping architecture thinning for item "FirebaseCoreInternal" because arch "arm64e" wasn't found
2023-02-20 01:16:52 +0000 [MT] Running /Applications/Xcode.app/Contents/Developer/Toolchains/XcodeDefault.xctoolchain/usr/bin/lipo '/var/folders/sv/h0fz1p090h97prcxzlhf99740000gr/T/XcodeDistPipeline.~~~1FXbj5/Root/Payload/score.app/Frameworks/FirebaseInstallations.framework/FirebaseInstallations' '-verify_arch' 'arm64e'
2023-02-20 01:16:52 +0000 [MT] /Applications/Xcode.app/Contents/Developer/Toolchains/XcodeDefault.xctoolchain/usr/bin/lipo exited with 1
2023-02-20 01:16:52 +0000 [MT] Skipping architecture thinning for item "FirebaseInstallations" because arch "arm64e" wasn't found
2023-02-20 01:16:52 +0000 [MT] Running /Applications/Xcode.app/Contents/Developer/Toolchains/XcodeDefault.xctoolchain/usr/bin/lipo '/var/folders/sv/h0fz1p090h97prcxzlhf99740000gr/T/XcodeDistPipeline.~~~1FXbj5/Root/Payload/score.app/Frameworks/FirebaseMessaging.framework/FirebaseMessaging' '-verify_arch' 'arm64e'
2023-02-20 01:16:52 +0000 [MT] /Applications/Xcode.app/Contents/Developer/Toolchains/XcodeDefault.xctoolchain/usr/bin/lipo exited with 1
2023-02-20 01:16:52 +0000 [MT] Skipping architecture thinning for item "FirebaseMessaging" because arch "arm64e" wasn't found
2023-02-20 01:16:52 +0000 [MT] Running /Applications/Xcode.app/Contents/Developer/Toolchains/XcodeDefault.xctoolchain/usr/bin/lipo '/var/folders/sv/h0fz1p090h97prcxzlhf99740000gr/T/XcodeDistPipeline.~~~1FXbj5/Root/Payload/score.app/Frameworks/GoogleDataTransport.framework/GoogleDataTransport' '-verify_arch' 'arm64e'
2023-02-20 01:16:52 +0000 [MT] /Applications/Xcode.app/Contents/Developer/Toolchains/XcodeDefault.xctoolchain/usr/bin/lipo exited with 1
2023-02-20 01:16:52 +0000 [MT] Skipping architecture thinning for item "GoogleDataTransport" because arch "arm64e" wasn't found
2023-02-20 01:16:52 +0000 [MT] Running /Applications/Xcode.app/Contents/Developer/Toolchains/XcodeDefault.xctoolchain/usr/bin/lipo '/var/folders/sv/h0fz1p090h97prcxzlhf99740000gr/T/XcodeDistPipeline.~~~1FXbj5/Root/Payload/score.app/Frameworks/GoogleUtilities.framework/GoogleUtilities' '-verify_arch' 'arm64e'
2023-02-20 01:16:52 +0000 [MT] /Applications/Xcode.app/Contents/Developer/Toolchains/XcodeDefault.xctoolchain/usr/bin/lipo exited with 1
2023-02-20 01:16:52 +0000 [MT] Skipping architecture thinning for item "GoogleUtilities" because arch "arm64e" wasn't found
2023-02-20 01:16:52 +0000 [MT] Running /Applications/Xcode.app/Contents/Developer/Toolchains/XcodeDefault.xctoolchain/usr/bin/lipo '/var/folders/sv/h0fz1p090h97prcxzlhf99740000gr/T/XcodeDistPipeline.~~~1FXbj5/Root/Payload/score.app/Frameworks/nanopb.framework/nanopb' '-verify_arch' 'arm64e'
2023-02-20 01:16:52 +0000 [MT] /Applications/Xcode.app/Contents/Developer/Toolchains/XcodeDefault.xctoolchain/usr/bin/lipo exited with 1
2023-02-20 01:16:52 +0000 [MT] Skipping architecture thinning for item "nanopb" because arch "arm64e" wasn't found
2023-02-20 01:16:52 +0000 [MT] Running /Applications/Xcode.app/Contents/Developer/Toolchains/XcodeDefault.xctoolchain/usr/bin/lipo '/var/folders/sv/h0fz1p090h97prcxzlhf99740000gr/T/XcodeDistPipeline.~~~1FXbj5/Root/Payload/score.app/score' '-verify_arch' 'arm64e'
2023-02-20 01:16:52 +0000 [MT] /Applications/Xcode.app/Contents/Developer/Toolchains/XcodeDefault.xctoolchain/usr/bin/lipo exited with 1
2023-02-20 01:16:52 +0000 [MT] Skipping architecture thinning for item "score" because arch "arm64e" wasn't found
2023-02-20 01:16:52 +0000 [MT] Processing step: IDEDistributionODRStep
2023-02-20 01:16:52 +0000 [MT] Processing step: IDEDistributionStripXattrsStep
2023-02-20 01:16:52 +0000 [MT] Skipping stripping extended attributes of item: <IDEDistributionItem: 0x600002a7bde0; bundleID='org.cocoapods.FBLPromises', path='<DVTFilePath:0x60000259e530:'/Users/craig/actions-runner/_work/gcode/gcode/build/out/37790665-swans-score.xcarchive/Products/Applications/score.app/Frameworks/FBLPromises.framework'>', codeSigningInfo='<_DVTCodeSigningInformation_Path: 0x600002dc1900; isSigned='1', isAdHocSigned='0', signingCertificate='<DVTSigningCertificate: 0x600003930dc0; name='Apple Development: Craig Gorman (5JC3XWB44V)', hash='4306BBB633743D94CFC7565694FEA4757730DEB5', serialNumber='494AE56079AD754BE508213DD1272D64', certificateKinds='(
    "1.2.840.113635.100.6.1.12",
    "1.2.840.113635.100.6.1.2"
), issueDate='2022-06-27 06:12:40 +0000''>', entitlements='(null)', teamID='9R8LPM6UR2', identifier='org.cocoapods.FBLPromises', executablePath='<DVTFilePath:0x6000025a27d0:'/Users/craig/actions-runner/_work/gcode/gcode/build/out/37790665-swans-score.xcarchive/Products/Applications/score.app/Frameworks/FBLPromises.framework/FBLPromises'>', hardenedRuntime='0'>'>
2023-02-20 01:16:52 +0000 [MT] Skipping stripping extended attributes of item: <IDEDistributionItem: 0x600002a7ba20; bundleID='org.cocoapods.FirebaseCore', path='<DVTFilePath:0x6000025a1490:'/Users/craig/actions-runner/_work/gcode/gcode/build/out/37790665-swans-score.xcarchive/Products/Applications/score.app/Frameworks/FirebaseCore.framework'>', codeSigningInfo='<_DVTCodeSigningInformation_Path: 0x600002dd3480; isSigned='1', isAdHocSigned='0', signingCertificate='<DVTSigningCertificate: 0x600003930dc0; name='Apple Development: Craig Gorman (5JC3XWB44V)', hash='4306BBB633743D94CFC7565694FEA4757730DEB5', serialNumber='494AE56079AD754BE508213DD1272D64', certificateKinds='(
    "1.2.840.113635.100.6.1.12",
    "1.2.840.113635.100.6.1.2"
), issueDate='2022-06-27 06:12:40 +0000''>', entitlements='(null)', teamID='9R8LPM6UR2', identifier='org.cocoapods.FirebaseCore', executablePath='<DVTFilePath:0x6000025a1650:'/Users/craig/actions-runner/_work/gcode/gcode/build/out/37790665-swans-score.xcarchive/Products/Applications/score.app/Frameworks/FirebaseCore.framework/FirebaseCore'>', hardenedRuntime='0'>'>
2023-02-20 01:16:52 +0000 [MT] Skipping stripping extended attributes of item: <IDEDistributionItem: 0x600002a79560; bundleID='org.cocoapods.FirebaseCoreDiagnostics', path='<DVTFilePath:0x600002171900:'/Users/craig/actions-runner/_work/gcode/gcode/build/out/37790665-swans-score.xcarchive/Products/Applications/score.app/Frameworks/FirebaseCoreDiagnostics.framework'>', codeSigningInfo='<_DVTCodeSigningInformation_Path: 0x600002ddb8e0; isSigned='1', isAdHocSigned='0', signingCertificate='<DVTSigningCertificate: 0x600003930dc0; name='Apple Development: Craig Gorman (5JC3XWB44V)', hash='4306BBB633743D94CFC7565694FEA4757730DEB5', serialNumber='494AE56079AD754BE508213DD1272D64', certificateKinds='(
    "1.2.840.113635.100.6.1.12",
    "1.2.840.113635.100.6.1.2"
), issueDate='2022-06-27 06:12:40 +0000''>', entitlements='(null)', teamID='9R8LPM6UR2', identifier='org.cocoapods.FirebaseCoreDiagnostics', executablePath='<DVTFilePath:0x60000259ee60:'/Users/craig/actions-runner/_work/gcode/gcode/build/out/37790665-swans-score.xcarchive/Products/Applications/score.app/Frameworks/FirebaseCoreDiagnostics.framework/FirebaseCoreDiagnostics'>', hardenedRuntime='0'>'>
2023-02-20 01:16:52 +0000 [MT] Skipping stripping extended attributes of item: <IDEDistributionItem: 0x600002a9f6c0; bundleID='org.cocoapods.FirebaseCoreInternal', path='<DVTFilePath:0x60000215e080:'/Users/craig/actions-runner/_work/gcode/gcode/build/out/37790665-swans-score.xcarchive/Products/Applications/score.app/Frameworks/FirebaseCoreInternal.framework'>', codeSigningInfo='<_DVTCodeSigningInformation_Path: 0x600002ddb160; isSigned='1', isAdHocSigned='0', signingCertificate='<DVTSigningCertificate: 0x60000391bd30; name='Apple Development: Craig Gorman (5JC3XWB44V)', hash='4306BBB633743D94CFC7565694FEA4757730DEB5', serialNumber='494AE56079AD754BE508213DD1272D64', certificateKinds='(
    "1.2.840.113635.100.6.1.12",
    "1.2.840.113635.100.6.1.2"
), issueDate='2022-06-27 06:12:40 +0000''>', entitlements='(null)', teamID='9R8LPM6UR2', identifier='org.cocoapods.FirebaseCoreInternal', executablePath='<DVTFilePath:0x6000025a11f0:'/Users/craig/actions-runner/_work/gcode/gcode/build/out/37790665-swans-score.xcarchive/Products/Applications/score.app/Frameworks/FirebaseCoreInternal.framework/FirebaseCoreInternal'>', hardenedRuntime='0'>'>
2023-02-20 01:16:52 +0000 [MT] Skipping stripping extended attributes of item: <IDEDistributionItem: 0x600002a8af40; bundleID='org.cocoapods.FirebaseInstallations', path='<DVTFilePath:0x60000215e180:'/Users/craig/actions-runner/_work/gcode/gcode/build/out/37790665-swans-score.xcarchive/Products/Applications/score.app/Frameworks/FirebaseInstallations.framework'>', codeSigningInfo='<_DVTCodeSigningInformation_Path: 0x600002dd77f0; isSigned='1', isAdHocSigned='0', signingCertificate='<DVTSigningCertificate: 0x600003930dc0; name='Apple Development: Craig Gorman (5JC3XWB44V)', hash='4306BBB633743D94CFC7565694FEA4757730DEB5', serialNumber='494AE56079AD754BE508213DD1272D64', certificateKinds='(
    "1.2.840.113635.100.6.1.12",
    "1.2.840.113635.100.6.1.2"
), issueDate='2022-06-27 06:12:40 +0000''>', entitlements='(null)', teamID='9R8LPM6UR2', identifier='org.cocoapods.FirebaseInstallations', executablePath='<DVTFilePath:0x60000259f560:'/Users/craig/actions-runner/_work/gcode/gcode/build/out/37790665-swans-score.xcarchive/Products/Applications/score.app/Frameworks/FirebaseInstallations.framework/FirebaseInstallations'>', hardenedRuntime='0'>'>
2023-02-20 01:16:52 +0000 [MT] Skipping stripping extended attributes of item: <IDEDistributionItem: 0x600002a8adc0; bundleID='org.cocoapods.FirebaseMessaging', path='<DVTFilePath:0x600002171980:'/Users/craig/actions-runner/_work/gcode/gcode/build/out/37790665-swans-score.xcarchive/Products/Applications/score.app/Frameworks/FirebaseMessaging.framework'>', codeSigningInfo='<_DVTCodeSigningInformation_Path: 0x600002dcfde0; isSigned='1', isAdHocSigned='0', signingCertificate='<DVTSigningCertificate: 0x600003935fa0; name='Apple Development: Craig Gorman (5JC3XWB44V)', hash='4306BBB633743D94CFC7565694FEA4757730DEB5', serialNumber='494AE56079AD754BE508213DD1272D64', certificateKinds='(
    "1.2.840.113635.100.6.1.12",
    "1.2.840.113635.100.6.1.2"
), issueDate='2022-06-27 06:12:40 +0000''>', entitlements='(null)', teamID='9R8LPM6UR2', identifier='org.cocoapods.FirebaseMessaging', executablePath='<DVTFilePath:0x60000259e060:'/Users/craig/actions-runner/_work/gcode/gcode/build/out/37790665-swans-score.xcarchive/Products/Applications/score.app/Frameworks/FirebaseMessaging.framework/FirebaseMessaging'>', hardenedRuntime='0'>'>
2023-02-20 01:16:52 +0000 [MT] Skipping stripping extended attributes of item: <IDEDistributionItem: 0x600002a7b180; bundleID='org.cocoapods.GoogleDataTransport', path='<DVTFilePath:0x600002180f00:'/Users/craig/actions-runner/_work/gcode/gcode/build/out/37790665-swans-score.xcarchive/Products/Applications/score.app/Frameworks/GoogleDataTransport.framework'>', codeSigningInfo='<_DVTCodeSigningInformation_Path: 0x600002ddf980; isSigned='1', isAdHocSigned='0', signingCertificate='<DVTSigningCertificate: 0x600003930dc0; name='Apple Development: Craig Gorman (5JC3XWB44V)', hash='4306BBB633743D94CFC7565694FEA4757730DEB5', serialNumber='494AE56079AD754BE508213DD1272D64', certificateKinds='(
    "1.2.840.113635.100.6.1.12",
    "1.2.840.113635.100.6.1.2"
), issueDate='2022-06-27 06:12:40 +0000''>', entitlements='(null)', teamID='9R8LPM6UR2', identifier='org.cocoapods.GoogleDataTransport', executablePath='<DVTFilePath:0x60000259e450:'/Users/craig/actions-runner/_work/gcode/gcode/build/out/37790665-swans-score.xcarchive/Products/Applications/score.app/Frameworks/GoogleDataTransport.framework/GoogleDataTransport'>', hardenedRuntime='0'>'>
2023-02-20 01:16:52 +0000 [MT] Skipping stripping extended attributes of item: <IDEDistributionItem: 0x600002a7bcc0; bundleID='org.cocoapods.GoogleUtilities', path='<DVTFilePath:0x60000215e100:'/Users/craig/actions-runner/_work/gcode/gcode/build/out/37790665-swans-score.xcarchive/Products/Applications/score.app/Frameworks/GoogleUtilities.framework'>', codeSigningInfo='<_DVTCodeSigningInformation_Path: 0x600002dd35c0; isSigned='1', isAdHocSigned='0', signingCertificate='<DVTSigningCertificate: 0x600003930dc0; name='Apple Development: Craig Gorman (5JC3XWB44V)', hash='4306BBB633743D94CFC7565694FEA4757730DEB5', serialNumber='494AE56079AD754BE508213DD1272D64', certificateKinds='(
    "1.2.840.113635.100.6.1.12",
    "1.2.840.113635.100.6.1.2"
), issueDate='2022-06-27 06:12:40 +0000''>', entitlements='(null)', teamID='9R8LPM6UR2', identifier='org.cocoapods.GoogleUtilities', executablePath='<DVTFilePath:0x6000025a1880:'/Users/craig/actions-runner/_work/gcode/gcode/build/out/37790665-swans-score.xcarchive/Products/Applications/score.app/Frameworks/GoogleUtilities.framework/GoogleUtilities'>', hardenedRuntime='0'>'>
2023-02-20 01:16:52 +0000 [MT] Skipping stripping extended attributes of item: <IDEDistributionItem: 0x600002a956e0; bundleID='org.cocoapods.nanopb', path='<DVTFilePath:0x6000025a18f0:'/Users/craig/actions-runner/_work/gcode/gcode/build/out/37790665-swans-score.xcarchive/Products/Applications/score.app/Frameworks/nanopb.framework'>', codeSigningInfo='<_DVTCodeSigningInformation_Path: 0x600002dd3520; isSigned='1', isAdHocSigned='0', signingCertificate='<DVTSigningCertificate: 0x600003930dc0; name='Apple Development: Craig Gorman (5JC3XWB44V)', hash='4306BBB633743D94CFC7565694FEA4757730DEB5', serialNumber='494AE56079AD754BE508213DD1272D64', certificateKinds='(
    "1.2.840.113635.100.6.1.12",
    "1.2.840.113635.100.6.1.2"
), issueDate='2022-06-27 06:12:40 +0000''>', entitlements='(null)', teamID='9R8LPM6UR2', identifier='org.cocoapods.nanopb', executablePath='<DVTFilePath:0x600002a93720:'/Users/craig/actions-runner/_work/gcode/gcode/build/out/37790665-swans-score.xcarchive/Products/Applications/score.app/Frameworks/nanopb.framework/nanopb'>', hardenedRuntime='0'>'>
2023-02-20 01:16:52 +0000 [MT] Running /usr/bin/xattr '-crs' '/var/folders/sv/h0fz1p090h97prcxzlhf99740000gr/T/XcodeDistPipeline.~~~1FXbj5/Root/Payload/score.app'
2023-02-20 01:16:52 +0000 [MT] /usr/bin/xattr exited with 0
2023-02-20 01:16:52 +0000 [MT] Processing step: IDEDistributionCodesignStep
2023-02-20 01:16:52 +0000 [MT] Entitlements for <IDEDistributionItem: 0x600002a7bde0; bundleID='org.cocoapods.FBLPromises', path='<DVTFilePath:0x60000259e530:'/Users/craig/actions-runner/_work/gcode/gcode/build/out/37790665-swans-score.xcarchive/Products/Applications/score.app/Frameworks/FBLPromises.framework'>', codeSigningInfo='<_DVTCodeSigningInformation_Path: 0x600002dc1900; isSigned='1', isAdHocSigned='0', signingCertificate='<DVTSigningCertificate: 0x600003930dc0; name='Apple Development: Craig Gorman (5JC3XWB44V)', hash='4306BBB633743D94CFC7565694FEA4757730DEB5', serialNumber='494AE56079AD754BE508213DD1272D64', certificateKinds='(
    "1.2.840.113635.100.6.1.12",
    "1.2.840.113635.100.6.1.2"
), issueDate='2022-06-27 06:12:40 +0000''>', entitlements='(null)', teamID='9R8LPM6UR2', identifier='org.cocoapods.FBLPromises', executablePath='<DVTFilePath:0x6000025a27d0:'/Users/craig/actions-runner/_work/gcode/gcode/build/out/37790665-swans-score.xcarchive/Products/Applications/score.app/Frameworks/FBLPromises.framework/FBLPromises'>', hardenedRuntime='0'>'>: {
}
2023-02-20 01:16:52 +0000 [MT] Entitlements for <IDEDistributionItem: 0x600002a7bde0; bundleID='org.cocoapods.FBLPromises', path='<DVTFilePath:0x60000259e530:'/Users/craig/actions-runner/_work/gcode/gcode/build/out/37790665-swans-score.xcarchive/Products/Applications/score.app/Frameworks/FBLPromises.framework'>', codeSigningInfo='<_DVTCodeSigningInformation_Path: 0x600002dc1900; isSigned='1', isAdHocSigned='0', signingCertificate='<DVTSigningCertificate: 0x600003935fa0; name='Apple Development: Craig Gorman (5JC3XWB44V)', hash='4306BBB633743D94CFC7565694FEA4757730DEB5', serialNumber='494AE56079AD754BE508213DD1272D64', certificateKinds='(
    "1.2.840.113635.100.6.1.12",
    "1.2.840.113635.100.6.1.2"
), issueDate='2022-06-27 06:12:40 +0000''>', entitlements='(null)', teamID='9R8LPM6UR2', identifier='org.cocoapods.FBLPromises', executablePath='<DVTFilePath:0x6000025a27d0:'/Users/craig/actions-runner/_work/gcode/gcode/build/out/37790665-swans-score.xcarchive/Products/Applications/score.app/Frameworks/FBLPromises.framework/FBLPromises'>', hardenedRuntime='0'>'> are: {
}
2023-02-20 01:16:52 +0000 [MT] Writing entitlements for <IDEDistributionItem: 0x600002a7bde0; bundleID='org.cocoapods.FBLPromises', path='<DVTFilePath:0x60000259e530:'/Users/craig/actions-runner/_work/gcode/gcode/build/out/37790665-swans-score.xcarchive/Products/Applications/score.app/Frameworks/FBLPromises.framework'>', codeSigningInfo='<_DVTCodeSigningInformation_Path: 0x600002dc1900; isSigned='1', isAdHocSigned='0', signingCertificate='<DVTSigningCertificate: 0x60000392a520; name='Apple Development: Craig Gorman (5JC3XWB44V)', hash='4306BBB633743D94CFC7565694FEA4757730DEB5', serialNumber='494AE56079AD754BE508213DD1272D64', certificateKinds='(
    "1.2.840.113635.100.6.1.12",
    "1.2.840.113635.100.6.1.2"
), issueDate='2022-06-27 06:12:40 +0000''>', entitlements='(null)', teamID='9R8LPM6UR2', identifier='org.cocoapods.FBLPromises', executablePath='<DVTFilePath:0x6000025a27d0:'/Users/craig/actions-runner/_work/gcode/gcode/build/out/37790665-swans-score.xcarchive/Products/Applications/score.app/Frameworks/FBLPromises.framework/FBLPromises'>', hardenedRuntime='0'>'> to: /var/folders/sv/h0fz1p090h97prcxzlhf99740000gr/T/XcodeDistPipeline.~~~1FXbj5/entitlements~~~r2vpsE
2023-02-20 01:16:52 +0000 [MT] Running /usr/bin/codesign '-vvv' '--force' '--sign' '9A1D235C02F17F93093236EB8D084528E5FB034C' '--entitlements' '/var/folders/sv/h0fz1p090h97prcxzlhf99740000gr/T/XcodeDistPipeline.~~~1FXbj5/entitlements~~~r2vpsE' '--generate-entitlement-der' '--preserve-metadata=identifier,flags,runtime' '/var/folders/sv/h0fz1p090h97prcxzlhf99740000gr/T/XcodeDistPipeline.~~~1FXbj5/Root/Payload/score.app/Frameworks/FBLPromises.framework'
2023-02-20 01:16:52 +0000  /var/folders/sv/h0fz1p090h97prcxzlhf99740000gr/T/XcodeDistPipeline.~~~1FXbj5/Root/Payload/score.app/Frameworks/FBLPromises.framework: replacing existing signature
2023-02-20 01:16:52 +0000  /var/folders/sv/h0fz1p090h97prcxzlhf99740000gr/T/XcodeDistPipeline.~~~1FXbj5/Root/Payload/score.app/Frameworks/FBLPromises.framework: signed bundle with Mach-O thin (arm64) [org.cocoapods.FBLPromises]
2023-02-20 01:16:52 +0000 [MT] /usr/bin/codesign exited with 0
2023-02-20 01:16:52 +0000 [MT] Entitlements for <IDEDistributionItem: 0x600002a7ba20; bundleID='org.cocoapods.FirebaseCore', path='<DVTFilePath:0x6000025a1490:'/Users/craig/actions-runner/_work/gcode/gcode/build/out/37790665-swans-score.xcarchive/Products/Applications/score.app/Frameworks/FirebaseCore.framework'>', codeSigningInfo='<_DVTCodeSigningInformation_Path: 0x600002dd3480; isSigned='1', isAdHocSigned='0', signingCertificate='<DVTSigningCertificate: 0x600003930dc0; name='Apple Development: Craig Gorman (5JC3XWB44V)', hash='4306BBB633743D94CFC7565694FEA4757730DEB5', serialNumber='494AE56079AD754BE508213DD1272D64', certificateKinds='(
    "1.2.840.113635.100.6.1.12",
    "1.2.840.113635.100.6.1.2"
), issueDate='2022-06-27 06:12:40 +0000''>', entitlements='(null)', teamID='9R8LPM6UR2', identifier='org.cocoapods.FirebaseCore', executablePath='<DVTFilePath:0x6000025a1650:'/Users/craig/actions-runner/_work/gcode/gcode/build/out/37790665-swans-score.xcarchive/Products/Applications/score.app/Frameworks/FirebaseCore.framework/FirebaseCore'>', hardenedRuntime='0'>'>: {
}
2023-02-20 01:16:52 +0000 [MT] Entitlements for <IDEDistributionItem: 0x600002a7ba20; bundleID='org.cocoapods.FirebaseCore', path='<DVTFilePath:0x6000025a1490:'/Users/craig/actions-runner/_work/gcode/gcode/build/out/37790665-swans-score.xcarchive/Products/Applications/score.app/Frameworks/FirebaseCore.framework'>', codeSigningInfo='<_DVTCodeSigningInformation_Path: 0x600002dd3480; isSigned='1', isAdHocSigned='0', signingCertificate='<DVTSigningCertificate: 0x60000391bbd0; name='Apple Development: Craig Gorman (5JC3XWB44V)', hash='4306BBB633743D94CFC7565694FEA4757730DEB5', serialNumber='494AE56079AD754BE508213DD1272D64', certificateKinds='(
    "1.2.840.113635.100.6.1.12",
    "1.2.840.113635.100.6.1.2"
), issueDate='2022-06-27 06:12:40 +0000''>', entitlements='(null)', teamID='9R8LPM6UR2', identifier='org.cocoapods.FirebaseCore', executablePath='<DVTFilePath:0x6000025a1650:'/Users/craig/actions-runner/_work/gcode/gcode/build/out/37790665-swans-score.xcarchive/Products/Applications/score.app/Frameworks/FirebaseCore.framework/FirebaseCore'>', hardenedRuntime='0'>'> are: {
}
2023-02-20 01:16:52 +0000 [MT] Writing entitlements for <IDEDistributionItem: 0x600002a7ba20; bundleID='org.cocoapods.FirebaseCore', path='<DVTFilePath:0x6000025a1490:'/Users/craig/actions-runner/_work/gcode/gcode/build/out/37790665-swans-score.xcarchive/Products/Applications/score.app/Frameworks/FirebaseCore.framework'>', codeSigningInfo='<_DVTCodeSigningInformation_Path: 0x600002dd3480; isSigned='1', isAdHocSigned='0', signingCertificate='<DVTSigningCertificate: 0x60000392a470; name='Apple Development: Craig Gorman (5JC3XWB44V)', hash='4306BBB633743D94CFC7565694FEA4757730DEB5', serialNumber='494AE56079AD754BE508213DD1272D64', certificateKinds='(
    "1.2.840.113635.100.6.1.12",
    "1.2.840.113635.100.6.1.2"
), issueDate='2022-06-27 06:12:40 +0000''>', entitlements='(null)', teamID='9R8LPM6UR2', identifier='org.cocoapods.FirebaseCore', executablePath='<DVTFilePath:0x6000025a1650:'/Users/craig/actions-runner/_work/gcode/gcode/build/out/37790665-swans-score.xcarchive/Products/Applications/score.app/Frameworks/FirebaseCore.framework/FirebaseCore'>', hardenedRuntime='0'>'> to: /var/folders/sv/h0fz1p090h97prcxzlhf99740000gr/T/XcodeDistPipeline.~~~1FXbj5/entitlements~~~M2t7yf
2023-02-20 01:16:52 +0000 [MT] Running /usr/bin/codesign '-vvv' '--force' '--sign' '9A1D235C02F17F93093236EB8D084528E5FB034C' '--entitlements' '/var/folders/sv/h0fz1p090h97prcxzlhf99740000gr/T/XcodeDistPipeline.~~~1FXbj5/entitlements~~~M2t7yf' '--generate-entitlement-der' '--preserve-metadata=identifier,flags,runtime' '/var/folders/sv/h0fz1p090h97prcxzlhf99740000gr/T/XcodeDistPipeline.~~~1FXbj5/Root/Payload/score.app/Frameworks/FirebaseCore.framework'
2023-02-20 01:16:52 +0000  /var/folders/sv/h0fz1p090h97prcxzlhf99740000gr/T/XcodeDistPipeline.~~~1FXbj5/Root/Payload/score.app/Frameworks/FirebaseCore.framework: replacing existing signature
2023-02-20 01:16:52 +0000  /var/folders/sv/h0fz1p090h97prcxzlhf99740000gr/T/XcodeDistPipeline.~~~1FXbj5/Root/Payload/score.app/Frameworks/FirebaseCore.framework: signed bundle with Mach-O thin (arm64) [org.cocoapods.FirebaseCore]
2023-02-20 01:16:52 +0000 [MT] /usr/bin/codesign exited with 0
2023-02-20 01:16:52 +0000 [MT] Entitlements for <IDEDistributionItem: 0x600002a79560; bundleID='org.cocoapods.FirebaseCoreDiagnostics', path='<DVTFilePath:0x600002171900:'/Users/craig/actions-runner/_work/gcode/gcode/build/out/37790665-swans-score.xcarchive/Products/Applications/score.app/Frameworks/FirebaseCoreDiagnostics.framework'>', codeSigningInfo='<_DVTCodeSigningInformation_Path: 0x600002ddb8e0; isSigned='1', isAdHocSigned='0', signingCertificate='<DVTSigningCertificate: 0x60000391bd30; name='Apple Development: Craig Gorman (5JC3XWB44V)', hash='4306BBB633743D94CFC7565694FEA4757730DEB5', serialNumber='494AE56079AD754BE508213DD1272D64', certificateKinds='(
    "1.2.840.113635.100.6.1.12",
    "1.2.840.113635.100.6.1.2"
), issueDate='2022-06-27 06:12:40 +0000''>', entitlements='(null)', teamID='9R8LPM6UR2', identifier='org.cocoapods.FirebaseCoreDiagnostics', executablePath='<DVTFilePath:0x60000259ee60:'/Users/craig/actions-runner/_work/gcode/gcode/build/out/37790665-swans-score.xcarchive/Products/Applications/score.app/Frameworks/FirebaseCoreDiagnostics.framework/FirebaseCoreDiagnostics'>', hardenedRuntime='0'>'>: {
}
2023-02-20 01:16:52 +0000 [MT] Entitlements for <IDEDistributionItem: 0x600002a79560; bundleID='org.cocoapods.FirebaseCoreDiagnostics', path='<DVTFilePath:0x600002171900:'/Users/craig/actions-runner/_work/gcode/gcode/build/out/37790665-swans-score.xcarchive/Products/Applications/score.app/Frameworks/FirebaseCoreDiagnostics.framework'>', codeSigningInfo='<_DVTCodeSigningInformation_Path: 0x600002ddb8e0; isSigned='1', isAdHocSigned='0', signingCertificate='<DVTSigningCertificate: 0x600003930c60; name='Apple Development: Craig Gorman (5JC3XWB44V)', hash='4306BBB633743D94CFC7565694FEA4757730DEB5', serialNumber='494AE56079AD754BE508213DD1272D64', certificateKinds='(
    "1.2.840.113635.100.6.1.12",
    "1.2.840.113635.100.6.1.2"
), issueDate='2022-06-27 06:12:40 +0000''>', entitlements='(null)', teamID='9R8LPM6UR2', identifier='org.cocoapods.FirebaseCoreDiagnostics', executablePath='<DVTFilePath:0x60000259ee60:'/Users/craig/actions-runner/_work/gcode/gcode/build/out/37790665-swans-score.xcarchive/Products/Applications/score.app/Frameworks/FirebaseCoreDiagnostics.framework/FirebaseCoreDiagnostics'>', hardenedRuntime='0'>'> are: {
}
2023-02-20 01:16:52 +0000 [MT] Writing entitlements for <IDEDistributionItem: 0x600002a79560; bundleID='org.cocoapods.FirebaseCoreDiagnostics', path='<DVTFilePath:0x600002171900:'/Users/craig/actions-runner/_work/gcode/gcode/build/out/37790665-swans-score.xcarchive/Products/Applications/score.app/Frameworks/FirebaseCoreDiagnostics.framework'>', codeSigningInfo='<_DVTCodeSigningInformation_Path: 0x600002ddb8e0; isSigned='1', isAdHocSigned='0', signingCertificate='<DVTSigningCertificate: 0x600003930f20; name='Apple Development: Craig Gorman (5JC3XWB44V)', hash='4306BBB633743D94CFC7565694FEA4757730DEB5', serialNumber='494AE56079AD754BE508213DD1272D64', certificateKinds='(
    "1.2.840.113635.100.6.1.12",
    "1.2.840.113635.100.6.1.2"
), issueDate='2022-06-27 06:12:40 +0000''>', entitlements='(null)', teamID='9R8LPM6UR2', identifier='org.cocoapods.FirebaseCoreDiagnostics', executablePath='<DVTFilePath:0x60000259ee60:'/Users/craig/actions-runner/_work/gcode/gcode/build/out/37790665-swans-score.xcarchive/Products/Applications/score.app/Frameworks/FirebaseCoreDiagnostics.framework/FirebaseCoreDiagnostics'>', hardenedRuntime='0'>'> to: /var/folders/sv/h0fz1p090h97prcxzlhf99740000gr/T/XcodeDistPipeline.~~~1FXbj5/entitlements~~~CyNJtC
2023-02-20 01:16:52 +0000 [MT] Running /usr/bin/codesign '-vvv' '--force' '--sign' '9A1D235C02F17F93093236EB8D084528E5FB034C' '--entitlements' '/var/folders/sv/h0fz1p090h97prcxzlhf99740000gr/T/XcodeDistPipeline.~~~1FXbj5/entitlements~~~CyNJtC' '--generate-entitlement-der' '--preserve-metadata=identifier,flags,runtime' '/var/folders/sv/h0fz1p090h97prcxzlhf99740000gr/T/XcodeDistPipeline.~~~1FXbj5/Root/Payload/score.app/Frameworks/FirebaseCoreDiagnostics.framework'
2023-02-20 01:16:52 +0000  /var/folders/sv/h0fz1p090h97prcxzlhf99740000gr/T/XcodeDistPipeline.~~~1FXbj5/Root/Payload/score.app/Frameworks/FirebaseCoreDiagnostics.framework: replacing existing signature
2023-02-20 01:16:53 +0000  /var/folders/sv/h0fz1p090h97prcxzlhf99740000gr/T/XcodeDistPipeline.~~~1FXbj5/Root/Payload/score.app/Frameworks/FirebaseCoreDiagnostics.framework: signed bundle with Mach-O thin (arm64) [org.cocoapods.FirebaseCoreDiagnostics]
2023-02-20 01:16:53 +0000 [MT] /usr/bin/codesign exited with 0
2023-02-20 01:16:53 +0000 [MT] Entitlements for <IDEDistributionItem: 0x600002a9f6c0; bundleID='org.cocoapods.FirebaseCoreInternal', path='<DVTFilePath:0x60000215e080:'/Users/craig/actions-runner/_work/gcode/gcode/build/out/37790665-swans-score.xcarchive/Products/Applications/score.app/Frameworks/FirebaseCoreInternal.framework'>', codeSigningInfo='<_DVTCodeSigningInformation_Path: 0x600002ddb160; isSigned='1', isAdHocSigned='0', signingCertificate='<DVTSigningCertificate: 0x60000391bd30; name='Apple Development: Craig Gorman (5JC3XWB44V)', hash='4306BBB633743D94CFC7565694FEA4757730DEB5', serialNumber='494AE56079AD754BE508213DD1272D64', certificateKinds='(
    "1.2.840.113635.100.6.1.12",
    "1.2.840.113635.100.6.1.2"
), issueDate='2022-06-27 06:12:40 +0000''>', entitlements='(null)', teamID='9R8LPM6UR2', identifier='org.cocoapods.FirebaseCoreInternal', executablePath='<DVTFilePath:0x6000025a11f0:'/Users/craig/actions-runner/_work/gcode/gcode/build/out/37790665-swans-score.xcarchive/Products/Applications/score.app/Frameworks/FirebaseCoreInternal.framework/FirebaseCoreInternal'>', hardenedRuntime='0'>'>: {
}
2023-02-20 01:16:53 +0000 [MT] Entitlements for <IDEDistributionItem: 0x600002a9f6c0; bundleID='org.cocoapods.FirebaseCoreInternal', path='<DVTFilePath:0x60000215e080:'/Users/craig/actions-runner/_work/gcode/gcode/build/out/37790665-swans-score.xcarchive/Products/Applications/score.app/Frameworks/FirebaseCoreInternal.framework'>', codeSigningInfo='<_DVTCodeSigningInformation_Path: 0x600002ddb160; isSigned='1', isAdHocSigned='0', signingCertificate='<DVTSigningCertificate: 0x600003930dc0; name='Apple Development: Craig Gorman (5JC3XWB44V)', hash='4306BBB633743D94CFC7565694FEA4757730DEB5', serialNumber='494AE56079AD754BE508213DD1272D64', certificateKinds='(
    "1.2.840.113635.100.6.1.12",
    "1.2.840.113635.100.6.1.2"
), issueDate='2022-06-27 06:12:40 +0000''>', entitlements='(null)', teamID='9R8LPM6UR2', identifier='org.cocoapods.FirebaseCoreInternal', executablePath='<DVTFilePath:0x6000025a11f0:'/Users/craig/actions-runner/_work/gcode/gcode/build/out/37790665-swans-score.xcarchive/Products/Applications/score.app/Frameworks/FirebaseCoreInternal.framework/FirebaseCoreInternal'>', hardenedRuntime='0'>'> are: {
}
2023-02-20 01:16:53 +0000 [MT] Writing entitlements for <IDEDistributionItem: 0x600002a9f6c0; bundleID='org.cocoapods.FirebaseCoreInternal', path='<DVTFilePath:0x60000215e080:'/Users/craig/actions-runner/_work/gcode/gcode/build/out/37790665-swans-score.xcarchive/Products/Applications/score.app/Frameworks/FirebaseCoreInternal.framework'>', codeSigningInfo='<_DVTCodeSigningInformation_Path: 0x600002ddb160; isSigned='1', isAdHocSigned='0', signingCertificate='<DVTSigningCertificate: 0x600003930d10; name='Apple Development: Craig Gorman (5JC3XWB44V)', hash='4306BBB633743D94CFC7565694FEA4757730DEB5', serialNumber='494AE56079AD754BE508213DD1272D64', certificateKinds='(
    "1.2.840.113635.100.6.1.12",
    "1.2.840.113635.100.6.1.2"
), issueDate='2022-06-27 06:12:40 +0000''>', entitlements='(null)', teamID='9R8LPM6UR2', identifier='org.cocoapods.FirebaseCoreInternal', executablePath='<DVTFilePath:0x6000025a11f0:'/Users/craig/actions-runner/_work/gcode/gcode/build/out/37790665-swans-score.xcarchive/Products/Applications/score.app/Frameworks/FirebaseCoreInternal.framework/FirebaseCoreInternal'>', hardenedRuntime='0'>'> to: /var/folders/sv/h0fz1p090h97prcxzlhf99740000gr/T/XcodeDistPipeline.~~~1FXbj5/entitlements~~~bjqt4d
2023-02-20 01:16:53 +0000 [MT] Running /usr/bin/codesign '-vvv' '--force' '--sign' '9A1D235C02F17F93093236EB8D084528E5FB034C' '--entitlements' '/var/folders/sv/h0fz1p090h97prcxzlhf99740000gr/T/XcodeDistPipeline.~~~1FXbj5/entitlements~~~bjqt4d' '--generate-entitlement-der' '--preserve-metadata=identifier,flags,runtime' '/var/folders/sv/h0fz1p090h97prcxzlhf99740000gr/T/XcodeDistPipeline.~~~1FXbj5/Root/Payload/score.app/Frameworks/FirebaseCoreInternal.framework'
2023-02-20 01:16:53 +0000  /var/folders/sv/h0fz1p090h97prcxzlhf99740000gr/T/XcodeDistPipeline.~~~1FXbj5/Root/Payload/score.app/Frameworks/FirebaseCoreInternal.framework: replacing existing signature
2023-02-20 01:16:53 +0000  /var/folders/sv/h0fz1p090h97prcxzlhf99740000gr/T/XcodeDistPipeline.~~~1FXbj5/Root/Payload/score.app/Frameworks/FirebaseCoreInternal.framework: signed bundle with Mach-O thin (arm64) [org.cocoapods.FirebaseCoreInternal]
2023-02-20 01:16:53 +0000 [MT] /usr/bin/codesign exited with 0
2023-02-20 01:16:53 +0000 [MT] Entitlements for <IDEDistributionItem: 0x600002a8af40; bundleID='org.cocoapods.FirebaseInstallations', path='<DVTFilePath:0x60000215e180:'/Users/craig/actions-runner/_work/gcode/gcode/build/out/37790665-swans-score.xcarchive/Products/Applications/score.app/Frameworks/FirebaseInstallations.framework'>', codeSigningInfo='<_DVTCodeSigningInformation_Path: 0x600002dd77f0; isSigned='1', isAdHocSigned='0', signingCertificate='<DVTSigningCertificate: 0x60000392a470; name='Apple Development: Craig Gorman (5JC3XWB44V)', hash='4306BBB633743D94CFC7565694FEA4757730DEB5', serialNumber='494AE56079AD754BE508213DD1272D64', certificateKinds='(
    "1.2.840.113635.100.6.1.12",
    "1.2.840.113635.100.6.1.2"
), issueDate='2022-06-27 06:12:40 +0000''>', entitlements='(null)', teamID='9R8LPM6UR2', identifier='org.cocoapods.FirebaseInstallations', executablePath='<DVTFilePath:0x60000259f560:'/Users/craig/actions-runner/_work/gcode/gcode/build/out/37790665-swans-score.xcarchive/Products/Applications/score.app/Frameworks/FirebaseInstallations.framework/FirebaseInstallations'>', hardenedRuntime='0'>'>: {
}
2023-02-20 01:16:53 +0000 [MT] Entitlements for <IDEDistributionItem: 0x600002a8af40; bundleID='org.cocoapods.FirebaseInstallations', path='<DVTFilePath:0x60000215e180:'/Users/craig/actions-runner/_work/gcode/gcode/build/out/37790665-swans-score.xcarchive/Products/Applications/score.app/Frameworks/FirebaseInstallations.framework'>', codeSigningInfo='<_DVTCodeSigningInformation_Path: 0x600002dd77f0; isSigned='1', isAdHocSigned='0', signingCertificate='<DVTSigningCertificate: 0x600003930c60; name='Apple Development: Craig Gorman (5JC3XWB44V)', hash='4306BBB633743D94CFC7565694FEA4757730DEB5', serialNumber='494AE56079AD754BE508213DD1272D64', certificateKinds='(
    "1.2.840.113635.100.6.1.12",
    "1.2.840.113635.100.6.1.2"
), issueDate='2022-06-27 06:12:40 +0000''>', entitlements='(null)', teamID='9R8LPM6UR2', identifier='org.cocoapods.FirebaseInstallations', executablePath='<DVTFilePath:0x60000259f560:'/Users/craig/actions-runner/_work/gcode/gcode/build/out/37790665-swans-score.xcarchive/Products/Applications/score.app/Frameworks/FirebaseInstallations.framework/FirebaseInstallations'>', hardenedRuntime='0'>'> are: {
}
2023-02-20 01:16:53 +0000 [MT] Writing entitlements for <IDEDistributionItem: 0x600002a8af40; bundleID='org.cocoapods.FirebaseInstallations', path='<DVTFilePath:0x60000215e180:'/Users/craig/actions-runner/_work/gcode/gcode/build/out/37790665-swans-score.xcarchive/Products/Applications/score.app/Frameworks/FirebaseInstallations.framework'>', codeSigningInfo='<_DVTCodeSigningInformation_Path: 0x600002dd77f0; isSigned='1', isAdHocSigned='0', signingCertificate='<DVTSigningCertificate: 0x600003930f20; name='Apple Development: Craig Gorman (5JC3XWB44V)', hash='4306BBB633743D94CFC7565694FEA4757730DEB5', serialNumber='494AE56079AD754BE508213DD1272D64', certificateKinds='(
    "1.2.840.113635.100.6.1.12",
    "1.2.840.113635.100.6.1.2"
), issueDate='2022-06-27 06:12:40 +0000''>', entitlements='(null)', teamID='9R8LPM6UR2', identifier='org.cocoapods.FirebaseInstallations', executablePath='<DVTFilePath:0x60000259f560:'/Users/craig/actions-runner/_work/gcode/gcode/build/out/37790665-swans-score.xcarchive/Products/Applications/score.app/Frameworks/FirebaseInstallations.framework/FirebaseInstallations'>', hardenedRuntime='0'>'> to: /var/folders/sv/h0fz1p090h97prcxzlhf99740000gr/T/XcodeDistPipeline.~~~1FXbj5/entitlements~~~0xfLrU
2023-02-20 01:16:53 +0000 [MT] Running /usr/bin/codesign '-vvv' '--force' '--sign' '9A1D235C02F17F93093236EB8D084528E5FB034C' '--entitlements' '/var/folders/sv/h0fz1p090h97prcxzlhf99740000gr/T/XcodeDistPipeline.~~~1FXbj5/entitlements~~~0xfLrU' '--generate-entitlement-der' '--preserve-metadata=identifier,flags,runtime' '/var/folders/sv/h0fz1p090h97prcxzlhf99740000gr/T/XcodeDistPipeline.~~~1FXbj5/Root/Payload/score.app/Frameworks/FirebaseInstallations.framework'
2023-02-20 01:16:53 +0000  /var/folders/sv/h0fz1p090h97prcxzlhf99740000gr/T/XcodeDistPipeline.~~~1FXbj5/Root/Payload/score.app/Frameworks/FirebaseInstallations.framework: replacing existing signature
2023-02-20 01:16:53 +0000  /var/folders/sv/h0fz1p090h97prcxzlhf99740000gr/T/XcodeDistPipeline.~~~1FXbj5/Root/Payload/score.app/Frameworks/FirebaseInstallations.framework: signed bundle with Mach-O thin (arm64) [org.cocoapods.FirebaseInstallations]
2023-02-20 01:16:53 +0000 [MT] /usr/bin/codesign exited with 0
2023-02-20 01:16:53 +0000 [MT] Entitlements for <IDEDistributionItem: 0x600002a8adc0; bundleID='org.cocoapods.FirebaseMessaging', path='<DVTFilePath:0x600002171980:'/Users/craig/actions-runner/_work/gcode/gcode/build/out/37790665-swans-score.xcarchive/Products/Applications/score.app/Frameworks/FirebaseMessaging.framework'>', codeSigningInfo='<_DVTCodeSigningInformation_Path: 0x600002dcfde0; isSigned='1', isAdHocSigned='0', signingCertificate='<DVTSigningCertificate: 0x60000391bd30; name='Apple Development: Craig Gorman (5JC3XWB44V)', hash='4306BBB633743D94CFC7565694FEA4757730DEB5', serialNumber='494AE56079AD754BE508213DD1272D64', certificateKinds='(
    "1.2.840.113635.100.6.1.12",
    "1.2.840.113635.100.6.1.2"
), issueDate='2022-06-27 06:12:40 +0000''>', entitlements='(null)', teamID='9R8LPM6UR2', identifier='org.cocoapods.FirebaseMessaging', executablePath='<DVTFilePath:0x60000259e060:'/Users/craig/actions-runner/_work/gcode/gcode/build/out/37790665-swans-score.xcarchive/Products/Applications/score.app/Frameworks/FirebaseMessaging.framework/FirebaseMessaging'>', hardenedRuntime='0'>'>: {
}
2023-02-20 01:16:53 +0000 [MT] Entitlements for <IDEDistributionItem: 0x600002a8adc0; bundleID='org.cocoapods.FirebaseMessaging', path='<DVTFilePath:0x600002171980:'/Users/craig/actions-runner/_work/gcode/gcode/build/out/37790665-swans-score.xcarchive/Products/Applications/score.app/Frameworks/FirebaseMessaging.framework'>', codeSigningInfo='<_DVTCodeSigningInformation_Path: 0x600002dcfde0; isSigned='1', isAdHocSigned='0', signingCertificate='<DVTSigningCertificate: 0x600003930c60; name='Apple Development: Craig Gorman (5JC3XWB44V)', hash='4306BBB633743D94CFC7565694FEA4757730DEB5', serialNumber='494AE56079AD754BE508213DD1272D64', certificateKinds='(
    "1.2.840.113635.100.6.1.12",
    "1.2.840.113635.100.6.1.2"
), issueDate='2022-06-27 06:12:40 +0000''>', entitlements='(null)', teamID='9R8LPM6UR2', identifier='org.cocoapods.FirebaseMessaging', executablePath='<DVTFilePath:0x60000259e060:'/Users/craig/actions-runner/_work/gcode/gcode/build/out/37790665-swans-score.xcarchive/Products/Applications/score.app/Frameworks/FirebaseMessaging.framework/FirebaseMessaging'>', hardenedRuntime='0'>'> are: {
}
2023-02-20 01:16:53 +0000 [MT] Writing entitlements for <IDEDistributionItem: 0x600002a8adc0; bundleID='org.cocoapods.FirebaseMessaging', path='<DVTFilePath:0x600002171980:'/Users/craig/actions-runner/_work/gcode/gcode/build/out/37790665-swans-score.xcarchive/Products/Applications/score.app/Frameworks/FirebaseMessaging.framework'>', codeSigningInfo='<_DVTCodeSigningInformation_Path: 0x600002dcfde0; isSigned='1', isAdHocSigned='0', signingCertificate='<DVTSigningCertificate: 0x600003930f20; name='Apple Development: Craig Gorman (5JC3XWB44V)', hash='4306BBB633743D94CFC7565694FEA4757730DEB5', serialNumber='494AE56079AD754BE508213DD1272D64', certificateKinds='(
    "1.2.840.113635.100.6.1.12",
    "1.2.840.113635.100.6.1.2"
), issueDate='2022-06-27 06:12:40 +0000''>', entitlements='(null)', teamID='9R8LPM6UR2', identifier='org.cocoapods.FirebaseMessaging', executablePath='<DVTFilePath:0x60000259e060:'/Users/craig/actions-runner/_work/gcode/gcode/build/out/37790665-swans-score.xcarchive/Products/Applications/score.app/Frameworks/FirebaseMessaging.framework/FirebaseMessaging'>', hardenedRuntime='0'>'> to: /var/folders/sv/h0fz1p090h97prcxzlhf99740000gr/T/XcodeDistPipeline.~~~1FXbj5/entitlements~~~GsP64y
2023-02-20 01:16:53 +0000 [MT] Running /usr/bin/codesign '-vvv' '--force' '--sign' '9A1D235C02F17F93093236EB8D084528E5FB034C' '--entitlements' '/var/folders/sv/h0fz1p090h97prcxzlhf99740000gr/T/XcodeDistPipeline.~~~1FXbj5/entitlements~~~GsP64y' '--generate-entitlement-der' '--preserve-metadata=identifier,flags,runtime' '/var/folders/sv/h0fz1p090h97prcxzlhf99740000gr/T/XcodeDistPipeline.~~~1FXbj5/Root/Payload/score.app/Frameworks/FirebaseMessaging.framework'
2023-02-20 01:16:53 +0000  /var/folders/sv/h0fz1p090h97prcxzlhf99740000gr/T/XcodeDistPipeline.~~~1FXbj5/Root/Payload/score.app/Frameworks/FirebaseMessaging.framework: replacing existing signature
2023-02-20 01:16:53 +0000  /var/folders/sv/h0fz1p090h97prcxzlhf99740000gr/T/XcodeDistPipeline.~~~1FXbj5/Root/Payload/score.app/Frameworks/FirebaseMessaging.framework: signed bundle with Mach-O thin (arm64) [org.cocoapods.FirebaseMessaging]
2023-02-20 01:16:53 +0000 [MT] /usr/bin/codesign exited with 0
2023-02-20 01:16:53 +0000 [MT] Entitlements for <IDEDistributionItem: 0x600002a7b180; bundleID='org.cocoapods.GoogleDataTransport', path='<DVTFilePath:0x600002180f00:'/Users/craig/actions-runner/_work/gcode/gcode/build/out/37790665-swans-score.xcarchive/Products/Applications/score.app/Frameworks/GoogleDataTransport.framework'>', codeSigningInfo='<_DVTCodeSigningInformation_Path: 0x600002ddf980; isSigned='1', isAdHocSigned='0', signingCertificate='<DVTSigningCertificate: 0x600003930dc0; name='Apple Development: Craig Gorman (5JC3XWB44V)', hash='4306BBB633743D94CFC7565694FEA4757730DEB5', serialNumber='494AE56079AD754BE508213DD1272D64', certificateKinds='(
    "1.2.840.113635.100.6.1.12",
    "1.2.840.113635.100.6.1.2"
), issueDate='2022-06-27 06:12:40 +0000''>', entitlements='(null)', teamID='9R8LPM6UR2', identifier='org.cocoapods.GoogleDataTransport', executablePath='<DVTFilePath:0x60000259e450:'/Users/craig/actions-runner/_work/gcode/gcode/build/out/37790665-swans-score.xcarchive/Products/Applications/score.app/Frameworks/GoogleDataTransport.framework/GoogleDataTransport'>', hardenedRuntime='0'>'>: {
}
2023-02-20 01:16:53 +0000 [MT] Entitlements for <IDEDistributionItem: 0x600002a7b180; bundleID='org.cocoapods.GoogleDataTransport', path='<DVTFilePath:0x600002180f00:'/Users/craig/actions-runner/_work/gcode/gcode/build/out/37790665-swans-score.xcarchive/Products/Applications/score.app/Frameworks/GoogleDataTransport.framework'>', codeSigningInfo='<_DVTCodeSigningInformation_Path: 0x600002ddf980; isSigned='1', isAdHocSigned='0', signingCertificate='<DVTSigningCertificate: 0x600003930f20; name='Apple Development: Craig Gorman (5JC3XWB44V)', hash='4306BBB633743D94CFC7565694FEA4757730DEB5', serialNumber='494AE56079AD754BE508213DD1272D64', certificateKinds='(
    "1.2.840.113635.100.6.1.12",
    "1.2.840.113635.100.6.1.2"
), issueDate='2022-06-27 06:12:40 +0000''>', entitlements='(null)', teamID='9R8LPM6UR2', identifier='org.cocoapods.GoogleDataTransport', executablePath='<DVTFilePath:0x60000259e450:'/Users/craig/actions-runner/_work/gcode/gcode/build/out/37790665-swans-score.xcarchive/Products/Applications/score.app/Frameworks/GoogleDataTransport.framework/GoogleDataTransport'>', hardenedRuntime='0'>'> are: {
}
2023-02-20 01:16:53 +0000 [MT] Writing entitlements for <IDEDistributionItem: 0x600002a7b180; bundleID='org.cocoapods.GoogleDataTransport', path='<DVTFilePath:0x600002180f00:'/Users/craig/actions-runner/_work/gcode/gcode/build/out/37790665-swans-score.xcarchive/Products/Applications/score.app/Frameworks/GoogleDataTransport.framework'>', codeSigningInfo='<_DVTCodeSigningInformation_Path: 0x600002ddf980; isSigned='1', isAdHocSigned='0', signingCertificate='<DVTSigningCertificate: 0x600003930fd0; name='Apple Development: Craig Gorman (5JC3XWB44V)', hash='4306BBB633743D94CFC7565694FEA4757730DEB5', serialNumber='494AE56079AD754BE508213DD1272D64', certificateKinds='(
    "1.2.840.113635.100.6.1.12",
    "1.2.840.113635.100.6.1.2"
), issueDate='2022-06-27 06:12:40 +0000''>', entitlements='(null)', teamID='9R8LPM6UR2', identifier='org.cocoapods.GoogleDataTransport', executablePath='<DVTFilePath:0x60000259e450:'/Users/craig/actions-runner/_work/gcode/gcode/build/out/37790665-swans-score.xcarchive/Products/Applications/score.app/Frameworks/GoogleDataTransport.framework/GoogleDataTransport'>', hardenedRuntime='0'>'> to: /var/folders/sv/h0fz1p090h97prcxzlhf99740000gr/T/XcodeDistPipeline.~~~1FXbj5/entitlements~~~oosI4f
2023-02-20 01:16:53 +0000 [MT] Running /usr/bin/codesign '-vvv' '--force' '--sign' '9A1D235C02F17F93093236EB8D084528E5FB034C' '--entitlements' '/var/folders/sv/h0fz1p090h97prcxzlhf99740000gr/T/XcodeDistPipeline.~~~1FXbj5/entitlements~~~oosI4f' '--generate-entitlement-der' '--preserve-metadata=identifier,flags,runtime' '/var/folders/sv/h0fz1p090h97prcxzlhf99740000gr/T/XcodeDistPipeline.~~~1FXbj5/Root/Payload/score.app/Frameworks/GoogleDataTransport.framework'
2023-02-20 01:16:53 +0000  /var/folders/sv/h0fz1p090h97prcxzlhf99740000gr/T/XcodeDistPipeline.~~~1FXbj5/Root/Payload/score.app/Frameworks/GoogleDataTransport.framework: replacing existing signature
2023-02-20 01:16:53 +0000  /var/folders/sv/h0fz1p090h97prcxzlhf99740000gr/T/XcodeDistPipeline.~~~1FXbj5/Root/Payload/score.app/Frameworks/GoogleDataTransport.framework: signed bundle with Mach-O thin (arm64) [org.cocoapods.GoogleDataTransport]
2023-02-20 01:16:53 +0000 [MT] /usr/bin/codesign exited with 0
2023-02-20 01:16:53 +0000 [MT] Entitlements for <IDEDistributionItem: 0x600002a7bcc0; bundleID='org.cocoapods.GoogleUtilities', path='<DVTFilePath:0x60000215e100:'/Users/craig/actions-runner/_work/gcode/gcode/build/out/37790665-swans-score.xcarchive/Products/Applications/score.app/Frameworks/GoogleUtilities.framework'>', codeSigningInfo='<_DVTCodeSigningInformation_Path: 0x600002dd35c0; isSigned='1', isAdHocSigned='0', signingCertificate='<DVTSigningCertificate: 0x600003935fa0; name='Apple Development: Craig Gorman (5JC3XWB44V)', hash='4306BBB633743D94CFC7565694FEA4757730DEB5', serialNumber='494AE56079AD754BE508213DD1272D64', certificateKinds='(
    "1.2.840.113635.100.6.1.12",
    "1.2.840.113635.100.6.1.2"
), issueDate='2022-06-27 06:12:40 +0000''>', entitlements='(null)', teamID='9R8LPM6UR2', identifier='org.cocoapods.GoogleUtilities', executablePath='<DVTFilePath:0x6000025a1880:'/Users/craig/actions-runner/_work/gcode/gcode/build/out/37790665-swans-score.xcarchive/Products/Applications/score.app/Frameworks/GoogleUtilities.framework/GoogleUtilities'>', hardenedRuntime='0'>'>: {
}
2023-02-20 01:16:53 +0000 [MT] Entitlements for <IDEDistributionItem: 0x600002a7bcc0; bundleID='org.cocoapods.GoogleUtilities', path='<DVTFilePath:0x60000215e100:'/Users/craig/actions-runner/_work/gcode/gcode/build/out/37790665-swans-score.xcarchive/Products/Applications/score.app/Frameworks/GoogleUtilities.framework'>', codeSigningInfo='<_DVTCodeSigningInformation_Path: 0x600002dd35c0; isSigned='1', isAdHocSigned='0', signingCertificate='<DVTSigningCertificate: 0x600003930c60; name='Apple Development: Craig Gorman (5JC3XWB44V)', hash='4306BBB633743D94CFC7565694FEA4757730DEB5', serialNumber='494AE56079AD754BE508213DD1272D64', certificateKinds='(
    "1.2.840.113635.100.6.1.12",
    "1.2.840.113635.100.6.1.2"
), issueDate='2022-06-27 06:12:40 +0000''>', entitlements='(null)', teamID='9R8LPM6UR2', identifier='org.cocoapods.GoogleUtilities', executablePath='<DVTFilePath:0x6000025a1880:'/Users/craig/actions-runner/_work/gcode/gcode/build/out/37790665-swans-score.xcarchive/Products/Applications/score.app/Frameworks/GoogleUtilities.framework/GoogleUtilities'>', hardenedRuntime='0'>'> are: {
}
2023-02-20 01:16:53 +0000 [MT] Writing entitlements for <IDEDistributionItem: 0x600002a7bcc0; bundleID='org.cocoapods.GoogleUtilities', path='<DVTFilePath:0x60000215e100:'/Users/craig/actions-runner/_work/gcode/gcode/build/out/37790665-swans-score.xcarchive/Products/Applications/score.app/Frameworks/GoogleUtilities.framework'>', codeSigningInfo='<_DVTCodeSigningInformation_Path: 0x600002dd35c0; isSigned='1', isAdHocSigned='0', signingCertificate='<DVTSigningCertificate: 0x60000392a470; name='Apple Development: Craig Gorman (5JC3XWB44V)', hash='4306BBB633743D94CFC7565694FEA4757730DEB5', serialNumber='494AE56079AD754BE508213DD1272D64', certificateKinds='(
    "1.2.840.113635.100.6.1.12",
    "1.2.840.113635.100.6.1.2"
), issueDate='2022-06-27 06:12:40 +0000''>', entitlements='(null)', teamID='9R8LPM6UR2', identifier='org.cocoapods.GoogleUtilities', executablePath='<DVTFilePath:0x6000025a1880:'/Users/craig/actions-runner/_work/gcode/gcode/build/out/37790665-swans-score.xcarchive/Products/Applications/score.app/Frameworks/GoogleUtilities.framework/GoogleUtilities'>', hardenedRuntime='0'>'> to: /var/folders/sv/h0fz1p090h97prcxzlhf99740000gr/T/XcodeDistPipeline.~~~1FXbj5/entitlements~~~yW5iPX
2023-02-20 01:16:53 +0000 [MT] Running /usr/bin/codesign '-vvv' '--force' '--sign' '9A1D235C02F17F93093236EB8D084528E5FB034C' '--entitlements' '/var/folders/sv/h0fz1p090h97prcxzlhf99740000gr/T/XcodeDistPipeline.~~~1FXbj5/entitlements~~~yW5iPX' '--generate-entitlement-der' '--preserve-metadata=identifier,flags,runtime' '/var/folders/sv/h0fz1p090h97prcxzlhf99740000gr/T/XcodeDistPipeline.~~~1FXbj5/Root/Payload/score.app/Frameworks/GoogleUtilities.framework'
2023-02-20 01:16:53 +0000  /var/folders/sv/h0fz1p090h97prcxzlhf99740000gr/T/XcodeDistPipeline.~~~1FXbj5/Root/Payload/score.app/Frameworks/GoogleUtilities.framework: replacing existing signature
2023-02-20 01:16:53 +0000  /var/folders/sv/h0fz1p090h97prcxzlhf99740000gr/T/XcodeDistPipeline.~~~1FXbj5/Root/Payload/score.app/Frameworks/GoogleUtilities.framework: signed bundle with Mach-O thin (arm64) [org.cocoapods.GoogleUtilities]
2023-02-20 01:16:53 +0000 [MT] /usr/bin/codesign exited with 0
2023-02-20 01:16:53 +0000 [MT] Entitlements for <IDEDistributionItem: 0x600002a956e0; bundleID='org.cocoapods.nanopb', path='<DVTFilePath:0x6000025a18f0:'/Users/craig/actions-runner/_work/gcode/gcode/build/out/37790665-swans-score.xcarchive/Products/Applications/score.app/Frameworks/nanopb.framework'>', codeSigningInfo='<_DVTCodeSigningInformation_Path: 0x600002dd3520; isSigned='1', isAdHocSigned='0', signingCertificate='<DVTSigningCertificate: 0x60000392a470; name='Apple Development: Craig Gorman (5JC3XWB44V)', hash='4306BBB633743D94CFC7565694FEA4757730DEB5', serialNumber='494AE56079AD754BE508213DD1272D64', certificateKinds='(
    "1.2.840.113635.100.6.1.12",
    "1.2.840.113635.100.6.1.2"
), issueDate='2022-06-27 06:12:40 +0000''>', entitlements='(null)', teamID='9R8LPM6UR2', identifier='org.cocoapods.nanopb', executablePath='<DVTFilePath:0x600002a93720:'/Users/craig/actions-runner/_work/gcode/gcode/build/out/37790665-swans-score.xcarchive/Products/Applications/score.app/Frameworks/nanopb.framework/nanopb'>', hardenedRuntime='0'>'>: {
}
2023-02-20 01:16:53 +0000 [MT] Entitlements for <IDEDistributionItem: 0x600002a956e0; bundleID='org.cocoapods.nanopb', path='<DVTFilePath:0x6000025a18f0:'/Users/craig/actions-runner/_work/gcode/gcode/build/out/37790665-swans-score.xcarchive/Products/Applications/score.app/Frameworks/nanopb.framework'>', codeSigningInfo='<_DVTCodeSigningInformation_Path: 0x600002dd3520; isSigned='1', isAdHocSigned='0', signingCertificate='<DVTSigningCertificate: 0x600003930c60; name='Apple Development: Craig Gorman (5JC3XWB44V)', hash='4306BBB633743D94CFC7565694FEA4757730DEB5', serialNumber='494AE56079AD754BE508213DD1272D64', certificateKinds='(
    "1.2.840.113635.100.6.1.12",
    "1.2.840.113635.100.6.1.2"
), issueDate='2022-06-27 06:12:40 +0000''>', entitlements='(null)', teamID='9R8LPM6UR2', identifier='org.cocoapods.nanopb', executablePath='<DVTFilePath:0x600002a93720:'/Users/craig/actions-runner/_work/gcode/gcode/build/out/37790665-swans-score.xcarchive/Products/Applications/score.app/Frameworks/nanopb.framework/nanopb'>', hardenedRuntime='0'>'> are: {
}
2023-02-20 01:16:53 +0000 [MT] Writing entitlements for <IDEDistributionItem: 0x600002a956e0; bundleID='org.cocoapods.nanopb', path='<DVTFilePath:0x6000025a18f0:'/Users/craig/actions-runner/_work/gcode/gcode/build/out/37790665-swans-score.xcarchive/Products/Applications/score.app/Frameworks/nanopb.framework'>', codeSigningInfo='<_DVTCodeSigningInformation_Path: 0x600002dd3520; isSigned='1', isAdHocSigned='0', signingCertificate='<DVTSigningCertificate: 0x600003930f20; name='Apple Development: Craig Gorman (5JC3XWB44V)', hash='4306BBB633743D94CFC7565694FEA4757730DEB5', serialNumber='494AE56079AD754BE508213DD1272D64', certificateKinds='(
    "1.2.840.113635.100.6.1.12",
    "1.2.840.113635.100.6.1.2"
), issueDate='2022-06-27 06:12:40 +0000''>', entitlements='(null)', teamID='9R8LPM6UR2', identifier='org.cocoapods.nanopb', executablePath='<DVTFilePath:0x600002a93720:'/Users/craig/actions-runner/_work/gcode/gcode/build/out/37790665-swans-score.xcarchive/Products/Applications/score.app/Frameworks/nanopb.framework/nanopb'>', hardenedRuntime='0'>'> to: /var/folders/sv/h0fz1p090h97prcxzlhf99740000gr/T/XcodeDistPipeline.~~~1FXbj5/entitlements~~~uRVZlj
2023-02-20 01:16:53 +0000 [MT] Running /usr/bin/codesign '-vvv' '--force' '--sign' '9A1D235C02F17F93093236EB8D084528E5FB034C' '--entitlements' '/var/folders/sv/h0fz1p090h97prcxzlhf99740000gr/T/XcodeDistPipeline.~~~1FXbj5/entitlements~~~uRVZlj' '--generate-entitlement-der' '--preserve-metadata=identifier,flags,runtime' '/var/folders/sv/h0fz1p090h97prcxzlhf99740000gr/T/XcodeDistPipeline.~~~1FXbj5/Root/Payload/score.app/Frameworks/nanopb.framework'
2023-02-20 01:16:53 +0000  /var/folders/sv/h0fz1p090h97prcxzlhf99740000gr/T/XcodeDistPipeline.~~~1FXbj5/Root/Payload/score.app/Frameworks/nanopb.framework: replacing existing signature
2023-02-20 01:16:53 +0000  /var/folders/sv/h0fz1p090h97prcxzlhf99740000gr/T/XcodeDistPipeline.~~~1FXbj5/Root/Payload/score.app/Frameworks/nanopb.framework: signed bundle with Mach-O thin (arm64) [org.cocoapods.nanopb]
2023-02-20 01:16:53 +0000 [MT] /usr/bin/codesign exited with 0
2023-02-20 01:16:53 +0000 [MT] Entitlements for <IDEDistributionItem: 0x600002a8b5a0; bundleID='au.com.gcode.37790665-swans-score', path='<DVTFilePath:0x600002589e30:'/Users/craig/actions-runner/_work/gcode/gcode/build/out/37790665-swans-score.xcarchive/Products/Applications/score.app'>', codeSigningInfo='<_DVTCodeSigningInformation_Path: 0x600002dcfe80; isSigned='1', isAdHocSigned='0', signingCertificate='<DVTSigningCertificate: 0x6000039363c0; name='Apple Development: Craig Gorman (5JC3XWB44V)', hash='4306BBB633743D94CFC7565694FEA4757730DEB5', serialNumber='494AE56079AD754BE508213DD1272D64', certificateKinds='(
    "1.2.840.113635.100.6.1.12",
    "1.2.840.113635.100.6.1.2"
), issueDate='2022-06-27 06:12:40 +0000''>', entitlements='{
    "application-identifier" = "9R8LPM6UR2.au.com.gcode.37790665-swans-score";
    "aps-environment" = development;
    "com.apple.developer.associated-domains" =     (
        "applinks:gcode.com.au",
        "webcredentials:gcode.com.au"
    );
    "com.apple.developer.team-identifier" = 9R8LPM6UR2;
    "get-task-allow" = 1;
}', teamID='9R8LPM6UR2', identifier='au.com.gcode.37790665-swans-score', executablePath='<DVTFilePath:0x600002a8b780:'/Users/craig/actions-runner/_work/gcode/gcode/build/out/37790665-swans-score.xcarchive/Products/Applications/score.app/score'>', hardenedRuntime='0'>'>: {
    "application-identifier" = "9R8LPM6UR2.au.com.gcode.37790665-swans-score";
    "aps-environment" = production;
    "com.apple.developer.associated-domains" =     (
        "applinks:gcode.com.au",
        "webcredentials:gcode.com.au"
    );
    "com.apple.developer.team-identifier" = 9R8LPM6UR2;
    "get-task-allow" = 0;
}
2023-02-20 01:16:53 +0000 [MT] Entitlements for <IDEDistributionItem: 0x600002a8b5a0; bundleID='au.com.gcode.37790665-swans-score', path='<DVTFilePath:0x600002589e30:'/Users/craig/actions-runner/_work/gcode/gcode/build/out/37790665-swans-score.xcarchive/Products/Applications/score.app'>', codeSigningInfo='<_DVTCodeSigningInformation_Path: 0x600002dcfe80; isSigned='1', isAdHocSigned='0', signingCertificate='<DVTSigningCertificate: 0x60000392a310; name='Apple Development: Craig Gorman (5JC3XWB44V)', hash='4306BBB633743D94CFC7565694FEA4757730DEB5', serialNumber='494AE56079AD754BE508213DD1272D64', certificateKinds='(
    "1.2.840.113635.100.6.1.12",
    "1.2.840.113635.100.6.1.2"
), issueDate='2022-06-27 06:12:40 +0000''>', entitlements='{
    "application-identifier" = "9R8LPM6UR2.au.com.gcode.37790665-swans-score";
    "aps-environment" = development;
    "com.apple.developer.associated-domains" =     (
        "applinks:gcode.com.au",
        "webcredentials:gcode.com.au"
    );
    "com.apple.developer.team-identifier" = 9R8LPM6UR2;
    "get-task-allow" = 1;
}', teamID='9R8LPM6UR2', identifier='au.com.gcode.37790665-swans-score', executablePath='<DVTFilePath:0x600002a8b780:'/Users/craig/actions-runner/_work/gcode/gcode/build/out/37790665-swans-score.xcarchive/Products/Applications/score.app/score'>', hardenedRuntime='0'>'> are: {
    "application-identifier" = "9R8LPM6UR2.au.com.gcode.37790665-swans-score";
    "aps-environment" = production;
    "com.apple.developer.associated-domains" =     (
        "applinks:gcode.com.au",
        "webcredentials:gcode.com.au"
    );
    "com.apple.developer.team-identifier" = 9R8LPM6UR2;
    "get-task-allow" = 0;
}
2023-02-20 01:16:53 +0000 [MT] Writing entitlements for <IDEDistributionItem: 0x600002a8b5a0; bundleID='au.com.gcode.37790665-swans-score', path='<DVTFilePath:0x600002589e30:'/Users/craig/actions-runner/_work/gcode/gcode/build/out/37790665-swans-score.xcarchive/Products/Applications/score.app'>', codeSigningInfo='<_DVTCodeSigningInformation_Path: 0x600002dcfe80; isSigned='1', isAdHocSigned='0', signingCertificate='<DVTSigningCertificate: 0x600003931080; name='Apple Development: Craig Gorman (5JC3XWB44V)', hash='4306BBB633743D94CFC7565694FEA4757730DEB5', serialNumber='494AE56079AD754BE508213DD1272D64', certificateKinds='(
    "1.2.840.113635.100.6.1.12",
    "1.2.840.113635.100.6.1.2"
), issueDate='2022-06-27 06:12:40 +0000''>', entitlements='{
    "application-identifier" = "9R8LPM6UR2.au.com.gcode.37790665-swans-score";
    "aps-environment" = development;
    "com.apple.developer.associated-domains" =     (
        "applinks:gcode.com.au",
        "webcredentials:gcode.com.au"
    );
    "com.apple.developer.team-identifier" = 9R8LPM6UR2;
    "get-task-allow" = 1;
}', teamID='9R8LPM6UR2', identifier='au.com.gcode.37790665-swans-score', executablePath='<DVTFilePath:0x600002a8b780:'/Users/craig/actions-runner/_work/gcode/gcode/build/out/37790665-swans-score.xcarchive/Products/Applications/score.app/score'>', hardenedRuntime='0'>'> to: /var/folders/sv/h0fz1p090h97prcxzlhf99740000gr/T/XcodeDistPipeline.~~~1FXbj5/entitlements~~~u1wmkY
2023-02-20 01:16:53 +0000 [MT] Running /usr/bin/codesign '-vvv' '--force' '--sign' '9A1D235C02F17F93093236EB8D084528E5FB034C' '--entitlements' '/var/folders/sv/h0fz1p090h97prcxzlhf99740000gr/T/XcodeDistPipeline.~~~1FXbj5/entitlements~~~u1wmkY' '--generate-entitlement-der' '--preserve-metadata=identifier,flags,runtime' '/var/folders/sv/h0fz1p090h97prcxzlhf99740000gr/T/XcodeDistPipeline.~~~1FXbj5/Root/Payload/score.app'
2023-02-20 01:16:53 +0000  /var/folders/sv/h0fz1p090h97prcxzlhf99740000gr/T/XcodeDistPipeline.~~~1FXbj5/Root/Payload/score.app: replacing existing signature
2023-02-20 01:16:53 +0000  /var/folders/sv/h0fz1p090h97prcxzlhf99740000gr/T/XcodeDistPipeline.~~~1FXbj5/Root/Payload/score.app: signed app bundle with Mach-O thin (arm64) [au.com.gcode.37790665-swans-score]
2023-02-20 01:16:53 +0000 [MT] /usr/bin/codesign exited with 0
2023-02-20 01:16:53 +0000 [MT] Processing step: IDEDistributionZipODRItemStep
2023-02-20 01:16:53 +0000 [MT] Skipping step: IDEDistributionZipODRItemStep because it said so
2023-02-20 01:16:53 +0000 [MT] Skipping step: IDEDistributionZipODRItemStep because it said so
2023-02-20 01:16:53 +0000 [MT] Skipping step: IDEDistributionZipODRItemStep because it said so
2023-02-20 01:16:53 +0000 [MT] Skipping step: IDEDistributionZipODRItemStep because it said so
2023-02-20 01:16:53 +0000 [MT] Skipping step: IDEDistributionZipODRItemStep because it said so
2023-02-20 01:16:53 +0000 [MT] Skipping step: IDEDistributionZipODRItemStep because it said so
2023-02-20 01:16:53 +0000 [MT] Skipping step: IDEDistributionZipODRItemStep because it said so
2023-02-20 01:16:53 +0000 [MT] Skipping step: IDEDistributionZipODRItemStep because it said so
2023-02-20 01:16:53 +0000 [MT] Skipping step: IDEDistributionZipODRItemStep because it said so
2023-02-20 01:16:53 +0000 [MT] Skipping step: IDEDistributionZipODRItemStep because it said so
2023-02-20 01:16:53 +0000 [MT] Processing step: IDEDistributionCreateIPAStep
2023-02-20 01:16:53 +0000 [MT] Running /usr/bin/ditto '-V' '-c' '-k' '--norsrc' '/var/folders/sv/h0fz1p090h97prcxzlhf99740000gr/T/XcodeDistPipeline.~~~1FXbj5/Root' '/var/folders/sv/h0fz1p090h97prcxzlhf99740000gr/T/XcodeDistPipeline.~~~1FXbj5/Packages/score.ipa'
2023-02-20 01:16:53 +0000  >>> Copying /var/folders/sv/h0fz1p090h97prcxzlhf99740000gr/T/XcodeDistPipeline.~~~1FXbj5/Root 
2023-02-20 01:16:53 +0000  copying file ./Payload/score.app/_CodeSignature/CodeResources ... 
2023-02-20 01:16:53 +0000  14045 bytes for ./Payload/score.app/_CodeSignature/CodeResources
2023-02-20 01:16:53 +0000  copying file ./Payload/score.app/AppIcon60x60@2x.png ... 
5225 bytes for ./Payload/score.app/AppIcon60x60@2x.png
copying file ./Payload/score.app/GoogleService-Info.plist ... 
664 bytes for ./Payload/score.app/GoogleService-Info.plist
2023-02-20 01:16:53 +0000  copying file ./Payload/score.app/Base.lproj/Main.storyboardc/UIViewController-BYZ-38-t0r.nib/runtime.nib ... 
967 bytes for ./Payload/score.app/Base.lproj/Main.storyboardc/UIViewController-BYZ-38-t0r.nib/runtime.nib
2023-02-20 01:16:53 +0000  copying file ./Payload/score.app/Base.lproj/Main.storyboardc/UIViewController-BYZ-38-t0r.nib/objects-14.0+.nib ... 
967 bytes for ./Payload/score.app/Base.lproj/Main.storyboardc/UIViewController-BYZ-38-t0r.nib/objects-14.0+.nib
copying file ./Payload/score.app/Base.lproj/Main.storyboardc/BYZ-38-t0r-view-8bC-Xf-vdC.nib/runtime.nib ... 
2023-02-20 01:16:53 +0000  4313 bytes for ./Payload/score.app/Base.lproj/Main.storyboardc/BYZ-38-t0r-view-8bC-Xf-vdC.nib/runtime.nib
copying file ./Payload/score.app/Base.lproj/Main.storyboardc/BYZ-38-t0r-view-8bC-Xf-vdC.nib/objects-14.0+.nib ... 
2023-02-20 01:16:53 +0000  3164 bytes for ./Payload/score.app/Base.lproj/Main.storyboardc/BYZ-38-t0r-view-8bC-Xf-vdC.nib/objects-14.0+.nib
copying file ./Payload/score.app/Base.lproj/Main.storyboardc/Info.plist ... 
2023-02-20 01:16:53 +0000  258 bytes for ./Payload/score.app/Base.lproj/Main.storyboardc/Info.plist
copying file ./Payload/score.app/Base.lproj/LaunchScreen.storyboardc/01J-lp-oVM-view-4mO-e4-REQ.nib ... 
2023-02-20 01:16:53 +0000  2240 bytes for ./Payload/score.app/Base.lproj/LaunchScreen.storyboardc/01J-lp-oVM-view-4mO-e4-REQ.nib
copying file ./Payload/score.app/Base.lproj/LaunchScreen.storyboardc/UIViewController-01J-lp-oVM.nib ... 
2023-02-20 01:16:53 +0000  896 bytes for ./Payload/score.app/Base.lproj/LaunchScreen.storyboardc/UIViewController-01J-lp-oVM.nib
copying file ./Payload/score.app/Base.lproj/LaunchScreen.storyboardc/Info.plist ... 
258 bytes for ./Payload/score.app/Base.lproj/LaunchScreen.storyboardc/Info.plist
copying file ./Payload/score.app/score ... 
2023-02-20 01:16:53 +0000  196768 bytes for ./Payload/score.app/score
2023-02-20 01:16:53 +0000  copying file ./Payload/score.app/Entitlements/Entitlements.plist ... 
837 bytes for ./Payload/score.app/Entitlements/Entitlements.plist
copying file ./Payload/score.app/Entitlements/.gitignore ... 
27 bytes for ./Payload/score.app/Entitlements/.gitignore
copying file ./Payload/score.app/Assets.car ... 
2023-02-20 01:16:53 +0000  212959 bytes for ./Payload/score.app/Assets.car
copying file ./Payload/score.app/AppIcon76x76@2x~ipad.png ... 
6527 bytes for ./Payload/score.app/AppIcon76x76@2x~ipad.png
2023-02-20 01:16:53 +0000  copying file ./Payload/score.app/Frameworks/GoogleDataTransport.framework/_CodeSignature/CodeResources ... 
1798 bytes for ./Payload/score.app/Frameworks/GoogleDataTransport.framework/_CodeSignature/CodeResources
2023-02-20 01:16:53 +0000  copying file ./Payload/score.app/Frameworks/GoogleDataTransport.framework/GoogleDataTransport ... 
2023-02-20 01:16:53 +0000  361664 bytes for ./Payload/score.app/Frameworks/GoogleDataTransport.framework/GoogleDataTransport
copying file ./Payload/score.app/Frameworks/GoogleDataTransport.framework/Info.plist ... 
2023-02-20 01:16:53 +0000  807 bytes for ./Payload/score.app/Frameworks/GoogleDataTransport.framework/Info.plist
copying file ./Payload/score.app/Frameworks/FBLPromises.framework/_CodeSignature/CodeResources ... 
1798 bytes for ./Payload/score.app/Frameworks/FBLPromises.framework/_CodeSignature/CodeResources
copying file ./Payload/score.app/Frameworks/FBLPromises.framework/FBLPromises ... 
2023-02-20 01:16:53 +0000  192224 bytes for ./Payload/score.app/Frameworks/FBLPromises.framework/FBLPromises
copying file ./Payload/score.app/Frameworks/FBLPromises.framework/Info.plist ... 
2023-02-20 01:16:53 +0000  789 bytes for ./Payload/score.app/Frameworks/FBLPromises.framework/Info.plist
copying file ./Payload/score.app/Frameworks/FirebaseCoreInternal.framework/_CodeSignature/CodeResources ... 
1798 bytes for ./Payload/score.app/Frameworks/FirebaseCoreInternal.framework/_CodeSignature/CodeResources
2023-02-20 01:16:53 +0000  copying file ./Payload/score.app/Frameworks/FirebaseCoreInternal.framework/FirebaseCoreInternal ... 
2023-02-20 01:16:53 +0000  404432 bytes for ./Payload/score.app/Frameworks/FirebaseCoreInternal.framework/FirebaseCoreInternal
copying file ./Payload/score.app/Frameworks/FirebaseCoreInternal.framework/Info.plist ... 
2023-02-20 01:16:53 +0000  809 bytes for ./Payload/score.app/Frameworks/FirebaseCoreInternal.framework/Info.plist
copying file ./Payload/score.app/Frameworks/FirebaseCore.framework/_CodeSignature/CodeResources ... 
1798 bytes for ./Payload/score.app/Frameworks/FirebaseCore.framework/_CodeSignature/CodeResources
copying file ./Payload/score.app/Frameworks/FirebaseCore.framework/FirebaseCore ... 
2023-02-20 01:16:53 +0000  223952 bytes for ./Payload/score.app/Frameworks/FirebaseCore.framework/FirebaseCore
2023-02-20 01:16:53 +0000  copying file ./Payload/score.app/Frameworks/FirebaseCore.framework/Info.plist ... 
791 bytes for ./Payload/score.app/Frameworks/FirebaseCore.framework/Info.plist
copying file ./Payload/score.app/Frameworks/GoogleUtilities.framework/_CodeSignature/CodeResources ... 
2023-02-20 01:16:53 +0000  1798 bytes for ./Payload/score.app/Frameworks/GoogleUtilities.framework/_CodeSignature/CodeResources
copying file ./Payload/score.app/Frameworks/GoogleUtilities.framework/GoogleUtilities ... 
2023-02-20 01:16:53 +0000  309008 bytes for ./Payload/score.app/Frameworks/GoogleUtilities.framework/GoogleUtilities
copying file ./Payload/score.app/Frameworks/GoogleUtilities.framework/Info.plist ... 
2023-02-20 01:16:53 +0000  799 bytes for ./Payload/score.app/Frameworks/GoogleUtilities.framework/Info.plist
copying file ./Payload/score.app/Frameworks/FirebaseMessaging.framework/_CodeSignature/CodeResources ... 
1798 bytes for ./Payload/score.app/Frameworks/FirebaseMessaging.framework/_CodeSignature/CodeResources
copying file ./Payload/score.app/Frameworks/FirebaseMessaging.framework/FirebaseMessaging ... 
2023-02-20 01:16:53 +0000  566832 bytes for ./Payload/score.app/Frameworks/FirebaseMessaging.framework/FirebaseMessaging
copying file ./Payload/score.app/Frameworks/FirebaseMessaging.framework/Info.plist ... 
2023-02-20 01:16:53 +0000  804 bytes for ./Payload/score.app/Frameworks/FirebaseMessaging.framework/Info.plist
copying file ./Payload/score.app/Frameworks/nanopb.framework/_CodeSignature/CodeResources ... 
1798 bytes for ./Payload/score.app/Frameworks/nanopb.framework/_CodeSignature/CodeResources
copying file ./Payload/score.app/Frameworks/nanopb.framework/nanopb ... 
2023-02-20 01:16:53 +0000  81056 bytes for ./Payload/score.app/Frameworks/nanopb.framework/nanopb
2023-02-20 01:16:53 +0000  copying file ./Payload/score.app/Frameworks/nanopb.framework/Info.plist ... 
783 bytes for ./Payload/score.app/Frameworks/nanopb.framework/Info.plist
2023-02-20 01:16:53 +0000  copying file ./Payload/score.app/Frameworks/FirebaseInstallations.framework/_CodeSignature/CodeResources ... 
1798 bytes for ./Payload/score.app/Frameworks/FirebaseInstallations.framework/_CodeSignature/CodeResources
copying file ./Payload/score.app/Frameworks/FirebaseInstallations.framework/FirebaseInstallations ... 
2023-02-20 01:16:53 +0000  294256 bytes for ./Payload/score.app/Frameworks/FirebaseInstallations.framework/FirebaseInstallations
2023-02-20 01:16:53 +0000  copying file ./Payload/score.app/Frameworks/FirebaseInstallations.framework/Info.plist ... 
811 bytes for ./Payload/score.app/Frameworks/FirebaseInstallations.framework/Info.plist
copying file ./Payload/score.app/Frameworks/FirebaseCoreDiagnostics.framework/_CodeSignature/CodeResources ... 
1798 bytes for ./Payload/score.app/Frameworks/FirebaseCoreDiagnostics.framework/_CodeSignature/CodeResources
copying file ./Payload/score.app/Frameworks/FirebaseCoreDiagnostics.framework/FirebaseCoreDiagnostics ... 
2023-02-20 01:16:53 +0000  86560 bytes for ./Payload/score.app/Frameworks/FirebaseCoreDiagnostics.framework/FirebaseCoreDiagnostics
2023-02-20 01:16:53 +0000  copying file ./Payload/score.app/Frameworks/FirebaseCoreDiagnostics.framework/Info.plist ... 
815 bytes for ./Payload/score.app/Frameworks/FirebaseCoreDiagnostics.framework/Info.plist
copying file ./Payload/score.app/embedded.mobileprovision ... 
2023-02-20 01:16:53 +0000  17517 bytes for ./Payload/score.app/embedded.mobileprovision
copying file ./Payload/score.app/Info.plist ... 
2023-02-20 01:16:53 +0000  2378 bytes for ./Payload/score.app/Info.plist
2023-02-20 01:16:53 +0000  copying file ./Payload/score.app/PkgInfo ... 
8 bytes for ./Payload/score.app/PkgInfo
2023-02-20 01:16:53 +0000 [MT] /usr/bin/ditto exited with 0
2023-02-20 01:16:53 +0000 [MT] Processing step: IDEDistributionAppStoreInformationStep
2023-02-20 01:16:53 +0000 [MT] Skipping step: IDEDistributionAppStoreInformationStep because it said so
2023-02-20 01:16:53 +0000 [MT] Processing step: IDEDistributionGenerateProcessedDistributionItems
2023-02-20 01:16:53 +0000 [MT] IDEDistributionItem init <DVTFilePath:0x600002115500:'/var/folders/sv/h0fz1p090h97prcxzlhf99740000gr/T/XcodeDistPipeline.~~~1FXbj5/Root/Payload/score.app/Frameworks/FirebaseCoreDiagnostics.framework'>
2023-02-20 01:16:53 +0000 [MT] IDEDistributionItem init <DVTFilePath:0x600002116500:'/var/folders/sv/h0fz1p090h97prcxzlhf99740000gr/T/XcodeDistPipeline.~~~1FXbj5/Root/Payload/score.app/Frameworks/FirebaseInstallations.framework'>
2023-02-20 01:16:53 +0000 [MT] IDEDistributionItem init <DVTFilePath:0x6000025c13b0:'/var/folders/sv/h0fz1p090h97prcxzlhf99740000gr/T/XcodeDistPipeline.~~~1FXbj5/Root/Payload/score.app/Frameworks/FirebaseCore.framework'>
2023-02-20 01:16:53 +0000 [MT] IDEDistributionItem init <DVTFilePath:0x600002114100:'/var/folders/sv/h0fz1p090h97prcxzlhf99740000gr/T/XcodeDistPipeline.~~~1FXbj5/Root/Payload/score.app/Frameworks/GoogleDataTransport.framework'>
2023-02-20 01:16:54 +0000 [MT] IDEDistributionItem init <DVTFilePath:0x600002116e00:'/var/folders/sv/h0fz1p090h97prcxzlhf99740000gr/T/XcodeDistPipeline.~~~1FXbj5/Root/Payload/score.app/Frameworks/GoogleUtilities.framework'>
2023-02-20 01:16:54 +0000 [MT] IDEDistributionItem init <DVTFilePath:0x6000025c1490:'/var/folders/sv/h0fz1p090h97prcxzlhf99740000gr/T/XcodeDistPipeline.~~~1FXbj5/Root/Payload/score.app/Frameworks/FBLPromises.framework'>
2023-02-20 01:16:54 +0000 [MT] IDEDistributionItem init <DVTFilePath:0x6000025c1810:'/var/folders/sv/h0fz1p090h97prcxzlhf99740000gr/T/XcodeDistPipeline.~~~1FXbj5/Root/Payload/score.app/Frameworks/nanopb.framework'>
2023-02-20 01:16:54 +0000 [MT] IDEDistributionItem init <DVTFilePath:0x600002116000:'/var/folders/sv/h0fz1p090h97prcxzlhf99740000gr/T/XcodeDistPipeline.~~~1FXbj5/Root/Payload/score.app/Frameworks/FirebaseCoreInternal.framework'>
2023-02-20 01:16:54 +0000 [MT] IDEDistributionItem init <DVTFilePath:0x600002115300:'/var/folders/sv/h0fz1p090h97prcxzlhf99740000gr/T/XcodeDistPipeline.~~~1FXbj5/Root/Payload/score.app/Frameworks/FirebaseMessaging.framework'>
2023-02-20 01:16:54 +0000 [MT] IDEDistributionItem init <DVTFilePath:0x6000025c11f0:'/var/folders/sv/h0fz1p090h97prcxzlhf99740000gr/T/XcodeDistPipeline.~~~1FXbj5/Root/Payload/score.app'>
2023-02-20 01:16:54 +0000 [MT] Processing step: IDEDistributionCreateManifestStep
