2023-02-20 01:01:34 +0000 [MT] Initial pipeline context: <IDEDistributionProcessingPipelineContext: 0x7fab8118a9e0; archive(resolved)="<IDEArchive: 0x6000033c3d20>", distributionTask(resolved)="2", distributionDestination(resolved)="1", distributionMethod(resolved)="<IDEDistributionMethodiOSAdHoc: 0x6000015150c0>", team(resolved)="<IDEProvisioningBasicTeam: 0x6000016236a0; teamID='9R8LPM6UR2', teamName='(null)'>">
	Chain (13, self inclusive):
	<IDEDistributionProcessingPipelineContext: 0x7fab8118a9e0; archive = "<IDEArchive: 0x6000033c3d20>", distributionMethod="<IDEDistributionMethodiOSAdHoc: 0x6000015150c0>", team="<IDEProvisioningBasicTeam: 0x6000016236a0; teamID='9R8LPM6UR2', teamName='(null)'>">
	<IDEDistributionProcessingPipelineContext: 0x7fab81186ce0; archive = "<IDEArchive: 0x6000033c3d20>", distributionMethod="<IDEDistributionMethodiOSAdHoc: 0x6000015150c0>", team="<IDEProvisioningBasicTeam: 0x6000016236a0; teamID='9R8LPM6UR2', teamName='(null)'>">
	<IDEDistributionContext: 0x7fab811640d0; archive = "<IDEArchive: 0x6000033c3d20>", distributionMethod="<IDEDistributionMethodiOSAdHoc: 0x6000015150c0>", team="<IDEProvisioningBasicTeam: 0x6000016236a0; teamID='9R8LPM6UR2', teamName='(null)'>">
	<IDEDistributionContext: 0x7fab81174b50; archive = "<IDEArchive: 0x6000033c3d20>", distributionMethod="<IDEDistributionMethodiOSAdHoc: 0x6000015150c0>", team="<IDEProvisioningBasicTeam: 0x6000016236a0; teamID='9R8LPM6UR2', teamName='(null)'>">
	<IDEDistributionContext: 0x7fab707fdba0; archive = "<IDEArchive: 0x6000033c3d20>", distributionMethod="<IDEDistributionMethodiOSAdHoc: 0x6000015150c0>", team="<IDEProvisioningBasicTeam: 0x6000016236a0; teamID='9R8LPM6UR2', teamName='(null)'>">
	<IDEDistributionContext: 0x7fab81174730; archive = "<IDEArchive: 0x6000033c3d20>", distributionMethod="<IDEDistributionMethodiOSAdHoc: 0x6000015150c0>", team="<IDEProvisioningBasicTeam: 0x6000016236a0; teamID='9R8LPM6UR2', teamName='(null)'>">
	<IDEDistributionContext: 0x7fab707f9780; archive = "<IDEArchive: 0x6000033c3d20>", distributionMethod="<IDEDistributionMethodiOSAdHoc: 0x6000015150c0>", team="<IDEProvisioningBasicTeam: 0x6000016236a0; teamID='9R8LPM6UR2', teamName='(null)'>">
	<IDEDistributionContext: 0x7fab81172e70; archive = "<IDEArchive: 0x6000033c3d20>", distributionMethod="<IDEDistributionMethodiOSAdHoc: 0x6000015150c0>", team="<IDEProvisioningBasicTeam: 0x6000016236a0; teamID='9R8LPM6UR2', teamName='(null)'>">
	<IDEDistributionContext: 0x7fab81169650; archive = "<IDEArchive: 0x6000033c3d20>", distributionMethod="<IDEDistributionMethodiOSAdHoc: 0x6000015150c0>", team="<IDEProvisioningBasicTeam: 0x6000016236a0; teamID='9R8LPM6UR2', teamName='(null)'>">
	<IDEDistributionContext: 0x7fab707e8580; archive = "<IDEArchive: 0x6000033c3d20>", distributionMethod="<IDEDistributionMethodiOSAdHoc: 0x6000015150c0>", team="(null)">
	<IDEDistributionContext: 0x7fab80767d40; archive = "<IDEArchive: 0x6000033c3d20>", distributionMethod="<IDEDistributionMethodiOSAdHoc: 0x6000015150c0>", team="(null)">
	<IDEDistributionContext: 0x7fab81040e80; archive = "<IDEArchive: 0x6000033c3d20>", distributionMethod="<IDEDistributionMethodiOSAdHoc: 0x6000015150c0>", team="(null)">
	<IDEDistributionContext: 0x7fab707cd2f0; archive = "<IDEArchive: 0x6000033c3d20>", distributionMethod="(null)", team="(null)">
</IDEDistributionProcessingPipelineContext: 0x7fab8118a9e0>
2023-02-20 01:01:34 +0000 [MT] Processing step: IDEDistributionCreateDestRootStep
2023-02-20 01:01:34 +0000 [MT] Processing step: IDEDistributionCopyItemStep
2023-02-20 01:01:34 +0000 [MT] Running /usr/bin/ditto '-V' '/Users/craig/actions-runner/_work/gcode/gcode/build/out/37790665-UDID.xcarchive/Products/Applications/UDID.app' '/var/folders/sv/h0fz1p090h97prcxzlhf99740000gr/T/XcodeDistPipeline.~~~2Hd7S0/Root/Payload/UDID.app'
2023-02-20 01:01:34 +0000  >>> Copying /Users/craig/actions-runner/_work/gcode/gcode/build/out/37790665-UDID.xcarchive/Products/Applications/UDID.app 
2023-02-20 01:01:34 +0000  copying file ./_CodeSignature/CodeResources ... 
2023-02-20 01:01:34 +0000  14045 bytes for ./_CodeSignature/CodeResources
2023-02-20 01:01:34 +0000  copying file ./AppIcon60x60@2x.png ... 
2023-02-20 01:01:34 +0000  3917 bytes for ./AppIcon60x60@2x.png
copying file ./GoogleService-Info.plist ... 
2023-02-20 01:01:34 +0000  664 bytes for ./GoogleService-Info.plist
2023-02-20 01:01:34 +0000  copying file ./Base.lproj/Main.storyboardc/UIViewController-BYZ-38-t0r.nib/runtime.nib ... 
2023-02-20 01:01:34 +0000  966 bytes for ./Base.lproj/Main.storyboardc/UIViewController-BYZ-38-t0r.nib/runtime.nib
copying file ./Base.lproj/Main.storyboardc/UIViewController-BYZ-38-t0r.nib/objects-14.0+.nib ... 
2023-02-20 01:01:34 +0000  966 bytes for ./Base.lproj/Main.storyboardc/UIViewController-BYZ-38-t0r.nib/objects-14.0+.nib
2023-02-20 01:01:34 +0000  copying file ./Base.lproj/Main.storyboardc/BYZ-38-t0r-view-8bC-Xf-vdC.nib/runtime.nib ... 
2023-02-20 01:01:34 +0000  4312 bytes for ./Base.lproj/Main.storyboardc/BYZ-38-t0r-view-8bC-Xf-vdC.nib/runtime.nib
2023-02-20 01:01:34 +0000  copying file ./Base.lproj/Main.storyboardc/BYZ-38-t0r-view-8bC-Xf-vdC.nib/objects-14.0+.nib ... 
2023-02-20 01:01:34 +0000  3163 bytes for ./Base.lproj/Main.storyboardc/BYZ-38-t0r-view-8bC-Xf-vdC.nib/objects-14.0+.nib
2023-02-20 01:01:34 +0000  copying file ./Base.lproj/Main.storyboardc/Info.plist ... 
2023-02-20 01:01:34 +0000  258 bytes for ./Base.lproj/Main.storyboardc/Info.plist
2023-02-20 01:01:34 +0000  copying file ./Base.lproj/LaunchScreen.storyboardc/01J-lp-oVM-view-4mO-e4-REQ.nib ... 
2023-02-20 01:01:34 +0000  2239 bytes for ./Base.lproj/LaunchScreen.storyboardc/01J-lp-oVM-view-4mO-e4-REQ.nib
copying file ./Base.lproj/LaunchScreen.storyboardc/UIViewController-01J-lp-oVM.nib ... 
2023-02-20 01:01:34 +0000  896 bytes for ./Base.lproj/LaunchScreen.storyboardc/UIViewController-01J-lp-oVM.nib
copying file ./Base.lproj/LaunchScreen.storyboardc/Info.plist ... 
2023-02-20 01:01:34 +0000  258 bytes for ./Base.lproj/LaunchScreen.storyboardc/Info.plist
2023-02-20 01:01:34 +0000  copying file ./UDID ... 
2023-02-20 01:01:34 +0000  196736 bytes for ./UDID
2023-02-20 01:01:34 +0000  copying file ./Entitlements/Entitlements.plist ... 
2023-02-20 01:01:34 +0000  837 bytes for ./Entitlements/Entitlements.plist
2023-02-20 01:01:34 +0000  copying file ./Entitlements/.gitignore ... 
2023-02-20 01:01:34 +0000  27 bytes for ./Entitlements/.gitignore
2023-02-20 01:01:34 +0000  copying file ./Assets.car ... 
2023-02-20 01:01:34 +0000  166191 bytes for ./Assets.car
2023-02-20 01:01:34 +0000  copying file ./AppIcon76x76@2x~ipad.png ... 
2023-02-20 01:01:34 +0000  4918 bytes for ./AppIcon76x76@2x~ipad.png
2023-02-20 01:01:34 +0000  copying file ./Frameworks/GoogleDataTransport.framework/_CodeSignature/CodeResources ... 
2023-02-20 01:01:34 +0000  1798 bytes for ./Frameworks/GoogleDataTransport.framework/_CodeSignature/CodeResources
2023-02-20 01:01:34 +0000  copying file ./Frameworks/GoogleDataTransport.framework/GoogleDataTransport ... 
2023-02-20 01:01:34 +0000  361312 bytes for ./Frameworks/GoogleDataTransport.framework/GoogleDataTransport
2023-02-20 01:01:34 +0000  copying file ./Frameworks/GoogleDataTransport.framework/Info.plist ... 
2023-02-20 01:01:34 +0000  807 bytes for ./Frameworks/GoogleDataTransport.framework/Info.plist
2023-02-20 01:01:34 +0000  copying file ./Frameworks/FBLPromises.framework/_CodeSignature/CodeResources ... 
2023-02-20 01:01:34 +0000  1798 bytes for ./Frameworks/FBLPromises.framework/_CodeSignature/CodeResources
copying file ./Frameworks/FBLPromises.framework/FBLPromises ... 
2023-02-20 01:01:34 +0000  191888 bytes for ./Frameworks/FBLPromises.framework/FBLPromises
copying file ./Frameworks/FBLPromises.framework/Info.plist ... 
2023-02-20 01:01:34 +0000  789 bytes for ./Frameworks/FBLPromises.framework/Info.plist
2023-02-20 01:01:34 +0000  copying file ./Frameworks/FirebaseCoreInternal.framework/_CodeSignature/CodeResources ... 
2023-02-20 01:01:34 +0000  1798 bytes for ./Frameworks/FirebaseCoreInternal.framework/_CodeSignature/CodeResources
2023-02-20 01:01:34 +0000  copying file ./Frameworks/FirebaseCoreInternal.framework/FirebaseCoreInternal ... 
2023-02-20 01:01:34 +0000  404096 bytes for ./Frameworks/FirebaseCoreInternal.framework/FirebaseCoreInternal
copying file ./Frameworks/FirebaseCoreInternal.framework/Info.plist ... 
2023-02-20 01:01:34 +0000  809 bytes for ./Frameworks/FirebaseCoreInternal.framework/Info.plist
2023-02-20 01:01:34 +0000  copying file ./Frameworks/FirebaseCore.framework/_CodeSignature/CodeResources ... 
2023-02-20 01:01:34 +0000  1798 bytes for ./Frameworks/FirebaseCore.framework/_CodeSignature/CodeResources
2023-02-20 01:01:34 +0000  copying file ./Frameworks/FirebaseCore.framework/FirebaseCore ... 
2023-02-20 01:01:34 +0000  223616 bytes for ./Frameworks/FirebaseCore.framework/FirebaseCore
copying file ./Frameworks/FirebaseCore.framework/Info.plist ... 
2023-02-20 01:01:34 +0000  791 bytes for ./Frameworks/FirebaseCore.framework/Info.plist
2023-02-20 01:01:34 +0000  copying file ./Frameworks/GoogleUtilities.framework/_CodeSignature/CodeResources ... 
2023-02-20 01:01:34 +0000  1798 bytes for ./Frameworks/GoogleUtilities.framework/_CodeSignature/CodeResources
2023-02-20 01:01:34 +0000  copying file ./Frameworks/GoogleUtilities.framework/GoogleUtilities ... 
2023-02-20 01:01:34 +0000  308656 bytes for ./Frameworks/GoogleUtilities.framework/GoogleUtilities
copying file ./Frameworks/GoogleUtilities.framework/Info.plist ... 
2023-02-20 01:01:34 +0000  799 bytes for ./Frameworks/GoogleUtilities.framework/Info.plist
2023-02-20 01:01:34 +0000  copying file ./Frameworks/FirebaseMessaging.framework/_CodeSignature/CodeResources ... 
2023-02-20 01:01:34 +0000  1798 bytes for ./Frameworks/FirebaseMessaging.framework/_CodeSignature/CodeResources
2023-02-20 01:01:34 +0000  copying file ./Frameworks/FirebaseMessaging.framework/FirebaseMessaging ... 
2023-02-20 01:01:34 +0000  566464 bytes for ./Frameworks/FirebaseMessaging.framework/FirebaseMessaging
2023-02-20 01:01:34 +0000  copying file ./Frameworks/FirebaseMessaging.framework/Info.plist ... 
804 bytes for ./Frameworks/FirebaseMessaging.framework/Info.plist
2023-02-20 01:01:34 +0000  copying file ./Frameworks/nanopb.framework/_CodeSignature/CodeResources ... 
2023-02-20 01:01:34 +0000  1798 bytes for ./Frameworks/nanopb.framework/_CodeSignature/CodeResources
2023-02-20 01:01:34 +0000  copying file ./Frameworks/nanopb.framework/nanopb ... 
2023-02-20 01:01:34 +0000  80736 bytes for ./Frameworks/nanopb.framework/nanopb
2023-02-20 01:01:34 +0000  copying file ./Frameworks/nanopb.framework/Info.plist ... 
2023-02-20 01:01:34 +0000  783 bytes for ./Frameworks/nanopb.framework/Info.plist
2023-02-20 01:01:34 +0000  copying file ./Frameworks/FirebaseInstallations.framework/_CodeSignature/CodeResources ... 
2023-02-20 01:01:34 +0000  1798 bytes for ./Frameworks/FirebaseInstallations.framework/_CodeSignature/CodeResources
2023-02-20 01:01:34 +0000  copying file ./Frameworks/FirebaseInstallations.framework/FirebaseInstallations ... 
2023-02-20 01:01:34 +0000  293904 bytes for ./Frameworks/FirebaseInstallations.framework/FirebaseInstallations
2023-02-20 01:01:34 +0000  copying file ./Frameworks/FirebaseInstallations.framework/Info.plist ... 
2023-02-20 01:01:34 +0000  811 bytes for ./Frameworks/FirebaseInstallations.framework/Info.plist
2023-02-20 01:01:34 +0000  copying file ./Frameworks/FirebaseCoreDiagnostics.framework/_CodeSignature/CodeResources ... 
2023-02-20 01:01:34 +0000  1798 bytes for ./Frameworks/FirebaseCoreDiagnostics.framework/_CodeSignature/CodeResources
2023-02-20 01:01:34 +0000  copying file ./Frameworks/FirebaseCoreDiagnostics.framework/FirebaseCoreDiagnostics ... 
2023-02-20 01:01:34 +0000  86256 bytes for ./Frameworks/FirebaseCoreDiagnostics.framework/FirebaseCoreDiagnostics
copying file ./Frameworks/FirebaseCoreDiagnostics.framework/Info.plist ... 
2023-02-20 01:01:34 +0000  815 bytes for ./Frameworks/FirebaseCoreDiagnostics.framework/Info.plist
2023-02-20 01:01:34 +0000  copying file ./embedded.mobileprovision ... 
2023-02-20 01:01:34 +0000  15223 bytes for ./embedded.mobileprovision
copying file ./Info.plist ... 
2023-02-20 01:01:34 +0000  2432 bytes for ./Info.plist
copying file ./PkgInfo ... 
2023-02-20 01:01:34 +0000  8 bytes for ./PkgInfo
2023-02-20 01:01:34 +0000 [MT] /usr/bin/ditto exited with 0
2023-02-20 01:01:34 +0000 [MT] Processing step: IDEDistributionEmbedProfileStep
2023-02-20 01:01:34 +0000 [MT] Skipping profile for item: <IDEDistributionItem: 0x6000033caee0; bundleID='org.cocoapods.FBLPromises', path='<DVTFilePath:0x600003ce8460:'/Users/craig/actions-runner/_work/gcode/gcode/build/out/37790665-UDID.xcarchive/Products/Applications/UDID.app/Frameworks/FBLPromises.framework'>', codeSigningInfo='<_DVTCodeSigningInformation_Path: 0x6000034a0320; isSigned='1', isAdHocSigned='0', signingCertificate='<DVTSigningCertificate: 0x600002075340; name='Apple Development: Craig Gorman (5JC3XWB44V)', hash='4306BBB633743D94CFC7565694FEA4757730DEB5', serialNumber='494AE56079AD754BE508213DD1272D64', certificateKinds='(
    "1.2.840.113635.100.6.1.12",
    "1.2.840.113635.100.6.1.2"
), issueDate='2022-06-27 06:12:40 +0000''>', entitlements='(null)', teamID='9R8LPM6UR2', identifier='org.cocoapods.FBLPromises', executablePath='<DVTFilePath:0x600003ce9810:'/Users/craig/actions-runner/_work/gcode/gcode/build/out/37790665-UDID.xcarchive/Products/Applications/UDID.app/Frameworks/FBLPromises.framework/FBLPromises'>', hardenedRuntime='0'>'>
2023-02-20 01:01:34 +0000 [MT] Skipping profile for item: <IDEDistributionItem: 0x6000033dab80; bundleID='org.cocoapods.FirebaseCore', path='<DVTFilePath:0x600003ce4000:'/Users/craig/actions-runner/_work/gcode/gcode/build/out/37790665-UDID.xcarchive/Products/Applications/UDID.app/Frameworks/FirebaseCore.framework'>', codeSigningInfo='<_DVTCodeSigningInformation_Path: 0x600003492490; isSigned='1', isAdHocSigned='0', signingCertificate='<DVTSigningCertificate: 0x6000020574f0; name='Apple Development: Craig Gorman (5JC3XWB44V)', hash='4306BBB633743D94CFC7565694FEA4757730DEB5', serialNumber='494AE56079AD754BE508213DD1272D64', certificateKinds='(
    "1.2.840.113635.100.6.1.12",
    "1.2.840.113635.100.6.1.2"
), issueDate='2022-06-27 06:12:40 +0000''>', entitlements='(null)', teamID='9R8LPM6UR2', identifier='org.cocoapods.FirebaseCore', executablePath='<DVTFilePath:0x600003ce9880:'/Users/craig/actions-runner/_work/gcode/gcode/build/out/37790665-UDID.xcarchive/Products/Applications/UDID.app/Frameworks/FirebaseCore.framework/FirebaseCore'>', hardenedRuntime='0'>'>
2023-02-20 01:01:34 +0000 [MT] Skipping profile for item: <IDEDistributionItem: 0x6000033cb000; bundleID='org.cocoapods.FirebaseCoreDiagnostics', path='<DVTFilePath:0x60000386f280:'/Users/craig/actions-runner/_work/gcode/gcode/build/out/37790665-UDID.xcarchive/Products/Applications/UDID.app/Frameworks/FirebaseCoreDiagnostics.framework'>', codeSigningInfo='<_DVTCodeSigningInformation_Path: 0x60000349e710; isSigned='1', isAdHocSigned='0', signingCertificate='<DVTSigningCertificate: 0x6000020574f0; name='Apple Development: Craig Gorman (5JC3XWB44V)', hash='4306BBB633743D94CFC7565694FEA4757730DEB5', serialNumber='494AE56079AD754BE508213DD1272D64', certificateKinds='(
    "1.2.840.113635.100.6.1.12",
    "1.2.840.113635.100.6.1.2"
), issueDate='2022-06-27 06:12:40 +0000''>', entitlements='(null)', teamID='9R8LPM6UR2', identifier='org.cocoapods.FirebaseCoreDiagnostics', executablePath='<DVTFilePath:0x600003ce9dc0:'/Users/craig/actions-runner/_work/gcode/gcode/build/out/37790665-UDID.xcarchive/Products/Applications/UDID.app/Frameworks/FirebaseCoreDiagnostics.framework/FirebaseCoreDiagnostics'>', hardenedRuntime='0'>'>
2023-02-20 01:01:34 +0000 [MT] Skipping profile for item: <IDEDistributionItem: 0x6000033cf480; bundleID='org.cocoapods.FirebaseCoreInternal', path='<DVTFilePath:0x6000038c5200:'/Users/craig/actions-runner/_work/gcode/gcode/build/out/37790665-UDID.xcarchive/Products/Applications/UDID.app/Frameworks/FirebaseCoreInternal.framework'>', codeSigningInfo='<_DVTCodeSigningInformation_Path: 0x60000349b7a0; isSigned='1', isAdHocSigned='0', signingCertificate='<DVTSigningCertificate: 0x6000020574f0; name='Apple Development: Craig Gorman (5JC3XWB44V)', hash='4306BBB633743D94CFC7565694FEA4757730DEB5', serialNumber='494AE56079AD754BE508213DD1272D64', certificateKinds='(
    "1.2.840.113635.100.6.1.12",
    "1.2.840.113635.100.6.1.2"
), issueDate='2022-06-27 06:12:40 +0000''>', entitlements='(null)', teamID='9R8LPM6UR2', identifier='org.cocoapods.FirebaseCoreInternal', executablePath='<DVTFilePath:0x600003ced030:'/Users/craig/actions-runner/_work/gcode/gcode/build/out/37790665-UDID.xcarchive/Products/Applications/UDID.app/Frameworks/FirebaseCoreInternal.framework/FirebaseCoreInternal'>', hardenedRuntime='0'>'>
2023-02-20 01:01:34 +0000 [MT] Skipping profile for item: <IDEDistributionItem: 0x6000033db5a0; bundleID='org.cocoapods.FirebaseInstallations', path='<DVTFilePath:0x6000038c6000:'/Users/craig/actions-runner/_work/gcode/gcode/build/out/37790665-UDID.xcarchive/Products/Applications/UDID.app/Frameworks/FirebaseInstallations.framework'>', codeSigningInfo='<_DVTCodeSigningInformation_Path: 0x60000349a530; isSigned='1', isAdHocSigned='0', signingCertificate='<DVTSigningCertificate: 0x600002062050; name='Apple Development: Craig Gorman (5JC3XWB44V)', hash='4306BBB633743D94CFC7565694FEA4757730DEB5', serialNumber='494AE56079AD754BE508213DD1272D64', certificateKinds='(
    "1.2.840.113635.100.6.1.12",
    "1.2.840.113635.100.6.1.2"
), issueDate='2022-06-27 06:12:40 +0000''>', entitlements='(null)', teamID='9R8LPM6UR2', identifier='org.cocoapods.FirebaseInstallations', executablePath='<DVTFilePath:0x600003cd5730:'/Users/craig/actions-runner/_work/gcode/gcode/build/out/37790665-UDID.xcarchive/Products/Applications/UDID.app/Frameworks/FirebaseInstallations.framework/FirebaseInstallations'>', hardenedRuntime='0'>'>
2023-02-20 01:01:34 +0000 [MT] Skipping profile for item: <IDEDistributionItem: 0x6000033d2460; bundleID='org.cocoapods.FirebaseMessaging', path='<DVTFilePath:0x60000386d780:'/Users/craig/actions-runner/_work/gcode/gcode/build/out/37790665-UDID.xcarchive/Products/Applications/UDID.app/Frameworks/FirebaseMessaging.framework'>', codeSigningInfo='<_DVTCodeSigningInformation_Path: 0x60000349e210; isSigned='1', isAdHocSigned='0', signingCertificate='<DVTSigningCertificate: 0x6000020737b0; name='Apple Development: Craig Gorman (5JC3XWB44V)', hash='4306BBB633743D94CFC7565694FEA4757730DEB5', serialNumber='494AE56079AD754BE508213DD1272D64', certificateKinds='(
    "1.2.840.113635.100.6.1.12",
    "1.2.840.113635.100.6.1.2"
), issueDate='2022-06-27 06:12:40 +0000''>', entitlements='(null)', teamID='9R8LPM6UR2', identifier='org.cocoapods.FirebaseMessaging', executablePath='<DVTFilePath:0x600003cec380:'/Users/craig/actions-runner/_work/gcode/gcode/build/out/37790665-UDID.xcarchive/Products/Applications/UDID.app/Frameworks/FirebaseMessaging.framework/FirebaseMessaging'>', hardenedRuntime='0'>'>
2023-02-20 01:01:34 +0000 [MT] Skipping profile for item: <IDEDistributionItem: 0x6000033cfa20; bundleID='org.cocoapods.GoogleDataTransport', path='<DVTFilePath:0x600003802400:'/Users/craig/actions-runner/_work/gcode/gcode/build/out/37790665-UDID.xcarchive/Products/Applications/UDID.app/Frameworks/GoogleDataTransport.framework'>', codeSigningInfo='<_DVTCodeSigningInformation_Path: 0x6000034a4aa0; isSigned='1', isAdHocSigned='0', signingCertificate='<DVTSigningCertificate: 0x6000020737b0; name='Apple Development: Craig Gorman (5JC3XWB44V)', hash='4306BBB633743D94CFC7565694FEA4757730DEB5', serialNumber='494AE56079AD754BE508213DD1272D64', certificateKinds='(
    "1.2.840.113635.100.6.1.12",
    "1.2.840.113635.100.6.1.2"
), issueDate='2022-06-27 06:12:40 +0000''>', entitlements='(null)', teamID='9R8LPM6UR2', identifier='org.cocoapods.GoogleDataTransport', executablePath='<DVTFilePath:0x600003ce95e0:'/Users/craig/actions-runner/_work/gcode/gcode/build/out/37790665-UDID.xcarchive/Products/Applications/UDID.app/Frameworks/GoogleDataTransport.framework/GoogleDataTransport'>', hardenedRuntime='0'>'>
2023-02-20 01:01:34 +0000 [MT] Skipping profile for item: <IDEDistributionItem: 0x6000033d2a00; bundleID='org.cocoapods.GoogleUtilities', path='<DVTFilePath:0x6000038c5700:'/Users/craig/actions-runner/_work/gcode/gcode/build/out/37790665-UDID.xcarchive/Products/Applications/UDID.app/Frameworks/GoogleUtilities.framework'>', codeSigningInfo='<_DVTCodeSigningInformation_Path: 0x6000034a4230; isSigned='1', isAdHocSigned='0', signingCertificate='<DVTSigningCertificate: 0x600002075340; name='Apple Development: Craig Gorman (5JC3XWB44V)', hash='4306BBB633743D94CFC7565694FEA4757730DEB5', serialNumber='494AE56079AD754BE508213DD1272D64', certificateKinds='(
    "1.2.840.113635.100.6.1.12",
    "1.2.840.113635.100.6.1.2"
), issueDate='2022-06-27 06:12:40 +0000''>', entitlements='(null)', teamID='9R8LPM6UR2', identifier='org.cocoapods.GoogleUtilities', executablePath='<DVTFilePath:0x600003ce8c40:'/Users/craig/actions-runner/_work/gcode/gcode/build/out/37790665-UDID.xcarchive/Products/Applications/UDID.app/Frameworks/GoogleUtilities.framework/GoogleUtilities'>', hardenedRuntime='0'>'>
2023-02-20 01:01:34 +0000 [MT] Skipping profile for item: <IDEDistributionItem: 0x6000033ca1c0; bundleID='org.cocoapods.nanopb', path='<DVTFilePath:0x600003cec540:'/Users/craig/actions-runner/_work/gcode/gcode/build/out/37790665-UDID.xcarchive/Products/Applications/UDID.app/Frameworks/nanopb.framework'>', codeSigningInfo='<_DVTCodeSigningInformation_Path: 0x600003492a80; isSigned='1', isAdHocSigned='0', signingCertificate='<DVTSigningCertificate: 0x6000020737b0; name='Apple Development: Craig Gorman (5JC3XWB44V)', hash='4306BBB633743D94CFC7565694FEA4757730DEB5', serialNumber='494AE56079AD754BE508213DD1272D64', certificateKinds='(
    "1.2.840.113635.100.6.1.12",
    "1.2.840.113635.100.6.1.2"
), issueDate='2022-06-27 06:12:40 +0000''>', entitlements='(null)', teamID='9R8LPM6UR2', identifier='org.cocoapods.nanopb', executablePath='<DVTFilePath:0x6000033dcb40:'/Users/craig/actions-runner/_work/gcode/gcode/build/out/37790665-UDID.xcarchive/Products/Applications/UDID.app/Frameworks/nanopb.framework/nanopb'>', hardenedRuntime='0'>'>
2023-02-20 01:01:34 +0000 [MT] Processing step: IDEDistributionInfoPlistStep
2023-02-20 01:01:34 +0000 [MT] Skipping step: IDEDistributionInfoPlistStep because it said so
2023-02-20 01:01:34 +0000 [MT] Skipping step: IDEDistributionInfoPlistStep because it said so
2023-02-20 01:01:34 +0000 [MT] Skipping step: IDEDistributionInfoPlistStep because it said so
2023-02-20 01:01:34 +0000 [MT] Skipping step: IDEDistributionInfoPlistStep because it said so
2023-02-20 01:01:34 +0000 [MT] Skipping step: IDEDistributionInfoPlistStep because it said so
2023-02-20 01:01:34 +0000 [MT] Skipping step: IDEDistributionInfoPlistStep because it said so
2023-02-20 01:01:34 +0000 [MT] Skipping step: IDEDistributionInfoPlistStep because it said so
2023-02-20 01:01:34 +0000 [MT] Skipping step: IDEDistributionInfoPlistStep because it said so
2023-02-20 01:01:34 +0000 [MT] Skipping step: IDEDistributionInfoPlistStep because it said so
2023-02-20 01:01:34 +0000 [MT] Skipping step: IDEDistributionInfoPlistStep because it said so
2023-02-20 01:01:34 +0000 [MT] Processing step: IDEDistributionAppThinningPlistStep
2023-02-20 01:01:34 +0000 [MT] Skipping step: IDEDistributionAppThinningPlistStep because it said so
2023-02-20 01:01:34 +0000 [MT] Processing step: IDEDistributionCompileBitcodeStep
2023-02-20 01:01:34 +0000 [MT] Skipping step: IDEDistributionCompileBitcodeStep because it said so
2023-02-20 01:01:34 +0000 [MT] Processing step: IDEDistributionCodeSlimmingStep
2023-02-20 01:01:34 +0000 [MT] Processing step: IDEDistributionCopyBCSymbolMapsStep
2023-02-20 01:01:34 +0000 [MT] Skipping step: IDEDistributionCopyBCSymbolMapsStep because it said so
2023-02-20 01:01:34 +0000 [MT] Skipping step: IDEDistributionCopyBCSymbolMapsStep because it said so
2023-02-20 01:01:34 +0000 [MT] Skipping step: IDEDistributionCopyBCSymbolMapsStep because it said so
2023-02-20 01:01:34 +0000 [MT] Skipping step: IDEDistributionCopyBCSymbolMapsStep because it said so
2023-02-20 01:01:34 +0000 [MT] Skipping step: IDEDistributionCopyBCSymbolMapsStep because it said so
2023-02-20 01:01:34 +0000 [MT] Skipping step: IDEDistributionCopyBCSymbolMapsStep because it said so
2023-02-20 01:01:34 +0000 [MT] Skipping step: IDEDistributionCopyBCSymbolMapsStep because it said so
2023-02-20 01:01:34 +0000 [MT] Skipping step: IDEDistributionCopyBCSymbolMapsStep because it said so
2023-02-20 01:01:34 +0000 [MT] Skipping step: IDEDistributionCopyBCSymbolMapsStep because it said so
2023-02-20 01:01:34 +0000 [MT] Skipping step: IDEDistributionCopyBCSymbolMapsStep because it said so
2023-02-20 01:01:34 +0000 [MT] Processing step: IDEDistributionSymbolsStep
2023-02-20 01:01:34 +0000 [MT] Skipping step: IDEDistributionSymbolsStep because it said so
2023-02-20 01:01:34 +0000 [MT] Skipping step: IDEDistributionSymbolsStep because it said so
2023-02-20 01:01:34 +0000 [MT] Skipping step: IDEDistributionSymbolsStep because it said so
2023-02-20 01:01:34 +0000 [MT] Skipping step: IDEDistributionSymbolsStep because it said so
2023-02-20 01:01:34 +0000 [MT] Skipping step: IDEDistributionSymbolsStep because it said so
2023-02-20 01:01:34 +0000 [MT] Skipping step: IDEDistributionSymbolsStep because it said so
2023-02-20 01:01:34 +0000 [MT] Skipping step: IDEDistributionSymbolsStep because it said so
2023-02-20 01:01:34 +0000 [MT] Skipping step: IDEDistributionSymbolsStep because it said so
2023-02-20 01:01:34 +0000 [MT] Skipping step: IDEDistributionSymbolsStep because it said so
2023-02-20 01:01:34 +0000 [MT] Skipping step: IDEDistributionSymbolsStep because it said so
2023-02-20 01:01:34 +0000 [MT] Processing step: IDEDistributionAppThinningStep
2023-02-20 01:01:34 +0000 [MT] Skipping step: IDEDistributionAppThinningStep because it said so
2023-02-20 01:01:34 +0000 [MT] Processing step: IDEDistributionArchThinningStep
2023-02-20 01:01:34 +0000 [MT] Running /Applications/Xcode.app/Contents/Developer/Toolchains/XcodeDefault.xctoolchain/usr/bin/lipo '/var/folders/sv/h0fz1p090h97prcxzlhf99740000gr/T/XcodeDistPipeline.~~~2Hd7S0/Root/Payload/UDID.app/Frameworks/FBLPromises.framework/FBLPromises' '-verify_arch' 'arm64e'
2023-02-20 01:01:34 +0000 [MT] /Applications/Xcode.app/Contents/Developer/Toolchains/XcodeDefault.xctoolchain/usr/bin/lipo exited with 1
2023-02-20 01:01:34 +0000 [MT] Skipping architecture thinning for item "FBLPromises" because arch "arm64e" wasn't found
2023-02-20 01:01:34 +0000 [MT] Running /Applications/Xcode.app/Contents/Developer/Toolchains/XcodeDefault.xctoolchain/usr/bin/lipo '/var/folders/sv/h0fz1p090h97prcxzlhf99740000gr/T/XcodeDistPipeline.~~~2Hd7S0/Root/Payload/UDID.app/Frameworks/FirebaseCore.framework/FirebaseCore' '-verify_arch' 'arm64e'
2023-02-20 01:01:34 +0000 [MT] /Applications/Xcode.app/Contents/Developer/Toolchains/XcodeDefault.xctoolchain/usr/bin/lipo exited with 1
2023-02-20 01:01:34 +0000 [MT] Skipping architecture thinning for item "FirebaseCore" because arch "arm64e" wasn't found
2023-02-20 01:01:34 +0000 [MT] Running /Applications/Xcode.app/Contents/Developer/Toolchains/XcodeDefault.xctoolchain/usr/bin/lipo '/var/folders/sv/h0fz1p090h97prcxzlhf99740000gr/T/XcodeDistPipeline.~~~2Hd7S0/Root/Payload/UDID.app/Frameworks/FirebaseCoreDiagnostics.framework/FirebaseCoreDiagnostics' '-verify_arch' 'arm64e'
2023-02-20 01:01:34 +0000 [MT] /Applications/Xcode.app/Contents/Developer/Toolchains/XcodeDefault.xctoolchain/usr/bin/lipo exited with 1
2023-02-20 01:01:34 +0000 [MT] Skipping architecture thinning for item "FirebaseCoreDiagnostics" because arch "arm64e" wasn't found
2023-02-20 01:01:34 +0000 [MT] Running /Applications/Xcode.app/Contents/Developer/Toolchains/XcodeDefault.xctoolchain/usr/bin/lipo '/var/folders/sv/h0fz1p090h97prcxzlhf99740000gr/T/XcodeDistPipeline.~~~2Hd7S0/Root/Payload/UDID.app/Frameworks/FirebaseCoreInternal.framework/FirebaseCoreInternal' '-verify_arch' 'arm64e'
2023-02-20 01:01:34 +0000 [MT] /Applications/Xcode.app/Contents/Developer/Toolchains/XcodeDefault.xctoolchain/usr/bin/lipo exited with 1
2023-02-20 01:01:34 +0000 [MT] Skipping architecture thinning for item "FirebaseCoreInternal" because arch "arm64e" wasn't found
2023-02-20 01:01:34 +0000 [MT] Running /Applications/Xcode.app/Contents/Developer/Toolchains/XcodeDefault.xctoolchain/usr/bin/lipo '/var/folders/sv/h0fz1p090h97prcxzlhf99740000gr/T/XcodeDistPipeline.~~~2Hd7S0/Root/Payload/UDID.app/Frameworks/FirebaseInstallations.framework/FirebaseInstallations' '-verify_arch' 'arm64e'
2023-02-20 01:01:34 +0000 [MT] /Applications/Xcode.app/Contents/Developer/Toolchains/XcodeDefault.xctoolchain/usr/bin/lipo exited with 1
2023-02-20 01:01:34 +0000 [MT] Skipping architecture thinning for item "FirebaseInstallations" because arch "arm64e" wasn't found
2023-02-20 01:01:34 +0000 [MT] Running /Applications/Xcode.app/Contents/Developer/Toolchains/XcodeDefault.xctoolchain/usr/bin/lipo '/var/folders/sv/h0fz1p090h97prcxzlhf99740000gr/T/XcodeDistPipeline.~~~2Hd7S0/Root/Payload/UDID.app/Frameworks/FirebaseMessaging.framework/FirebaseMessaging' '-verify_arch' 'arm64e'
2023-02-20 01:01:34 +0000 [MT] /Applications/Xcode.app/Contents/Developer/Toolchains/XcodeDefault.xctoolchain/usr/bin/lipo exited with 1
2023-02-20 01:01:34 +0000 [MT] Skipping architecture thinning for item "FirebaseMessaging" because arch "arm64e" wasn't found
2023-02-20 01:01:34 +0000 [MT] Running /Applications/Xcode.app/Contents/Developer/Toolchains/XcodeDefault.xctoolchain/usr/bin/lipo '/var/folders/sv/h0fz1p090h97prcxzlhf99740000gr/T/XcodeDistPipeline.~~~2Hd7S0/Root/Payload/UDID.app/Frameworks/GoogleDataTransport.framework/GoogleDataTransport' '-verify_arch' 'arm64e'
2023-02-20 01:01:34 +0000 [MT] /Applications/Xcode.app/Contents/Developer/Toolchains/XcodeDefault.xctoolchain/usr/bin/lipo exited with 1
2023-02-20 01:01:34 +0000 [MT] Skipping architecture thinning for item "GoogleDataTransport" because arch "arm64e" wasn't found
2023-02-20 01:01:34 +0000 [MT] Running /Applications/Xcode.app/Contents/Developer/Toolchains/XcodeDefault.xctoolchain/usr/bin/lipo '/var/folders/sv/h0fz1p090h97prcxzlhf99740000gr/T/XcodeDistPipeline.~~~2Hd7S0/Root/Payload/UDID.app/Frameworks/GoogleUtilities.framework/GoogleUtilities' '-verify_arch' 'arm64e'
2023-02-20 01:01:34 +0000 [MT] /Applications/Xcode.app/Contents/Developer/Toolchains/XcodeDefault.xctoolchain/usr/bin/lipo exited with 1
2023-02-20 01:01:34 +0000 [MT] Skipping architecture thinning for item "GoogleUtilities" because arch "arm64e" wasn't found
2023-02-20 01:01:34 +0000 [MT] Running /Applications/Xcode.app/Contents/Developer/Toolchains/XcodeDefault.xctoolchain/usr/bin/lipo '/var/folders/sv/h0fz1p090h97prcxzlhf99740000gr/T/XcodeDistPipeline.~~~2Hd7S0/Root/Payload/UDID.app/Frameworks/nanopb.framework/nanopb' '-verify_arch' 'arm64e'
2023-02-20 01:01:34 +0000 [MT] /Applications/Xcode.app/Contents/Developer/Toolchains/XcodeDefault.xctoolchain/usr/bin/lipo exited with 1
2023-02-20 01:01:34 +0000 [MT] Skipping architecture thinning for item "nanopb" because arch "arm64e" wasn't found
2023-02-20 01:01:34 +0000 [MT] Running /Applications/Xcode.app/Contents/Developer/Toolchains/XcodeDefault.xctoolchain/usr/bin/lipo '/var/folders/sv/h0fz1p090h97prcxzlhf99740000gr/T/XcodeDistPipeline.~~~2Hd7S0/Root/Payload/UDID.app/UDID' '-verify_arch' 'arm64e'
2023-02-20 01:01:34 +0000 [MT] /Applications/Xcode.app/Contents/Developer/Toolchains/XcodeDefault.xctoolchain/usr/bin/lipo exited with 1
2023-02-20 01:01:34 +0000 [MT] Skipping architecture thinning for item "UDID" because arch "arm64e" wasn't found
2023-02-20 01:01:34 +0000 [MT] Processing step: IDEDistributionODRStep
2023-02-20 01:01:34 +0000 [MT] Processing step: IDEDistributionStripXattrsStep
2023-02-20 01:01:34 +0000 [MT] Skipping stripping extended attributes of item: <IDEDistributionItem: 0x6000033caee0; bundleID='org.cocoapods.FBLPromises', path='<DVTFilePath:0x600003ce8460:'/Users/craig/actions-runner/_work/gcode/gcode/build/out/37790665-UDID.xcarchive/Products/Applications/UDID.app/Frameworks/FBLPromises.framework'>', codeSigningInfo='<_DVTCodeSigningInformation_Path: 0x6000034a0320; isSigned='1', isAdHocSigned='0', signingCertificate='<DVTSigningCertificate: 0x600002044210; name='Apple Development: Craig Gorman (5JC3XWB44V)', hash='4306BBB633743D94CFC7565694FEA4757730DEB5', serialNumber='494AE56079AD754BE508213DD1272D64', certificateKinds='(
    "1.2.840.113635.100.6.1.12",
    "1.2.840.113635.100.6.1.2"
), issueDate='2022-06-27 06:12:40 +0000''>', entitlements='(null)', teamID='9R8LPM6UR2', identifier='org.cocoapods.FBLPromises', executablePath='<DVTFilePath:0x600003ce9810:'/Users/craig/actions-runner/_work/gcode/gcode/build/out/37790665-UDID.xcarchive/Products/Applications/UDID.app/Frameworks/FBLPromises.framework/FBLPromises'>', hardenedRuntime='0'>'>
2023-02-20 01:01:34 +0000 [MT] Skipping stripping extended attributes of item: <IDEDistributionItem: 0x6000033dab80; bundleID='org.cocoapods.FirebaseCore', path='<DVTFilePath:0x600003ce4000:'/Users/craig/actions-runner/_work/gcode/gcode/build/out/37790665-UDID.xcarchive/Products/Applications/UDID.app/Frameworks/FirebaseCore.framework'>', codeSigningInfo='<_DVTCodeSigningInformation_Path: 0x600003492490; isSigned='1', isAdHocSigned='0', signingCertificate='<DVTSigningCertificate: 0x6000020737b0; name='Apple Development: Craig Gorman (5JC3XWB44V)', hash='4306BBB633743D94CFC7565694FEA4757730DEB5', serialNumber='494AE56079AD754BE508213DD1272D64', certificateKinds='(
    "1.2.840.113635.100.6.1.12",
    "1.2.840.113635.100.6.1.2"
), issueDate='2022-06-27 06:12:40 +0000''>', entitlements='(null)', teamID='9R8LPM6UR2', identifier='org.cocoapods.FirebaseCore', executablePath='<DVTFilePath:0x600003ce9880:'/Users/craig/actions-runner/_work/gcode/gcode/build/out/37790665-UDID.xcarchive/Products/Applications/UDID.app/Frameworks/FirebaseCore.framework/FirebaseCore'>', hardenedRuntime='0'>'>
2023-02-20 01:01:34 +0000 [MT] Skipping stripping extended attributes of item: <IDEDistributionItem: 0x6000033cb000; bundleID='org.cocoapods.FirebaseCoreDiagnostics', path='<DVTFilePath:0x60000386f280:'/Users/craig/actions-runner/_work/gcode/gcode/build/out/37790665-UDID.xcarchive/Products/Applications/UDID.app/Frameworks/FirebaseCoreDiagnostics.framework'>', codeSigningInfo='<_DVTCodeSigningInformation_Path: 0x60000349e710; isSigned='1', isAdHocSigned='0', signingCertificate='<DVTSigningCertificate: 0x600002044210; name='Apple Development: Craig Gorman (5JC3XWB44V)', hash='4306BBB633743D94CFC7565694FEA4757730DEB5', serialNumber='494AE56079AD754BE508213DD1272D64', certificateKinds='(
    "1.2.840.113635.100.6.1.12",
    "1.2.840.113635.100.6.1.2"
), issueDate='2022-06-27 06:12:40 +0000''>', entitlements='(null)', teamID='9R8LPM6UR2', identifier='org.cocoapods.FirebaseCoreDiagnostics', executablePath='<DVTFilePath:0x600003ce9dc0:'/Users/craig/actions-runner/_work/gcode/gcode/build/out/37790665-UDID.xcarchive/Products/Applications/UDID.app/Frameworks/FirebaseCoreDiagnostics.framework/FirebaseCoreDiagnostics'>', hardenedRuntime='0'>'>
2023-02-20 01:01:34 +0000 [MT] Skipping stripping extended attributes of item: <IDEDistributionItem: 0x6000033cf480; bundleID='org.cocoapods.FirebaseCoreInternal', path='<DVTFilePath:0x6000038c5200:'/Users/craig/actions-runner/_work/gcode/gcode/build/out/37790665-UDID.xcarchive/Products/Applications/UDID.app/Frameworks/FirebaseCoreInternal.framework'>', codeSigningInfo='<_DVTCodeSigningInformation_Path: 0x60000349b7a0; isSigned='1', isAdHocSigned='0', signingCertificate='<DVTSigningCertificate: 0x6000020625d0; name='Apple Development: Craig Gorman (5JC3XWB44V)', hash='4306BBB633743D94CFC7565694FEA4757730DEB5', serialNumber='494AE56079AD754BE508213DD1272D64', certificateKinds='(
    "1.2.840.113635.100.6.1.12",
    "1.2.840.113635.100.6.1.2"
), issueDate='2022-06-27 06:12:40 +0000''>', entitlements='(null)', teamID='9R8LPM6UR2', identifier='org.cocoapods.FirebaseCoreInternal', executablePath='<DVTFilePath:0x600003ced030:'/Users/craig/actions-runner/_work/gcode/gcode/build/out/37790665-UDID.xcarchive/Products/Applications/UDID.app/Frameworks/FirebaseCoreInternal.framework/FirebaseCoreInternal'>', hardenedRuntime='0'>'>
2023-02-20 01:01:34 +0000 [MT] Skipping stripping extended attributes of item: <IDEDistributionItem: 0x6000033db5a0; bundleID='org.cocoapods.FirebaseInstallations', path='<DVTFilePath:0x6000038c6000:'/Users/craig/actions-runner/_work/gcode/gcode/build/out/37790665-UDID.xcarchive/Products/Applications/UDID.app/Frameworks/FirebaseInstallations.framework'>', codeSigningInfo='<_DVTCodeSigningInformation_Path: 0x60000349a530; isSigned='1', isAdHocSigned='0', signingCertificate='<DVTSigningCertificate: 0x600002075600; name='Apple Development: Craig Gorman (5JC3XWB44V)', hash='4306BBB633743D94CFC7565694FEA4757730DEB5', serialNumber='494AE56079AD754BE508213DD1272D64', certificateKinds='(
    "1.2.840.113635.100.6.1.12",
    "1.2.840.113635.100.6.1.2"
), issueDate='2022-06-27 06:12:40 +0000''>', entitlements='(null)', teamID='9R8LPM6UR2', identifier='org.cocoapods.FirebaseInstallations', executablePath='<DVTFilePath:0x600003cd5730:'/Users/craig/actions-runner/_work/gcode/gcode/build/out/37790665-UDID.xcarchive/Products/Applications/UDID.app/Frameworks/FirebaseInstallations.framework/FirebaseInstallations'>', hardenedRuntime='0'>'>
2023-02-20 01:01:34 +0000 [MT] Skipping stripping extended attributes of item: <IDEDistributionItem: 0x6000033d2460; bundleID='org.cocoapods.FirebaseMessaging', path='<DVTFilePath:0x60000386d780:'/Users/craig/actions-runner/_work/gcode/gcode/build/out/37790665-UDID.xcarchive/Products/Applications/UDID.app/Frameworks/FirebaseMessaging.framework'>', codeSigningInfo='<_DVTCodeSigningInformation_Path: 0x60000349e210; isSigned='1', isAdHocSigned='0', signingCertificate='<DVTSigningCertificate: 0x600002075600; name='Apple Development: Craig Gorman (5JC3XWB44V)', hash='4306BBB633743D94CFC7565694FEA4757730DEB5', serialNumber='494AE56079AD754BE508213DD1272D64', certificateKinds='(
    "1.2.840.113635.100.6.1.12",
    "1.2.840.113635.100.6.1.2"
), issueDate='2022-06-27 06:12:40 +0000''>', entitlements='(null)', teamID='9R8LPM6UR2', identifier='org.cocoapods.FirebaseMessaging', executablePath='<DVTFilePath:0x600003cec380:'/Users/craig/actions-runner/_work/gcode/gcode/build/out/37790665-UDID.xcarchive/Products/Applications/UDID.app/Frameworks/FirebaseMessaging.framework/FirebaseMessaging'>', hardenedRuntime='0'>'>
2023-02-20 01:01:34 +0000 [MT] Skipping stripping extended attributes of item: <IDEDistributionItem: 0x6000033cfa20; bundleID='org.cocoapods.GoogleDataTransport', path='<DVTFilePath:0x600003802400:'/Users/craig/actions-runner/_work/gcode/gcode/build/out/37790665-UDID.xcarchive/Products/Applications/UDID.app/Frameworks/GoogleDataTransport.framework'>', codeSigningInfo='<_DVTCodeSigningInformation_Path: 0x6000034a4aa0; isSigned='1', isAdHocSigned='0', signingCertificate='<DVTSigningCertificate: 0x6000020625d0; name='Apple Development: Craig Gorman (5JC3XWB44V)', hash='4306BBB633743D94CFC7565694FEA4757730DEB5', serialNumber='494AE56079AD754BE508213DD1272D64', certificateKinds='(
    "1.2.840.113635.100.6.1.12",
    "1.2.840.113635.100.6.1.2"
), issueDate='2022-06-27 06:12:40 +0000''>', entitlements='(null)', teamID='9R8LPM6UR2', identifier='org.cocoapods.GoogleDataTransport', executablePath='<DVTFilePath:0x600003ce95e0:'/Users/craig/actions-runner/_work/gcode/gcode/build/out/37790665-UDID.xcarchive/Products/Applications/UDID.app/Frameworks/GoogleDataTransport.framework/GoogleDataTransport'>', hardenedRuntime='0'>'>
2023-02-20 01:01:34 +0000 [MT] Skipping stripping extended attributes of item: <IDEDistributionItem: 0x6000033d2a00; bundleID='org.cocoapods.GoogleUtilities', path='<DVTFilePath:0x6000038c5700:'/Users/craig/actions-runner/_work/gcode/gcode/build/out/37790665-UDID.xcarchive/Products/Applications/UDID.app/Frameworks/GoogleUtilities.framework'>', codeSigningInfo='<_DVTCodeSigningInformation_Path: 0x6000034a4230; isSigned='1', isAdHocSigned='0', signingCertificate='<DVTSigningCertificate: 0x600002044210; name='Apple Development: Craig Gorman (5JC3XWB44V)', hash='4306BBB633743D94CFC7565694FEA4757730DEB5', serialNumber='494AE56079AD754BE508213DD1272D64', certificateKinds='(
    "1.2.840.113635.100.6.1.12",
    "1.2.840.113635.100.6.1.2"
), issueDate='2022-06-27 06:12:40 +0000''>', entitlements='(null)', teamID='9R8LPM6UR2', identifier='org.cocoapods.GoogleUtilities', executablePath='<DVTFilePath:0x600003ce8c40:'/Users/craig/actions-runner/_work/gcode/gcode/build/out/37790665-UDID.xcarchive/Products/Applications/UDID.app/Frameworks/GoogleUtilities.framework/GoogleUtilities'>', hardenedRuntime='0'>'>
2023-02-20 01:01:34 +0000 [MT] Skipping stripping extended attributes of item: <IDEDistributionItem: 0x6000033ca1c0; bundleID='org.cocoapods.nanopb', path='<DVTFilePath:0x600003cec540:'/Users/craig/actions-runner/_work/gcode/gcode/build/out/37790665-UDID.xcarchive/Products/Applications/UDID.app/Frameworks/nanopb.framework'>', codeSigningInfo='<_DVTCodeSigningInformation_Path: 0x600003492a80; isSigned='1', isAdHocSigned='0', signingCertificate='<DVTSigningCertificate: 0x600002044210; name='Apple Development: Craig Gorman (5JC3XWB44V)', hash='4306BBB633743D94CFC7565694FEA4757730DEB5', serialNumber='494AE56079AD754BE508213DD1272D64', certificateKinds='(
    "1.2.840.113635.100.6.1.12",
    "1.2.840.113635.100.6.1.2"
), issueDate='2022-06-27 06:12:40 +0000''>', entitlements='(null)', teamID='9R8LPM6UR2', identifier='org.cocoapods.nanopb', executablePath='<DVTFilePath:0x6000033dcb40:'/Users/craig/actions-runner/_work/gcode/gcode/build/out/37790665-UDID.xcarchive/Products/Applications/UDID.app/Frameworks/nanopb.framework/nanopb'>', hardenedRuntime='0'>'>
2023-02-20 01:01:34 +0000 [MT] Running /usr/bin/xattr '-crs' '/var/folders/sv/h0fz1p090h97prcxzlhf99740000gr/T/XcodeDistPipeline.~~~2Hd7S0/Root/Payload/UDID.app'
2023-02-20 01:01:34 +0000 [MT] /usr/bin/xattr exited with 0
2023-02-20 01:01:34 +0000 [MT] Processing step: IDEDistributionCodesignStep
2023-02-20 01:01:34 +0000 [MT] Entitlements for <IDEDistributionItem: 0x6000033caee0; bundleID='org.cocoapods.FBLPromises', path='<DVTFilePath:0x600003ce8460:'/Users/craig/actions-runner/_work/gcode/gcode/build/out/37790665-UDID.xcarchive/Products/Applications/UDID.app/Frameworks/FBLPromises.framework'>', codeSigningInfo='<_DVTCodeSigningInformation_Path: 0x6000034a0320; isSigned='1', isAdHocSigned='0', signingCertificate='<DVTSigningCertificate: 0x600002044210; name='Apple Development: Craig Gorman (5JC3XWB44V)', hash='4306BBB633743D94CFC7565694FEA4757730DEB5', serialNumber='494AE56079AD754BE508213DD1272D64', certificateKinds='(
    "1.2.840.113635.100.6.1.12",
    "1.2.840.113635.100.6.1.2"
), issueDate='2022-06-27 06:12:40 +0000''>', entitlements='(null)', teamID='9R8LPM6UR2', identifier='org.cocoapods.FBLPromises', executablePath='<DVTFilePath:0x600003ce9810:'/Users/craig/actions-runner/_work/gcode/gcode/build/out/37790665-UDID.xcarchive/Products/Applications/UDID.app/Frameworks/FBLPromises.framework/FBLPromises'>', hardenedRuntime='0'>'>: {
}
2023-02-20 01:01:34 +0000 [MT] Entitlements for <IDEDistributionItem: 0x6000033caee0; bundleID='org.cocoapods.FBLPromises', path='<DVTFilePath:0x600003ce8460:'/Users/craig/actions-runner/_work/gcode/gcode/build/out/37790665-UDID.xcarchive/Products/Applications/UDID.app/Frameworks/FBLPromises.framework'>', codeSigningInfo='<_DVTCodeSigningInformation_Path: 0x6000034a0320; isSigned='1', isAdHocSigned='0', signingCertificate='<DVTSigningCertificate: 0x600002044580; name='Apple Development: Craig Gorman (5JC3XWB44V)', hash='4306BBB633743D94CFC7565694FEA4757730DEB5', serialNumber='494AE56079AD754BE508213DD1272D64', certificateKinds='(
    "1.2.840.113635.100.6.1.12",
    "1.2.840.113635.100.6.1.2"
), issueDate='2022-06-27 06:12:40 +0000''>', entitlements='(null)', teamID='9R8LPM6UR2', identifier='org.cocoapods.FBLPromises', executablePath='<DVTFilePath:0x600003ce9810:'/Users/craig/actions-runner/_work/gcode/gcode/build/out/37790665-UDID.xcarchive/Products/Applications/UDID.app/Frameworks/FBLPromises.framework/FBLPromises'>', hardenedRuntime='0'>'> are: {
}
2023-02-20 01:01:34 +0000 [MT] Writing entitlements for <IDEDistributionItem: 0x6000033caee0; bundleID='org.cocoapods.FBLPromises', path='<DVTFilePath:0x600003ce8460:'/Users/craig/actions-runner/_work/gcode/gcode/build/out/37790665-UDID.xcarchive/Products/Applications/UDID.app/Frameworks/FBLPromises.framework'>', codeSigningInfo='<_DVTCodeSigningInformation_Path: 0x6000034a0320; isSigned='1', isAdHocSigned='0', signingCertificate='<DVTSigningCertificate: 0x6000020625d0; name='Apple Development: Craig Gorman (5JC3XWB44V)', hash='4306BBB633743D94CFC7565694FEA4757730DEB5', serialNumber='494AE56079AD754BE508213DD1272D64', certificateKinds='(
    "1.2.840.113635.100.6.1.12",
    "1.2.840.113635.100.6.1.2"
), issueDate='2022-06-27 06:12:40 +0000''>', entitlements='(null)', teamID='9R8LPM6UR2', identifier='org.cocoapods.FBLPromises', executablePath='<DVTFilePath:0x600003ce9810:'/Users/craig/actions-runner/_work/gcode/gcode/build/out/37790665-UDID.xcarchive/Products/Applications/UDID.app/Frameworks/FBLPromises.framework/FBLPromises'>', hardenedRuntime='0'>'> to: /var/folders/sv/h0fz1p090h97prcxzlhf99740000gr/T/XcodeDistPipeline.~~~2Hd7S0/entitlements~~~shCsuS
2023-02-20 01:01:34 +0000 [MT] Running /usr/bin/codesign '-vvv' '--force' '--sign' '9A1D235C02F17F93093236EB8D084528E5FB034C' '--entitlements' '/var/folders/sv/h0fz1p090h97prcxzlhf99740000gr/T/XcodeDistPipeline.~~~2Hd7S0/entitlements~~~shCsuS' '--generate-entitlement-der' '--preserve-metadata=identifier,flags,runtime' '/var/folders/sv/h0fz1p090h97prcxzlhf99740000gr/T/XcodeDistPipeline.~~~2Hd7S0/Root/Payload/UDID.app/Frameworks/FBLPromises.framework'
2023-02-20 01:01:34 +0000  /var/folders/sv/h0fz1p090h97prcxzlhf99740000gr/T/XcodeDistPipeline.~~~2Hd7S0/Root/Payload/UDID.app/Frameworks/FBLPromises.framework: replacing existing signature
2023-02-20 01:01:34 +0000  /var/folders/sv/h0fz1p090h97prcxzlhf99740000gr/T/XcodeDistPipeline.~~~2Hd7S0/Root/Payload/UDID.app/Frameworks/FBLPromises.framework: signed bundle with Mach-O thin (arm64) [org.cocoapods.FBLPromises]
2023-02-20 01:01:34 +0000 [MT] /usr/bin/codesign exited with 0
2023-02-20 01:01:34 +0000 [MT] Entitlements for <IDEDistributionItem: 0x6000033dab80; bundleID='org.cocoapods.FirebaseCore', path='<DVTFilePath:0x600003ce4000:'/Users/craig/actions-runner/_work/gcode/gcode/build/out/37790665-UDID.xcarchive/Products/Applications/UDID.app/Frameworks/FirebaseCore.framework'>', codeSigningInfo='<_DVTCodeSigningInformation_Path: 0x600003492490; isSigned='1', isAdHocSigned='0', signingCertificate='<DVTSigningCertificate: 0x6000020737b0; name='Apple Development: Craig Gorman (5JC3XWB44V)', hash='4306BBB633743D94CFC7565694FEA4757730DEB5', serialNumber='494AE56079AD754BE508213DD1272D64', certificateKinds='(
    "1.2.840.113635.100.6.1.12",
    "1.2.840.113635.100.6.1.2"
), issueDate='2022-06-27 06:12:40 +0000''>', entitlements='(null)', teamID='9R8LPM6UR2', identifier='org.cocoapods.FirebaseCore', executablePath='<DVTFilePath:0x600003ce9880:'/Users/craig/actions-runner/_work/gcode/gcode/build/out/37790665-UDID.xcarchive/Products/Applications/UDID.app/Frameworks/FirebaseCore.framework/FirebaseCore'>', hardenedRuntime='0'>'>: {
}
2023-02-20 01:01:34 +0000 [MT] Entitlements for <IDEDistributionItem: 0x6000033dab80; bundleID='org.cocoapods.FirebaseCore', path='<DVTFilePath:0x600003ce4000:'/Users/craig/actions-runner/_work/gcode/gcode/build/out/37790665-UDID.xcarchive/Products/Applications/UDID.app/Frameworks/FirebaseCore.framework'>', codeSigningInfo='<_DVTCodeSigningInformation_Path: 0x600003492490; isSigned='1', isAdHocSigned='0', signingCertificate='<DVTSigningCertificate: 0x6000020734f0; name='Apple Development: Craig Gorman (5JC3XWB44V)', hash='4306BBB633743D94CFC7565694FEA4757730DEB5', serialNumber='494AE56079AD754BE508213DD1272D64', certificateKinds='(
    "1.2.840.113635.100.6.1.12",
    "1.2.840.113635.100.6.1.2"
), issueDate='2022-06-27 06:12:40 +0000''>', entitlements='(null)', teamID='9R8LPM6UR2', identifier='org.cocoapods.FirebaseCore', executablePath='<DVTFilePath:0x600003ce9880:'/Users/craig/actions-runner/_work/gcode/gcode/build/out/37790665-UDID.xcarchive/Products/Applications/UDID.app/Frameworks/FirebaseCore.framework/FirebaseCore'>', hardenedRuntime='0'>'> are: {
}
2023-02-20 01:01:34 +0000 [MT] Writing entitlements for <IDEDistributionItem: 0x6000033dab80; bundleID='org.cocoapods.FirebaseCore', path='<DVTFilePath:0x600003ce4000:'/Users/craig/actions-runner/_work/gcode/gcode/build/out/37790665-UDID.xcarchive/Products/Applications/UDID.app/Frameworks/FirebaseCore.framework'>', codeSigningInfo='<_DVTCodeSigningInformation_Path: 0x600003492490; isSigned='1', isAdHocSigned='0', signingCertificate='<DVTSigningCertificate: 0x600002075600; name='Apple Development: Craig Gorman (5JC3XWB44V)', hash='4306BBB633743D94CFC7565694FEA4757730DEB5', serialNumber='494AE56079AD754BE508213DD1272D64', certificateKinds='(
    "1.2.840.113635.100.6.1.12",
    "1.2.840.113635.100.6.1.2"
), issueDate='2022-06-27 06:12:40 +0000''>', entitlements='(null)', teamID='9R8LPM6UR2', identifier='org.cocoapods.FirebaseCore', executablePath='<DVTFilePath:0x600003ce9880:'/Users/craig/actions-runner/_work/gcode/gcode/build/out/37790665-UDID.xcarchive/Products/Applications/UDID.app/Frameworks/FirebaseCore.framework/FirebaseCore'>', hardenedRuntime='0'>'> to: /var/folders/sv/h0fz1p090h97prcxzlhf99740000gr/T/XcodeDistPipeline.~~~2Hd7S0/entitlements~~~8p67Ig
2023-02-20 01:01:34 +0000 [MT] Running /usr/bin/codesign '-vvv' '--force' '--sign' '9A1D235C02F17F93093236EB8D084528E5FB034C' '--entitlements' '/var/folders/sv/h0fz1p090h97prcxzlhf99740000gr/T/XcodeDistPipeline.~~~2Hd7S0/entitlements~~~8p67Ig' '--generate-entitlement-der' '--preserve-metadata=identifier,flags,runtime' '/var/folders/sv/h0fz1p090h97prcxzlhf99740000gr/T/XcodeDistPipeline.~~~2Hd7S0/Root/Payload/UDID.app/Frameworks/FirebaseCore.framework'
2023-02-20 01:01:34 +0000  /var/folders/sv/h0fz1p090h97prcxzlhf99740000gr/T/XcodeDistPipeline.~~~2Hd7S0/Root/Payload/UDID.app/Frameworks/FirebaseCore.framework: replacing existing signature
2023-02-20 01:01:34 +0000  /var/folders/sv/h0fz1p090h97prcxzlhf99740000gr/T/XcodeDistPipeline.~~~2Hd7S0/Root/Payload/UDID.app/Frameworks/FirebaseCore.framework: signed bundle with Mach-O thin (arm64) [org.cocoapods.FirebaseCore]
2023-02-20 01:01:34 +0000 [MT] /usr/bin/codesign exited with 0
2023-02-20 01:01:34 +0000 [MT] Entitlements for <IDEDistributionItem: 0x6000033cb000; bundleID='org.cocoapods.FirebaseCoreDiagnostics', path='<DVTFilePath:0x60000386f280:'/Users/craig/actions-runner/_work/gcode/gcode/build/out/37790665-UDID.xcarchive/Products/Applications/UDID.app/Frameworks/FirebaseCoreDiagnostics.framework'>', codeSigningInfo='<_DVTCodeSigningInformation_Path: 0x60000349e710; isSigned='1', isAdHocSigned='0', signingCertificate='<DVTSigningCertificate: 0x600002075600; name='Apple Development: Craig Gorman (5JC3XWB44V)', hash='4306BBB633743D94CFC7565694FEA4757730DEB5', serialNumber='494AE56079AD754BE508213DD1272D64', certificateKinds='(
    "1.2.840.113635.100.6.1.12",
    "1.2.840.113635.100.6.1.2"
), issueDate='2022-06-27 06:12:40 +0000''>', entitlements='(null)', teamID='9R8LPM6UR2', identifier='org.cocoapods.FirebaseCoreDiagnostics', executablePath='<DVTFilePath:0x600003ce9dc0:'/Users/craig/actions-runner/_work/gcode/gcode/build/out/37790665-UDID.xcarchive/Products/Applications/UDID.app/Frameworks/FirebaseCoreDiagnostics.framework/FirebaseCoreDiagnostics'>', hardenedRuntime='0'>'>: {
}
2023-02-20 01:01:34 +0000 [MT] Entitlements for <IDEDistributionItem: 0x6000033cb000; bundleID='org.cocoapods.FirebaseCoreDiagnostics', path='<DVTFilePath:0x60000386f280:'/Users/craig/actions-runner/_work/gcode/gcode/build/out/37790665-UDID.xcarchive/Products/Applications/UDID.app/Frameworks/FirebaseCoreDiagnostics.framework'>', codeSigningInfo='<_DVTCodeSigningInformation_Path: 0x60000349e710; isSigned='1', isAdHocSigned='0', signingCertificate='<DVTSigningCertificate: 0x600002042e10; name='Apple Development: Craig Gorman (5JC3XWB44V)', hash='4306BBB633743D94CFC7565694FEA4757730DEB5', serialNumber='494AE56079AD754BE508213DD1272D64', certificateKinds='(
    "1.2.840.113635.100.6.1.12",
    "1.2.840.113635.100.6.1.2"
), issueDate='2022-06-27 06:12:40 +0000''>', entitlements='(null)', teamID='9R8LPM6UR2', identifier='org.cocoapods.FirebaseCoreDiagnostics', executablePath='<DVTFilePath:0x600003ce9dc0:'/Users/craig/actions-runner/_work/gcode/gcode/build/out/37790665-UDID.xcarchive/Products/Applications/UDID.app/Frameworks/FirebaseCoreDiagnostics.framework/FirebaseCoreDiagnostics'>', hardenedRuntime='0'>'> are: {
}
2023-02-20 01:01:34 +0000 [MT] Writing entitlements for <IDEDistributionItem: 0x6000033cb000; bundleID='org.cocoapods.FirebaseCoreDiagnostics', path='<DVTFilePath:0x60000386f280:'/Users/craig/actions-runner/_work/gcode/gcode/build/out/37790665-UDID.xcarchive/Products/Applications/UDID.app/Frameworks/FirebaseCoreDiagnostics.framework'>', codeSigningInfo='<_DVTCodeSigningInformation_Path: 0x60000349e710; isSigned='1', isAdHocSigned='0', signingCertificate='<DVTSigningCertificate: 0x6000020756b0; name='Apple Development: Craig Gorman (5JC3XWB44V)', hash='4306BBB633743D94CFC7565694FEA4757730DEB5', serialNumber='494AE56079AD754BE508213DD1272D64', certificateKinds='(
    "1.2.840.113635.100.6.1.12",
    "1.2.840.113635.100.6.1.2"
), issueDate='2022-06-27 06:12:40 +0000''>', entitlements='(null)', teamID='9R8LPM6UR2', identifier='org.cocoapods.FirebaseCoreDiagnostics', executablePath='<DVTFilePath:0x600003ce9dc0:'/Users/craig/actions-runner/_work/gcode/gcode/build/out/37790665-UDID.xcarchive/Products/Applications/UDID.app/Frameworks/FirebaseCoreDiagnostics.framework/FirebaseCoreDiagnostics'>', hardenedRuntime='0'>'> to: /var/folders/sv/h0fz1p090h97prcxzlhf99740000gr/T/XcodeDistPipeline.~~~2Hd7S0/entitlements~~~w2sTR4
2023-02-20 01:01:34 +0000 [MT] Running /usr/bin/codesign '-vvv' '--force' '--sign' '9A1D235C02F17F93093236EB8D084528E5FB034C' '--entitlements' '/var/folders/sv/h0fz1p090h97prcxzlhf99740000gr/T/XcodeDistPipeline.~~~2Hd7S0/entitlements~~~w2sTR4' '--generate-entitlement-der' '--preserve-metadata=identifier,flags,runtime' '/var/folders/sv/h0fz1p090h97prcxzlhf99740000gr/T/XcodeDistPipeline.~~~2Hd7S0/Root/Payload/UDID.app/Frameworks/FirebaseCoreDiagnostics.framework'
2023-02-20 01:01:34 +0000  /var/folders/sv/h0fz1p090h97prcxzlhf99740000gr/T/XcodeDistPipeline.~~~2Hd7S0/Root/Payload/UDID.app/Frameworks/FirebaseCoreDiagnostics.framework: replacing existing signature
2023-02-20 01:01:34 +0000  /var/folders/sv/h0fz1p090h97prcxzlhf99740000gr/T/XcodeDistPipeline.~~~2Hd7S0/Root/Payload/UDID.app/Frameworks/FirebaseCoreDiagnostics.framework: signed bundle with Mach-O thin (arm64) [org.cocoapods.FirebaseCoreDiagnostics]
2023-02-20 01:01:34 +0000 [MT] /usr/bin/codesign exited with 0
2023-02-20 01:01:34 +0000 [MT] Entitlements for <IDEDistributionItem: 0x6000033cf480; bundleID='org.cocoapods.FirebaseCoreInternal', path='<DVTFilePath:0x6000038c5200:'/Users/craig/actions-runner/_work/gcode/gcode/build/out/37790665-UDID.xcarchive/Products/Applications/UDID.app/Frameworks/FirebaseCoreInternal.framework'>', codeSigningInfo='<_DVTCodeSigningInformation_Path: 0x60000349b7a0; isSigned='1', isAdHocSigned='0', signingCertificate='<DVTSigningCertificate: 0x600002044210; name='Apple Development: Craig Gorman (5JC3XWB44V)', hash='4306BBB633743D94CFC7565694FEA4757730DEB5', serialNumber='494AE56079AD754BE508213DD1272D64', certificateKinds='(
    "1.2.840.113635.100.6.1.12",
    "1.2.840.113635.100.6.1.2"
), issueDate='2022-06-27 06:12:40 +0000''>', entitlements='(null)', teamID='9R8LPM6UR2', identifier='org.cocoapods.FirebaseCoreInternal', executablePath='<DVTFilePath:0x600003ced030:'/Users/craig/actions-runner/_work/gcode/gcode/build/out/37790665-UDID.xcarchive/Products/Applications/UDID.app/Frameworks/FirebaseCoreInternal.framework/FirebaseCoreInternal'>', hardenedRuntime='0'>'>: {
}
2023-02-20 01:01:34 +0000 [MT] Entitlements for <IDEDistributionItem: 0x6000033cf480; bundleID='org.cocoapods.FirebaseCoreInternal', path='<DVTFilePath:0x6000038c5200:'/Users/craig/actions-runner/_work/gcode/gcode/build/out/37790665-UDID.xcarchive/Products/Applications/UDID.app/Frameworks/FirebaseCoreInternal.framework'>', codeSigningInfo='<_DVTCodeSigningInformation_Path: 0x60000349b7a0; isSigned='1', isAdHocSigned='0', signingCertificate='<DVTSigningCertificate: 0x600002044580; name='Apple Development: Craig Gorman (5JC3XWB44V)', hash='4306BBB633743D94CFC7565694FEA4757730DEB5', serialNumber='494AE56079AD754BE508213DD1272D64', certificateKinds='(
    "1.2.840.113635.100.6.1.12",
    "1.2.840.113635.100.6.1.2"
), issueDate='2022-06-27 06:12:40 +0000''>', entitlements='(null)', teamID='9R8LPM6UR2', identifier='org.cocoapods.FirebaseCoreInternal', executablePath='<DVTFilePath:0x600003ced030:'/Users/craig/actions-runner/_work/gcode/gcode/build/out/37790665-UDID.xcarchive/Products/Applications/UDID.app/Frameworks/FirebaseCoreInternal.framework/FirebaseCoreInternal'>', hardenedRuntime='0'>'> are: {
}
2023-02-20 01:01:34 +0000 [MT] Writing entitlements for <IDEDistributionItem: 0x6000033cf480; bundleID='org.cocoapods.FirebaseCoreInternal', path='<DVTFilePath:0x6000038c5200:'/Users/craig/actions-runner/_work/gcode/gcode/build/out/37790665-UDID.xcarchive/Products/Applications/UDID.app/Frameworks/FirebaseCoreInternal.framework'>', codeSigningInfo='<_DVTCodeSigningInformation_Path: 0x60000349b7a0; isSigned='1', isAdHocSigned='0', signingCertificate='<DVTSigningCertificate: 0x600002044420; name='Apple Development: Craig Gorman (5JC3XWB44V)', hash='4306BBB633743D94CFC7565694FEA4757730DEB5', serialNumber='494AE56079AD754BE508213DD1272D64', certificateKinds='(
    "1.2.840.113635.100.6.1.12",
    "1.2.840.113635.100.6.1.2"
), issueDate='2022-06-27 06:12:40 +0000''>', entitlements='(null)', teamID='9R8LPM6UR2', identifier='org.cocoapods.FirebaseCoreInternal', executablePath='<DVTFilePath:0x600003ced030:'/Users/craig/actions-runner/_work/gcode/gcode/build/out/37790665-UDID.xcarchive/Products/Applications/UDID.app/Frameworks/FirebaseCoreInternal.framework/FirebaseCoreInternal'>', hardenedRuntime='0'>'> to: /var/folders/sv/h0fz1p090h97prcxzlhf99740000gr/T/XcodeDistPipeline.~~~2Hd7S0/entitlements~~~0wB0Z9
2023-02-20 01:01:34 +0000 [MT] Running /usr/bin/codesign '-vvv' '--force' '--sign' '9A1D235C02F17F93093236EB8D084528E5FB034C' '--entitlements' '/var/folders/sv/h0fz1p090h97prcxzlhf99740000gr/T/XcodeDistPipeline.~~~2Hd7S0/entitlements~~~0wB0Z9' '--generate-entitlement-der' '--preserve-metadata=identifier,flags,runtime' '/var/folders/sv/h0fz1p090h97prcxzlhf99740000gr/T/XcodeDistPipeline.~~~2Hd7S0/Root/Payload/UDID.app/Frameworks/FirebaseCoreInternal.framework'
2023-02-20 01:01:35 +0000  /var/folders/sv/h0fz1p090h97prcxzlhf99740000gr/T/XcodeDistPipeline.~~~2Hd7S0/Root/Payload/UDID.app/Frameworks/FirebaseCoreInternal.framework: replacing existing signature
2023-02-20 01:01:35 +0000  /var/folders/sv/h0fz1p090h97prcxzlhf99740000gr/T/XcodeDistPipeline.~~~2Hd7S0/Root/Payload/UDID.app/Frameworks/FirebaseCoreInternal.framework: signed bundle with Mach-O thin (arm64) [org.cocoapods.FirebaseCoreInternal]
2023-02-20 01:01:35 +0000 [MT] /usr/bin/codesign exited with 0
2023-02-20 01:01:35 +0000 [MT] Entitlements for <IDEDistributionItem: 0x6000033db5a0; bundleID='org.cocoapods.FirebaseInstallations', path='<DVTFilePath:0x6000038c6000:'/Users/craig/actions-runner/_work/gcode/gcode/build/out/37790665-UDID.xcarchive/Products/Applications/UDID.app/Frameworks/FirebaseInstallations.framework'>', codeSigningInfo='<_DVTCodeSigningInformation_Path: 0x60000349a530; isSigned='1', isAdHocSigned='0', signingCertificate='<DVTSigningCertificate: 0x6000020625d0; name='Apple Development: Craig Gorman (5JC3XWB44V)', hash='4306BBB633743D94CFC7565694FEA4757730DEB5', serialNumber='494AE56079AD754BE508213DD1272D64', certificateKinds='(
    "1.2.840.113635.100.6.1.12",
    "1.2.840.113635.100.6.1.2"
), issueDate='2022-06-27 06:12:40 +0000''>', entitlements='(null)', teamID='9R8LPM6UR2', identifier='org.cocoapods.FirebaseInstallations', executablePath='<DVTFilePath:0x600003cd5730:'/Users/craig/actions-runner/_work/gcode/gcode/build/out/37790665-UDID.xcarchive/Products/Applications/UDID.app/Frameworks/FirebaseInstallations.framework/FirebaseInstallations'>', hardenedRuntime='0'>'>: {
}
2023-02-20 01:01:35 +0000 [MT] Entitlements for <IDEDistributionItem: 0x6000033db5a0; bundleID='org.cocoapods.FirebaseInstallations', path='<DVTFilePath:0x6000038c6000:'/Users/craig/actions-runner/_work/gcode/gcode/build/out/37790665-UDID.xcarchive/Products/Applications/UDID.app/Frameworks/FirebaseInstallations.framework'>', codeSigningInfo='<_DVTCodeSigningInformation_Path: 0x60000349a530; isSigned='1', isAdHocSigned='0', signingCertificate='<DVTSigningCertificate: 0x600002073650; name='Apple Development: Craig Gorman (5JC3XWB44V)', hash='4306BBB633743D94CFC7565694FEA4757730DEB5', serialNumber='494AE56079AD754BE508213DD1272D64', certificateKinds='(
    "1.2.840.113635.100.6.1.12",
    "1.2.840.113635.100.6.1.2"
), issueDate='2022-06-27 06:12:40 +0000''>', entitlements='(null)', teamID='9R8LPM6UR2', identifier='org.cocoapods.FirebaseInstallations', executablePath='<DVTFilePath:0x600003cd5730:'/Users/craig/actions-runner/_work/gcode/gcode/build/out/37790665-UDID.xcarchive/Products/Applications/UDID.app/Frameworks/FirebaseInstallations.framework/FirebaseInstallations'>', hardenedRuntime='0'>'> are: {
}
2023-02-20 01:01:35 +0000 [MT] Writing entitlements for <IDEDistributionItem: 0x6000033db5a0; bundleID='org.cocoapods.FirebaseInstallations', path='<DVTFilePath:0x6000038c6000:'/Users/craig/actions-runner/_work/gcode/gcode/build/out/37790665-UDID.xcarchive/Products/Applications/UDID.app/Frameworks/FirebaseInstallations.framework'>', codeSigningInfo='<_DVTCodeSigningInformation_Path: 0x60000349a530; isSigned='1', isAdHocSigned='0', signingCertificate='<DVTSigningCertificate: 0x600002062520; name='Apple Development: Craig Gorman (5JC3XWB44V)', hash='4306BBB633743D94CFC7565694FEA4757730DEB5', serialNumber='494AE56079AD754BE508213DD1272D64', certificateKinds='(
    "1.2.840.113635.100.6.1.12",
    "1.2.840.113635.100.6.1.2"
), issueDate='2022-06-27 06:12:40 +0000''>', entitlements='(null)', teamID='9R8LPM6UR2', identifier='org.cocoapods.FirebaseInstallations', executablePath='<DVTFilePath:0x600003cd5730:'/Users/craig/actions-runner/_work/gcode/gcode/build/out/37790665-UDID.xcarchive/Products/Applications/UDID.app/Frameworks/FirebaseInstallations.framework/FirebaseInstallations'>', hardenedRuntime='0'>'> to: /var/folders/sv/h0fz1p090h97prcxzlhf99740000gr/T/XcodeDistPipeline.~~~2Hd7S0/entitlements~~~0yX0Uq
2023-02-20 01:01:35 +0000 [MT] Running /usr/bin/codesign '-vvv' '--force' '--sign' '9A1D235C02F17F93093236EB8D084528E5FB034C' '--entitlements' '/var/folders/sv/h0fz1p090h97prcxzlhf99740000gr/T/XcodeDistPipeline.~~~2Hd7S0/entitlements~~~0yX0Uq' '--generate-entitlement-der' '--preserve-metadata=identifier,flags,runtime' '/var/folders/sv/h0fz1p090h97prcxzlhf99740000gr/T/XcodeDistPipeline.~~~2Hd7S0/Root/Payload/UDID.app/Frameworks/FirebaseInstallations.framework'
2023-02-20 01:01:35 +0000  /var/folders/sv/h0fz1p090h97prcxzlhf99740000gr/T/XcodeDistPipeline.~~~2Hd7S0/Root/Payload/UDID.app/Frameworks/FirebaseInstallations.framework: replacing existing signature
2023-02-20 01:01:35 +0000  /var/folders/sv/h0fz1p090h97prcxzlhf99740000gr/T/XcodeDistPipeline.~~~2Hd7S0/Root/Payload/UDID.app/Frameworks/FirebaseInstallations.framework: signed bundle with Mach-O thin (arm64) [org.cocoapods.FirebaseInstallations]
2023-02-20 01:01:35 +0000 [MT] /usr/bin/codesign exited with 0
2023-02-20 01:01:35 +0000 [MT] Entitlements for <IDEDistributionItem: 0x6000033d2460; bundleID='org.cocoapods.FirebaseMessaging', path='<DVTFilePath:0x60000386d780:'/Users/craig/actions-runner/_work/gcode/gcode/build/out/37790665-UDID.xcarchive/Products/Applications/UDID.app/Frameworks/FirebaseMessaging.framework'>', codeSigningInfo='<_DVTCodeSigningInformation_Path: 0x60000349e210; isSigned='1', isAdHocSigned='0', signingCertificate='<DVTSigningCertificate: 0x6000020625d0; name='Apple Development: Craig Gorman (5JC3XWB44V)', hash='4306BBB633743D94CFC7565694FEA4757730DEB5', serialNumber='494AE56079AD754BE508213DD1272D64', certificateKinds='(
    "1.2.840.113635.100.6.1.12",
    "1.2.840.113635.100.6.1.2"
), issueDate='2022-06-27 06:12:40 +0000''>', entitlements='(null)', teamID='9R8LPM6UR2', identifier='org.cocoapods.FirebaseMessaging', executablePath='<DVTFilePath:0x600003cec380:'/Users/craig/actions-runner/_work/gcode/gcode/build/out/37790665-UDID.xcarchive/Products/Applications/UDID.app/Frameworks/FirebaseMessaging.framework/FirebaseMessaging'>', hardenedRuntime='0'>'>: {
}
2023-02-20 01:01:35 +0000 [MT] Entitlements for <IDEDistributionItem: 0x6000033d2460; bundleID='org.cocoapods.FirebaseMessaging', path='<DVTFilePath:0x60000386d780:'/Users/craig/actions-runner/_work/gcode/gcode/build/out/37790665-UDID.xcarchive/Products/Applications/UDID.app/Frameworks/FirebaseMessaging.framework'>', codeSigningInfo='<_DVTCodeSigningInformation_Path: 0x60000349e210; isSigned='1', isAdHocSigned='0', signingCertificate='<DVTSigningCertificate: 0x600002043860; name='Apple Development: Craig Gorman (5JC3XWB44V)', hash='4306BBB633743D94CFC7565694FEA4757730DEB5', serialNumber='494AE56079AD754BE508213DD1272D64', certificateKinds='(
    "1.2.840.113635.100.6.1.12",
    "1.2.840.113635.100.6.1.2"
), issueDate='2022-06-27 06:12:40 +0000''>', entitlements='(null)', teamID='9R8LPM6UR2', identifier='org.cocoapods.FirebaseMessaging', executablePath='<DVTFilePath:0x600003cec380:'/Users/craig/actions-runner/_work/gcode/gcode/build/out/37790665-UDID.xcarchive/Products/Applications/UDID.app/Frameworks/FirebaseMessaging.framework/FirebaseMessaging'>', hardenedRuntime='0'>'> are: {
}
2023-02-20 01:01:35 +0000 [MT] Writing entitlements for <IDEDistributionItem: 0x6000033d2460; bundleID='org.cocoapods.FirebaseMessaging', path='<DVTFilePath:0x60000386d780:'/Users/craig/actions-runner/_work/gcode/gcode/build/out/37790665-UDID.xcarchive/Products/Applications/UDID.app/Frameworks/FirebaseMessaging.framework'>', codeSigningInfo='<_DVTCodeSigningInformation_Path: 0x60000349e210; isSigned='1', isAdHocSigned='0', signingCertificate='<DVTSigningCertificate: 0x600002042e10; name='Apple Development: Craig Gorman (5JC3XWB44V)', hash='4306BBB633743D94CFC7565694FEA4757730DEB5', serialNumber='494AE56079AD754BE508213DD1272D64', certificateKinds='(
    "1.2.840.113635.100.6.1.12",
    "1.2.840.113635.100.6.1.2"
), issueDate='2022-06-27 06:12:40 +0000''>', entitlements='(null)', teamID='9R8LPM6UR2', identifier='org.cocoapods.FirebaseMessaging', executablePath='<DVTFilePath:0x600003cec380:'/Users/craig/actions-runner/_work/gcode/gcode/build/out/37790665-UDID.xcarchive/Products/Applications/UDID.app/Frameworks/FirebaseMessaging.framework/FirebaseMessaging'>', hardenedRuntime='0'>'> to: /var/folders/sv/h0fz1p090h97prcxzlhf99740000gr/T/XcodeDistPipeline.~~~2Hd7S0/entitlements~~~NGm4dj
2023-02-20 01:01:35 +0000 [MT] Running /usr/bin/codesign '-vvv' '--force' '--sign' '9A1D235C02F17F93093236EB8D084528E5FB034C' '--entitlements' '/var/folders/sv/h0fz1p090h97prcxzlhf99740000gr/T/XcodeDistPipeline.~~~2Hd7S0/entitlements~~~NGm4dj' '--generate-entitlement-der' '--preserve-metadata=identifier,flags,runtime' '/var/folders/sv/h0fz1p090h97prcxzlhf99740000gr/T/XcodeDistPipeline.~~~2Hd7S0/Root/Payload/UDID.app/Frameworks/FirebaseMessaging.framework'
2023-02-20 01:01:35 +0000  /var/folders/sv/h0fz1p090h97prcxzlhf99740000gr/T/XcodeDistPipeline.~~~2Hd7S0/Root/Payload/UDID.app/Frameworks/FirebaseMessaging.framework: replacing existing signature
2023-02-20 01:01:35 +0000  /var/folders/sv/h0fz1p090h97prcxzlhf99740000gr/T/XcodeDistPipeline.~~~2Hd7S0/Root/Payload/UDID.app/Frameworks/FirebaseMessaging.framework: signed bundle with Mach-O thin (arm64) [org.cocoapods.FirebaseMessaging]
2023-02-20 01:01:35 +0000 [MT] /usr/bin/codesign exited with 0
2023-02-20 01:01:35 +0000 [MT] Entitlements for <IDEDistributionItem: 0x6000033cfa20; bundleID='org.cocoapods.GoogleDataTransport', path='<DVTFilePath:0x600003802400:'/Users/craig/actions-runner/_work/gcode/gcode/build/out/37790665-UDID.xcarchive/Products/Applications/UDID.app/Frameworks/GoogleDataTransport.framework'>', codeSigningInfo='<_DVTCodeSigningInformation_Path: 0x6000034a4aa0; isSigned='1', isAdHocSigned='0', signingCertificate='<DVTSigningCertificate: 0x600002075340; name='Apple Development: Craig Gorman (5JC3XWB44V)', hash='4306BBB633743D94CFC7565694FEA4757730DEB5', serialNumber='494AE56079AD754BE508213DD1272D64', certificateKinds='(
    "1.2.840.113635.100.6.1.12",
    "1.2.840.113635.100.6.1.2"
), issueDate='2022-06-27 06:12:40 +0000''>', entitlements='(null)', teamID='9R8LPM6UR2', identifier='org.cocoapods.GoogleDataTransport', executablePath='<DVTFilePath:0x600003ce95e0:'/Users/craig/actions-runner/_work/gcode/gcode/build/out/37790665-UDID.xcarchive/Products/Applications/UDID.app/Frameworks/GoogleDataTransport.framework/GoogleDataTransport'>', hardenedRuntime='0'>'>: {
}
2023-02-20 01:01:35 +0000 [MT] Entitlements for <IDEDistributionItem: 0x6000033cfa20; bundleID='org.cocoapods.GoogleDataTransport', path='<DVTFilePath:0x600003802400:'/Users/craig/actions-runner/_work/gcode/gcode/build/out/37790665-UDID.xcarchive/Products/Applications/UDID.app/Frameworks/GoogleDataTransport.framework'>', codeSigningInfo='<_DVTCodeSigningInformation_Path: 0x6000034a4aa0; isSigned='1', isAdHocSigned='0', signingCertificate='<DVTSigningCertificate: 0x600002044630; name='Apple Development: Craig Gorman (5JC3XWB44V)', hash='4306BBB633743D94CFC7565694FEA4757730DEB5', serialNumber='494AE56079AD754BE508213DD1272D64', certificateKinds='(
    "1.2.840.113635.100.6.1.12",
    "1.2.840.113635.100.6.1.2"
), issueDate='2022-06-27 06:12:40 +0000''>', entitlements='(null)', teamID='9R8LPM6UR2', identifier='org.cocoapods.GoogleDataTransport', executablePath='<DVTFilePath:0x600003ce95e0:'/Users/craig/actions-runner/_work/gcode/gcode/build/out/37790665-UDID.xcarchive/Products/Applications/UDID.app/Frameworks/GoogleDataTransport.framework/GoogleDataTransport'>', hardenedRuntime='0'>'> are: {
}
2023-02-20 01:01:35 +0000 [MT] Writing entitlements for <IDEDistributionItem: 0x6000033cfa20; bundleID='org.cocoapods.GoogleDataTransport', path='<DVTFilePath:0x600003802400:'/Users/craig/actions-runner/_work/gcode/gcode/build/out/37790665-UDID.xcarchive/Products/Applications/UDID.app/Frameworks/GoogleDataTransport.framework'>', codeSigningInfo='<_DVTCodeSigningInformation_Path: 0x6000034a4aa0; isSigned='1', isAdHocSigned='0', signingCertificate='<DVTSigningCertificate: 0x600002044210; name='Apple Development: Craig Gorman (5JC3XWB44V)', hash='4306BBB633743D94CFC7565694FEA4757730DEB5', serialNumber='494AE56079AD754BE508213DD1272D64', certificateKinds='(
    "1.2.840.113635.100.6.1.12",
    "1.2.840.113635.100.6.1.2"
), issueDate='2022-06-27 06:12:40 +0000''>', entitlements='(null)', teamID='9R8LPM6UR2', identifier='org.cocoapods.GoogleDataTransport', executablePath='<DVTFilePath:0x600003ce95e0:'/Users/craig/actions-runner/_work/gcode/gcode/build/out/37790665-UDID.xcarchive/Products/Applications/UDID.app/Frameworks/GoogleDataTransport.framework/GoogleDataTransport'>', hardenedRuntime='0'>'> to: /var/folders/sv/h0fz1p090h97prcxzlhf99740000gr/T/XcodeDistPipeline.~~~2Hd7S0/entitlements~~~IsxTu0
2023-02-20 01:01:35 +0000 [MT] Running /usr/bin/codesign '-vvv' '--force' '--sign' '9A1D235C02F17F93093236EB8D084528E5FB034C' '--entitlements' '/var/folders/sv/h0fz1p090h97prcxzlhf99740000gr/T/XcodeDistPipeline.~~~2Hd7S0/entitlements~~~IsxTu0' '--generate-entitlement-der' '--preserve-metadata=identifier,flags,runtime' '/var/folders/sv/h0fz1p090h97prcxzlhf99740000gr/T/XcodeDistPipeline.~~~2Hd7S0/Root/Payload/UDID.app/Frameworks/GoogleDataTransport.framework'
2023-02-20 01:01:35 +0000  /var/folders/sv/h0fz1p090h97prcxzlhf99740000gr/T/XcodeDistPipeline.~~~2Hd7S0/Root/Payload/UDID.app/Frameworks/GoogleDataTransport.framework: replacing existing signature
2023-02-20 01:01:35 +0000  /var/folders/sv/h0fz1p090h97prcxzlhf99740000gr/T/XcodeDistPipeline.~~~2Hd7S0/Root/Payload/UDID.app/Frameworks/GoogleDataTransport.framework: signed bundle with Mach-O thin (arm64) [org.cocoapods.GoogleDataTransport]
2023-02-20 01:01:35 +0000 [MT] /usr/bin/codesign exited with 0
2023-02-20 01:01:35 +0000 [MT] Entitlements for <IDEDistributionItem: 0x6000033d2a00; bundleID='org.cocoapods.GoogleUtilities', path='<DVTFilePath:0x6000038c5700:'/Users/craig/actions-runner/_work/gcode/gcode/build/out/37790665-UDID.xcarchive/Products/Applications/UDID.app/Frameworks/GoogleUtilities.framework'>', codeSigningInfo='<_DVTCodeSigningInformation_Path: 0x6000034a4230; isSigned='1', isAdHocSigned='0', signingCertificate='<DVTSigningCertificate: 0x6000020737b0; name='Apple Development: Craig Gorman (5JC3XWB44V)', hash='4306BBB633743D94CFC7565694FEA4757730DEB5', serialNumber='494AE56079AD754BE508213DD1272D64', certificateKinds='(
    "1.2.840.113635.100.6.1.12",
    "1.2.840.113635.100.6.1.2"
), issueDate='2022-06-27 06:12:40 +0000''>', entitlements='(null)', teamID='9R8LPM6UR2', identifier='org.cocoapods.GoogleUtilities', executablePath='<DVTFilePath:0x600003ce8c40:'/Users/craig/actions-runner/_work/gcode/gcode/build/out/37790665-UDID.xcarchive/Products/Applications/UDID.app/Frameworks/GoogleUtilities.framework/GoogleUtilities'>', hardenedRuntime='0'>'>: {
}
2023-02-20 01:01:35 +0000 [MT] Entitlements for <IDEDistributionItem: 0x6000033d2a00; bundleID='org.cocoapods.GoogleUtilities', path='<DVTFilePath:0x6000038c5700:'/Users/craig/actions-runner/_work/gcode/gcode/build/out/37790665-UDID.xcarchive/Products/Applications/UDID.app/Frameworks/GoogleUtilities.framework'>', codeSigningInfo='<_DVTCodeSigningInformation_Path: 0x6000034a4230; isSigned='1', isAdHocSigned='0', signingCertificate='<DVTSigningCertificate: 0x6000020632e0; name='Apple Development: Craig Gorman (5JC3XWB44V)', hash='4306BBB633743D94CFC7565694FEA4757730DEB5', serialNumber='494AE56079AD754BE508213DD1272D64', certificateKinds='(
    "1.2.840.113635.100.6.1.12",
    "1.2.840.113635.100.6.1.2"
), issueDate='2022-06-27 06:12:40 +0000''>', entitlements='(null)', teamID='9R8LPM6UR2', identifier='org.cocoapods.GoogleUtilities', executablePath='<DVTFilePath:0x600003ce8c40:'/Users/craig/actions-runner/_work/gcode/gcode/build/out/37790665-UDID.xcarchive/Products/Applications/UDID.app/Frameworks/GoogleUtilities.framework/GoogleUtilities'>', hardenedRuntime='0'>'> are: {
}
2023-02-20 01:01:35 +0000 [MT] Writing entitlements for <IDEDistributionItem: 0x6000033d2a00; bundleID='org.cocoapods.GoogleUtilities', path='<DVTFilePath:0x6000038c5700:'/Users/craig/actions-runner/_work/gcode/gcode/build/out/37790665-UDID.xcarchive/Products/Applications/UDID.app/Frameworks/GoogleUtilities.framework'>', codeSigningInfo='<_DVTCodeSigningInformation_Path: 0x6000034a4230; isSigned='1', isAdHocSigned='0', signingCertificate='<DVTSigningCertificate: 0x600002062050; name='Apple Development: Craig Gorman (5JC3XWB44V)', hash='4306BBB633743D94CFC7565694FEA4757730DEB5', serialNumber='494AE56079AD754BE508213DD1272D64', certificateKinds='(
    "1.2.840.113635.100.6.1.12",
    "1.2.840.113635.100.6.1.2"
), issueDate='2022-06-27 06:12:40 +0000''>', entitlements='(null)', teamID='9R8LPM6UR2', identifier='org.cocoapods.GoogleUtilities', executablePath='<DVTFilePath:0x600003ce8c40:'/Users/craig/actions-runner/_work/gcode/gcode/build/out/37790665-UDID.xcarchive/Products/Applications/UDID.app/Frameworks/GoogleUtilities.framework/GoogleUtilities'>', hardenedRuntime='0'>'> to: /var/folders/sv/h0fz1p090h97prcxzlhf99740000gr/T/XcodeDistPipeline.~~~2Hd7S0/entitlements~~~HYDMXk
2023-02-20 01:01:35 +0000 [MT] Running /usr/bin/codesign '-vvv' '--force' '--sign' '9A1D235C02F17F93093236EB8D084528E5FB034C' '--entitlements' '/var/folders/sv/h0fz1p090h97prcxzlhf99740000gr/T/XcodeDistPipeline.~~~2Hd7S0/entitlements~~~HYDMXk' '--generate-entitlement-der' '--preserve-metadata=identifier,flags,runtime' '/var/folders/sv/h0fz1p090h97prcxzlhf99740000gr/T/XcodeDistPipeline.~~~2Hd7S0/Root/Payload/UDID.app/Frameworks/GoogleUtilities.framework'
2023-02-20 01:01:35 +0000  /var/folders/sv/h0fz1p090h97prcxzlhf99740000gr/T/XcodeDistPipeline.~~~2Hd7S0/Root/Payload/UDID.app/Frameworks/GoogleUtilities.framework: replacing existing signature
2023-02-20 01:01:35 +0000  /var/folders/sv/h0fz1p090h97prcxzlhf99740000gr/T/XcodeDistPipeline.~~~2Hd7S0/Root/Payload/UDID.app/Frameworks/GoogleUtilities.framework: signed bundle with Mach-O thin (arm64) [org.cocoapods.GoogleUtilities]
2023-02-20 01:01:35 +0000 [MT] /usr/bin/codesign exited with 0
2023-02-20 01:01:35 +0000 [MT] Entitlements for <IDEDistributionItem: 0x6000033ca1c0; bundleID='org.cocoapods.nanopb', path='<DVTFilePath:0x600003cec540:'/Users/craig/actions-runner/_work/gcode/gcode/build/out/37790665-UDID.xcarchive/Products/Applications/UDID.app/Frameworks/nanopb.framework'>', codeSigningInfo='<_DVTCodeSigningInformation_Path: 0x600003492a80; isSigned='1', isAdHocSigned='0', signingCertificate='<DVTSigningCertificate: 0x6000020737b0; name='Apple Development: Craig Gorman (5JC3XWB44V)', hash='4306BBB633743D94CFC7565694FEA4757730DEB5', serialNumber='494AE56079AD754BE508213DD1272D64', certificateKinds='(
    "1.2.840.113635.100.6.1.12",
    "1.2.840.113635.100.6.1.2"
), issueDate='2022-06-27 06:12:40 +0000''>', entitlements='(null)', teamID='9R8LPM6UR2', identifier='org.cocoapods.nanopb', executablePath='<DVTFilePath:0x6000033dcb40:'/Users/craig/actions-runner/_work/gcode/gcode/build/out/37790665-UDID.xcarchive/Products/Applications/UDID.app/Frameworks/nanopb.framework/nanopb'>', hardenedRuntime='0'>'>: {
}
2023-02-20 01:01:35 +0000 [MT] Entitlements for <IDEDistributionItem: 0x6000033ca1c0; bundleID='org.cocoapods.nanopb', path='<DVTFilePath:0x600003cec540:'/Users/craig/actions-runner/_work/gcode/gcode/build/out/37790665-UDID.xcarchive/Products/Applications/UDID.app/Frameworks/nanopb.framework'>', codeSigningInfo='<_DVTCodeSigningInformation_Path: 0x600003492a80; isSigned='1', isAdHocSigned='0', signingCertificate='<DVTSigningCertificate: 0x600002044630; name='Apple Development: Craig Gorman (5JC3XWB44V)', hash='4306BBB633743D94CFC7565694FEA4757730DEB5', serialNumber='494AE56079AD754BE508213DD1272D64', certificateKinds='(
    "1.2.840.113635.100.6.1.12",
    "1.2.840.113635.100.6.1.2"
), issueDate='2022-06-27 06:12:40 +0000''>', entitlements='(null)', teamID='9R8LPM6UR2', identifier='org.cocoapods.nanopb', executablePath='<DVTFilePath:0x6000033dcb40:'/Users/craig/actions-runner/_work/gcode/gcode/build/out/37790665-UDID.xcarchive/Products/Applications/UDID.app/Frameworks/nanopb.framework/nanopb'>', hardenedRuntime='0'>'> are: {
}
2023-02-20 01:01:35 +0000 [MT] Writing entitlements for <IDEDistributionItem: 0x6000033ca1c0; bundleID='org.cocoapods.nanopb', path='<DVTFilePath:0x600003cec540:'/Users/craig/actions-runner/_work/gcode/gcode/build/out/37790665-UDID.xcarchive/Products/Applications/UDID.app/Frameworks/nanopb.framework'>', codeSigningInfo='<_DVTCodeSigningInformation_Path: 0x600003492a80; isSigned='1', isAdHocSigned='0', signingCertificate='<DVTSigningCertificate: 0x600002044210; name='Apple Development: Craig Gorman (5JC3XWB44V)', hash='4306BBB633743D94CFC7565694FEA4757730DEB5', serialNumber='494AE56079AD754BE508213DD1272D64', certificateKinds='(
    "1.2.840.113635.100.6.1.12",
    "1.2.840.113635.100.6.1.2"
), issueDate='2022-06-27 06:12:40 +0000''>', entitlements='(null)', teamID='9R8LPM6UR2', identifier='org.cocoapods.nanopb', executablePath='<DVTFilePath:0x6000033dcb40:'/Users/craig/actions-runner/_work/gcode/gcode/build/out/37790665-UDID.xcarchive/Products/Applications/UDID.app/Frameworks/nanopb.framework/nanopb'>', hardenedRuntime='0'>'> to: /var/folders/sv/h0fz1p090h97prcxzlhf99740000gr/T/XcodeDistPipeline.~~~2Hd7S0/entitlements~~~kzi9pw
2023-02-20 01:01:35 +0000 [MT] Running /usr/bin/codesign '-vvv' '--force' '--sign' '9A1D235C02F17F93093236EB8D084528E5FB034C' '--entitlements' '/var/folders/sv/h0fz1p090h97prcxzlhf99740000gr/T/XcodeDistPipeline.~~~2Hd7S0/entitlements~~~kzi9pw' '--generate-entitlement-der' '--preserve-metadata=identifier,flags,runtime' '/var/folders/sv/h0fz1p090h97prcxzlhf99740000gr/T/XcodeDistPipeline.~~~2Hd7S0/Root/Payload/UDID.app/Frameworks/nanopb.framework'
2023-02-20 01:01:35 +0000  /var/folders/sv/h0fz1p090h97prcxzlhf99740000gr/T/XcodeDistPipeline.~~~2Hd7S0/Root/Payload/UDID.app/Frameworks/nanopb.framework: replacing existing signature
2023-02-20 01:01:35 +0000  /var/folders/sv/h0fz1p090h97prcxzlhf99740000gr/T/XcodeDistPipeline.~~~2Hd7S0/Root/Payload/UDID.app/Frameworks/nanopb.framework: signed bundle with Mach-O thin (arm64) [org.cocoapods.nanopb]
2023-02-20 01:01:35 +0000 [MT] /usr/bin/codesign exited with 0
2023-02-20 01:01:35 +0000 [MT] Entitlements for <IDEDistributionItem: 0x6000033cf960; bundleID='au.com.gcode.37790665-UDID', path='<DVTFilePath:0x600003cdcfc0:'/Users/craig/actions-runner/_work/gcode/gcode/build/out/37790665-UDID.xcarchive/Products/Applications/UDID.app'>', codeSigningInfo='<_DVTCodeSigningInformation_Path: 0x6000034a4a00; isSigned='1', isAdHocSigned='0', signingCertificate='<DVTSigningCertificate: 0x600002075600; name='Apple Development: Craig Gorman (5JC3XWB44V)', hash='4306BBB633743D94CFC7565694FEA4757730DEB5', serialNumber='494AE56079AD754BE508213DD1272D64', certificateKinds='(
    "1.2.840.113635.100.6.1.12",
    "1.2.840.113635.100.6.1.2"
), issueDate='2022-06-27 06:12:40 +0000''>', entitlements='{
    "application-identifier" = "9R8LPM6UR2.au.com.gcode.37790665-UDID";
    "aps-environment" = development;
    "com.apple.developer.associated-domains" =     (
        "applinks:gcode.com.au",
        "webcredentials:gcode.com.au"
    );
    "com.apple.developer.team-identifier" = 9R8LPM6UR2;
    "get-task-allow" = 1;
}', teamID='9R8LPM6UR2', identifier='au.com.gcode.37790665-UDID', executablePath='<DVTFilePath:0x6000033cfba0:'/Users/craig/actions-runner/_work/gcode/gcode/build/out/37790665-UDID.xcarchive/Products/Applications/UDID.app/UDID'>', hardenedRuntime='0'>'>: {
    "application-identifier" = "9R8LPM6UR2.au.com.gcode.37790665-UDID";
    "aps-environment" = production;
    "com.apple.developer.associated-domains" =     (
        "applinks:gcode.com.au",
        "webcredentials:gcode.com.au"
    );
    "com.apple.developer.team-identifier" = 9R8LPM6UR2;
    "get-task-allow" = 0;
}
2023-02-20 01:01:35 +0000 [MT] Entitlements for <IDEDistributionItem: 0x6000033cf960; bundleID='au.com.gcode.37790665-UDID', path='<DVTFilePath:0x600003cdcfc0:'/Users/craig/actions-runner/_work/gcode/gcode/build/out/37790665-UDID.xcarchive/Products/Applications/UDID.app'>', codeSigningInfo='<_DVTCodeSigningInformation_Path: 0x6000034a4a00; isSigned='1', isAdHocSigned='0', signingCertificate='<DVTSigningCertificate: 0x600002044630; name='Apple Development: Craig Gorman (5JC3XWB44V)', hash='4306BBB633743D94CFC7565694FEA4757730DEB5', serialNumber='494AE56079AD754BE508213DD1272D64', certificateKinds='(
    "1.2.840.113635.100.6.1.12",
    "1.2.840.113635.100.6.1.2"
), issueDate='2022-06-27 06:12:40 +0000''>', entitlements='{
    "application-identifier" = "9R8LPM6UR2.au.com.gcode.37790665-UDID";
    "aps-environment" = development;
    "com.apple.developer.associated-domains" =     (
        "applinks:gcode.com.au",
        "webcredentials:gcode.com.au"
    );
    "com.apple.developer.team-identifier" = 9R8LPM6UR2;
    "get-task-allow" = 1;
}', teamID='9R8LPM6UR2', identifier='au.com.gcode.37790665-UDID', executablePath='<DVTFilePath:0x6000033cfba0:'/Users/craig/actions-runner/_work/gcode/gcode/build/out/37790665-UDID.xcarchive/Products/Applications/UDID.app/UDID'>', hardenedRuntime='0'>'> are: {
    "application-identifier" = "9R8LPM6UR2.au.com.gcode.37790665-UDID";
    "aps-environment" = production;
    "com.apple.developer.associated-domains" =     (
        "applinks:gcode.com.au",
        "webcredentials:gcode.com.au"
    );
    "com.apple.developer.team-identifier" = 9R8LPM6UR2;
    "get-task-allow" = 0;
}
2023-02-20 01:01:35 +0000 [MT] Writing entitlements for <IDEDistributionItem: 0x6000033cf960; bundleID='au.com.gcode.37790665-UDID', path='<DVTFilePath:0x600003cdcfc0:'/Users/craig/actions-runner/_work/gcode/gcode/build/out/37790665-UDID.xcarchive/Products/Applications/UDID.app'>', codeSigningInfo='<_DVTCodeSigningInformation_Path: 0x6000034a4a00; isSigned='1', isAdHocSigned='0', signingCertificate='<DVTSigningCertificate: 0x600002073650; name='Apple Development: Craig Gorman (5JC3XWB44V)', hash='4306BBB633743D94CFC7565694FEA4757730DEB5', serialNumber='494AE56079AD754BE508213DD1272D64', certificateKinds='(
    "1.2.840.113635.100.6.1.12",
    "1.2.840.113635.100.6.1.2"
), issueDate='2022-06-27 06:12:40 +0000''>', entitlements='{
    "application-identifier" = "9R8LPM6UR2.au.com.gcode.37790665-UDID";
    "aps-environment" = development;
    "com.apple.developer.associated-domains" =     (
        "applinks:gcode.com.au",
        "webcredentials:gcode.com.au"
    );
    "com.apple.developer.team-identifier" = 9R8LPM6UR2;
    "get-task-allow" = 1;
}', teamID='9R8LPM6UR2', identifier='au.com.gcode.37790665-UDID', executablePath='<DVTFilePath:0x6000033cfba0:'/Users/craig/actions-runner/_work/gcode/gcode/build/out/37790665-UDID.xcarchive/Products/Applications/UDID.app/UDID'>', hardenedRuntime='0'>'> to: /var/folders/sv/h0fz1p090h97prcxzlhf99740000gr/T/XcodeDistPipeline.~~~2Hd7S0/entitlements~~~dzdTgR
2023-02-20 01:01:35 +0000 [MT] Running /usr/bin/codesign '-vvv' '--force' '--sign' '9A1D235C02F17F93093236EB8D084528E5FB034C' '--entitlements' '/var/folders/sv/h0fz1p090h97prcxzlhf99740000gr/T/XcodeDistPipeline.~~~2Hd7S0/entitlements~~~dzdTgR' '--generate-entitlement-der' '--preserve-metadata=identifier,flags,runtime' '/var/folders/sv/h0fz1p090h97prcxzlhf99740000gr/T/XcodeDistPipeline.~~~2Hd7S0/Root/Payload/UDID.app'
2023-02-20 01:01:35 +0000  /var/folders/sv/h0fz1p090h97prcxzlhf99740000gr/T/XcodeDistPipeline.~~~2Hd7S0/Root/Payload/UDID.app: replacing existing signature
2023-02-20 01:01:35 +0000  /var/folders/sv/h0fz1p090h97prcxzlhf99740000gr/T/XcodeDistPipeline.~~~2Hd7S0/Root/Payload/UDID.app: signed app bundle with Mach-O thin (arm64) [au.com.gcode.37790665-UDID]
2023-02-20 01:01:35 +0000 [MT] /usr/bin/codesign exited with 0
2023-02-20 01:01:35 +0000 [MT] Processing step: IDEDistributionZipODRItemStep
2023-02-20 01:01:35 +0000 [MT] Skipping step: IDEDistributionZipODRItemStep because it said so
2023-02-20 01:01:35 +0000 [MT] Skipping step: IDEDistributionZipODRItemStep because it said so
2023-02-20 01:01:35 +0000 [MT] Skipping step: IDEDistributionZipODRItemStep because it said so
2023-02-20 01:01:35 +0000 [MT] Skipping step: IDEDistributionZipODRItemStep because it said so
2023-02-20 01:01:35 +0000 [MT] Skipping step: IDEDistributionZipODRItemStep because it said so
2023-02-20 01:01:35 +0000 [MT] Skipping step: IDEDistributionZipODRItemStep because it said so
2023-02-20 01:01:35 +0000 [MT] Skipping step: IDEDistributionZipODRItemStep because it said so
2023-02-20 01:01:35 +0000 [MT] Skipping step: IDEDistributionZipODRItemStep because it said so
2023-02-20 01:01:35 +0000 [MT] Skipping step: IDEDistributionZipODRItemStep because it said so
2023-02-20 01:01:35 +0000 [MT] Skipping step: IDEDistributionZipODRItemStep because it said so
2023-02-20 01:01:35 +0000 [MT] Processing step: IDEDistributionCreateIPAStep
2023-02-20 01:01:35 +0000 [MT] Running /usr/bin/ditto '-V' '-c' '-k' '--norsrc' '/var/folders/sv/h0fz1p090h97prcxzlhf99740000gr/T/XcodeDistPipeline.~~~2Hd7S0/Root' '/var/folders/sv/h0fz1p090h97prcxzlhf99740000gr/T/XcodeDistPipeline.~~~2Hd7S0/Packages/UDID.ipa'
2023-02-20 01:01:35 +0000  >>> Copying /var/folders/sv/h0fz1p090h97prcxzlhf99740000gr/T/XcodeDistPipeline.~~~2Hd7S0/Root 
2023-02-20 01:01:35 +0000  copying file ./Payload/UDID.app/_CodeSignature/CodeResources ... 
2023-02-20 01:01:35 +0000  14045 bytes for ./Payload/UDID.app/_CodeSignature/CodeResources
copying file ./Payload/UDID.app/AppIcon60x60@2x.png ... 
2023-02-20 01:01:35 +0000  3917 bytes for ./Payload/UDID.app/AppIcon60x60@2x.png
copying file ./Payload/UDID.app/GoogleService-Info.plist ... 
2023-02-20 01:01:35 +0000  664 bytes for ./Payload/UDID.app/GoogleService-Info.plist
copying file ./Payload/UDID.app/Base.lproj/Main.storyboardc/UIViewController-BYZ-38-t0r.nib/runtime.nib ... 
2023-02-20 01:01:35 +0000  966 bytes for ./Payload/UDID.app/Base.lproj/Main.storyboardc/UIViewController-BYZ-38-t0r.nib/runtime.nib
copying file ./Payload/UDID.app/Base.lproj/Main.storyboardc/UIViewController-BYZ-38-t0r.nib/objects-14.0+.nib ... 
966 bytes for ./Payload/UDID.app/Base.lproj/Main.storyboardc/UIViewController-BYZ-38-t0r.nib/objects-14.0+.nib
2023-02-20 01:01:35 +0000  copying file ./Payload/UDID.app/Base.lproj/Main.storyboardc/BYZ-38-t0r-view-8bC-Xf-vdC.nib/runtime.nib ... 
2023-02-20 01:01:35 +0000  4312 bytes for ./Payload/UDID.app/Base.lproj/Main.storyboardc/BYZ-38-t0r-view-8bC-Xf-vdC.nib/runtime.nib
copying file ./Payload/UDID.app/Base.lproj/Main.storyboardc/BYZ-38-t0r-view-8bC-Xf-vdC.nib/objects-14.0+.nib ... 
2023-02-20 01:01:35 +0000  3163 bytes for ./Payload/UDID.app/Base.lproj/Main.storyboardc/BYZ-38-t0r-view-8bC-Xf-vdC.nib/objects-14.0+.nib
2023-02-20 01:01:35 +0000  copying file ./Payload/UDID.app/Base.lproj/Main.storyboardc/Info.plist ... 
258 bytes for ./Payload/UDID.app/Base.lproj/Main.storyboardc/Info.plist
copying file ./Payload/UDID.app/Base.lproj/LaunchScreen.storyboardc/01J-lp-oVM-view-4mO-e4-REQ.nib ... 
2023-02-20 01:01:35 +0000  2239 bytes for ./Payload/UDID.app/Base.lproj/LaunchScreen.storyboardc/01J-lp-oVM-view-4mO-e4-REQ.nib
copying file ./Payload/UDID.app/Base.lproj/LaunchScreen.storyboardc/UIViewController-01J-lp-oVM.nib ... 
2023-02-20 01:01:35 +0000  896 bytes for ./Payload/UDID.app/Base.lproj/LaunchScreen.storyboardc/UIViewController-01J-lp-oVM.nib
copying file ./Payload/UDID.app/Base.lproj/LaunchScreen.storyboardc/Info.plist ... 
258 bytes for ./Payload/UDID.app/Base.lproj/LaunchScreen.storyboardc/Info.plist
2023-02-20 01:01:35 +0000  copying file ./Payload/UDID.app/UDID ... 
2023-02-20 01:01:35 +0000  196736 bytes for ./Payload/UDID.app/UDID
2023-02-20 01:01:35 +0000  copying file ./Payload/UDID.app/Entitlements/Entitlements.plist ... 
837 bytes for ./Payload/UDID.app/Entitlements/Entitlements.plist
copying file ./Payload/UDID.app/Entitlements/.gitignore ... 
27 bytes for ./Payload/UDID.app/Entitlements/.gitignore
copying file ./Payload/UDID.app/Assets.car ... 
2023-02-20 01:01:35 +0000  166191 bytes for ./Payload/UDID.app/Assets.car
copying file ./Payload/UDID.app/AppIcon76x76@2x~ipad.png ... 
2023-02-20 01:01:35 +0000  4918 bytes for ./Payload/UDID.app/AppIcon76x76@2x~ipad.png
copying file ./Payload/UDID.app/Frameworks/GoogleDataTransport.framework/_CodeSignature/CodeResources ... 
1798 bytes for ./Payload/UDID.app/Frameworks/GoogleDataTransport.framework/_CodeSignature/CodeResources
2023-02-20 01:01:35 +0000  copying file ./Payload/UDID.app/Frameworks/GoogleDataTransport.framework/GoogleDataTransport ... 
2023-02-20 01:01:35 +0000  361616 bytes for ./Payload/UDID.app/Frameworks/GoogleDataTransport.framework/GoogleDataTransport
2023-02-20 01:01:35 +0000  copying file ./Payload/UDID.app/Frameworks/GoogleDataTransport.framework/Info.plist ... 
807 bytes for ./Payload/UDID.app/Frameworks/GoogleDataTransport.framework/Info.plist
copying file ./Payload/UDID.app/Frameworks/FBLPromises.framework/_CodeSignature/CodeResources ... 
1798 bytes for ./Payload/UDID.app/Frameworks/FBLPromises.framework/_CodeSignature/CodeResources
copying file ./Payload/UDID.app/Frameworks/FBLPromises.framework/FBLPromises ... 
2023-02-20 01:01:35 +0000  192192 bytes for ./Payload/UDID.app/Frameworks/FBLPromises.framework/FBLPromises
copying file ./Payload/UDID.app/Frameworks/FBLPromises.framework/Info.plist ... 
2023-02-20 01:01:35 +0000  789 bytes for ./Payload/UDID.app/Frameworks/FBLPromises.framework/Info.plist
copying file ./Payload/UDID.app/Frameworks/FirebaseCoreInternal.framework/_CodeSignature/CodeResources ... 
2023-02-20 01:01:35 +0000  1798 bytes for ./Payload/UDID.app/Frameworks/FirebaseCoreInternal.framework/_CodeSignature/CodeResources
copying file ./Payload/UDID.app/Frameworks/FirebaseCoreInternal.framework/FirebaseCoreInternal ... 
2023-02-20 01:01:35 +0000  404400 bytes for ./Payload/UDID.app/Frameworks/FirebaseCoreInternal.framework/FirebaseCoreInternal
copying file ./Payload/UDID.app/Frameworks/FirebaseCoreInternal.framework/Info.plist ... 
2023-02-20 01:01:35 +0000  809 bytes for ./Payload/UDID.app/Frameworks/FirebaseCoreInternal.framework/Info.plist
copying file ./Payload/UDID.app/Frameworks/FirebaseCore.framework/_CodeSignature/CodeResources ... 
1798 bytes for ./Payload/UDID.app/Frameworks/FirebaseCore.framework/_CodeSignature/CodeResources
copying file ./Payload/UDID.app/Frameworks/FirebaseCore.framework/FirebaseCore ... 
2023-02-20 01:01:35 +0000  223920 bytes for ./Payload/UDID.app/Frameworks/FirebaseCore.framework/FirebaseCore
copying file ./Payload/UDID.app/Frameworks/FirebaseCore.framework/Info.plist ... 
2023-02-20 01:01:35 +0000  791 bytes for ./Payload/UDID.app/Frameworks/FirebaseCore.framework/Info.plist
copying file ./Payload/UDID.app/Frameworks/GoogleUtilities.framework/_CodeSignature/CodeResources ... 
2023-02-20 01:01:35 +0000  1798 bytes for ./Payload/UDID.app/Frameworks/GoogleUtilities.framework/_CodeSignature/CodeResources
copying file ./Payload/UDID.app/Frameworks/GoogleUtilities.framework/GoogleUtilities ... 
2023-02-20 01:01:35 +0000  308960 bytes for ./Payload/UDID.app/Frameworks/GoogleUtilities.framework/GoogleUtilities
copying file ./Payload/UDID.app/Frameworks/GoogleUtilities.framework/Info.plist ... 
2023-02-20 01:01:35 +0000  799 bytes for ./Payload/UDID.app/Frameworks/GoogleUtilities.framework/Info.plist
copying file ./Payload/UDID.app/Frameworks/FirebaseMessaging.framework/_CodeSignature/CodeResources ... 
1798 bytes for ./Payload/UDID.app/Frameworks/FirebaseMessaging.framework/_CodeSignature/CodeResources
copying file ./Payload/UDID.app/Frameworks/FirebaseMessaging.framework/FirebaseMessaging ... 
2023-02-20 01:01:35 +0000  566768 bytes for ./Payload/UDID.app/Frameworks/FirebaseMessaging.framework/FirebaseMessaging
copying file ./Payload/UDID.app/Frameworks/FirebaseMessaging.framework/Info.plist ... 
2023-02-20 01:01:35 +0000  804 bytes for ./Payload/UDID.app/Frameworks/FirebaseMessaging.framework/Info.plist
copying file ./Payload/UDID.app/Frameworks/nanopb.framework/_CodeSignature/CodeResources ... 
1798 bytes for ./Payload/UDID.app/Frameworks/nanopb.framework/_CodeSignature/CodeResources
copying file ./Payload/UDID.app/Frameworks/nanopb.framework/nanopb ... 
2023-02-20 01:01:35 +0000  81040 bytes for ./Payload/UDID.app/Frameworks/nanopb.framework/nanopb
copying file ./Payload/UDID.app/Frameworks/nanopb.framework/Info.plist ... 
2023-02-20 01:01:35 +0000  783 bytes for ./Payload/UDID.app/Frameworks/nanopb.framework/Info.plist
2023-02-20 01:01:35 +0000  copying file ./Payload/UDID.app/Frameworks/FirebaseInstallations.framework/_CodeSignature/CodeResources ... 
1798 bytes for ./Payload/UDID.app/Frameworks/FirebaseInstallations.framework/_CodeSignature/CodeResources
copying file ./Payload/UDID.app/Frameworks/FirebaseInstallations.framework/FirebaseInstallations ... 
2023-02-20 01:01:35 +0000  294208 bytes for ./Payload/UDID.app/Frameworks/FirebaseInstallations.framework/FirebaseInstallations
copying file ./Payload/UDID.app/Frameworks/FirebaseInstallations.framework/Info.plist ... 
2023-02-20 01:01:35 +0000  811 bytes for ./Payload/UDID.app/Frameworks/FirebaseInstallations.framework/Info.plist
copying file ./Payload/UDID.app/Frameworks/FirebaseCoreDiagnostics.framework/_CodeSignature/CodeResources ... 
1798 bytes for ./Payload/UDID.app/Frameworks/FirebaseCoreDiagnostics.framework/_CodeSignature/CodeResources
copying file ./Payload/UDID.app/Frameworks/FirebaseCoreDiagnostics.framework/FirebaseCoreDiagnostics ... 
2023-02-20 01:01:35 +0000  86560 bytes for ./Payload/UDID.app/Frameworks/FirebaseCoreDiagnostics.framework/FirebaseCoreDiagnostics
copying file ./Payload/UDID.app/Frameworks/FirebaseCoreDiagnostics.framework/Info.plist ... 
2023-02-20 01:01:35 +0000  815 bytes for ./Payload/UDID.app/Frameworks/FirebaseCoreDiagnostics.framework/Info.plist
copying file ./Payload/UDID.app/embedded.mobileprovision ... 
2023-02-20 01:01:35 +0000  17468 bytes for ./Payload/UDID.app/embedded.mobileprovision
copying file ./Payload/UDID.app/Info.plist ... 
2023-02-20 01:01:35 +0000  2432 bytes for ./Payload/UDID.app/Info.plist
copying file ./Payload/UDID.app/PkgInfo ... 
8 bytes for ./Payload/UDID.app/PkgInfo
2023-02-20 01:01:35 +0000 [MT] /usr/bin/ditto exited with 0
2023-02-20 01:01:35 +0000 [MT] Processing step: IDEDistributionAppStoreInformationStep
2023-02-20 01:01:35 +0000 [MT] Skipping step: IDEDistributionAppStoreInformationStep because it said so
2023-02-20 01:01:35 +0000 [MT] Processing step: IDEDistributionGenerateProcessedDistributionItems
2023-02-20 01:01:35 +0000 [MT] IDEDistributionItem init <DVTFilePath:0x600003c88700:'/var/folders/sv/h0fz1p090h97prcxzlhf99740000gr/T/XcodeDistPipeline.~~~2Hd7S0/Root/Payload/UDID.app/Frameworks/FirebaseCore.framework'>
2023-02-20 01:01:35 +0000 [MT] IDEDistributionItem init <DVTFilePath:0x600003cf5ce0:'/var/folders/sv/h0fz1p090h97prcxzlhf99740000gr/T/XcodeDistPipeline.~~~2Hd7S0/Root/Payload/UDID.app/Frameworks/FBLPromises.framework'>
2023-02-20 01:01:35 +0000 [MT] IDEDistributionItem init <DVTFilePath:0x600003cf7f00:'/var/folders/sv/h0fz1p090h97prcxzlhf99740000gr/T/XcodeDistPipeline.~~~2Hd7S0/Root/Payload/UDID.app/Frameworks/nanopb.framework'>
2023-02-20 01:01:35 +0000 [MT] IDEDistributionItem init <DVTFilePath:0x60000385af00:'/var/folders/sv/h0fz1p090h97prcxzlhf99740000gr/T/XcodeDistPipeline.~~~2Hd7S0/Root/Payload/UDID.app/Frameworks/FirebaseCoreInternal.framework'>
2023-02-20 01:01:35 +0000 [MT] IDEDistributionItem init <DVTFilePath:0x600003875f80:'/var/folders/sv/h0fz1p090h97prcxzlhf99740000gr/T/XcodeDistPipeline.~~~2Hd7S0/Root/Payload/UDID.app/Frameworks/FirebaseInstallations.framework'>
2023-02-20 01:01:35 +0000 [MT] IDEDistributionItem init <DVTFilePath:0x600003869f00:'/var/folders/sv/h0fz1p090h97prcxzlhf99740000gr/T/XcodeDistPipeline.~~~2Hd7S0/Root/Payload/UDID.app/Frameworks/FirebaseMessaging.framework'>
2023-02-20 01:01:35 +0000 [MT] IDEDistributionItem init <DVTFilePath:0x600003876b80:'/var/folders/sv/h0fz1p090h97prcxzlhf99740000gr/T/XcodeDistPipeline.~~~2Hd7S0/Root/Payload/UDID.app/Frameworks/GoogleDataTransport.framework'>
2023-02-20 01:01:35 +0000 [MT] IDEDistributionItem init <DVTFilePath:0x60000381cb80:'/var/folders/sv/h0fz1p090h97prcxzlhf99740000gr/T/XcodeDistPipeline.~~~2Hd7S0/Root/Payload/UDID.app/Frameworks/GoogleUtilities.framework'>
2023-02-20 01:01:36 +0000 [MT] IDEDistributionItem init <DVTFilePath:0x600003876280:'/var/folders/sv/h0fz1p090h97prcxzlhf99740000gr/T/XcodeDistPipeline.~~~2Hd7S0/Root/Payload/UDID.app/Frameworks/FirebaseCoreDiagnostics.framework'>
2023-02-20 01:01:36 +0000 [MT] IDEDistributionItem init <DVTFilePath:0x600003cf8690:'/var/folders/sv/h0fz1p090h97prcxzlhf99740000gr/T/XcodeDistPipeline.~~~2Hd7S0/Root/Payload/UDID.app'>
2023-02-20 01:01:36 +0000 [MT] Processing step: IDEDistributionCreateManifestStep
