2023-02-19 22:35:46 +0000 [MT] Initial pipeline context: <IDEDistributionProcessingPipelineContext: 0x7fa1057ba8e0; archive(resolved)="<IDEArchive: 0x6000021788a0>", distributionTask(resolved)="2", distributionDestination(resolved)="1", distributionMethod(resolved)="<IDEDistributionMethodiOSAdHoc: 0x6000007b3280>", team(resolved)="<IDEProvisioningBasicTeam: 0x600000494d40; teamID='9R8LPM6UR2', teamName='(null)'>">
	Chain (13, self inclusive):
	<IDEDistributionProcessingPipelineContext: 0x7fa1057ba8e0; archive = "<IDEArchive: 0x6000021788a0>", distributionMethod="<IDEDistributionMethodiOSAdHoc: 0x6000007b3280>", team="<IDEProvisioningBasicTeam: 0x600000494d40; teamID='9R8LPM6UR2', teamName='(null)'>">
	<IDEDistributionProcessingPipelineContext: 0x7fa10579e6f0; archive = "<IDEArchive: 0x6000021788a0>", distributionMethod="<IDEDistributionMethodiOSAdHoc: 0x6000007b3280>", team="<IDEProvisioningBasicTeam: 0x600000494d40; teamID='9R8LPM6UR2', teamName='(null)'>">
	<IDEDistributionContext: 0x7fa1057c0880; archive = "<IDEArchive: 0x6000021788a0>", distributionMethod="<IDEDistributionMethodiOSAdHoc: 0x6000007b3280>", team="<IDEProvisioningBasicTeam: 0x600000494d40; teamID='9R8LPM6UR2', teamName='(null)'>">
	<IDEDistributionContext: 0x7fa0f6078460; archive = "<IDEArchive: 0x6000021788a0>", distributionMethod="<IDEDistributionMethodiOSAdHoc: 0x6000007b3280>", team="<IDEProvisioningBasicTeam: 0x600000494d40; teamID='9R8LPM6UR2', teamName='(null)'>">
	<IDEDistributionContext: 0x7fa0f6077f20; archive = "<IDEArchive: 0x6000021788a0>", distributionMethod="<IDEDistributionMethodiOSAdHoc: 0x6000007b3280>", team="<IDEProvisioningBasicTeam: 0x600000494d40; teamID='9R8LPM6UR2', teamName='(null)'>">
	<IDEDistributionContext: 0x7fa105789d90; archive = "<IDEArchive: 0x6000021788a0>", distributionMethod="<IDEDistributionMethodiOSAdHoc: 0x6000007b3280>", team="<IDEProvisioningBasicTeam: 0x600000494d40; teamID='9R8LPM6UR2', teamName='(null)'>">
	<IDEDistributionContext: 0x7fa1060867a0; archive = "<IDEArchive: 0x6000021788a0>", distributionMethod="<IDEDistributionMethodiOSAdHoc: 0x6000007b3280>", team="<IDEProvisioningBasicTeam: 0x600000494d40; teamID='9R8LPM6UR2', teamName='(null)'>">
	<IDEDistributionContext: 0x7fa0f6076b10; archive = "<IDEArchive: 0x6000021788a0>", distributionMethod="<IDEDistributionMethodiOSAdHoc: 0x6000007b3280>", team="<IDEProvisioningBasicTeam: 0x600000494d40; teamID='9R8LPM6UR2', teamName='(null)'>">
	<IDEDistributionContext: 0x7fa0f5773700; archive = "<IDEArchive: 0x6000021788a0>", distributionMethod="<IDEDistributionMethodiOSAdHoc: 0x6000007b3280>", team="<IDEProvisioningBasicTeam: 0x600000494d40; teamID='9R8LPM6UR2', teamName='(null)'>">
	<IDEDistributionContext: 0x7fa10605df20; archive = "<IDEArchive: 0x6000021788a0>", distributionMethod="<IDEDistributionMethodiOSAdHoc: 0x6000007b3280>", team="(null)">
	<IDEDistributionContext: 0x7fa0f579b350; archive = "<IDEArchive: 0x6000021788a0>", distributionMethod="<IDEDistributionMethodiOSAdHoc: 0x6000007b3280>", team="(null)">
	<IDEDistributionContext: 0x7fa0f579d170; archive = "<IDEArchive: 0x6000021788a0>", distributionMethod="<IDEDistributionMethodiOSAdHoc: 0x6000007b3280>", team="(null)">
	<IDEDistributionContext: 0x7fa0f5782390; archive = "<IDEArchive: 0x6000021788a0>", distributionMethod="(null)", team="(null)">
</IDEDistributionProcessingPipelineContext: 0x7fa1057ba8e0>
2023-02-19 22:35:46 +0000 [MT] Processing step: IDEDistributionCreateDestRootStep
2023-02-19 22:35:46 +0000 [MT] Processing step: IDEDistributionCopyItemStep
2023-02-19 22:35:46 +0000 [MT] Running /usr/bin/ditto '-V' '/Users/craig/actions-runner/_work/gcode/gcode/build/out/37790665-Baby-Daze.xcarchive/Products/Applications/BabyDaze.app' '/var/folders/sv/h0fz1p090h97prcxzlhf99740000gr/T/XcodeDistPipeline.~~~PjNKO4/Root/Payload/BabyDaze.app'
2023-02-19 22:35:46 +0000  >>> Copying /Users/craig/actions-runner/_work/gcode/gcode/build/out/37790665-Baby-Daze.xcarchive/Products/Applications/BabyDaze.app 
2023-02-19 22:35:46 +0000  copying file ./_CodeSignature/CodeResources ... 
2023-02-19 22:35:46 +0000  14045 bytes for ./_CodeSignature/CodeResources
2023-02-19 22:35:46 +0000  copying file ./AppIcon60x60@2x.png ... 
2023-02-19 22:35:46 +0000  4299 bytes for ./AppIcon60x60@2x.png
2023-02-19 22:35:46 +0000  copying file ./GoogleService-Info.plist ... 
2023-02-19 22:35:46 +0000  664 bytes for ./GoogleService-Info.plist
2023-02-19 22:35:46 +0000  copying file ./Base.lproj/Main.storyboardc/UIViewController-BYZ-38-t0r.nib/runtime.nib ... 
2023-02-19 22:35:46 +0000  970 bytes for ./Base.lproj/Main.storyboardc/UIViewController-BYZ-38-t0r.nib/runtime.nib
copying file ./Base.lproj/Main.storyboardc/UIViewController-BYZ-38-t0r.nib/objects-14.0+.nib ... 
2023-02-19 22:35:46 +0000  970 bytes for ./Base.lproj/Main.storyboardc/UIViewController-BYZ-38-t0r.nib/objects-14.0+.nib
2023-02-19 22:35:46 +0000  copying file ./Base.lproj/Main.storyboardc/BYZ-38-t0r-view-8bC-Xf-vdC.nib/runtime.nib ... 
2023-02-19 22:35:46 +0000  4297 bytes for ./Base.lproj/Main.storyboardc/BYZ-38-t0r-view-8bC-Xf-vdC.nib/runtime.nib
copying file ./Base.lproj/Main.storyboardc/BYZ-38-t0r-view-8bC-Xf-vdC.nib/objects-14.0+.nib ... 
2023-02-19 22:35:46 +0000  3148 bytes for ./Base.lproj/Main.storyboardc/BYZ-38-t0r-view-8bC-Xf-vdC.nib/objects-14.0+.nib
2023-02-19 22:35:46 +0000  copying file ./Base.lproj/Main.storyboardc/Info.plist ... 
2023-02-19 22:35:46 +0000  258 bytes for ./Base.lproj/Main.storyboardc/Info.plist
2023-02-19 22:35:46 +0000  copying file ./Base.lproj/LaunchScreen.storyboardc/01J-lp-oVM-view-4mO-e4-REQ.nib ... 
2023-02-19 22:35:46 +0000  2224 bytes for ./Base.lproj/LaunchScreen.storyboardc/01J-lp-oVM-view-4mO-e4-REQ.nib
copying file ./Base.lproj/LaunchScreen.storyboardc/UIViewController-01J-lp-oVM.nib ... 
2023-02-19 22:35:46 +0000  896 bytes for ./Base.lproj/LaunchScreen.storyboardc/UIViewController-01J-lp-oVM.nib
copying file ./Base.lproj/LaunchScreen.storyboardc/Info.plist ... 
2023-02-19 22:35:46 +0000  258 bytes for ./Base.lproj/LaunchScreen.storyboardc/Info.plist
2023-02-19 22:35:46 +0000  copying file ./Entitlements/Entitlements.plist ... 
2023-02-19 22:35:46 +0000  837 bytes for ./Entitlements/Entitlements.plist
copying file ./Entitlements/.gitignore ... 
2023-02-19 22:35:46 +0000  27 bytes for ./Entitlements/.gitignore
2023-02-19 22:35:46 +0000  copying file ./BabyDaze ... 
2023-02-19 22:35:46 +0000  196752 bytes for ./BabyDaze
2023-02-19 22:35:46 +0000  copying file ./Assets.car ... 
2023-02-19 22:35:46 +0000  182063 bytes for ./Assets.car
2023-02-19 22:35:46 +0000  copying file ./AppIcon76x76@2x~ipad.png ... 
2023-02-19 22:35:46 +0000  5198 bytes for ./AppIcon76x76@2x~ipad.png
2023-02-19 22:35:46 +0000  copying file ./Frameworks/GoogleDataTransport.framework/_CodeSignature/CodeResources ... 
2023-02-19 22:35:46 +0000  1798 bytes for ./Frameworks/GoogleDataTransport.framework/_CodeSignature/CodeResources
2023-02-19 22:35:46 +0000  copying file ./Frameworks/GoogleDataTransport.framework/GoogleDataTransport ... 
2023-02-19 22:35:46 +0000  361568 bytes for ./Frameworks/GoogleDataTransport.framework/GoogleDataTransport
2023-02-19 22:35:46 +0000  copying file ./Frameworks/GoogleDataTransport.framework/Info.plist ... 
2023-02-19 22:35:46 +0000  807 bytes for ./Frameworks/GoogleDataTransport.framework/Info.plist
2023-02-19 22:35:46 +0000  copying file ./Frameworks/FBLPromises.framework/_CodeSignature/CodeResources ... 
2023-02-19 22:35:46 +0000  1798 bytes for ./Frameworks/FBLPromises.framework/_CodeSignature/CodeResources
2023-02-19 22:35:46 +0000  copying file ./Frameworks/FBLPromises.framework/FBLPromises ... 
2023-02-19 22:35:46 +0000  192096 bytes for ./Frameworks/FBLPromises.framework/FBLPromises
2023-02-19 22:35:46 +0000  copying file ./Frameworks/FBLPromises.framework/Info.plist ... 
2023-02-19 22:35:46 +0000  789 bytes for ./Frameworks/FBLPromises.framework/Info.plist
2023-02-19 22:35:46 +0000  copying file ./Frameworks/FirebaseCoreInternal.framework/_CodeSignature/CodeResources ... 
2023-02-19 22:35:46 +0000  1798 bytes for ./Frameworks/FirebaseCoreInternal.framework/_CodeSignature/CodeResources
2023-02-19 22:35:46 +0000  copying file ./Frameworks/FirebaseCoreInternal.framework/FirebaseCoreInternal ... 
404240 bytes for ./Frameworks/FirebaseCoreInternal.framework/FirebaseCoreInternal
copying file ./Frameworks/FirebaseCoreInternal.framework/Info.plist ... 
2023-02-19 22:35:46 +0000  809 bytes for ./Frameworks/FirebaseCoreInternal.framework/Info.plist
2023-02-19 22:35:46 +0000  copying file ./Frameworks/FirebaseCore.framework/_CodeSignature/CodeResources ... 
2023-02-19 22:35:46 +0000  1798 bytes for ./Frameworks/FirebaseCore.framework/_CodeSignature/CodeResources
2023-02-19 22:35:46 +0000  copying file ./Frameworks/FirebaseCore.framework/FirebaseCore ... 
2023-02-19 22:35:46 +0000  223808 bytes for ./Frameworks/FirebaseCore.framework/FirebaseCore
copying file ./Frameworks/FirebaseCore.framework/Info.plist ... 
2023-02-19 22:35:46 +0000  791 bytes for ./Frameworks/FirebaseCore.framework/Info.plist
2023-02-19 22:35:46 +0000  copying file ./Frameworks/GoogleUtilities.framework/_CodeSignature/CodeResources ... 
2023-02-19 22:35:46 +0000  1798 bytes for ./Frameworks/GoogleUtilities.framework/_CodeSignature/CodeResources
2023-02-19 22:35:46 +0000  copying file ./Frameworks/GoogleUtilities.framework/GoogleUtilities ... 
2023-02-19 22:35:46 +0000  308864 bytes for ./Frameworks/GoogleUtilities.framework/GoogleUtilities
2023-02-19 22:35:46 +0000  copying file ./Frameworks/GoogleUtilities.framework/Info.plist ... 
2023-02-19 22:35:46 +0000  799 bytes for ./Frameworks/GoogleUtilities.framework/Info.plist
2023-02-19 22:35:46 +0000  copying file ./Frameworks/FirebaseMessaging.framework/_CodeSignature/CodeResources ... 
2023-02-19 22:35:46 +0000  1798 bytes for ./Frameworks/FirebaseMessaging.framework/_CodeSignature/CodeResources
2023-02-19 22:35:46 +0000  copying file ./Frameworks/FirebaseMessaging.framework/FirebaseMessaging ... 
2023-02-19 22:35:46 +0000  566800 bytes for ./Frameworks/FirebaseMessaging.framework/FirebaseMessaging
copying file ./Frameworks/FirebaseMessaging.framework/Info.plist ... 
2023-02-19 22:35:46 +0000  804 bytes for ./Frameworks/FirebaseMessaging.framework/Info.plist
2023-02-19 22:35:46 +0000  copying file ./Frameworks/nanopb.framework/_CodeSignature/CodeResources ... 
2023-02-19 22:35:46 +0000  1798 bytes for ./Frameworks/nanopb.framework/_CodeSignature/CodeResources
2023-02-19 22:35:46 +0000  copying file ./Frameworks/nanopb.framework/nanopb ... 
80800 bytes for ./Frameworks/nanopb.framework/nanopb
copying file ./Frameworks/nanopb.framework/Info.plist ... 
783 bytes for ./Frameworks/nanopb.framework/Info.plist
2023-02-19 22:35:46 +0000  copying file ./Frameworks/FirebaseInstallations.framework/_CodeSignature/CodeResources ... 
2023-02-19 22:35:46 +0000  1798 bytes for ./Frameworks/FirebaseInstallations.framework/_CodeSignature/CodeResources
2023-02-19 22:35:46 +0000  copying file ./Frameworks/FirebaseInstallations.framework/FirebaseInstallations ... 
2023-02-19 22:35:46 +0000  294112 bytes for ./Frameworks/FirebaseInstallations.framework/FirebaseInstallations
2023-02-19 22:35:46 +0000  copying file ./Frameworks/FirebaseInstallations.framework/Info.plist ... 
2023-02-19 22:35:46 +0000  811 bytes for ./Frameworks/FirebaseInstallations.framework/Info.plist
2023-02-19 22:35:46 +0000  copying file ./Frameworks/FirebaseCoreDiagnostics.framework/_CodeSignature/CodeResources ... 
2023-02-19 22:35:46 +0000  1798 bytes for ./Frameworks/FirebaseCoreDiagnostics.framework/_CodeSignature/CodeResources
2023-02-19 22:35:46 +0000  copying file ./Frameworks/FirebaseCoreDiagnostics.framework/FirebaseCoreDiagnostics ... 
2023-02-19 22:35:46 +0000  86304 bytes for ./Frameworks/FirebaseCoreDiagnostics.framework/FirebaseCoreDiagnostics
2023-02-19 22:35:46 +0000  copying file ./Frameworks/FirebaseCoreDiagnostics.framework/Info.plist ... 
2023-02-19 22:35:46 +0000  815 bytes for ./Frameworks/FirebaseCoreDiagnostics.framework/Info.plist
2023-02-19 22:35:46 +0000  copying file ./embedded.mobileprovision ... 
2023-02-19 22:35:46 +0000  15420 bytes for ./embedded.mobileprovision
2023-02-19 22:35:46 +0000  copying file ./Info.plist ... 
2023-02-19 22:35:46 +0000  2392 bytes for ./Info.plist
copying file ./PkgInfo ... 
2023-02-19 22:35:46 +0000  8 bytes for ./PkgInfo
2023-02-19 22:35:46 +0000 [MT] /usr/bin/ditto exited with 0
2023-02-19 22:35:46 +0000 [MT] Processing step: IDEDistributionEmbedProfileStep
2023-02-19 22:35:46 +0000 [MT] Skipping profile for item: <IDEDistributionItem: 0x600002165ec0; bundleID='org.cocoapods.FBLPromises', path='<DVTFilePath:0x600002e54620:'/Users/craig/actions-runner/_work/gcode/gcode/build/out/37790665-Baby-Daze.xcarchive/Products/Applications/BabyDaze.app/Frameworks/FBLPromises.framework'>', codeSigningInfo='<_DVTCodeSigningInformation_Path: 0x60000262b200; isSigned='1', isAdHocSigned='0', signingCertificate='<DVTSigningCertificate: 0x6000032d4000; name='Apple Development: Craig Gorman (5JC3XWB44V)', hash='4306BBB633743D94CFC7565694FEA4757730DEB5', serialNumber='494AE56079AD754BE508213DD1272D64', certificateKinds='(
    "1.2.840.113635.100.6.1.12",
    "1.2.840.113635.100.6.1.2"
), issueDate='2022-06-27 06:12:40 +0000''>', entitlements='(null)', teamID='9R8LPM6UR2', identifier='org.cocoapods.FBLPromises', executablePath='<DVTFilePath:0x600002e6fe20:'/Users/craig/actions-runner/_work/gcode/gcode/build/out/37790665-Baby-Daze.xcarchive/Products/Applications/BabyDaze.app/Frameworks/FBLPromises.framework/FBLPromises'>', hardenedRuntime='0'>'>
2023-02-19 22:35:46 +0000 [MT] Skipping profile for item: <IDEDistributionItem: 0x60000215c0c0; bundleID='org.cocoapods.FirebaseCore', path='<DVTFilePath:0x600002e54fc0:'/Users/craig/actions-runner/_work/gcode/gcode/build/out/37790665-Baby-Daze.xcarchive/Products/Applications/BabyDaze.app/Frameworks/FirebaseCore.framework'>', codeSigningInfo='<_DVTCodeSigningInformation_Path: 0x6000026379d0; isSigned='1', isAdHocSigned='0', signingCertificate='<DVTSigningCertificate: 0x6000032f8840; name='Apple Development: Craig Gorman (5JC3XWB44V)', hash='4306BBB633743D94CFC7565694FEA4757730DEB5', serialNumber='494AE56079AD754BE508213DD1272D64', certificateKinds='(
    "1.2.840.113635.100.6.1.12",
    "1.2.840.113635.100.6.1.2"
), issueDate='2022-06-27 06:12:40 +0000''>', entitlements='(null)', teamID='9R8LPM6UR2', identifier='org.cocoapods.FirebaseCore', executablePath='<DVTFilePath:0x600002efc310:'/Users/craig/actions-runner/_work/gcode/gcode/build/out/37790665-Baby-Daze.xcarchive/Products/Applications/BabyDaze.app/Frameworks/FirebaseCore.framework/FirebaseCore'>', hardenedRuntime='0'>'>
2023-02-19 22:35:46 +0000 [MT] Skipping profile for item: <IDEDistributionItem: 0x60000216c000; bundleID='org.cocoapods.FirebaseCoreDiagnostics', path='<DVTFilePath:0x600002a8d980:'/Users/craig/actions-runner/_work/gcode/gcode/build/out/37790665-Baby-Daze.xcarchive/Products/Applications/BabyDaze.app/Frameworks/FirebaseCoreDiagnostics.framework'>', codeSigningInfo='<_DVTCodeSigningInformation_Path: 0x60000262e760; isSigned='1', isAdHocSigned='0', signingCertificate='<DVTSigningCertificate: 0x6000032d4000; name='Apple Development: Craig Gorman (5JC3XWB44V)', hash='4306BBB633743D94CFC7565694FEA4757730DEB5', serialNumber='494AE56079AD754BE508213DD1272D64', certificateKinds='(
    "1.2.840.113635.100.6.1.12",
    "1.2.840.113635.100.6.1.2"
), issueDate='2022-06-27 06:12:40 +0000''>', entitlements='(null)', teamID='9R8LPM6UR2', identifier='org.cocoapods.FirebaseCoreDiagnostics', executablePath='<DVTFilePath:0x600002eadf10:'/Users/craig/actions-runner/_work/gcode/gcode/build/out/37790665-Baby-Daze.xcarchive/Products/Applications/BabyDaze.app/Frameworks/FirebaseCoreDiagnostics.framework/FirebaseCoreDiagnostics'>', hardenedRuntime='0'>'>
2023-02-19 22:35:46 +0000 [MT] Skipping profile for item: <IDEDistributionItem: 0x60000217a8e0; bundleID='org.cocoapods.FirebaseCoreInternal', path='<DVTFilePath:0x600002aa4f00:'/Users/craig/actions-runner/_work/gcode/gcode/build/out/37790665-Baby-Daze.xcarchive/Products/Applications/BabyDaze.app/Frameworks/FirebaseCoreInternal.framework'>', codeSigningInfo='<_DVTCodeSigningInformation_Path: 0x60000262b890; isSigned='1', isAdHocSigned='0', signingCertificate='<DVTSigningCertificate: 0x6000032f8840; name='Apple Development: Craig Gorman (5JC3XWB44V)', hash='4306BBB633743D94CFC7565694FEA4757730DEB5', serialNumber='494AE56079AD754BE508213DD1272D64', certificateKinds='(
    "1.2.840.113635.100.6.1.12",
    "1.2.840.113635.100.6.1.2"
), issueDate='2022-06-27 06:12:40 +0000''>', entitlements='(null)', teamID='9R8LPM6UR2', identifier='org.cocoapods.FirebaseCoreInternal', executablePath='<DVTFilePath:0x600002ef9490:'/Users/craig/actions-runner/_work/gcode/gcode/build/out/37790665-Baby-Daze.xcarchive/Products/Applications/BabyDaze.app/Frameworks/FirebaseCoreInternal.framework/FirebaseCoreInternal'>', hardenedRuntime='0'>'>
2023-02-19 22:35:46 +0000 [MT] Skipping profile for item: <IDEDistributionItem: 0x600002167660; bundleID='org.cocoapods.FirebaseInstallations', path='<DVTFilePath:0x600002a8d880:'/Users/craig/actions-runner/_work/gcode/gcode/build/out/37790665-Baby-Daze.xcarchive/Products/Applications/BabyDaze.app/Frameworks/FirebaseInstallations.framework'>', codeSigningInfo='<_DVTCodeSigningInformation_Path: 0x60000262b610; isSigned='1', isAdHocSigned='0', signingCertificate='<DVTSigningCertificate: 0x6000032d4000; name='Apple Development: Craig Gorman (5JC3XWB44V)', hash='4306BBB633743D94CFC7565694FEA4757730DEB5', serialNumber='494AE56079AD754BE508213DD1272D64', certificateKinds='(
    "1.2.840.113635.100.6.1.12",
    "1.2.840.113635.100.6.1.2"
), issueDate='2022-06-27 06:12:40 +0000''>', entitlements='(null)', teamID='9R8LPM6UR2', identifier='org.cocoapods.FirebaseInstallations', executablePath='<DVTFilePath:0x600002e5e370:'/Users/craig/actions-runner/_work/gcode/gcode/build/out/37790665-Baby-Daze.xcarchive/Products/Applications/BabyDaze.app/Frameworks/FirebaseInstallations.framework/FirebaseInstallations'>', hardenedRuntime='0'>'>
2023-02-19 22:35:46 +0000 [MT] Skipping profile for item: <IDEDistributionItem: 0x60000215c060; bundleID='org.cocoapods.FirebaseMessaging', path='<DVTFilePath:0x600002aa5000:'/Users/craig/actions-runner/_work/gcode/gcode/build/out/37790665-Baby-Daze.xcarchive/Products/Applications/BabyDaze.app/Frameworks/FirebaseMessaging.framework'>', codeSigningInfo='<_DVTCodeSigningInformation_Path: 0x60000262efd0; isSigned='1', isAdHocSigned='0', signingCertificate='<DVTSigningCertificate: 0x6000032d4000; name='Apple Development: Craig Gorman (5JC3XWB44V)', hash='4306BBB633743D94CFC7565694FEA4757730DEB5', serialNumber='494AE56079AD754BE508213DD1272D64', certificateKinds='(
    "1.2.840.113635.100.6.1.12",
    "1.2.840.113635.100.6.1.2"
), issueDate='2022-06-27 06:12:40 +0000''>', entitlements='(null)', teamID='9R8LPM6UR2', identifier='org.cocoapods.FirebaseMessaging', executablePath='<DVTFilePath:0x600002e5dea0:'/Users/craig/actions-runner/_work/gcode/gcode/build/out/37790665-Baby-Daze.xcarchive/Products/Applications/BabyDaze.app/Frameworks/FirebaseMessaging.framework/FirebaseMessaging'>', hardenedRuntime='0'>'>
2023-02-19 22:35:46 +0000 [MT] Skipping profile for item: <IDEDistributionItem: 0x60000215c000; bundleID='org.cocoapods.GoogleDataTransport', path='<DVTFilePath:0x600002aec900:'/Users/craig/actions-runner/_work/gcode/gcode/build/out/37790665-Baby-Daze.xcarchive/Products/Applications/BabyDaze.app/Frameworks/GoogleDataTransport.framework'>', codeSigningInfo='<_DVTCodeSigningInformation_Path: 0x600002637a70; isSigned='1', isAdHocSigned='0', signingCertificate='<DVTSigningCertificate: 0x6000032fc580; name='Apple Development: Craig Gorman (5JC3XWB44V)', hash='4306BBB633743D94CFC7565694FEA4757730DEB5', serialNumber='494AE56079AD754BE508213DD1272D64', certificateKinds='(
    "1.2.840.113635.100.6.1.12",
    "1.2.840.113635.100.6.1.2"
), issueDate='2022-06-27 06:12:40 +0000''>', entitlements='(null)', teamID='9R8LPM6UR2', identifier='org.cocoapods.GoogleDataTransport', executablePath='<DVTFilePath:0x600002e6fb80:'/Users/craig/actions-runner/_work/gcode/gcode/build/out/37790665-Baby-Daze.xcarchive/Products/Applications/BabyDaze.app/Frameworks/GoogleDataTransport.framework/GoogleDataTransport'>', hardenedRuntime='0'>'>
2023-02-19 22:35:46 +0000 [MT] Skipping profile for item: <IDEDistributionItem: 0x6000021675a0; bundleID='org.cocoapods.GoogleUtilities', path='<DVTFilePath:0x600002aa4f80:'/Users/craig/actions-runner/_work/gcode/gcode/build/out/37790665-Baby-Daze.xcarchive/Products/Applications/BabyDaze.app/Frameworks/GoogleUtilities.framework'>', codeSigningInfo='<_DVTCodeSigningInformation_Path: 0x60000262e4e0; isSigned='1', isAdHocSigned='0', signingCertificate='<DVTSigningCertificate: 0x6000032d29f0; name='Apple Development: Craig Gorman (5JC3XWB44V)', hash='4306BBB633743D94CFC7565694FEA4757730DEB5', serialNumber='494AE56079AD754BE508213DD1272D64', certificateKinds='(
    "1.2.840.113635.100.6.1.12",
    "1.2.840.113635.100.6.1.2"
), issueDate='2022-06-27 06:12:40 +0000''>', entitlements='(null)', teamID='9R8LPM6UR2', identifier='org.cocoapods.GoogleUtilities', executablePath='<DVTFilePath:0x600002efc540:'/Users/craig/actions-runner/_work/gcode/gcode/build/out/37790665-Baby-Daze.xcarchive/Products/Applications/BabyDaze.app/Frameworks/GoogleUtilities.framework/GoogleUtilities'>', hardenedRuntime='0'>'>
2023-02-19 22:35:46 +0000 [MT] Skipping profile for item: <IDEDistributionItem: 0x600002167540; bundleID='org.cocoapods.nanopb', path='<DVTFilePath:0x600002e9fbf0:'/Users/craig/actions-runner/_work/gcode/gcode/build/out/37790665-Baby-Daze.xcarchive/Products/Applications/BabyDaze.app/Frameworks/nanopb.framework'>', codeSigningInfo='<_DVTCodeSigningInformation_Path: 0x60000261bbb0; isSigned='1', isAdHocSigned='0', signingCertificate='<DVTSigningCertificate: 0x6000032f8840; name='Apple Development: Craig Gorman (5JC3XWB44V)', hash='4306BBB633743D94CFC7565694FEA4757730DEB5', serialNumber='494AE56079AD754BE508213DD1272D64', certificateKinds='(
    "1.2.840.113635.100.6.1.12",
    "1.2.840.113635.100.6.1.2"
), issueDate='2022-06-27 06:12:40 +0000''>', entitlements='(null)', teamID='9R8LPM6UR2', identifier='org.cocoapods.nanopb', executablePath='<DVTFilePath:0x6000021653e0:'/Users/craig/actions-runner/_work/gcode/gcode/build/out/37790665-Baby-Daze.xcarchive/Products/Applications/BabyDaze.app/Frameworks/nanopb.framework/nanopb'>', hardenedRuntime='0'>'>
2023-02-19 22:35:46 +0000 [MT] Processing step: IDEDistributionInfoPlistStep
2023-02-19 22:35:46 +0000 [MT] Skipping step: IDEDistributionInfoPlistStep because it said so
2023-02-19 22:35:46 +0000 [MT] Skipping step: IDEDistributionInfoPlistStep because it said so
2023-02-19 22:35:46 +0000 [MT] Skipping step: IDEDistributionInfoPlistStep because it said so
2023-02-19 22:35:46 +0000 [MT] Skipping step: IDEDistributionInfoPlistStep because it said so
2023-02-19 22:35:46 +0000 [MT] Skipping step: IDEDistributionInfoPlistStep because it said so
2023-02-19 22:35:46 +0000 [MT] Skipping step: IDEDistributionInfoPlistStep because it said so
2023-02-19 22:35:46 +0000 [MT] Skipping step: IDEDistributionInfoPlistStep because it said so
2023-02-19 22:35:46 +0000 [MT] Skipping step: IDEDistributionInfoPlistStep because it said so
2023-02-19 22:35:46 +0000 [MT] Skipping step: IDEDistributionInfoPlistStep because it said so
2023-02-19 22:35:46 +0000 [MT] Skipping step: IDEDistributionInfoPlistStep because it said so
2023-02-19 22:35:46 +0000 [MT] Processing step: IDEDistributionAppThinningPlistStep
2023-02-19 22:35:46 +0000 [MT] Skipping step: IDEDistributionAppThinningPlistStep because it said so
2023-02-19 22:35:46 +0000 [MT] Processing step: IDEDistributionCompileBitcodeStep
2023-02-19 22:35:46 +0000 [MT] Skipping step: IDEDistributionCompileBitcodeStep because it said so
2023-02-19 22:35:46 +0000 [MT] Processing step: IDEDistributionCodeSlimmingStep
2023-02-19 22:35:46 +0000 [MT] Processing step: IDEDistributionCopyBCSymbolMapsStep
2023-02-19 22:35:46 +0000 [MT] Skipping step: IDEDistributionCopyBCSymbolMapsStep because it said so
2023-02-19 22:35:46 +0000 [MT] Skipping step: IDEDistributionCopyBCSymbolMapsStep because it said so
2023-02-19 22:35:46 +0000 [MT] Skipping step: IDEDistributionCopyBCSymbolMapsStep because it said so
2023-02-19 22:35:46 +0000 [MT] Skipping step: IDEDistributionCopyBCSymbolMapsStep because it said so
2023-02-19 22:35:46 +0000 [MT] Skipping step: IDEDistributionCopyBCSymbolMapsStep because it said so
2023-02-19 22:35:46 +0000 [MT] Skipping step: IDEDistributionCopyBCSymbolMapsStep because it said so
2023-02-19 22:35:46 +0000 [MT] Skipping step: IDEDistributionCopyBCSymbolMapsStep because it said so
2023-02-19 22:35:46 +0000 [MT] Skipping step: IDEDistributionCopyBCSymbolMapsStep because it said so
2023-02-19 22:35:46 +0000 [MT] Skipping step: IDEDistributionCopyBCSymbolMapsStep because it said so
2023-02-19 22:35:46 +0000 [MT] Skipping step: IDEDistributionCopyBCSymbolMapsStep because it said so
2023-02-19 22:35:46 +0000 [MT] Processing step: IDEDistributionSymbolsStep
2023-02-19 22:35:46 +0000 [MT] Skipping step: IDEDistributionSymbolsStep because it said so
2023-02-19 22:35:46 +0000 [MT] Skipping step: IDEDistributionSymbolsStep because it said so
2023-02-19 22:35:46 +0000 [MT] Skipping step: IDEDistributionSymbolsStep because it said so
2023-02-19 22:35:46 +0000 [MT] Skipping step: IDEDistributionSymbolsStep because it said so
2023-02-19 22:35:46 +0000 [MT] Skipping step: IDEDistributionSymbolsStep because it said so
2023-02-19 22:35:46 +0000 [MT] Skipping step: IDEDistributionSymbolsStep because it said so
2023-02-19 22:35:46 +0000 [MT] Skipping step: IDEDistributionSymbolsStep because it said so
2023-02-19 22:35:46 +0000 [MT] Skipping step: IDEDistributionSymbolsStep because it said so
2023-02-19 22:35:46 +0000 [MT] Skipping step: IDEDistributionSymbolsStep because it said so
2023-02-19 22:35:46 +0000 [MT] Skipping step: IDEDistributionSymbolsStep because it said so
2023-02-19 22:35:46 +0000 [MT] Processing step: IDEDistributionAppThinningStep
2023-02-19 22:35:46 +0000 [MT] Skipping step: IDEDistributionAppThinningStep because it said so
2023-02-19 22:35:46 +0000 [MT] Processing step: IDEDistributionArchThinningStep
2023-02-19 22:35:46 +0000 [MT] Running /Applications/Xcode.app/Contents/Developer/Toolchains/XcodeDefault.xctoolchain/usr/bin/lipo '/var/folders/sv/h0fz1p090h97prcxzlhf99740000gr/T/XcodeDistPipeline.~~~PjNKO4/Root/Payload/BabyDaze.app/Frameworks/FBLPromises.framework/FBLPromises' '-verify_arch' 'arm64e'
2023-02-19 22:35:46 +0000 [MT] /Applications/Xcode.app/Contents/Developer/Toolchains/XcodeDefault.xctoolchain/usr/bin/lipo exited with 1
2023-02-19 22:35:46 +0000 [MT] Skipping architecture thinning for item "FBLPromises" because arch "arm64e" wasn't found
2023-02-19 22:35:46 +0000 [MT] Running /Applications/Xcode.app/Contents/Developer/Toolchains/XcodeDefault.xctoolchain/usr/bin/lipo '/var/folders/sv/h0fz1p090h97prcxzlhf99740000gr/T/XcodeDistPipeline.~~~PjNKO4/Root/Payload/BabyDaze.app/Frameworks/FirebaseCore.framework/FirebaseCore' '-verify_arch' 'arm64e'
2023-02-19 22:35:46 +0000 [MT] /Applications/Xcode.app/Contents/Developer/Toolchains/XcodeDefault.xctoolchain/usr/bin/lipo exited with 1
2023-02-19 22:35:46 +0000 [MT] Skipping architecture thinning for item "FirebaseCore" because arch "arm64e" wasn't found
2023-02-19 22:35:46 +0000 [MT] Running /Applications/Xcode.app/Contents/Developer/Toolchains/XcodeDefault.xctoolchain/usr/bin/lipo '/var/folders/sv/h0fz1p090h97prcxzlhf99740000gr/T/XcodeDistPipeline.~~~PjNKO4/Root/Payload/BabyDaze.app/Frameworks/FirebaseCoreDiagnostics.framework/FirebaseCoreDiagnostics' '-verify_arch' 'arm64e'
2023-02-19 22:35:46 +0000 [MT] /Applications/Xcode.app/Contents/Developer/Toolchains/XcodeDefault.xctoolchain/usr/bin/lipo exited with 1
2023-02-19 22:35:46 +0000 [MT] Skipping architecture thinning for item "FirebaseCoreDiagnostics" because arch "arm64e" wasn't found
2023-02-19 22:35:46 +0000 [MT] Running /Applications/Xcode.app/Contents/Developer/Toolchains/XcodeDefault.xctoolchain/usr/bin/lipo '/var/folders/sv/h0fz1p090h97prcxzlhf99740000gr/T/XcodeDistPipeline.~~~PjNKO4/Root/Payload/BabyDaze.app/Frameworks/FirebaseCoreInternal.framework/FirebaseCoreInternal' '-verify_arch' 'arm64e'
2023-02-19 22:35:46 +0000 [MT] /Applications/Xcode.app/Contents/Developer/Toolchains/XcodeDefault.xctoolchain/usr/bin/lipo exited with 1
2023-02-19 22:35:46 +0000 [MT] Skipping architecture thinning for item "FirebaseCoreInternal" because arch "arm64e" wasn't found
2023-02-19 22:35:46 +0000 [MT] Running /Applications/Xcode.app/Contents/Developer/Toolchains/XcodeDefault.xctoolchain/usr/bin/lipo '/var/folders/sv/h0fz1p090h97prcxzlhf99740000gr/T/XcodeDistPipeline.~~~PjNKO4/Root/Payload/BabyDaze.app/Frameworks/FirebaseInstallations.framework/FirebaseInstallations' '-verify_arch' 'arm64e'
2023-02-19 22:35:46 +0000 [MT] /Applications/Xcode.app/Contents/Developer/Toolchains/XcodeDefault.xctoolchain/usr/bin/lipo exited with 1
2023-02-19 22:35:46 +0000 [MT] Skipping architecture thinning for item "FirebaseInstallations" because arch "arm64e" wasn't found
2023-02-19 22:35:46 +0000 [MT] Running /Applications/Xcode.app/Contents/Developer/Toolchains/XcodeDefault.xctoolchain/usr/bin/lipo '/var/folders/sv/h0fz1p090h97prcxzlhf99740000gr/T/XcodeDistPipeline.~~~PjNKO4/Root/Payload/BabyDaze.app/Frameworks/FirebaseMessaging.framework/FirebaseMessaging' '-verify_arch' 'arm64e'
2023-02-19 22:35:46 +0000 [MT] /Applications/Xcode.app/Contents/Developer/Toolchains/XcodeDefault.xctoolchain/usr/bin/lipo exited with 1
2023-02-19 22:35:46 +0000 [MT] Skipping architecture thinning for item "FirebaseMessaging" because arch "arm64e" wasn't found
2023-02-19 22:35:46 +0000 [MT] Running /Applications/Xcode.app/Contents/Developer/Toolchains/XcodeDefault.xctoolchain/usr/bin/lipo '/var/folders/sv/h0fz1p090h97prcxzlhf99740000gr/T/XcodeDistPipeline.~~~PjNKO4/Root/Payload/BabyDaze.app/Frameworks/GoogleDataTransport.framework/GoogleDataTransport' '-verify_arch' 'arm64e'
2023-02-19 22:35:46 +0000 [MT] /Applications/Xcode.app/Contents/Developer/Toolchains/XcodeDefault.xctoolchain/usr/bin/lipo exited with 1
2023-02-19 22:35:46 +0000 [MT] Skipping architecture thinning for item "GoogleDataTransport" because arch "arm64e" wasn't found
2023-02-19 22:35:46 +0000 [MT] Running /Applications/Xcode.app/Contents/Developer/Toolchains/XcodeDefault.xctoolchain/usr/bin/lipo '/var/folders/sv/h0fz1p090h97prcxzlhf99740000gr/T/XcodeDistPipeline.~~~PjNKO4/Root/Payload/BabyDaze.app/Frameworks/GoogleUtilities.framework/GoogleUtilities' '-verify_arch' 'arm64e'
2023-02-19 22:35:46 +0000 [MT] /Applications/Xcode.app/Contents/Developer/Toolchains/XcodeDefault.xctoolchain/usr/bin/lipo exited with 1
2023-02-19 22:35:46 +0000 [MT] Skipping architecture thinning for item "GoogleUtilities" because arch "arm64e" wasn't found
2023-02-19 22:35:46 +0000 [MT] Running /Applications/Xcode.app/Contents/Developer/Toolchains/XcodeDefault.xctoolchain/usr/bin/lipo '/var/folders/sv/h0fz1p090h97prcxzlhf99740000gr/T/XcodeDistPipeline.~~~PjNKO4/Root/Payload/BabyDaze.app/Frameworks/nanopb.framework/nanopb' '-verify_arch' 'arm64e'
2023-02-19 22:35:46 +0000 [MT] /Applications/Xcode.app/Contents/Developer/Toolchains/XcodeDefault.xctoolchain/usr/bin/lipo exited with 1
2023-02-19 22:35:46 +0000 [MT] Skipping architecture thinning for item "nanopb" because arch "arm64e" wasn't found
2023-02-19 22:35:46 +0000 [MT] Running /Applications/Xcode.app/Contents/Developer/Toolchains/XcodeDefault.xctoolchain/usr/bin/lipo '/var/folders/sv/h0fz1p090h97prcxzlhf99740000gr/T/XcodeDistPipeline.~~~PjNKO4/Root/Payload/BabyDaze.app/BabyDaze' '-verify_arch' 'arm64e'
2023-02-19 22:35:46 +0000 [MT] /Applications/Xcode.app/Contents/Developer/Toolchains/XcodeDefault.xctoolchain/usr/bin/lipo exited with 1
2023-02-19 22:35:46 +0000 [MT] Skipping architecture thinning for item "BabyDaze" because arch "arm64e" wasn't found
2023-02-19 22:35:46 +0000 [MT] Processing step: IDEDistributionODRStep
2023-02-19 22:35:46 +0000 [MT] Processing step: IDEDistributionStripXattrsStep
2023-02-19 22:35:46 +0000 [MT] Skipping stripping extended attributes of item: <IDEDistributionItem: 0x600002165ec0; bundleID='org.cocoapods.FBLPromises', path='<DVTFilePath:0x600002e54620:'/Users/craig/actions-runner/_work/gcode/gcode/build/out/37790665-Baby-Daze.xcarchive/Products/Applications/BabyDaze.app/Frameworks/FBLPromises.framework'>', codeSigningInfo='<_DVTCodeSigningInformation_Path: 0x60000262b200; isSigned='1', isAdHocSigned='0', signingCertificate='<DVTSigningCertificate: 0x6000032f8790; name='Apple Development: Craig Gorman (5JC3XWB44V)', hash='4306BBB633743D94CFC7565694FEA4757730DEB5', serialNumber='494AE56079AD754BE508213DD1272D64', certificateKinds='(
    "1.2.840.113635.100.6.1.12",
    "1.2.840.113635.100.6.1.2"
), issueDate='2022-06-27 06:12:40 +0000''>', entitlements='(null)', teamID='9R8LPM6UR2', identifier='org.cocoapods.FBLPromises', executablePath='<DVTFilePath:0x600002e6fe20:'/Users/craig/actions-runner/_work/gcode/gcode/build/out/37790665-Baby-Daze.xcarchive/Products/Applications/BabyDaze.app/Frameworks/FBLPromises.framework/FBLPromises'>', hardenedRuntime='0'>'>
2023-02-19 22:35:46 +0000 [MT] Skipping stripping extended attributes of item: <IDEDistributionItem: 0x60000215c0c0; bundleID='org.cocoapods.FirebaseCore', path='<DVTFilePath:0x600002e54fc0:'/Users/craig/actions-runner/_work/gcode/gcode/build/out/37790665-Baby-Daze.xcarchive/Products/Applications/BabyDaze.app/Frameworks/FirebaseCore.framework'>', codeSigningInfo='<_DVTCodeSigningInformation_Path: 0x6000026379d0; isSigned='1', isAdHocSigned='0', signingCertificate='<DVTSigningCertificate: 0x6000032f8790; name='Apple Development: Craig Gorman (5JC3XWB44V)', hash='4306BBB633743D94CFC7565694FEA4757730DEB5', serialNumber='494AE56079AD754BE508213DD1272D64', certificateKinds='(
    "1.2.840.113635.100.6.1.12",
    "1.2.840.113635.100.6.1.2"
), issueDate='2022-06-27 06:12:40 +0000''>', entitlements='(null)', teamID='9R8LPM6UR2', identifier='org.cocoapods.FirebaseCore', executablePath='<DVTFilePath:0x600002efc310:'/Users/craig/actions-runner/_work/gcode/gcode/build/out/37790665-Baby-Daze.xcarchive/Products/Applications/BabyDaze.app/Frameworks/FirebaseCore.framework/FirebaseCore'>', hardenedRuntime='0'>'>
2023-02-19 22:35:46 +0000 [MT] Skipping stripping extended attributes of item: <IDEDistributionItem: 0x60000216c000; bundleID='org.cocoapods.FirebaseCoreDiagnostics', path='<DVTFilePath:0x600002a8d980:'/Users/craig/actions-runner/_work/gcode/gcode/build/out/37790665-Baby-Daze.xcarchive/Products/Applications/BabyDaze.app/Frameworks/FirebaseCoreDiagnostics.framework'>', codeSigningInfo='<_DVTCodeSigningInformation_Path: 0x60000262e760; isSigned='1', isAdHocSigned='0', signingCertificate='<DVTSigningCertificate: 0x6000032f8790; name='Apple Development: Craig Gorman (5JC3XWB44V)', hash='4306BBB633743D94CFC7565694FEA4757730DEB5', serialNumber='494AE56079AD754BE508213DD1272D64', certificateKinds='(
    "1.2.840.113635.100.6.1.12",
    "1.2.840.113635.100.6.1.2"
), issueDate='2022-06-27 06:12:40 +0000''>', entitlements='(null)', teamID='9R8LPM6UR2', identifier='org.cocoapods.FirebaseCoreDiagnostics', executablePath='<DVTFilePath:0x600002eadf10:'/Users/craig/actions-runner/_work/gcode/gcode/build/out/37790665-Baby-Daze.xcarchive/Products/Applications/BabyDaze.app/Frameworks/FirebaseCoreDiagnostics.framework/FirebaseCoreDiagnostics'>', hardenedRuntime='0'>'>
2023-02-19 22:35:46 +0000 [MT] Skipping stripping extended attributes of item: <IDEDistributionItem: 0x60000217a8e0; bundleID='org.cocoapods.FirebaseCoreInternal', path='<DVTFilePath:0x600002aa4f00:'/Users/craig/actions-runner/_work/gcode/gcode/build/out/37790665-Baby-Daze.xcarchive/Products/Applications/BabyDaze.app/Frameworks/FirebaseCoreInternal.framework'>', codeSigningInfo='<_DVTCodeSigningInformation_Path: 0x60000262b890; isSigned='1', isAdHocSigned='0', signingCertificate='<DVTSigningCertificate: 0x6000032f8790; name='Apple Development: Craig Gorman (5JC3XWB44V)', hash='4306BBB633743D94CFC7565694FEA4757730DEB5', serialNumber='494AE56079AD754BE508213DD1272D64', certificateKinds='(
    "1.2.840.113635.100.6.1.12",
    "1.2.840.113635.100.6.1.2"
), issueDate='2022-06-27 06:12:40 +0000''>', entitlements='(null)', teamID='9R8LPM6UR2', identifier='org.cocoapods.FirebaseCoreInternal', executablePath='<DVTFilePath:0x600002ef9490:'/Users/craig/actions-runner/_work/gcode/gcode/build/out/37790665-Baby-Daze.xcarchive/Products/Applications/BabyDaze.app/Frameworks/FirebaseCoreInternal.framework/FirebaseCoreInternal'>', hardenedRuntime='0'>'>
2023-02-19 22:35:46 +0000 [MT] Skipping stripping extended attributes of item: <IDEDistributionItem: 0x600002167660; bundleID='org.cocoapods.FirebaseInstallations', path='<DVTFilePath:0x600002a8d880:'/Users/craig/actions-runner/_work/gcode/gcode/build/out/37790665-Baby-Daze.xcarchive/Products/Applications/BabyDaze.app/Frameworks/FirebaseInstallations.framework'>', codeSigningInfo='<_DVTCodeSigningInformation_Path: 0x60000262b610; isSigned='1', isAdHocSigned='0', signingCertificate='<DVTSigningCertificate: 0x6000032f8790; name='Apple Development: Craig Gorman (5JC3XWB44V)', hash='4306BBB633743D94CFC7565694FEA4757730DEB5', serialNumber='494AE56079AD754BE508213DD1272D64', certificateKinds='(
    "1.2.840.113635.100.6.1.12",
    "1.2.840.113635.100.6.1.2"
), issueDate='2022-06-27 06:12:40 +0000''>', entitlements='(null)', teamID='9R8LPM6UR2', identifier='org.cocoapods.FirebaseInstallations', executablePath='<DVTFilePath:0x600002e5e370:'/Users/craig/actions-runner/_work/gcode/gcode/build/out/37790665-Baby-Daze.xcarchive/Products/Applications/BabyDaze.app/Frameworks/FirebaseInstallations.framework/FirebaseInstallations'>', hardenedRuntime='0'>'>
2023-02-19 22:35:46 +0000 [MT] Skipping stripping extended attributes of item: <IDEDistributionItem: 0x60000215c060; bundleID='org.cocoapods.FirebaseMessaging', path='<DVTFilePath:0x600002aa5000:'/Users/craig/actions-runner/_work/gcode/gcode/build/out/37790665-Baby-Daze.xcarchive/Products/Applications/BabyDaze.app/Frameworks/FirebaseMessaging.framework'>', codeSigningInfo='<_DVTCodeSigningInformation_Path: 0x60000262efd0; isSigned='1', isAdHocSigned='0', signingCertificate='<DVTSigningCertificate: 0x6000032f8790; name='Apple Development: Craig Gorman (5JC3XWB44V)', hash='4306BBB633743D94CFC7565694FEA4757730DEB5', serialNumber='494AE56079AD754BE508213DD1272D64', certificateKinds='(
    "1.2.840.113635.100.6.1.12",
    "1.2.840.113635.100.6.1.2"
), issueDate='2022-06-27 06:12:40 +0000''>', entitlements='(null)', teamID='9R8LPM6UR2', identifier='org.cocoapods.FirebaseMessaging', executablePath='<DVTFilePath:0x600002e5dea0:'/Users/craig/actions-runner/_work/gcode/gcode/build/out/37790665-Baby-Daze.xcarchive/Products/Applications/BabyDaze.app/Frameworks/FirebaseMessaging.framework/FirebaseMessaging'>', hardenedRuntime='0'>'>
2023-02-19 22:35:46 +0000 [MT] Skipping stripping extended attributes of item: <IDEDistributionItem: 0x60000215c000; bundleID='org.cocoapods.GoogleDataTransport', path='<DVTFilePath:0x600002aec900:'/Users/craig/actions-runner/_work/gcode/gcode/build/out/37790665-Baby-Daze.xcarchive/Products/Applications/BabyDaze.app/Frameworks/GoogleDataTransport.framework'>', codeSigningInfo='<_DVTCodeSigningInformation_Path: 0x600002637a70; isSigned='1', isAdHocSigned='0', signingCertificate='<DVTSigningCertificate: 0x6000032d6e10; name='Apple Development: Craig Gorman (5JC3XWB44V)', hash='4306BBB633743D94CFC7565694FEA4757730DEB5', serialNumber='494AE56079AD754BE508213DD1272D64', certificateKinds='(
    "1.2.840.113635.100.6.1.12",
    "1.2.840.113635.100.6.1.2"
), issueDate='2022-06-27 06:12:40 +0000''>', entitlements='(null)', teamID='9R8LPM6UR2', identifier='org.cocoapods.GoogleDataTransport', executablePath='<DVTFilePath:0x600002e6fb80:'/Users/craig/actions-runner/_work/gcode/gcode/build/out/37790665-Baby-Daze.xcarchive/Products/Applications/BabyDaze.app/Frameworks/GoogleDataTransport.framework/GoogleDataTransport'>', hardenedRuntime='0'>'>
2023-02-19 22:35:46 +0000 [MT] Skipping stripping extended attributes of item: <IDEDistributionItem: 0x6000021675a0; bundleID='org.cocoapods.GoogleUtilities', path='<DVTFilePath:0x600002aa4f80:'/Users/craig/actions-runner/_work/gcode/gcode/build/out/37790665-Baby-Daze.xcarchive/Products/Applications/BabyDaze.app/Frameworks/GoogleUtilities.framework'>', codeSigningInfo='<_DVTCodeSigningInformation_Path: 0x60000262e4e0; isSigned='1', isAdHocSigned='0', signingCertificate='<DVTSigningCertificate: 0x6000032f8790; name='Apple Development: Craig Gorman (5JC3XWB44V)', hash='4306BBB633743D94CFC7565694FEA4757730DEB5', serialNumber='494AE56079AD754BE508213DD1272D64', certificateKinds='(
    "1.2.840.113635.100.6.1.12",
    "1.2.840.113635.100.6.1.2"
), issueDate='2022-06-27 06:12:40 +0000''>', entitlements='(null)', teamID='9R8LPM6UR2', identifier='org.cocoapods.GoogleUtilities', executablePath='<DVTFilePath:0x600002efc540:'/Users/craig/actions-runner/_work/gcode/gcode/build/out/37790665-Baby-Daze.xcarchive/Products/Applications/BabyDaze.app/Frameworks/GoogleUtilities.framework/GoogleUtilities'>', hardenedRuntime='0'>'>
2023-02-19 22:35:46 +0000 [MT] Skipping stripping extended attributes of item: <IDEDistributionItem: 0x600002167540; bundleID='org.cocoapods.nanopb', path='<DVTFilePath:0x600002e9fbf0:'/Users/craig/actions-runner/_work/gcode/gcode/build/out/37790665-Baby-Daze.xcarchive/Products/Applications/BabyDaze.app/Frameworks/nanopb.framework'>', codeSigningInfo='<_DVTCodeSigningInformation_Path: 0x60000261bbb0; isSigned='1', isAdHocSigned='0', signingCertificate='<DVTSigningCertificate: 0x6000032d29f0; name='Apple Development: Craig Gorman (5JC3XWB44V)', hash='4306BBB633743D94CFC7565694FEA4757730DEB5', serialNumber='494AE56079AD754BE508213DD1272D64', certificateKinds='(
    "1.2.840.113635.100.6.1.12",
    "1.2.840.113635.100.6.1.2"
), issueDate='2022-06-27 06:12:40 +0000''>', entitlements='(null)', teamID='9R8LPM6UR2', identifier='org.cocoapods.nanopb', executablePath='<DVTFilePath:0x6000021653e0:'/Users/craig/actions-runner/_work/gcode/gcode/build/out/37790665-Baby-Daze.xcarchive/Products/Applications/BabyDaze.app/Frameworks/nanopb.framework/nanopb'>', hardenedRuntime='0'>'>
2023-02-19 22:35:46 +0000 [MT] Running /usr/bin/xattr '-crs' '/var/folders/sv/h0fz1p090h97prcxzlhf99740000gr/T/XcodeDistPipeline.~~~PjNKO4/Root/Payload/BabyDaze.app'
2023-02-19 22:35:46 +0000 [MT] /usr/bin/xattr exited with 0
2023-02-19 22:35:46 +0000 [MT] Processing step: IDEDistributionCodesignStep
2023-02-19 22:35:46 +0000 [MT] Entitlements for <IDEDistributionItem: 0x600002165ec0; bundleID='org.cocoapods.FBLPromises', path='<DVTFilePath:0x600002e54620:'/Users/craig/actions-runner/_work/gcode/gcode/build/out/37790665-Baby-Daze.xcarchive/Products/Applications/BabyDaze.app/Frameworks/FBLPromises.framework'>', codeSigningInfo='<_DVTCodeSigningInformation_Path: 0x60000262b200; isSigned='1', isAdHocSigned='0', signingCertificate='<DVTSigningCertificate: 0x6000032f8790; name='Apple Development: Craig Gorman (5JC3XWB44V)', hash='4306BBB633743D94CFC7565694FEA4757730DEB5', serialNumber='494AE56079AD754BE508213DD1272D64', certificateKinds='(
    "1.2.840.113635.100.6.1.12",
    "1.2.840.113635.100.6.1.2"
), issueDate='2022-06-27 06:12:40 +0000''>', entitlements='(null)', teamID='9R8LPM6UR2', identifier='org.cocoapods.FBLPromises', executablePath='<DVTFilePath:0x600002e6fe20:'/Users/craig/actions-runner/_work/gcode/gcode/build/out/37790665-Baby-Daze.xcarchive/Products/Applications/BabyDaze.app/Frameworks/FBLPromises.framework/FBLPromises'>', hardenedRuntime='0'>'>: {
}
2023-02-19 22:35:46 +0000 [MT] Entitlements for <IDEDistributionItem: 0x600002165ec0; bundleID='org.cocoapods.FBLPromises', path='<DVTFilePath:0x600002e54620:'/Users/craig/actions-runner/_work/gcode/gcode/build/out/37790665-Baby-Daze.xcarchive/Products/Applications/BabyDaze.app/Frameworks/FBLPromises.framework'>', codeSigningInfo='<_DVTCodeSigningInformation_Path: 0x60000262b200; isSigned='1', isAdHocSigned='0', signingCertificate='<DVTSigningCertificate: 0x6000032d7020; name='Apple Development: Craig Gorman (5JC3XWB44V)', hash='4306BBB633743D94CFC7565694FEA4757730DEB5', serialNumber='494AE56079AD754BE508213DD1272D64', certificateKinds='(
    "1.2.840.113635.100.6.1.12",
    "1.2.840.113635.100.6.1.2"
), issueDate='2022-06-27 06:12:40 +0000''>', entitlements='(null)', teamID='9R8LPM6UR2', identifier='org.cocoapods.FBLPromises', executablePath='<DVTFilePath:0x600002e6fe20:'/Users/craig/actions-runner/_work/gcode/gcode/build/out/37790665-Baby-Daze.xcarchive/Products/Applications/BabyDaze.app/Frameworks/FBLPromises.framework/FBLPromises'>', hardenedRuntime='0'>'> are: {
}
2023-02-19 22:35:46 +0000 [MT] Writing entitlements for <IDEDistributionItem: 0x600002165ec0; bundleID='org.cocoapods.FBLPromises', path='<DVTFilePath:0x600002e54620:'/Users/craig/actions-runner/_work/gcode/gcode/build/out/37790665-Baby-Daze.xcarchive/Products/Applications/BabyDaze.app/Frameworks/FBLPromises.framework'>', codeSigningInfo='<_DVTCodeSigningInformation_Path: 0x60000262b200; isSigned='1', isAdHocSigned='0', signingCertificate='<DVTSigningCertificate: 0x6000032f84d0; name='Apple Development: Craig Gorman (5JC3XWB44V)', hash='4306BBB633743D94CFC7565694FEA4757730DEB5', serialNumber='494AE56079AD754BE508213DD1272D64', certificateKinds='(
    "1.2.840.113635.100.6.1.12",
    "1.2.840.113635.100.6.1.2"
), issueDate='2022-06-27 06:12:40 +0000''>', entitlements='(null)', teamID='9R8LPM6UR2', identifier='org.cocoapods.FBLPromises', executablePath='<DVTFilePath:0x600002e6fe20:'/Users/craig/actions-runner/_work/gcode/gcode/build/out/37790665-Baby-Daze.xcarchive/Products/Applications/BabyDaze.app/Frameworks/FBLPromises.framework/FBLPromises'>', hardenedRuntime='0'>'> to: /var/folders/sv/h0fz1p090h97prcxzlhf99740000gr/T/XcodeDistPipeline.~~~PjNKO4/entitlements~~~mQHIEd
2023-02-19 22:35:46 +0000 [MT] Running /usr/bin/codesign '-vvv' '--force' '--sign' '9A1D235C02F17F93093236EB8D084528E5FB034C' '--entitlements' '/var/folders/sv/h0fz1p090h97prcxzlhf99740000gr/T/XcodeDistPipeline.~~~PjNKO4/entitlements~~~mQHIEd' '--generate-entitlement-der' '--preserve-metadata=identifier,flags,runtime' '/var/folders/sv/h0fz1p090h97prcxzlhf99740000gr/T/XcodeDistPipeline.~~~PjNKO4/Root/Payload/BabyDaze.app/Frameworks/FBLPromises.framework'
2023-02-19 22:35:46 +0000  /var/folders/sv/h0fz1p090h97prcxzlhf99740000gr/T/XcodeDistPipeline.~~~PjNKO4/Root/Payload/BabyDaze.app/Frameworks/FBLPromises.framework: replacing existing signature
2023-02-19 22:35:46 +0000  /var/folders/sv/h0fz1p090h97prcxzlhf99740000gr/T/XcodeDistPipeline.~~~PjNKO4/Root/Payload/BabyDaze.app/Frameworks/FBLPromises.framework: signed bundle with Mach-O thin (arm64) [org.cocoapods.FBLPromises]
2023-02-19 22:35:46 +0000 [MT] /usr/bin/codesign exited with 0
2023-02-19 22:35:46 +0000 [MT] Entitlements for <IDEDistributionItem: 0x60000215c0c0; bundleID='org.cocoapods.FirebaseCore', path='<DVTFilePath:0x600002e54fc0:'/Users/craig/actions-runner/_work/gcode/gcode/build/out/37790665-Baby-Daze.xcarchive/Products/Applications/BabyDaze.app/Frameworks/FirebaseCore.framework'>', codeSigningInfo='<_DVTCodeSigningInformation_Path: 0x6000026379d0; isSigned='1', isAdHocSigned='0', signingCertificate='<DVTSigningCertificate: 0x6000032d29f0; name='Apple Development: Craig Gorman (5JC3XWB44V)', hash='4306BBB633743D94CFC7565694FEA4757730DEB5', serialNumber='494AE56079AD754BE508213DD1272D64', certificateKinds='(
    "1.2.840.113635.100.6.1.12",
    "1.2.840.113635.100.6.1.2"
), issueDate='2022-06-27 06:12:40 +0000''>', entitlements='(null)', teamID='9R8LPM6UR2', identifier='org.cocoapods.FirebaseCore', executablePath='<DVTFilePath:0x600002efc310:'/Users/craig/actions-runner/_work/gcode/gcode/build/out/37790665-Baby-Daze.xcarchive/Products/Applications/BabyDaze.app/Frameworks/FirebaseCore.framework/FirebaseCore'>', hardenedRuntime='0'>'>: {
}
2023-02-19 22:35:46 +0000 [MT] Entitlements for <IDEDistributionItem: 0x60000215c0c0; bundleID='org.cocoapods.FirebaseCore', path='<DVTFilePath:0x600002e54fc0:'/Users/craig/actions-runner/_work/gcode/gcode/build/out/37790665-Baby-Daze.xcarchive/Products/Applications/BabyDaze.app/Frameworks/FirebaseCore.framework'>', codeSigningInfo='<_DVTCodeSigningInformation_Path: 0x6000026379d0; isSigned='1', isAdHocSigned='0', signingCertificate='<DVTSigningCertificate: 0x6000032d7020; name='Apple Development: Craig Gorman (5JC3XWB44V)', hash='4306BBB633743D94CFC7565694FEA4757730DEB5', serialNumber='494AE56079AD754BE508213DD1272D64', certificateKinds='(
    "1.2.840.113635.100.6.1.12",
    "1.2.840.113635.100.6.1.2"
), issueDate='2022-06-27 06:12:40 +0000''>', entitlements='(null)', teamID='9R8LPM6UR2', identifier='org.cocoapods.FirebaseCore', executablePath='<DVTFilePath:0x600002efc310:'/Users/craig/actions-runner/_work/gcode/gcode/build/out/37790665-Baby-Daze.xcarchive/Products/Applications/BabyDaze.app/Frameworks/FirebaseCore.framework/FirebaseCore'>', hardenedRuntime='0'>'> are: {
}
2023-02-19 22:35:46 +0000 [MT] Writing entitlements for <IDEDistributionItem: 0x60000215c0c0; bundleID='org.cocoapods.FirebaseCore', path='<DVTFilePath:0x600002e54fc0:'/Users/craig/actions-runner/_work/gcode/gcode/build/out/37790665-Baby-Daze.xcarchive/Products/Applications/BabyDaze.app/Frameworks/FirebaseCore.framework'>', codeSigningInfo='<_DVTCodeSigningInformation_Path: 0x6000026379d0; isSigned='1', isAdHocSigned='0', signingCertificate='<DVTSigningCertificate: 0x6000032d6f70; name='Apple Development: Craig Gorman (5JC3XWB44V)', hash='4306BBB633743D94CFC7565694FEA4757730DEB5', serialNumber='494AE56079AD754BE508213DD1272D64', certificateKinds='(
    "1.2.840.113635.100.6.1.12",
    "1.2.840.113635.100.6.1.2"
), issueDate='2022-06-27 06:12:40 +0000''>', entitlements='(null)', teamID='9R8LPM6UR2', identifier='org.cocoapods.FirebaseCore', executablePath='<DVTFilePath:0x600002efc310:'/Users/craig/actions-runner/_work/gcode/gcode/build/out/37790665-Baby-Daze.xcarchive/Products/Applications/BabyDaze.app/Frameworks/FirebaseCore.framework/FirebaseCore'>', hardenedRuntime='0'>'> to: /var/folders/sv/h0fz1p090h97prcxzlhf99740000gr/T/XcodeDistPipeline.~~~PjNKO4/entitlements~~~AIydUt
2023-02-19 22:35:46 +0000 [MT] Running /usr/bin/codesign '-vvv' '--force' '--sign' '9A1D235C02F17F93093236EB8D084528E5FB034C' '--entitlements' '/var/folders/sv/h0fz1p090h97prcxzlhf99740000gr/T/XcodeDistPipeline.~~~PjNKO4/entitlements~~~AIydUt' '--generate-entitlement-der' '--preserve-metadata=identifier,flags,runtime' '/var/folders/sv/h0fz1p090h97prcxzlhf99740000gr/T/XcodeDistPipeline.~~~PjNKO4/Root/Payload/BabyDaze.app/Frameworks/FirebaseCore.framework'
2023-02-19 22:35:46 +0000  /var/folders/sv/h0fz1p090h97prcxzlhf99740000gr/T/XcodeDistPipeline.~~~PjNKO4/Root/Payload/BabyDaze.app/Frameworks/FirebaseCore.framework: replacing existing signature
2023-02-19 22:35:46 +0000  /var/folders/sv/h0fz1p090h97prcxzlhf99740000gr/T/XcodeDistPipeline.~~~PjNKO4/Root/Payload/BabyDaze.app/Frameworks/FirebaseCore.framework: signed bundle with Mach-O thin (arm64) [org.cocoapods.FirebaseCore]
2023-02-19 22:35:46 +0000 [MT] /usr/bin/codesign exited with 0
2023-02-19 22:35:46 +0000 [MT] Entitlements for <IDEDistributionItem: 0x60000216c000; bundleID='org.cocoapods.FirebaseCoreDiagnostics', path='<DVTFilePath:0x600002a8d980:'/Users/craig/actions-runner/_work/gcode/gcode/build/out/37790665-Baby-Daze.xcarchive/Products/Applications/BabyDaze.app/Frameworks/FirebaseCoreDiagnostics.framework'>', codeSigningInfo='<_DVTCodeSigningInformation_Path: 0x60000262e760; isSigned='1', isAdHocSigned='0', signingCertificate='<DVTSigningCertificate: 0x6000032f8790; name='Apple Development: Craig Gorman (5JC3XWB44V)', hash='4306BBB633743D94CFC7565694FEA4757730DEB5', serialNumber='494AE56079AD754BE508213DD1272D64', certificateKinds='(
    "1.2.840.113635.100.6.1.12",
    "1.2.840.113635.100.6.1.2"
), issueDate='2022-06-27 06:12:40 +0000''>', entitlements='(null)', teamID='9R8LPM6UR2', identifier='org.cocoapods.FirebaseCoreDiagnostics', executablePath='<DVTFilePath:0x600002eadf10:'/Users/craig/actions-runner/_work/gcode/gcode/build/out/37790665-Baby-Daze.xcarchive/Products/Applications/BabyDaze.app/Frameworks/FirebaseCoreDiagnostics.framework/FirebaseCoreDiagnostics'>', hardenedRuntime='0'>'>: {
}
2023-02-19 22:35:46 +0000 [MT] Entitlements for <IDEDistributionItem: 0x60000216c000; bundleID='org.cocoapods.FirebaseCoreDiagnostics', path='<DVTFilePath:0x600002a8d980:'/Users/craig/actions-runner/_work/gcode/gcode/build/out/37790665-Baby-Daze.xcarchive/Products/Applications/BabyDaze.app/Frameworks/FirebaseCoreDiagnostics.framework'>', codeSigningInfo='<_DVTCodeSigningInformation_Path: 0x60000262e760; isSigned='1', isAdHocSigned='0', signingCertificate='<DVTSigningCertificate: 0x6000032d1ce0; name='Apple Development: Craig Gorman (5JC3XWB44V)', hash='4306BBB633743D94CFC7565694FEA4757730DEB5', serialNumber='494AE56079AD754BE508213DD1272D64', certificateKinds='(
    "1.2.840.113635.100.6.1.12",
    "1.2.840.113635.100.6.1.2"
), issueDate='2022-06-27 06:12:40 +0000''>', entitlements='(null)', teamID='9R8LPM6UR2', identifier='org.cocoapods.FirebaseCoreDiagnostics', executablePath='<DVTFilePath:0x600002eadf10:'/Users/craig/actions-runner/_work/gcode/gcode/build/out/37790665-Baby-Daze.xcarchive/Products/Applications/BabyDaze.app/Frameworks/FirebaseCoreDiagnostics.framework/FirebaseCoreDiagnostics'>', hardenedRuntime='0'>'> are: {
}
2023-02-19 22:35:46 +0000 [MT] Writing entitlements for <IDEDistributionItem: 0x60000216c000; bundleID='org.cocoapods.FirebaseCoreDiagnostics', path='<DVTFilePath:0x600002a8d980:'/Users/craig/actions-runner/_work/gcode/gcode/build/out/37790665-Baby-Daze.xcarchive/Products/Applications/BabyDaze.app/Frameworks/FirebaseCoreDiagnostics.framework'>', codeSigningInfo='<_DVTCodeSigningInformation_Path: 0x60000262e760; isSigned='1', isAdHocSigned='0', signingCertificate='<DVTSigningCertificate: 0x6000032f8160; name='Apple Development: Craig Gorman (5JC3XWB44V)', hash='4306BBB633743D94CFC7565694FEA4757730DEB5', serialNumber='494AE56079AD754BE508213DD1272D64', certificateKinds='(
    "1.2.840.113635.100.6.1.12",
    "1.2.840.113635.100.6.1.2"
), issueDate='2022-06-27 06:12:40 +0000''>', entitlements='(null)', teamID='9R8LPM6UR2', identifier='org.cocoapods.FirebaseCoreDiagnostics', executablePath='<DVTFilePath:0x600002eadf10:'/Users/craig/actions-runner/_work/gcode/gcode/build/out/37790665-Baby-Daze.xcarchive/Products/Applications/BabyDaze.app/Frameworks/FirebaseCoreDiagnostics.framework/FirebaseCoreDiagnostics'>', hardenedRuntime='0'>'> to: /var/folders/sv/h0fz1p090h97prcxzlhf99740000gr/T/XcodeDistPipeline.~~~PjNKO4/entitlements~~~6ZNwGO
2023-02-19 22:35:46 +0000 [MT] Running /usr/bin/codesign '-vvv' '--force' '--sign' '9A1D235C02F17F93093236EB8D084528E5FB034C' '--entitlements' '/var/folders/sv/h0fz1p090h97prcxzlhf99740000gr/T/XcodeDistPipeline.~~~PjNKO4/entitlements~~~6ZNwGO' '--generate-entitlement-der' '--preserve-metadata=identifier,flags,runtime' '/var/folders/sv/h0fz1p090h97prcxzlhf99740000gr/T/XcodeDistPipeline.~~~PjNKO4/Root/Payload/BabyDaze.app/Frameworks/FirebaseCoreDiagnostics.framework'
2023-02-19 22:35:46 +0000  /var/folders/sv/h0fz1p090h97prcxzlhf99740000gr/T/XcodeDistPipeline.~~~PjNKO4/Root/Payload/BabyDaze.app/Frameworks/FirebaseCoreDiagnostics.framework: replacing existing signature
2023-02-19 22:35:46 +0000  /var/folders/sv/h0fz1p090h97prcxzlhf99740000gr/T/XcodeDistPipeline.~~~PjNKO4/Root/Payload/BabyDaze.app/Frameworks/FirebaseCoreDiagnostics.framework: signed bundle with Mach-O thin (arm64) [org.cocoapods.FirebaseCoreDiagnostics]
2023-02-19 22:35:46 +0000 [MT] /usr/bin/codesign exited with 0
2023-02-19 22:35:46 +0000 [MT] Entitlements for <IDEDistributionItem: 0x60000217a8e0; bundleID='org.cocoapods.FirebaseCoreInternal', path='<DVTFilePath:0x600002aa4f00:'/Users/craig/actions-runner/_work/gcode/gcode/build/out/37790665-Baby-Daze.xcarchive/Products/Applications/BabyDaze.app/Frameworks/FirebaseCoreInternal.framework'>', codeSigningInfo='<_DVTCodeSigningInformation_Path: 0x60000262b890; isSigned='1', isAdHocSigned='0', signingCertificate='<DVTSigningCertificate: 0x6000032d6e10; name='Apple Development: Craig Gorman (5JC3XWB44V)', hash='4306BBB633743D94CFC7565694FEA4757730DEB5', serialNumber='494AE56079AD754BE508213DD1272D64', certificateKinds='(
    "1.2.840.113635.100.6.1.12",
    "1.2.840.113635.100.6.1.2"
), issueDate='2022-06-27 06:12:40 +0000''>', entitlements='(null)', teamID='9R8LPM6UR2', identifier='org.cocoapods.FirebaseCoreInternal', executablePath='<DVTFilePath:0x600002ef9490:'/Users/craig/actions-runner/_work/gcode/gcode/build/out/37790665-Baby-Daze.xcarchive/Products/Applications/BabyDaze.app/Frameworks/FirebaseCoreInternal.framework/FirebaseCoreInternal'>', hardenedRuntime='0'>'>: {
}
2023-02-19 22:35:46 +0000 [MT] Entitlements for <IDEDistributionItem: 0x60000217a8e0; bundleID='org.cocoapods.FirebaseCoreInternal', path='<DVTFilePath:0x600002aa4f00:'/Users/craig/actions-runner/_work/gcode/gcode/build/out/37790665-Baby-Daze.xcarchive/Products/Applications/BabyDaze.app/Frameworks/FirebaseCoreInternal.framework'>', codeSigningInfo='<_DVTCodeSigningInformation_Path: 0x60000262b890; isSigned='1', isAdHocSigned='0', signingCertificate='<DVTSigningCertificate: 0x6000032f8000; name='Apple Development: Craig Gorman (5JC3XWB44V)', hash='4306BBB633743D94CFC7565694FEA4757730DEB5', serialNumber='494AE56079AD754BE508213DD1272D64', certificateKinds='(
    "1.2.840.113635.100.6.1.12",
    "1.2.840.113635.100.6.1.2"
), issueDate='2022-06-27 06:12:40 +0000''>', entitlements='(null)', teamID='9R8LPM6UR2', identifier='org.cocoapods.FirebaseCoreInternal', executablePath='<DVTFilePath:0x600002ef9490:'/Users/craig/actions-runner/_work/gcode/gcode/build/out/37790665-Baby-Daze.xcarchive/Products/Applications/BabyDaze.app/Frameworks/FirebaseCoreInternal.framework/FirebaseCoreInternal'>', hardenedRuntime='0'>'> are: {
}
2023-02-19 22:35:46 +0000 [MT] Writing entitlements for <IDEDistributionItem: 0x60000217a8e0; bundleID='org.cocoapods.FirebaseCoreInternal', path='<DVTFilePath:0x600002aa4f00:'/Users/craig/actions-runner/_work/gcode/gcode/build/out/37790665-Baby-Daze.xcarchive/Products/Applications/BabyDaze.app/Frameworks/FirebaseCoreInternal.framework'>', codeSigningInfo='<_DVTCodeSigningInformation_Path: 0x60000262b890; isSigned='1', isAdHocSigned='0', signingCertificate='<DVTSigningCertificate: 0x6000032f8840; name='Apple Development: Craig Gorman (5JC3XWB44V)', hash='4306BBB633743D94CFC7565694FEA4757730DEB5', serialNumber='494AE56079AD754BE508213DD1272D64', certificateKinds='(
    "1.2.840.113635.100.6.1.12",
    "1.2.840.113635.100.6.1.2"
), issueDate='2022-06-27 06:12:40 +0000''>', entitlements='(null)', teamID='9R8LPM6UR2', identifier='org.cocoapods.FirebaseCoreInternal', executablePath='<DVTFilePath:0x600002ef9490:'/Users/craig/actions-runner/_work/gcode/gcode/build/out/37790665-Baby-Daze.xcarchive/Products/Applications/BabyDaze.app/Frameworks/FirebaseCoreInternal.framework/FirebaseCoreInternal'>', hardenedRuntime='0'>'> to: /var/folders/sv/h0fz1p090h97prcxzlhf99740000gr/T/XcodeDistPipeline.~~~PjNKO4/entitlements~~~n2GYap
2023-02-19 22:35:46 +0000 [MT] Running /usr/bin/codesign '-vvv' '--force' '--sign' '9A1D235C02F17F93093236EB8D084528E5FB034C' '--entitlements' '/var/folders/sv/h0fz1p090h97prcxzlhf99740000gr/T/XcodeDistPipeline.~~~PjNKO4/entitlements~~~n2GYap' '--generate-entitlement-der' '--preserve-metadata=identifier,flags,runtime' '/var/folders/sv/h0fz1p090h97prcxzlhf99740000gr/T/XcodeDistPipeline.~~~PjNKO4/Root/Payload/BabyDaze.app/Frameworks/FirebaseCoreInternal.framework'
2023-02-19 22:35:46 +0000  /var/folders/sv/h0fz1p090h97prcxzlhf99740000gr/T/XcodeDistPipeline.~~~PjNKO4/Root/Payload/BabyDaze.app/Frameworks/FirebaseCoreInternal.framework: replacing existing signature
2023-02-19 22:35:46 +0000  /var/folders/sv/h0fz1p090h97prcxzlhf99740000gr/T/XcodeDistPipeline.~~~PjNKO4/Root/Payload/BabyDaze.app/Frameworks/FirebaseCoreInternal.framework: signed bundle with Mach-O thin (arm64) [org.cocoapods.FirebaseCoreInternal]
2023-02-19 22:35:46 +0000 [MT] /usr/bin/codesign exited with 0
2023-02-19 22:35:46 +0000 [MT] Entitlements for <IDEDistributionItem: 0x600002167660; bundleID='org.cocoapods.FirebaseInstallations', path='<DVTFilePath:0x600002a8d880:'/Users/craig/actions-runner/_work/gcode/gcode/build/out/37790665-Baby-Daze.xcarchive/Products/Applications/BabyDaze.app/Frameworks/FirebaseInstallations.framework'>', codeSigningInfo='<_DVTCodeSigningInformation_Path: 0x60000262b610; isSigned='1', isAdHocSigned='0', signingCertificate='<DVTSigningCertificate: 0x6000032f8790; name='Apple Development: Craig Gorman (5JC3XWB44V)', hash='4306BBB633743D94CFC7565694FEA4757730DEB5', serialNumber='494AE56079AD754BE508213DD1272D64', certificateKinds='(
    "1.2.840.113635.100.6.1.12",
    "1.2.840.113635.100.6.1.2"
), issueDate='2022-06-27 06:12:40 +0000''>', entitlements='(null)', teamID='9R8LPM6UR2', identifier='org.cocoapods.FirebaseInstallations', executablePath='<DVTFilePath:0x600002e5e370:'/Users/craig/actions-runner/_work/gcode/gcode/build/out/37790665-Baby-Daze.xcarchive/Products/Applications/BabyDaze.app/Frameworks/FirebaseInstallations.framework/FirebaseInstallations'>', hardenedRuntime='0'>'>: {
}
2023-02-19 22:35:46 +0000 [MT] Entitlements for <IDEDistributionItem: 0x600002167660; bundleID='org.cocoapods.FirebaseInstallations', path='<DVTFilePath:0x600002a8d880:'/Users/craig/actions-runner/_work/gcode/gcode/build/out/37790665-Baby-Daze.xcarchive/Products/Applications/BabyDaze.app/Frameworks/FirebaseInstallations.framework'>', codeSigningInfo='<_DVTCodeSigningInformation_Path: 0x60000262b610; isSigned='1', isAdHocSigned='0', signingCertificate='<DVTSigningCertificate: 0x6000032cfde0; name='Apple Development: Craig Gorman (5JC3XWB44V)', hash='4306BBB633743D94CFC7565694FEA4757730DEB5', serialNumber='494AE56079AD754BE508213DD1272D64', certificateKinds='(
    "1.2.840.113635.100.6.1.12",
    "1.2.840.113635.100.6.1.2"
), issueDate='2022-06-27 06:12:40 +0000''>', entitlements='(null)', teamID='9R8LPM6UR2', identifier='org.cocoapods.FirebaseInstallations', executablePath='<DVTFilePath:0x600002e5e370:'/Users/craig/actions-runner/_work/gcode/gcode/build/out/37790665-Baby-Daze.xcarchive/Products/Applications/BabyDaze.app/Frameworks/FirebaseInstallations.framework/FirebaseInstallations'>', hardenedRuntime='0'>'> are: {
}
2023-02-19 22:35:46 +0000 [MT] Writing entitlements for <IDEDistributionItem: 0x600002167660; bundleID='org.cocoapods.FirebaseInstallations', path='<DVTFilePath:0x600002a8d880:'/Users/craig/actions-runner/_work/gcode/gcode/build/out/37790665-Baby-Daze.xcarchive/Products/Applications/BabyDaze.app/Frameworks/FirebaseInstallations.framework'>', codeSigningInfo='<_DVTCodeSigningInformation_Path: 0x60000262b610; isSigned='1', isAdHocSigned='0', signingCertificate='<DVTSigningCertificate: 0x6000032d6f70; name='Apple Development: Craig Gorman (5JC3XWB44V)', hash='4306BBB633743D94CFC7565694FEA4757730DEB5', serialNumber='494AE56079AD754BE508213DD1272D64', certificateKinds='(
    "1.2.840.113635.100.6.1.12",
    "1.2.840.113635.100.6.1.2"
), issueDate='2022-06-27 06:12:40 +0000''>', entitlements='(null)', teamID='9R8LPM6UR2', identifier='org.cocoapods.FirebaseInstallations', executablePath='<DVTFilePath:0x600002e5e370:'/Users/craig/actions-runner/_work/gcode/gcode/build/out/37790665-Baby-Daze.xcarchive/Products/Applications/BabyDaze.app/Frameworks/FirebaseInstallations.framework/FirebaseInstallations'>', hardenedRuntime='0'>'> to: /var/folders/sv/h0fz1p090h97prcxzlhf99740000gr/T/XcodeDistPipeline.~~~PjNKO4/entitlements~~~Nf9Tjk
2023-02-19 22:35:46 +0000 [MT] Running /usr/bin/codesign '-vvv' '--force' '--sign' '9A1D235C02F17F93093236EB8D084528E5FB034C' '--entitlements' '/var/folders/sv/h0fz1p090h97prcxzlhf99740000gr/T/XcodeDistPipeline.~~~PjNKO4/entitlements~~~Nf9Tjk' '--generate-entitlement-der' '--preserve-metadata=identifier,flags,runtime' '/var/folders/sv/h0fz1p090h97prcxzlhf99740000gr/T/XcodeDistPipeline.~~~PjNKO4/Root/Payload/BabyDaze.app/Frameworks/FirebaseInstallations.framework'
2023-02-19 22:35:47 +0000  /var/folders/sv/h0fz1p090h97prcxzlhf99740000gr/T/XcodeDistPipeline.~~~PjNKO4/Root/Payload/BabyDaze.app/Frameworks/FirebaseInstallations.framework: replacing existing signature
2023-02-19 22:35:47 +0000  /var/folders/sv/h0fz1p090h97prcxzlhf99740000gr/T/XcodeDistPipeline.~~~PjNKO4/Root/Payload/BabyDaze.app/Frameworks/FirebaseInstallations.framework: signed bundle with Mach-O thin (arm64) [org.cocoapods.FirebaseInstallations]
2023-02-19 22:35:47 +0000 [MT] /usr/bin/codesign exited with 0
2023-02-19 22:35:47 +0000 [MT] Entitlements for <IDEDistributionItem: 0x60000215c060; bundleID='org.cocoapods.FirebaseMessaging', path='<DVTFilePath:0x600002aa5000:'/Users/craig/actions-runner/_work/gcode/gcode/build/out/37790665-Baby-Daze.xcarchive/Products/Applications/BabyDaze.app/Frameworks/FirebaseMessaging.framework'>', codeSigningInfo='<_DVTCodeSigningInformation_Path: 0x60000262efd0; isSigned='1', isAdHocSigned='0', signingCertificate='<DVTSigningCertificate: 0x6000032d6f70; name='Apple Development: Craig Gorman (5JC3XWB44V)', hash='4306BBB633743D94CFC7565694FEA4757730DEB5', serialNumber='494AE56079AD754BE508213DD1272D64', certificateKinds='(
    "1.2.840.113635.100.6.1.12",
    "1.2.840.113635.100.6.1.2"
), issueDate='2022-06-27 06:12:40 +0000''>', entitlements='(null)', teamID='9R8LPM6UR2', identifier='org.cocoapods.FirebaseMessaging', executablePath='<DVTFilePath:0x600002e5dea0:'/Users/craig/actions-runner/_work/gcode/gcode/build/out/37790665-Baby-Daze.xcarchive/Products/Applications/BabyDaze.app/Frameworks/FirebaseMessaging.framework/FirebaseMessaging'>', hardenedRuntime='0'>'>: {
}
2023-02-19 22:35:47 +0000 [MT] Entitlements for <IDEDistributionItem: 0x60000215c060; bundleID='org.cocoapods.FirebaseMessaging', path='<DVTFilePath:0x600002aa5000:'/Users/craig/actions-runner/_work/gcode/gcode/build/out/37790665-Baby-Daze.xcarchive/Products/Applications/BabyDaze.app/Frameworks/FirebaseMessaging.framework'>', codeSigningInfo='<_DVTCodeSigningInformation_Path: 0x60000262efd0; isSigned='1', isAdHocSigned='0', signingCertificate='<DVTSigningCertificate: 0x6000032d29f0; name='Apple Development: Craig Gorman (5JC3XWB44V)', hash='4306BBB633743D94CFC7565694FEA4757730DEB5', serialNumber='494AE56079AD754BE508213DD1272D64', certificateKinds='(
    "1.2.840.113635.100.6.1.12",
    "1.2.840.113635.100.6.1.2"
), issueDate='2022-06-27 06:12:40 +0000''>', entitlements='(null)', teamID='9R8LPM6UR2', identifier='org.cocoapods.FirebaseMessaging', executablePath='<DVTFilePath:0x600002e5dea0:'/Users/craig/actions-runner/_work/gcode/gcode/build/out/37790665-Baby-Daze.xcarchive/Products/Applications/BabyDaze.app/Frameworks/FirebaseMessaging.framework/FirebaseMessaging'>', hardenedRuntime='0'>'> are: {
}
2023-02-19 22:35:47 +0000 [MT] Writing entitlements for <IDEDistributionItem: 0x60000215c060; bundleID='org.cocoapods.FirebaseMessaging', path='<DVTFilePath:0x600002aa5000:'/Users/craig/actions-runner/_work/gcode/gcode/build/out/37790665-Baby-Daze.xcarchive/Products/Applications/BabyDaze.app/Frameworks/FirebaseMessaging.framework'>', codeSigningInfo='<_DVTCodeSigningInformation_Path: 0x60000262efd0; isSigned='1', isAdHocSigned='0', signingCertificate='<DVTSigningCertificate: 0x6000032f8790; name='Apple Development: Craig Gorman (5JC3XWB44V)', hash='4306BBB633743D94CFC7565694FEA4757730DEB5', serialNumber='494AE56079AD754BE508213DD1272D64', certificateKinds='(
    "1.2.840.113635.100.6.1.12",
    "1.2.840.113635.100.6.1.2"
), issueDate='2022-06-27 06:12:40 +0000''>', entitlements='(null)', teamID='9R8LPM6UR2', identifier='org.cocoapods.FirebaseMessaging', executablePath='<DVTFilePath:0x600002e5dea0:'/Users/craig/actions-runner/_work/gcode/gcode/build/out/37790665-Baby-Daze.xcarchive/Products/Applications/BabyDaze.app/Frameworks/FirebaseMessaging.framework/FirebaseMessaging'>', hardenedRuntime='0'>'> to: /var/folders/sv/h0fz1p090h97prcxzlhf99740000gr/T/XcodeDistPipeline.~~~PjNKO4/entitlements~~~vKtxly
2023-02-19 22:35:47 +0000 [MT] Running /usr/bin/codesign '-vvv' '--force' '--sign' '9A1D235C02F17F93093236EB8D084528E5FB034C' '--entitlements' '/var/folders/sv/h0fz1p090h97prcxzlhf99740000gr/T/XcodeDistPipeline.~~~PjNKO4/entitlements~~~vKtxly' '--generate-entitlement-der' '--preserve-metadata=identifier,flags,runtime' '/var/folders/sv/h0fz1p090h97prcxzlhf99740000gr/T/XcodeDistPipeline.~~~PjNKO4/Root/Payload/BabyDaze.app/Frameworks/FirebaseMessaging.framework'
2023-02-19 22:35:47 +0000  /var/folders/sv/h0fz1p090h97prcxzlhf99740000gr/T/XcodeDistPipeline.~~~PjNKO4/Root/Payload/BabyDaze.app/Frameworks/FirebaseMessaging.framework: replacing existing signature
2023-02-19 22:35:47 +0000  /var/folders/sv/h0fz1p090h97prcxzlhf99740000gr/T/XcodeDistPipeline.~~~PjNKO4/Root/Payload/BabyDaze.app/Frameworks/FirebaseMessaging.framework: signed bundle with Mach-O thin (arm64) [org.cocoapods.FirebaseMessaging]
2023-02-19 22:35:47 +0000 [MT] /usr/bin/codesign exited with 0
2023-02-19 22:35:47 +0000 [MT] Entitlements for <IDEDistributionItem: 0x60000215c000; bundleID='org.cocoapods.GoogleDataTransport', path='<DVTFilePath:0x600002aec900:'/Users/craig/actions-runner/_work/gcode/gcode/build/out/37790665-Baby-Daze.xcarchive/Products/Applications/BabyDaze.app/Frameworks/GoogleDataTransport.framework'>', codeSigningInfo='<_DVTCodeSigningInformation_Path: 0x600002637a70; isSigned='1', isAdHocSigned='0', signingCertificate='<DVTSigningCertificate: 0x6000032cff40; name='Apple Development: Craig Gorman (5JC3XWB44V)', hash='4306BBB633743D94CFC7565694FEA4757730DEB5', serialNumber='494AE56079AD754BE508213DD1272D64', certificateKinds='(
    "1.2.840.113635.100.6.1.12",
    "1.2.840.113635.100.6.1.2"
), issueDate='2022-06-27 06:12:40 +0000''>', entitlements='(null)', teamID='9R8LPM6UR2', identifier='org.cocoapods.GoogleDataTransport', executablePath='<DVTFilePath:0x600002e6fb80:'/Users/craig/actions-runner/_work/gcode/gcode/build/out/37790665-Baby-Daze.xcarchive/Products/Applications/BabyDaze.app/Frameworks/GoogleDataTransport.framework/GoogleDataTransport'>', hardenedRuntime='0'>'>: {
}
2023-02-19 22:35:47 +0000 [MT] Entitlements for <IDEDistributionItem: 0x60000215c000; bundleID='org.cocoapods.GoogleDataTransport', path='<DVTFilePath:0x600002aec900:'/Users/craig/actions-runner/_work/gcode/gcode/build/out/37790665-Baby-Daze.xcarchive/Products/Applications/BabyDaze.app/Frameworks/GoogleDataTransport.framework'>', codeSigningInfo='<_DVTCodeSigningInformation_Path: 0x600002637a70; isSigned='1', isAdHocSigned='0', signingCertificate='<DVTSigningCertificate: 0x6000032f8000; name='Apple Development: Craig Gorman (5JC3XWB44V)', hash='4306BBB633743D94CFC7565694FEA4757730DEB5', serialNumber='494AE56079AD754BE508213DD1272D64', certificateKinds='(
    "1.2.840.113635.100.6.1.12",
    "1.2.840.113635.100.6.1.2"
), issueDate='2022-06-27 06:12:40 +0000''>', entitlements='(null)', teamID='9R8LPM6UR2', identifier='org.cocoapods.GoogleDataTransport', executablePath='<DVTFilePath:0x600002e6fb80:'/Users/craig/actions-runner/_work/gcode/gcode/build/out/37790665-Baby-Daze.xcarchive/Products/Applications/BabyDaze.app/Frameworks/GoogleDataTransport.framework/GoogleDataTransport'>', hardenedRuntime='0'>'> are: {
}
2023-02-19 22:35:47 +0000 [MT] Writing entitlements for <IDEDistributionItem: 0x60000215c000; bundleID='org.cocoapods.GoogleDataTransport', path='<DVTFilePath:0x600002aec900:'/Users/craig/actions-runner/_work/gcode/gcode/build/out/37790665-Baby-Daze.xcarchive/Products/Applications/BabyDaze.app/Frameworks/GoogleDataTransport.framework'>', codeSigningInfo='<_DVTCodeSigningInformation_Path: 0x600002637a70; isSigned='1', isAdHocSigned='0', signingCertificate='<DVTSigningCertificate: 0x6000032d2680; name='Apple Development: Craig Gorman (5JC3XWB44V)', hash='4306BBB633743D94CFC7565694FEA4757730DEB5', serialNumber='494AE56079AD754BE508213DD1272D64', certificateKinds='(
    "1.2.840.113635.100.6.1.12",
    "1.2.840.113635.100.6.1.2"
), issueDate='2022-06-27 06:12:40 +0000''>', entitlements='(null)', teamID='9R8LPM6UR2', identifier='org.cocoapods.GoogleDataTransport', executablePath='<DVTFilePath:0x600002e6fb80:'/Users/craig/actions-runner/_work/gcode/gcode/build/out/37790665-Baby-Daze.xcarchive/Products/Applications/BabyDaze.app/Frameworks/GoogleDataTransport.framework/GoogleDataTransport'>', hardenedRuntime='0'>'> to: /var/folders/sv/h0fz1p090h97prcxzlhf99740000gr/T/XcodeDistPipeline.~~~PjNKO4/entitlements~~~zBVV9r
2023-02-19 22:35:47 +0000 [MT] Running /usr/bin/codesign '-vvv' '--force' '--sign' '9A1D235C02F17F93093236EB8D084528E5FB034C' '--entitlements' '/var/folders/sv/h0fz1p090h97prcxzlhf99740000gr/T/XcodeDistPipeline.~~~PjNKO4/entitlements~~~zBVV9r' '--generate-entitlement-der' '--preserve-metadata=identifier,flags,runtime' '/var/folders/sv/h0fz1p090h97prcxzlhf99740000gr/T/XcodeDistPipeline.~~~PjNKO4/Root/Payload/BabyDaze.app/Frameworks/GoogleDataTransport.framework'
2023-02-19 22:35:47 +0000  /var/folders/sv/h0fz1p090h97prcxzlhf99740000gr/T/XcodeDistPipeline.~~~PjNKO4/Root/Payload/BabyDaze.app/Frameworks/GoogleDataTransport.framework: replacing existing signature
2023-02-19 22:35:47 +0000  /var/folders/sv/h0fz1p090h97prcxzlhf99740000gr/T/XcodeDistPipeline.~~~PjNKO4/Root/Payload/BabyDaze.app/Frameworks/GoogleDataTransport.framework: signed bundle with Mach-O thin (arm64) [org.cocoapods.GoogleDataTransport]
2023-02-19 22:35:47 +0000 [MT] /usr/bin/codesign exited with 0
2023-02-19 22:35:47 +0000 [MT] Entitlements for <IDEDistributionItem: 0x6000021675a0; bundleID='org.cocoapods.GoogleUtilities', path='<DVTFilePath:0x600002aa4f80:'/Users/craig/actions-runner/_work/gcode/gcode/build/out/37790665-Baby-Daze.xcarchive/Products/Applications/BabyDaze.app/Frameworks/GoogleUtilities.framework'>', codeSigningInfo='<_DVTCodeSigningInformation_Path: 0x60000262e4e0; isSigned='1', isAdHocSigned='0', signingCertificate='<DVTSigningCertificate: 0x6000032cff40; name='Apple Development: Craig Gorman (5JC3XWB44V)', hash='4306BBB633743D94CFC7565694FEA4757730DEB5', serialNumber='494AE56079AD754BE508213DD1272D64', certificateKinds='(
    "1.2.840.113635.100.6.1.12",
    "1.2.840.113635.100.6.1.2"
), issueDate='2022-06-27 06:12:40 +0000''>', entitlements='(null)', teamID='9R8LPM6UR2', identifier='org.cocoapods.GoogleUtilities', executablePath='<DVTFilePath:0x600002efc540:'/Users/craig/actions-runner/_work/gcode/gcode/build/out/37790665-Baby-Daze.xcarchive/Products/Applications/BabyDaze.app/Frameworks/GoogleUtilities.framework/GoogleUtilities'>', hardenedRuntime='0'>'>: {
}
2023-02-19 22:35:47 +0000 [MT] Entitlements for <IDEDistributionItem: 0x6000021675a0; bundleID='org.cocoapods.GoogleUtilities', path='<DVTFilePath:0x600002aa4f80:'/Users/craig/actions-runner/_work/gcode/gcode/build/out/37790665-Baby-Daze.xcarchive/Products/Applications/BabyDaze.app/Frameworks/GoogleUtilities.framework'>', codeSigningInfo='<_DVTCodeSigningInformation_Path: 0x60000262e4e0; isSigned='1', isAdHocSigned='0', signingCertificate='<DVTSigningCertificate: 0x6000032d6e10; name='Apple Development: Craig Gorman (5JC3XWB44V)', hash='4306BBB633743D94CFC7565694FEA4757730DEB5', serialNumber='494AE56079AD754BE508213DD1272D64', certificateKinds='(
    "1.2.840.113635.100.6.1.12",
    "1.2.840.113635.100.6.1.2"
), issueDate='2022-06-27 06:12:40 +0000''>', entitlements='(null)', teamID='9R8LPM6UR2', identifier='org.cocoapods.GoogleUtilities', executablePath='<DVTFilePath:0x600002efc540:'/Users/craig/actions-runner/_work/gcode/gcode/build/out/37790665-Baby-Daze.xcarchive/Products/Applications/BabyDaze.app/Frameworks/GoogleUtilities.framework/GoogleUtilities'>', hardenedRuntime='0'>'> are: {
}
2023-02-19 22:35:47 +0000 [MT] Writing entitlements for <IDEDistributionItem: 0x6000021675a0; bundleID='org.cocoapods.GoogleUtilities', path='<DVTFilePath:0x600002aa4f80:'/Users/craig/actions-runner/_work/gcode/gcode/build/out/37790665-Baby-Daze.xcarchive/Products/Applications/BabyDaze.app/Frameworks/GoogleUtilities.framework'>', codeSigningInfo='<_DVTCodeSigningInformation_Path: 0x60000262e4e0; isSigned='1', isAdHocSigned='0', signingCertificate='<DVTSigningCertificate: 0x6000032cc000; name='Apple Development: Craig Gorman (5JC3XWB44V)', hash='4306BBB633743D94CFC7565694FEA4757730DEB5', serialNumber='494AE56079AD754BE508213DD1272D64', certificateKinds='(
    "1.2.840.113635.100.6.1.12",
    "1.2.840.113635.100.6.1.2"
), issueDate='2022-06-27 06:12:40 +0000''>', entitlements='(null)', teamID='9R8LPM6UR2', identifier='org.cocoapods.GoogleUtilities', executablePath='<DVTFilePath:0x600002efc540:'/Users/craig/actions-runner/_work/gcode/gcode/build/out/37790665-Baby-Daze.xcarchive/Products/Applications/BabyDaze.app/Frameworks/GoogleUtilities.framework/GoogleUtilities'>', hardenedRuntime='0'>'> to: /var/folders/sv/h0fz1p090h97prcxzlhf99740000gr/T/XcodeDistPipeline.~~~PjNKO4/entitlements~~~fAtzn3
2023-02-19 22:35:47 +0000 [MT] Running /usr/bin/codesign '-vvv' '--force' '--sign' '9A1D235C02F17F93093236EB8D084528E5FB034C' '--entitlements' '/var/folders/sv/h0fz1p090h97prcxzlhf99740000gr/T/XcodeDistPipeline.~~~PjNKO4/entitlements~~~fAtzn3' '--generate-entitlement-der' '--preserve-metadata=identifier,flags,runtime' '/var/folders/sv/h0fz1p090h97prcxzlhf99740000gr/T/XcodeDistPipeline.~~~PjNKO4/Root/Payload/BabyDaze.app/Frameworks/GoogleUtilities.framework'
2023-02-19 22:35:47 +0000  /var/folders/sv/h0fz1p090h97prcxzlhf99740000gr/T/XcodeDistPipeline.~~~PjNKO4/Root/Payload/BabyDaze.app/Frameworks/GoogleUtilities.framework: replacing existing signature
2023-02-19 22:35:47 +0000  /var/folders/sv/h0fz1p090h97prcxzlhf99740000gr/T/XcodeDistPipeline.~~~PjNKO4/Root/Payload/BabyDaze.app/Frameworks/GoogleUtilities.framework: signed bundle with Mach-O thin (arm64) [org.cocoapods.GoogleUtilities]
2023-02-19 22:35:47 +0000 [MT] /usr/bin/codesign exited with 0
2023-02-19 22:35:47 +0000 [MT] Entitlements for <IDEDistributionItem: 0x600002167540; bundleID='org.cocoapods.nanopb', path='<DVTFilePath:0x600002e9fbf0:'/Users/craig/actions-runner/_work/gcode/gcode/build/out/37790665-Baby-Daze.xcarchive/Products/Applications/BabyDaze.app/Frameworks/nanopb.framework'>', codeSigningInfo='<_DVTCodeSigningInformation_Path: 0x60000261bbb0; isSigned='1', isAdHocSigned='0', signingCertificate='<DVTSigningCertificate: 0x6000032d6f70; name='Apple Development: Craig Gorman (5JC3XWB44V)', hash='4306BBB633743D94CFC7565694FEA4757730DEB5', serialNumber='494AE56079AD754BE508213DD1272D64', certificateKinds='(
    "1.2.840.113635.100.6.1.12",
    "1.2.840.113635.100.6.1.2"
), issueDate='2022-06-27 06:12:40 +0000''>', entitlements='(null)', teamID='9R8LPM6UR2', identifier='org.cocoapods.nanopb', executablePath='<DVTFilePath:0x6000021653e0:'/Users/craig/actions-runner/_work/gcode/gcode/build/out/37790665-Baby-Daze.xcarchive/Products/Applications/BabyDaze.app/Frameworks/nanopb.framework/nanopb'>', hardenedRuntime='0'>'>: {
}
2023-02-19 22:35:47 +0000 [MT] Entitlements for <IDEDistributionItem: 0x600002167540; bundleID='org.cocoapods.nanopb', path='<DVTFilePath:0x600002e9fbf0:'/Users/craig/actions-runner/_work/gcode/gcode/build/out/37790665-Baby-Daze.xcarchive/Products/Applications/BabyDaze.app/Frameworks/nanopb.framework'>', codeSigningInfo='<_DVTCodeSigningInformation_Path: 0x60000261bbb0; isSigned='1', isAdHocSigned='0', signingCertificate='<DVTSigningCertificate: 0x6000032d7020; name='Apple Development: Craig Gorman (5JC3XWB44V)', hash='4306BBB633743D94CFC7565694FEA4757730DEB5', serialNumber='494AE56079AD754BE508213DD1272D64', certificateKinds='(
    "1.2.840.113635.100.6.1.12",
    "1.2.840.113635.100.6.1.2"
), issueDate='2022-06-27 06:12:40 +0000''>', entitlements='(null)', teamID='9R8LPM6UR2', identifier='org.cocoapods.nanopb', executablePath='<DVTFilePath:0x6000021653e0:'/Users/craig/actions-runner/_work/gcode/gcode/build/out/37790665-Baby-Daze.xcarchive/Products/Applications/BabyDaze.app/Frameworks/nanopb.framework/nanopb'>', hardenedRuntime='0'>'> are: {
}
2023-02-19 22:35:47 +0000 [MT] Writing entitlements for <IDEDistributionItem: 0x600002167540; bundleID='org.cocoapods.nanopb', path='<DVTFilePath:0x600002e9fbf0:'/Users/craig/actions-runner/_work/gcode/gcode/build/out/37790665-Baby-Daze.xcarchive/Products/Applications/BabyDaze.app/Frameworks/nanopb.framework'>', codeSigningInfo='<_DVTCodeSigningInformation_Path: 0x60000261bbb0; isSigned='1', isAdHocSigned='0', signingCertificate='<DVTSigningCertificate: 0x6000032d2680; name='Apple Development: Craig Gorman (5JC3XWB44V)', hash='4306BBB633743D94CFC7565694FEA4757730DEB5', serialNumber='494AE56079AD754BE508213DD1272D64', certificateKinds='(
    "1.2.840.113635.100.6.1.12",
    "1.2.840.113635.100.6.1.2"
), issueDate='2022-06-27 06:12:40 +0000''>', entitlements='(null)', teamID='9R8LPM6UR2', identifier='org.cocoapods.nanopb', executablePath='<DVTFilePath:0x6000021653e0:'/Users/craig/actions-runner/_work/gcode/gcode/build/out/37790665-Baby-Daze.xcarchive/Products/Applications/BabyDaze.app/Frameworks/nanopb.framework/nanopb'>', hardenedRuntime='0'>'> to: /var/folders/sv/h0fz1p090h97prcxzlhf99740000gr/T/XcodeDistPipeline.~~~PjNKO4/entitlements~~~jL8WOF
2023-02-19 22:35:47 +0000 [MT] Running /usr/bin/codesign '-vvv' '--force' '--sign' '9A1D235C02F17F93093236EB8D084528E5FB034C' '--entitlements' '/var/folders/sv/h0fz1p090h97prcxzlhf99740000gr/T/XcodeDistPipeline.~~~PjNKO4/entitlements~~~jL8WOF' '--generate-entitlement-der' '--preserve-metadata=identifier,flags,runtime' '/var/folders/sv/h0fz1p090h97prcxzlhf99740000gr/T/XcodeDistPipeline.~~~PjNKO4/Root/Payload/BabyDaze.app/Frameworks/nanopb.framework'
2023-02-19 22:35:47 +0000  /var/folders/sv/h0fz1p090h97prcxzlhf99740000gr/T/XcodeDistPipeline.~~~PjNKO4/Root/Payload/BabyDaze.app/Frameworks/nanopb.framework: replacing existing signature
2023-02-19 22:35:47 +0000  /var/folders/sv/h0fz1p090h97prcxzlhf99740000gr/T/XcodeDistPipeline.~~~PjNKO4/Root/Payload/BabyDaze.app/Frameworks/nanopb.framework: signed bundle with Mach-O thin (arm64) [org.cocoapods.nanopb]
2023-02-19 22:35:47 +0000 [MT] /usr/bin/codesign exited with 0
2023-02-19 22:35:47 +0000 [MT] Entitlements for <IDEDistributionItem: 0x600002167e40; bundleID='au.com.gcode.37790665-Baby-Daze', path='<DVTFilePath:0x600002e67b10:'/Users/craig/actions-runner/_work/gcode/gcode/build/out/37790665-Baby-Daze.xcarchive/Products/Applications/BabyDaze.app'>', codeSigningInfo='<_DVTCodeSigningInformation_Path: 0x60000262eb20; isSigned='1', isAdHocSigned='0', signingCertificate='<DVTSigningCertificate: 0x6000032cfde0; name='Apple Development: Craig Gorman (5JC3XWB44V)', hash='4306BBB633743D94CFC7565694FEA4757730DEB5', serialNumber='494AE56079AD754BE508213DD1272D64', certificateKinds='(
    "1.2.840.113635.100.6.1.12",
    "1.2.840.113635.100.6.1.2"
), issueDate='2022-06-27 06:12:40 +0000''>', entitlements='{
    "application-identifier" = "9R8LPM6UR2.au.com.gcode.37790665-Baby-Daze";
    "aps-environment" = development;
    "com.apple.developer.associated-domains" =     (
        "applinks:gcode.com.au",
        "webcredentials:gcode.com.au"
    );
    "com.apple.developer.team-identifier" = 9R8LPM6UR2;
    "get-task-allow" = 1;
}', teamID='9R8LPM6UR2', identifier='au.com.gcode.37790665-Baby-Daze', executablePath='<DVTFilePath:0x600002e6f8e0:'/Users/craig/actions-runner/_work/gcode/gcode/build/out/37790665-Baby-Daze.xcarchive/Products/Applications/BabyDaze.app/BabyDaze'>', hardenedRuntime='0'>'>: {
    "application-identifier" = "9R8LPM6UR2.au.com.gcode.37790665-Baby-Daze";
    "aps-environment" = production;
    "com.apple.developer.associated-domains" =     (
        "applinks:gcode.com.au",
        "webcredentials:gcode.com.au"
    );
    "com.apple.developer.team-identifier" = 9R8LPM6UR2;
    "get-task-allow" = 0;
}
2023-02-19 22:35:47 +0000 [MT] Entitlements for <IDEDistributionItem: 0x600002167e40; bundleID='au.com.gcode.37790665-Baby-Daze', path='<DVTFilePath:0x600002e67b10:'/Users/craig/actions-runner/_work/gcode/gcode/build/out/37790665-Baby-Daze.xcarchive/Products/Applications/BabyDaze.app'>', codeSigningInfo='<_DVTCodeSigningInformation_Path: 0x60000262eb20; isSigned='1', isAdHocSigned='0', signingCertificate='<DVTSigningCertificate: 0x6000032f8160; name='Apple Development: Craig Gorman (5JC3XWB44V)', hash='4306BBB633743D94CFC7565694FEA4757730DEB5', serialNumber='494AE56079AD754BE508213DD1272D64', certificateKinds='(
    "1.2.840.113635.100.6.1.12",
    "1.2.840.113635.100.6.1.2"
), issueDate='2022-06-27 06:12:40 +0000''>', entitlements='{
    "application-identifier" = "9R8LPM6UR2.au.com.gcode.37790665-Baby-Daze";
    "aps-environment" = development;
    "com.apple.developer.associated-domains" =     (
        "applinks:gcode.com.au",
        "webcredentials:gcode.com.au"
    );
    "com.apple.developer.team-identifier" = 9R8LPM6UR2;
    "get-task-allow" = 1;
}', teamID='9R8LPM6UR2', identifier='au.com.gcode.37790665-Baby-Daze', executablePath='<DVTFilePath:0x600002e6f8e0:'/Users/craig/actions-runner/_work/gcode/gcode/build/out/37790665-Baby-Daze.xcarchive/Products/Applications/BabyDaze.app/BabyDaze'>', hardenedRuntime='0'>'> are: {
    "application-identifier" = "9R8LPM6UR2.au.com.gcode.37790665-Baby-Daze";
    "aps-environment" = production;
    "com.apple.developer.associated-domains" =     (
        "applinks:gcode.com.au",
        "webcredentials:gcode.com.au"
    );
    "com.apple.developer.team-identifier" = 9R8LPM6UR2;
    "get-task-allow" = 0;
}
2023-02-19 22:35:47 +0000 [MT] Writing entitlements for <IDEDistributionItem: 0x600002167e40; bundleID='au.com.gcode.37790665-Baby-Daze', path='<DVTFilePath:0x600002e67b10:'/Users/craig/actions-runner/_work/gcode/gcode/build/out/37790665-Baby-Daze.xcarchive/Products/Applications/BabyDaze.app'>', codeSigningInfo='<_DVTCodeSigningInformation_Path: 0x60000262eb20; isSigned='1', isAdHocSigned='0', signingCertificate='<DVTSigningCertificate: 0x6000032f8580; name='Apple Development: Craig Gorman (5JC3XWB44V)', hash='4306BBB633743D94CFC7565694FEA4757730DEB5', serialNumber='494AE56079AD754BE508213DD1272D64', certificateKinds='(
    "1.2.840.113635.100.6.1.12",
    "1.2.840.113635.100.6.1.2"
), issueDate='2022-06-27 06:12:40 +0000''>', entitlements='{
    "application-identifier" = "9R8LPM6UR2.au.com.gcode.37790665-Baby-Daze";
    "aps-environment" = development;
    "com.apple.developer.associated-domains" =     (
        "applinks:gcode.com.au",
        "webcredentials:gcode.com.au"
    );
    "com.apple.developer.team-identifier" = 9R8LPM6UR2;
    "get-task-allow" = 1;
}', teamID='9R8LPM6UR2', identifier='au.com.gcode.37790665-Baby-Daze', executablePath='<DVTFilePath:0x600002e6f8e0:'/Users/craig/actions-runner/_work/gcode/gcode/build/out/37790665-Baby-Daze.xcarchive/Products/Applications/BabyDaze.app/BabyDaze'>', hardenedRuntime='0'>'> to: /var/folders/sv/h0fz1p090h97prcxzlhf99740000gr/T/XcodeDistPipeline.~~~PjNKO4/entitlements~~~Rpwf4e
2023-02-19 22:35:47 +0000 [MT] Running /usr/bin/codesign '-vvv' '--force' '--sign' '9A1D235C02F17F93093236EB8D084528E5FB034C' '--entitlements' '/var/folders/sv/h0fz1p090h97prcxzlhf99740000gr/T/XcodeDistPipeline.~~~PjNKO4/entitlements~~~Rpwf4e' '--generate-entitlement-der' '--preserve-metadata=identifier,flags,runtime' '/var/folders/sv/h0fz1p090h97prcxzlhf99740000gr/T/XcodeDistPipeline.~~~PjNKO4/Root/Payload/BabyDaze.app'
2023-02-19 22:35:47 +0000  /var/folders/sv/h0fz1p090h97prcxzlhf99740000gr/T/XcodeDistPipeline.~~~PjNKO4/Root/Payload/BabyDaze.app: replacing existing signature
2023-02-19 22:35:47 +0000  /var/folders/sv/h0fz1p090h97prcxzlhf99740000gr/T/XcodeDistPipeline.~~~PjNKO4/Root/Payload/BabyDaze.app: signed app bundle with Mach-O thin (arm64) [au.com.gcode.37790665-Baby-Daze]
2023-02-19 22:35:47 +0000 [MT] /usr/bin/codesign exited with 0
2023-02-19 22:35:47 +0000 [MT] Processing step: IDEDistributionZipODRItemStep
2023-02-19 22:35:47 +0000 [MT] Skipping step: IDEDistributionZipODRItemStep because it said so
2023-02-19 22:35:47 +0000 [MT] Skipping step: IDEDistributionZipODRItemStep because it said so
2023-02-19 22:35:47 +0000 [MT] Skipping step: IDEDistributionZipODRItemStep because it said so
2023-02-19 22:35:47 +0000 [MT] Skipping step: IDEDistributionZipODRItemStep because it said so
2023-02-19 22:35:47 +0000 [MT] Skipping step: IDEDistributionZipODRItemStep because it said so
2023-02-19 22:35:47 +0000 [MT] Skipping step: IDEDistributionZipODRItemStep because it said so
2023-02-19 22:35:47 +0000 [MT] Skipping step: IDEDistributionZipODRItemStep because it said so
2023-02-19 22:35:47 +0000 [MT] Skipping step: IDEDistributionZipODRItemStep because it said so
2023-02-19 22:35:47 +0000 [MT] Skipping step: IDEDistributionZipODRItemStep because it said so
2023-02-19 22:35:47 +0000 [MT] Skipping step: IDEDistributionZipODRItemStep because it said so
2023-02-19 22:35:47 +0000 [MT] Processing step: IDEDistributionCreateIPAStep
2023-02-19 22:35:47 +0000 [MT] Running /usr/bin/ditto '-V' '-c' '-k' '--norsrc' '/var/folders/sv/h0fz1p090h97prcxzlhf99740000gr/T/XcodeDistPipeline.~~~PjNKO4/Root' '/var/folders/sv/h0fz1p090h97prcxzlhf99740000gr/T/XcodeDistPipeline.~~~PjNKO4/Packages/BabyDaze.ipa'
2023-02-19 22:35:47 +0000  >>> Copying /var/folders/sv/h0fz1p090h97prcxzlhf99740000gr/T/XcodeDistPipeline.~~~PjNKO4/Root 
2023-02-19 22:35:47 +0000  copying file ./Payload/BabyDaze.app/_CodeSignature/CodeResources ... 
2023-02-19 22:35:47 +0000  14045 bytes for ./Payload/BabyDaze.app/_CodeSignature/CodeResources
2023-02-19 22:35:47 +0000  copying file ./Payload/BabyDaze.app/AppIcon60x60@2x.png ... 
2023-02-19 22:35:47 +0000  4299 bytes for ./Payload/BabyDaze.app/AppIcon60x60@2x.png
copying file ./Payload/BabyDaze.app/GoogleService-Info.plist ... 
2023-02-19 22:35:47 +0000  664 bytes for ./Payload/BabyDaze.app/GoogleService-Info.plist
2023-02-19 22:35:47 +0000  copying file ./Payload/BabyDaze.app/Base.lproj/Main.storyboardc/UIViewController-BYZ-38-t0r.nib/runtime.nib ... 
2023-02-19 22:35:47 +0000  970 bytes for ./Payload/BabyDaze.app/Base.lproj/Main.storyboardc/UIViewController-BYZ-38-t0r.nib/runtime.nib
copying file ./Payload/BabyDaze.app/Base.lproj/Main.storyboardc/UIViewController-BYZ-38-t0r.nib/objects-14.0+.nib ... 
2023-02-19 22:35:47 +0000  970 bytes for ./Payload/BabyDaze.app/Base.lproj/Main.storyboardc/UIViewController-BYZ-38-t0r.nib/objects-14.0+.nib
copying file ./Payload/BabyDaze.app/Base.lproj/Main.storyboardc/BYZ-38-t0r-view-8bC-Xf-vdC.nib/runtime.nib ... 
2023-02-19 22:35:47 +0000  4297 bytes for ./Payload/BabyDaze.app/Base.lproj/Main.storyboardc/BYZ-38-t0r-view-8bC-Xf-vdC.nib/runtime.nib
copying file ./Payload/BabyDaze.app/Base.lproj/Main.storyboardc/BYZ-38-t0r-view-8bC-Xf-vdC.nib/objects-14.0+.nib ... 
2023-02-19 22:35:47 +0000  3148 bytes for ./Payload/BabyDaze.app/Base.lproj/Main.storyboardc/BYZ-38-t0r-view-8bC-Xf-vdC.nib/objects-14.0+.nib
2023-02-19 22:35:47 +0000  copying file ./Payload/BabyDaze.app/Base.lproj/Main.storyboardc/Info.plist ... 
258 bytes for ./Payload/BabyDaze.app/Base.lproj/Main.storyboardc/Info.plist
copying file ./Payload/BabyDaze.app/Base.lproj/LaunchScreen.storyboardc/01J-lp-oVM-view-4mO-e4-REQ.nib ... 
2023-02-19 22:35:47 +0000  2224 bytes for ./Payload/BabyDaze.app/Base.lproj/LaunchScreen.storyboardc/01J-lp-oVM-view-4mO-e4-REQ.nib
copying file ./Payload/BabyDaze.app/Base.lproj/LaunchScreen.storyboardc/UIViewController-01J-lp-oVM.nib ... 
2023-02-19 22:35:47 +0000  896 bytes for ./Payload/BabyDaze.app/Base.lproj/LaunchScreen.storyboardc/UIViewController-01J-lp-oVM.nib
copying file ./Payload/BabyDaze.app/Base.lproj/LaunchScreen.storyboardc/Info.plist ... 
258 bytes for ./Payload/BabyDaze.app/Base.lproj/LaunchScreen.storyboardc/Info.plist
copying file ./Payload/BabyDaze.app/Entitlements/Entitlements.plist ... 
2023-02-19 22:35:47 +0000  837 bytes for ./Payload/BabyDaze.app/Entitlements/Entitlements.plist
copying file ./Payload/BabyDaze.app/Entitlements/.gitignore ... 
27 bytes for ./Payload/BabyDaze.app/Entitlements/.gitignore
copying file ./Payload/BabyDaze.app/BabyDaze ... 
2023-02-19 22:35:47 +0000  196752 bytes for ./Payload/BabyDaze.app/BabyDaze
2023-02-19 22:35:47 +0000  copying file ./Payload/BabyDaze.app/Assets.car ... 
2023-02-19 22:35:47 +0000  182063 bytes for ./Payload/BabyDaze.app/Assets.car
copying file ./Payload/BabyDaze.app/AppIcon76x76@2x~ipad.png ... 
2023-02-19 22:35:47 +0000  5198 bytes for ./Payload/BabyDaze.app/AppIcon76x76@2x~ipad.png
2023-02-19 22:35:47 +0000  copying file ./Payload/BabyDaze.app/Frameworks/GoogleDataTransport.framework/_CodeSignature/CodeResources ... 
1798 bytes for ./Payload/BabyDaze.app/Frameworks/GoogleDataTransport.framework/_CodeSignature/CodeResources
copying file ./Payload/BabyDaze.app/Frameworks/GoogleDataTransport.framework/GoogleDataTransport ... 
2023-02-19 22:35:47 +0000  361872 bytes for ./Payload/BabyDaze.app/Frameworks/GoogleDataTransport.framework/GoogleDataTransport
copying file ./Payload/BabyDaze.app/Frameworks/GoogleDataTransport.framework/Info.plist ... 
2023-02-19 22:35:47 +0000 [MT] /usr/bin/ditto exited with 0
2023-02-19 22:35:47 +0000  807 bytes for ./Payload/BabyDaze.app/Frameworks/GoogleDataTransport.framework/Info.plist
copying file ./Payload/BabyDaze.app/Frameworks/FBLPromises.framework/_CodeSignature/CodeResources ... 
1798 bytes for ./Payload/BabyDaze.app/Frameworks/FBLPromises.framework/_CodeSignature/CodeResources
copying file ./Payload/BabyDaze.app/Frameworks/FBLPromises.framework/FBLPromises ... 
192400 bytes for ./Payload/BabyDaze.app/Frameworks/FBLPromises.framework/FBLPromises
copying file ./Payload/BabyDaze.app/Frameworks/FBLPromises.framework/Info.plist ... 
789 bytes for ./Payload/BabyDaze.app/Frameworks/FBLPromises.framework/Info.plist
copying file ./Payload/BabyDaze.app/Frameworks/FirebaseCoreInternal.framework/_CodeSignature/CodeResources ... 
1798 bytes for ./Payload/BabyDaze.app/Frameworks/FirebaseCoreInternal.framework/_CodeSignature/CodeResources
copying file ./Payload/BabyDaze.app/Frameworks/FirebaseCoreInternal.framework/FirebaseCoreInternal ... 
404544 bytes for ./Payload/BabyDaze.app/Frameworks/FirebaseCoreInternal.framework/FirebaseCoreInternal
copying file ./Payload/BabyDaze.app/Frameworks/FirebaseCoreInternal.framework/Info.plist ... 
809 bytes for ./Payload/BabyDaze.app/Frameworks/FirebaseCoreInternal.framework/Info.plist
copying file ./Payload/BabyDaze.app/Frameworks/FirebaseCore.framework/_CodeSignature/CodeResources ... 
1798 bytes for ./Payload/BabyDaze.app/Frameworks/FirebaseCore.framework/_CodeSignature/CodeResources
copying file ./Payload/BabyDaze.app/Frameworks/FirebaseCore.framework/FirebaseCore ... 
224112 bytes for ./Payload/BabyDaze.app/Frameworks/FirebaseCore.framework/FirebaseCore
copying file ./Payload/BabyDaze.app/Frameworks/FirebaseCore.framework/Info.plist ... 
791 bytes for ./Payload/BabyDaze.app/Frameworks/FirebaseCore.framework/Info.plist
copying file ./Payload/BabyDaze.app/Frameworks/GoogleUtilities.framework/_CodeSignature/CodeResources ... 
1798 bytes for ./Payload/BabyDaze.app/Frameworks/GoogleUtilities.framework/_CodeSignature/CodeResources
copying file ./Payload/BabyDaze.app/Frameworks/GoogleUtilities.framework/GoogleUtilities ... 
309168 bytes for ./Payload/BabyDaze.app/Frameworks/GoogleUtilities.framework/GoogleUtilities
copying file ./Payload/BabyDaze.app/Frameworks/GoogleUtilities.framework/Info.plist ... 
799 bytes for ./Payload/BabyDaze.app/Frameworks/GoogleUtilities.framework/Info.plist
copying file ./Payload/BabyDaze.app/Frameworks/FirebaseMessaging.framework/_CodeSignature/CodeResources ... 
1798 bytes for ./Payload/BabyDaze.app/Frameworks/FirebaseMessaging.framework/_CodeSignature/CodeResources
copying file ./Payload/BabyDaze.app/Frameworks/FirebaseMessaging.framework/FirebaseMessaging ... 
567104 bytes for ./Payload/BabyDaze.app/Frameworks/FirebaseMessaging.framework/FirebaseMessaging
copying file ./Payload/BabyDaze.app/Frameworks/FirebaseMessaging.framework/Info.plist ... 
804 bytes for ./Payload/BabyDaze.app/Frameworks/FirebaseMessaging.framework/Info.plist
copying file ./Payload/BabyDaze.app/Frameworks/nanopb.framework/_CodeSignature/CodeResources ... 
1798 bytes for ./Payload/BabyDaze.app/Frameworks/nanopb.framework/_CodeSignature/CodeResources
copying file ./Payload/BabyDaze.app/Frameworks/nanopb.framework/nanopb ... 
81104 bytes for ./Payload/BabyDaze.app/Frameworks/nanopb.framework/nanopb
copying file ./Payload/BabyDaze.app/Frameworks/nanopb.framework/Info.plist ... 
783 bytes for ./Payload/BabyDaze.app/Frameworks/nanopb.framework/Info.plist
copying file ./Payload/BabyDaze.app/Frameworks/FirebaseInstallations.framework/_CodeSignature/CodeResources ... 
1798 bytes for ./Payload/BabyDaze.app/Frameworks/FirebaseInstallations.framework/_CodeSignature/CodeResources
copying file ./Payload/BabyDaze.app/Frameworks/FirebaseInstallations.framework/FirebaseInstallations ... 
294416 bytes for ./Payload/BabyDaze.app/Frameworks/FirebaseInstallations.framework/FirebaseInstallations
copying file ./Payload/BabyDaze.app/Frameworks/FirebaseInstallations.framework/Info.plist ... 
811 bytes for ./Payload/BabyDaze.app/Frameworks/FirebaseInstallations.framework/Info.plist
copying file ./Payload/BabyD
2023-02-19 22:35:47 +0000 [MT] Processing step: IDEDistributionAppStoreInformationStep
2023-02-19 22:35:47 +0000 [MT] Skipping step: IDEDistributionAppStoreInformationStep because it said so
2023-02-19 22:35:47 +0000 [MT] Processing step: IDEDistributionGenerateProcessedDistributionItems
2023-02-19 22:35:47 +0000 [MT] IDEDistributionItem init <DVTFilePath:0x600002ae1b80:'/var/folders/sv/h0fz1p090h97prcxzlhf99740000gr/T/XcodeDistPipeline.~~~PjNKO4/Root/Payload/BabyDaze.app/Frameworks/FirebaseCoreDiagnostics.framework'>
2023-02-19 22:35:47 +0000 [MT] IDEDistributionItem init <DVTFilePath:0x600002ae1e80:'/var/folders/sv/h0fz1p090h97prcxzlhf99740000gr/T/XcodeDistPipeline.~~~PjNKO4/Root/Payload/BabyDaze.app/Frameworks/FirebaseCoreInternal.framework'>
2023-02-19 22:35:47 +0000 [MT] IDEDistributionItem init <DVTFilePath:0x600002e3bdb0:'/var/folders/sv/h0fz1p090h97prcxzlhf99740000gr/T/XcodeDistPipeline.~~~PjNKO4/Root/Payload/BabyDaze.app/Frameworks/nanopb.framework'>
2023-02-19 22:35:47 +0000 [MT] IDEDistributionItem init <DVTFilePath:0x600002ae1e00:'/var/folders/sv/h0fz1p090h97prcxzlhf99740000gr/T/XcodeDistPipeline.~~~PjNKO4/Root/Payload/BabyDaze.app/Frameworks/GoogleUtilities.framework'>
2023-02-19 22:35:47 +0000 [MT] IDEDistributionItem init <DVTFilePath:0x600002ae2200:'/var/folders/sv/h0fz1p090h97prcxzlhf99740000gr/T/XcodeDistPipeline.~~~PjNKO4/Root/Payload/BabyDaze.app/Frameworks/GoogleDataTransport.framework'>
2023-02-19 22:35:47 +0000 [MT] IDEDistributionItem init <DVTFilePath:0x600002ae2700:'/var/folders/sv/h0fz1p090h97prcxzlhf99740000gr/T/XcodeDistPipeline.~~~PjNKO4/Root/Payload/BabyDaze.app/Frameworks/FirebaseMessaging.framework'>
2023-02-19 22:35:47 +0000 [MT] IDEDistributionItem init <DVTFilePath:0x600002e3a8b0:'/var/folders/sv/h0fz1p090h97prcxzlhf99740000gr/T/XcodeDistPipeline.~~~PjNKO4/Root/Payload/BabyDaze.app/Frameworks/FBLPromises.framework'>
2023-02-19 22:35:47 +0000 [MT] IDEDistributionItem init <DVTFilePath:0x600002e3a3e0:'/var/folders/sv/h0fz1p090h97prcxzlhf99740000gr/T/XcodeDistPipeline.~~~PjNKO4/Root/Payload/BabyDaze.app/Frameworks/FirebaseCore.framework'>
2023-02-19 22:35:47 +0000 [MT] IDEDistributionItem init <DVTFilePath:0x600002ae3600:'/var/folders/sv/h0fz1p090h97prcxzlhf99740000gr/T/XcodeDistPipeline.~~~PjNKO4/Root/Payload/BabyDaze.app/Frameworks/FirebaseInstallations.framework'>
2023-02-19 22:35:47 +0000 [MT] IDEDistributionItem init <DVTFilePath:0x600002e4e840:'/var/folders/sv/h0fz1p090h97prcxzlhf99740000gr/T/XcodeDistPipeline.~~~PjNKO4/Root/Payload/BabyDaze.app'>
2023-02-19 22:35:47 +0000 [MT] Processing step: IDEDistributionCreateManifestStep
