2023-02-20 01:18:09 +0000 [MT] Initial pipeline context: <IDEDistributionProcessingPipelineContext: 0x7fe9ad3129d0; archive(resolved)="<IDEArchive: 0x600003bc96e0>", distributionTask(resolved)="2", distributionDestination(resolved)="1", distributionMethod(resolved)="<IDEDistributionMethodiOSAdHoc: 0x600001d0a9c0>", team(resolved)="<IDEProvisioningBasicTeam: 0x600001e25260; teamID='9R8LPM6UR2', teamName='(null)'>">
	Chain (13, self inclusive):
	<IDEDistributionProcessingPipelineContext: 0x7fe9ad3129d0; archive = "<IDEArchive: 0x600003bc96e0>", distributionMethod="<IDEDistributionMethodiOSAdHoc: 0x600001d0a9c0>", team="<IDEProvisioningBasicTeam: 0x600001e25260; teamID='9R8LPM6UR2', teamName='(null)'>">
	<IDEDistributionProcessingPipelineContext: 0x7fe9dcfce7c0; archive = "<IDEArchive: 0x600003bc96e0>", distributionMethod="<IDEDistributionMethodiOSAdHoc: 0x600001d0a9c0>", team="<IDEProvisioningBasicTeam: 0x600001e25260; teamID='9R8LPM6UR2', teamName='(null)'>">
	<IDEDistributionContext: 0x7fe9bd8887b0; archive = "<IDEArchive: 0x600003bc96e0>", distributionMethod="<IDEDistributionMethodiOSAdHoc: 0x600001d0a9c0>", team="<IDEProvisioningBasicTeam: 0x600001e25260; teamID='9R8LPM6UR2', teamName='(null)'>">
	<IDEDistributionContext: 0x7fe9bd87f710; archive = "<IDEArchive: 0x600003bc96e0>", distributionMethod="<IDEDistributionMethodiOSAdHoc: 0x600001d0a9c0>", team="<IDEProvisioningBasicTeam: 0x600001e25260; teamID='9R8LPM6UR2', teamName='(null)'>">
	<IDEDistributionContext: 0x7fe9bd87ed40; archive = "<IDEArchive: 0x600003bc96e0>", distributionMethod="<IDEDistributionMethodiOSAdHoc: 0x600001d0a9c0>", team="<IDEProvisioningBasicTeam: 0x600001e25260; teamID='9R8LPM6UR2', teamName='(null)'>">
	<IDEDistributionContext: 0x7fe9dcffd010; archive = "<IDEArchive: 0x600003bc96e0>", distributionMethod="<IDEDistributionMethodiOSAdHoc: 0x600001d0a9c0>", team="<IDEProvisioningBasicTeam: 0x600001e25260; teamID='9R8LPM6UR2', teamName='(null)'>">
	<IDEDistributionContext: 0x7fe9bd87eb40; archive = "<IDEArchive: 0x600003bc96e0>", distributionMethod="<IDEDistributionMethodiOSAdHoc: 0x600001d0a9c0>", team="<IDEProvisioningBasicTeam: 0x600001e25260; teamID='9R8LPM6UR2', teamName='(null)'>">
	<IDEDistributionContext: 0x7fe9dcff7d40; archive = "<IDEArchive: 0x600003bc96e0>", distributionMethod="<IDEDistributionMethodiOSAdHoc: 0x600001d0a9c0>", team="<IDEProvisioningBasicTeam: 0x600001e25260; teamID='9R8LPM6UR2', teamName='(null)'>">
	<IDEDistributionContext: 0x7fe9dcfe2990; archive = "<IDEArchive: 0x600003bc96e0>", distributionMethod="<IDEDistributionMethodiOSAdHoc: 0x600001d0a9c0>", team="<IDEProvisioningBasicTeam: 0x600001e25260; teamID='9R8LPM6UR2', teamName='(null)'>">
	<IDEDistributionContext: 0x7fe9dcfe1550; archive = "<IDEArchive: 0x600003bc96e0>", distributionMethod="<IDEDistributionMethodiOSAdHoc: 0x600001d0a9c0>", team="(null)">
	<IDEDistributionContext: 0x7fe9bd85d110; archive = "<IDEArchive: 0x600003bc96e0>", distributionMethod="<IDEDistributionMethodiOSAdHoc: 0x600001d0a9c0>", team="(null)">
	<IDEDistributionContext: 0x7fe9bd85cf10; archive = "<IDEArchive: 0x600003bc96e0>", distributionMethod="<IDEDistributionMethodiOSAdHoc: 0x600001d0a9c0>", team="(null)">
	<IDEDistributionContext: 0x7fe9ccf504b0; archive = "<IDEArchive: 0x600003bc96e0>", distributionMethod="(null)", team="(null)">
</IDEDistributionProcessingPipelineContext: 0x7fe9ad3129d0>
2023-02-20 01:18:09 +0000 [MT] Processing step: IDEDistributionCreateDestRootStep
2023-02-20 01:18:09 +0000 [MT] Processing step: IDEDistributionCopyItemStep
2023-02-20 01:18:09 +0000 [MT] Running /usr/bin/ditto '-V' '/Users/craig/actions-runner/_work/gcode/gcode/build/out/37790665-gps.xcarchive/Products/Applications/gps.app' '/var/folders/sv/h0fz1p090h97prcxzlhf99740000gr/T/XcodeDistPipeline.~~~NAyCP8/Root/Payload/gps.app'
2023-02-20 01:18:09 +0000  >>> Copying /Users/craig/actions-runner/_work/gcode/gcode/build/out/37790665-gps.xcarchive/Products/Applications/gps.app 
2023-02-20 01:18:09 +0000  copying file ./_CodeSignature/CodeResources ... 
2023-02-20 01:18:09 +0000  14045 bytes for ./_CodeSignature/CodeResources
2023-02-20 01:18:09 +0000  copying file ./gps ... 
2023-02-20 01:18:09 +0000  196736 bytes for ./gps
2023-02-20 01:18:09 +0000  copying file ./AppIcon60x60@2x.png ... 
7165 bytes for ./AppIcon60x60@2x.png
copying file ./GoogleService-Info.plist ... 
664 bytes for ./GoogleService-Info.plist
2023-02-20 01:18:09 +0000  copying file ./Base.lproj/Main.storyboardc/UIViewController-BYZ-38-t0r.nib/runtime.nib ... 
2023-02-20 01:18:09 +0000  965 bytes for ./Base.lproj/Main.storyboardc/UIViewController-BYZ-38-t0r.nib/runtime.nib
2023-02-20 01:18:09 +0000  copying file ./Base.lproj/Main.storyboardc/UIViewController-BYZ-38-t0r.nib/objects-14.0+.nib ... 
2023-02-20 01:18:09 +0000  965 bytes for ./Base.lproj/Main.storyboardc/UIViewController-BYZ-38-t0r.nib/objects-14.0+.nib
2023-02-20 01:18:09 +0000  copying file ./Base.lproj/Main.storyboardc/BYZ-38-t0r-view-8bC-Xf-vdC.nib/runtime.nib ... 
2023-02-20 01:18:09 +0000  4315 bytes for ./Base.lproj/Main.storyboardc/BYZ-38-t0r-view-8bC-Xf-vdC.nib/runtime.nib
copying file ./Base.lproj/Main.storyboardc/BYZ-38-t0r-view-8bC-Xf-vdC.nib/objects-14.0+.nib ... 
2023-02-20 01:18:09 +0000  3166 bytes for ./Base.lproj/Main.storyboardc/BYZ-38-t0r-view-8bC-Xf-vdC.nib/objects-14.0+.nib
2023-02-20 01:18:09 +0000  copying file ./Base.lproj/Main.storyboardc/Info.plist ... 
2023-02-20 01:18:09 +0000  258 bytes for ./Base.lproj/Main.storyboardc/Info.plist
2023-02-20 01:18:09 +0000  copying file ./Base.lproj/LaunchScreen.storyboardc/01J-lp-oVM-view-4mO-e4-REQ.nib ... 
2023-02-20 01:18:09 +0000  2242 bytes for ./Base.lproj/LaunchScreen.storyboardc/01J-lp-oVM-view-4mO-e4-REQ.nib
copying file ./Base.lproj/LaunchScreen.storyboardc/UIViewController-01J-lp-oVM.nib ... 
2023-02-20 01:18:09 +0000  896 bytes for ./Base.lproj/LaunchScreen.storyboardc/UIViewController-01J-lp-oVM.nib
2023-02-20 01:18:09 +0000  copying file ./Base.lproj/LaunchScreen.storyboardc/Info.plist ... 
2023-02-20 01:18:09 +0000  258 bytes for ./Base.lproj/LaunchScreen.storyboardc/Info.plist
2023-02-20 01:18:09 +0000  copying file ./Entitlements/Entitlements.plist ... 
2023-02-20 01:18:09 +0000  837 bytes for ./Entitlements/Entitlements.plist
copying file ./Entitlements/.gitignore ... 
2023-02-20 01:18:09 +0000  27 bytes for ./Entitlements/.gitignore
copying file ./Assets.car ... 
2023-02-20 01:18:09 +0000  259455 bytes for ./Assets.car
2023-02-20 01:18:09 +0000  copying file ./AppIcon76x76@2x~ipad.png ... 
2023-02-20 01:18:09 +0000  8870 bytes for ./AppIcon76x76@2x~ipad.png
2023-02-20 01:18:09 +0000  copying file ./Frameworks/GoogleDataTransport.framework/_CodeSignature/CodeResources ... 
2023-02-20 01:18:09 +0000  1798 bytes for ./Frameworks/GoogleDataTransport.framework/_CodeSignature/CodeResources
copying file ./Frameworks/GoogleDataTransport.framework/GoogleDataTransport ... 
2023-02-20 01:18:09 +0000  361264 bytes for ./Frameworks/GoogleDataTransport.framework/GoogleDataTransport
2023-02-20 01:18:09 +0000  copying file ./Frameworks/GoogleDataTransport.framework/Info.plist ... 
2023-02-20 01:18:09 +0000  807 bytes for ./Frameworks/GoogleDataTransport.framework/Info.plist
2023-02-20 01:18:09 +0000  copying file ./Frameworks/FBLPromises.framework/_CodeSignature/CodeResources ... 
2023-02-20 01:18:09 +0000  1798 bytes for ./Frameworks/FBLPromises.framework/_CodeSignature/CodeResources
2023-02-20 01:18:09 +0000  copying file ./Frameworks/FBLPromises.framework/FBLPromises ... 
2023-02-20 01:18:09 +0000  191840 bytes for ./Frameworks/FBLPromises.framework/FBLPromises
copying file ./Frameworks/FBLPromises.framework/Info.plist ... 
2023-02-20 01:18:09 +0000  789 bytes for ./Frameworks/FBLPromises.framework/Info.plist
2023-02-20 01:18:09 +0000  copying file ./Frameworks/FirebaseCoreInternal.framework/_CodeSignature/CodeResources ... 
2023-02-20 01:18:09 +0000  1798 bytes for ./Frameworks/FirebaseCoreInternal.framework/_CodeSignature/CodeResources
2023-02-20 01:18:09 +0000  copying file ./Frameworks/FirebaseCoreInternal.framework/FirebaseCoreInternal ... 
2023-02-20 01:18:09 +0000  404064 bytes for ./Frameworks/FirebaseCoreInternal.framework/FirebaseCoreInternal
copying file ./Frameworks/FirebaseCoreInternal.framework/Info.plist ... 
2023-02-20 01:18:09 +0000  809 bytes for ./Frameworks/FirebaseCoreInternal.framework/Info.plist
2023-02-20 01:18:09 +0000  copying file ./Frameworks/FirebaseCore.framework/_CodeSignature/CodeResources ... 
2023-02-20 01:18:09 +0000  1798 bytes for ./Frameworks/FirebaseCore.framework/_CodeSignature/CodeResources
2023-02-20 01:18:09 +0000  copying file ./Frameworks/FirebaseCore.framework/FirebaseCore ... 
2023-02-20 01:18:09 +0000  223568 bytes for ./Frameworks/FirebaseCore.framework/FirebaseCore
copying file ./Frameworks/FirebaseCore.framework/Info.plist ... 
2023-02-20 01:18:09 +0000  791 bytes for ./Frameworks/FirebaseCore.framework/Info.plist
2023-02-20 01:18:09 +0000  copying file ./Frameworks/GoogleUtilities.framework/_CodeSignature/CodeResources ... 
2023-02-20 01:18:09 +0000  1798 bytes for ./Frameworks/GoogleUtilities.framework/_CodeSignature/CodeResources
2023-02-20 01:18:09 +0000  copying file ./Frameworks/GoogleUtilities.framework/GoogleUtilities ... 
2023-02-20 01:18:09 +0000  308608 bytes for ./Frameworks/GoogleUtilities.framework/GoogleUtilities
2023-02-20 01:18:09 +0000  copying file ./Frameworks/GoogleUtilities.framework/Info.plist ... 
2023-02-20 01:18:09 +0000  799 bytes for ./Frameworks/GoogleUtilities.framework/Info.plist
2023-02-20 01:18:09 +0000  copying file ./Frameworks/FirebaseMessaging.framework/_CodeSignature/CodeResources ... 
2023-02-20 01:18:09 +0000  1798 bytes for ./Frameworks/FirebaseMessaging.framework/_CodeSignature/CodeResources
2023-02-20 01:18:09 +0000  copying file ./Frameworks/FirebaseMessaging.framework/FirebaseMessaging ... 
2023-02-20 01:18:09 +0000  566400 bytes for ./Frameworks/FirebaseMessaging.framework/FirebaseMessaging
2023-02-20 01:18:09 +0000 [MT] /usr/bin/ditto exited with 0
2023-02-20 01:18:09 +0000  copying file ./Frameworks/FirebaseMessaging.framework/Info.plist ... 
804 bytes for ./Frameworks/FirebaseMessaging.framework/Info.plist
copying file ./Frameworks/nanopb.framework/_CodeSignature/CodeResources ... 
1798 bytes for ./Frameworks/nanopb.framework/_CodeSignature/CodeResources
copying file ./Frameworks/nanopb.framework/nanopb ... 
80720 bytes for ./Frameworks/nanopb.framework/nanopb
copying file ./Frameworks/nanopb.framework/Info.plist ... 
783 bytes for ./Frameworks/nanopb.framework/Info.plist
copying file ./Frameworks/FirebaseInstallations.framework/_CodeSignature/CodeResources ... 
1798 bytes for ./Frameworks/FirebaseInstallations.framework/_CodeSignature/CodeResources
copying file ./Frameworks/FirebaseInstallations.framework/FirebaseInstallations ... 
293872 bytes for ./Frameworks/FirebaseInstallations.framework/FirebaseInstallations
copying file ./Frameworks/FirebaseInstallations.framework/Info.plist ... 
811 bytes for ./Frameworks/FirebaseInstallations.framework/Info.plist
copying file ./Frameworks/FirebaseCoreDiagnostics.framework/_CodeSignature/CodeResources ... 
1798 bytes for ./Frameworks/FirebaseCoreDiagnostics.framework/_CodeSignature/CodeResources
copying file ./Frameworks/FirebaseCoreDiagnostics.framework/FirebaseCoreDiagnostics ... 
86240 bytes for ./Frameworks/FirebaseCoreDiagnostics.framework/FirebaseCoreDiagnostics
copying file ./Frameworks/FirebaseCoreDiagnostics.framework/Info.plist ... 
815 bytes for ./Frameworks/FirebaseCoreDiagnostics.framework/Info.plist
copying file ./embedded.mobileprovision ... 
15216 bytes for ./embedded.mobileprovision
copying file ./Info.plist ... 
2358 bytes for ./Info.plist
copying file ./PkgInfo ... 
8 bytes for ./PkgInfo
2023-02-20 01:18:09 +0000 [MT] Processing step: IDEDistributionEmbedProfileStep
2023-02-20 01:18:09 +0000 [MT] Skipping profile for item: <IDEDistributionItem: 0x600003bc7240; bundleID='org.cocoapods.FBLPromises', path='<DVTFilePath:0x6000034e11f0:'/Users/craig/actions-runner/_work/gcode/gcode/build/out/37790665-gps.xcarchive/Products/Applications/gps.app/Frameworks/FBLPromises.framework'>', codeSigningInfo='<_DVTCodeSigningInformation_Path: 0x600003cf6030; isSigned='1', isAdHocSigned='0', signingCertificate='<DVTSigningCertificate: 0x600002808000; name='Apple Development: Craig Gorman (5JC3XWB44V)', hash='4306BBB633743D94CFC7565694FEA4757730DEB5', serialNumber='494AE56079AD754BE508213DD1272D64', certificateKinds='(
    "1.2.840.113635.100.6.1.12",
    "1.2.840.113635.100.6.1.2"
), issueDate='2022-06-27 06:12:40 +0000''>', entitlements='(null)', teamID='9R8LPM6UR2', identifier='org.cocoapods.FBLPromises', executablePath='<DVTFilePath:0x6000034e2760:'/Users/craig/actions-runner/_work/gcode/gcode/build/out/37790665-gps.xcarchive/Products/Applications/gps.app/Frameworks/FBLPromises.framework/FBLPromises'>', hardenedRuntime='0'>'>
2023-02-20 01:18:09 +0000 [MT] Skipping profile for item: <IDEDistributionItem: 0x600003bd9aa0; bundleID='org.cocoapods.FirebaseCore', path='<DVTFilePath:0x6000034d5880:'/Users/craig/actions-runner/_work/gcode/gcode/build/out/37790665-gps.xcarchive/Products/Applications/gps.app/Frameworks/FirebaseCore.framework'>', codeSigningInfo='<_DVTCodeSigningInformation_Path: 0x600003c9eb20; isSigned='1', isAdHocSigned='0', signingCertificate='<DVTSigningCertificate: 0x600002874000; name='Apple Development: Craig Gorman (5JC3XWB44V)', hash='4306BBB633743D94CFC7565694FEA4757730DEB5', serialNumber='494AE56079AD754BE508213DD1272D64', certificateKinds='(
    "1.2.840.113635.100.6.1.12",
    "1.2.840.113635.100.6.1.2"
), issueDate='2022-06-27 06:12:40 +0000''>', entitlements='(null)', teamID='9R8LPM6UR2', identifier='org.cocoapods.FirebaseCore', executablePath='<DVTFilePath:0x6000034e2d10:'/Users/craig/actions-runner/_work/gcode/gcode/build/out/37790665-gps.xcarchive/Products/Applications/gps.app/Frameworks/FirebaseCore.framework/FirebaseCore'>', hardenedRuntime='0'>'>
2023-02-20 01:18:09 +0000 [MT] Skipping profile for item: <IDEDistributionItem: 0x600003bc70c0; bundleID='org.cocoapods.FirebaseCoreDiagnostics', path='<DVTFilePath:0x600003045a80:'/Users/craig/actions-runner/_work/gcode/gcode/build/out/37790665-gps.xcarchive/Products/Applications/gps.app/Frameworks/FirebaseCoreDiagnostics.framework'>', codeSigningInfo='<_DVTCodeSigningInformation_Path: 0x600003c94ff0; isSigned='1', isAdHocSigned='0', signingCertificate='<DVTSigningCertificate: 0x600002808000; name='Apple Development: Craig Gorman (5JC3XWB44V)', hash='4306BBB633743D94CFC7565694FEA4757730DEB5', serialNumber='494AE56079AD754BE508213DD1272D64', certificateKinds='(
    "1.2.840.113635.100.6.1.12",
    "1.2.840.113635.100.6.1.2"
), issueDate='2022-06-27 06:12:40 +0000''>', entitlements='(null)', teamID='9R8LPM6UR2', identifier='org.cocoapods.FirebaseCoreDiagnostics', executablePath='<DVTFilePath:0x6000034d2c30:'/Users/craig/actions-runner/_work/gcode/gcode/build/out/37790665-gps.xcarchive/Products/Applications/gps.app/Frameworks/FirebaseCoreDiagnostics.framework/FirebaseCoreDiagnostics'>', hardenedRuntime='0'>'>
2023-02-20 01:18:09 +0000 [MT] Skipping profile for item: <IDEDistributionItem: 0x600003bd9ce0; bundleID='org.cocoapods.FirebaseCoreInternal', path='<DVTFilePath:0x600003005480:'/Users/craig/actions-runner/_work/gcode/gcode/build/out/37790665-gps.xcarchive/Products/Applications/gps.app/Frameworks/FirebaseCoreInternal.framework'>', codeSigningInfo='<_DVTCodeSigningInformation_Path: 0x600003cab9d0; isSigned='1', isAdHocSigned='0', signingCertificate='<DVTSigningCertificate: 0x600002866680; name='Apple Development: Craig Gorman (5JC3XWB44V)', hash='4306BBB633743D94CFC7565694FEA4757730DEB5', serialNumber='494AE56079AD754BE508213DD1272D64', certificateKinds='(
    "1.2.840.113635.100.6.1.12",
    "1.2.840.113635.100.6.1.2"
), issueDate='2022-06-27 06:12:40 +0000''>', entitlements='(null)', teamID='9R8LPM6UR2', identifier='org.cocoapods.FirebaseCoreInternal', executablePath='<DVTFilePath:0x6000034e2990:'/Users/craig/actions-runner/_work/gcode/gcode/build/out/37790665-gps.xcarchive/Products/Applications/gps.app/Frameworks/FirebaseCoreInternal.framework/FirebaseCoreInternal'>', hardenedRuntime='0'>'>
2023-02-20 01:18:09 +0000 [MT] Skipping profile for item: <IDEDistributionItem: 0x600003bd9d40; bundleID='org.cocoapods.FirebaseInstallations', path='<DVTFilePath:0x600003045400:'/Users/craig/actions-runner/_work/gcode/gcode/build/out/37790665-gps.xcarchive/Products/Applications/gps.app/Frameworks/FirebaseInstallations.framework'>', codeSigningInfo='<_DVTCodeSigningInformation_Path: 0x600003c9a3a0; isSigned='1', isAdHocSigned='0', signingCertificate='<DVTSigningCertificate: 0x600002874000; name='Apple Development: Craig Gorman (5JC3XWB44V)', hash='4306BBB633743D94CFC7565694FEA4757730DEB5', serialNumber='494AE56079AD754BE508213DD1272D64', certificateKinds='(
    "1.2.840.113635.100.6.1.12",
    "1.2.840.113635.100.6.1.2"
), issueDate='2022-06-27 06:12:40 +0000''>', entitlements='(null)', teamID='9R8LPM6UR2', identifier='org.cocoapods.FirebaseInstallations', executablePath='<DVTFilePath:0x6000034d26f0:'/Users/craig/actions-runner/_work/gcode/gcode/build/out/37790665-gps.xcarchive/Products/Applications/gps.app/Frameworks/FirebaseInstallations.framework/FirebaseInstallations'>', hardenedRuntime='0'>'>
2023-02-20 01:18:09 +0000 [MT] Skipping profile for item: <IDEDistributionItem: 0x600003bd0180; bundleID='org.cocoapods.FirebaseMessaging', path='<DVTFilePath:0x600003016280:'/Users/craig/actions-runner/_work/gcode/gcode/build/out/37790665-gps.xcarchive/Products/Applications/gps.app/Frameworks/FirebaseMessaging.framework'>', codeSigningInfo='<_DVTCodeSigningInformation_Path: 0x600003c9f570; isSigned='1', isAdHocSigned='0', signingCertificate='<DVTSigningCertificate: 0x600002874000; name='Apple Development: Craig Gorman (5JC3XWB44V)', hash='4306BBB633743D94CFC7565694FEA4757730DEB5', serialNumber='494AE56079AD754BE508213DD1272D64', certificateKinds='(
    "1.2.840.113635.100.6.1.12",
    "1.2.840.113635.100.6.1.2"
), issueDate='2022-06-27 06:12:40 +0000''>', entitlements='(null)', teamID='9R8LPM6UR2', identifier='org.cocoapods.FirebaseMessaging', executablePath='<DVTFilePath:0x6000034e3250:'/Users/craig/actions-runner/_work/gcode/gcode/build/out/37790665-gps.xcarchive/Products/Applications/gps.app/Frameworks/FirebaseMessaging.framework/FirebaseMessaging'>', hardenedRuntime='0'>'>
2023-02-20 01:18:09 +0000 [MT] Skipping profile for item: <IDEDistributionItem: 0x600003bc0360; bundleID='org.cocoapods.GoogleDataTransport', path='<DVTFilePath:0x600003044580:'/Users/craig/actions-runner/_work/gcode/gcode/build/out/37790665-gps.xcarchive/Products/Applications/gps.app/Frameworks/GoogleDataTransport.framework'>', codeSigningInfo='<_DVTCodeSigningInformation_Path: 0x600003c94c30; isSigned='1', isAdHocSigned='0', signingCertificate='<DVTSigningCertificate: 0x600002866680; name='Apple Development: Craig Gorman (5JC3XWB44V)', hash='4306BBB633743D94CFC7565694FEA4757730DEB5', serialNumber='494AE56079AD754BE508213DD1272D64', certificateKinds='(
    "1.2.840.113635.100.6.1.12",
    "1.2.840.113635.100.6.1.2"
), issueDate='2022-06-27 06:12:40 +0000''>', entitlements='(null)', teamID='9R8LPM6UR2', identifier='org.cocoapods.GoogleDataTransport', executablePath='<DVTFilePath:0x6000034e2680:'/Users/craig/actions-runner/_work/gcode/gcode/build/out/37790665-gps.xcarchive/Products/Applications/gps.app/Frameworks/GoogleDataTransport.framework/GoogleDataTransport'>', hardenedRuntime='0'>'>
2023-02-20 01:18:09 +0000 [MT] Skipping profile for item: <IDEDistributionItem: 0x600003bd0000; bundleID='org.cocoapods.GoogleUtilities', path='<DVTFilePath:0x600003015180:'/Users/craig/actions-runner/_work/gcode/gcode/build/out/37790665-gps.xcarchive/Products/Applications/gps.app/Frameworks/GoogleUtilities.framework'>', codeSigningInfo='<_DVTCodeSigningInformation_Path: 0x600003c95540; isSigned='1', isAdHocSigned='0', signingCertificate='<DVTSigningCertificate: 0x600002866680; name='Apple Development: Craig Gorman (5JC3XWB44V)', hash='4306BBB633743D94CFC7565694FEA4757730DEB5', serialNumber='494AE56079AD754BE508213DD1272D64', certificateKinds='(
    "1.2.840.113635.100.6.1.12",
    "1.2.840.113635.100.6.1.2"
), issueDate='2022-06-27 06:12:40 +0000''>', entitlements='(null)', teamID='9R8LPM6UR2', identifier='org.cocoapods.GoogleUtilities', executablePath='<DVTFilePath:0x6000034e2fb0:'/Users/craig/actions-runner/_work/gcode/gcode/build/out/37790665-gps.xcarchive/Products/Applications/gps.app/Frameworks/GoogleUtilities.framework/GoogleUtilities'>', hardenedRuntime='0'>'>
2023-02-20 01:18:09 +0000 [MT] Skipping profile for item: <IDEDistributionItem: 0x600003bc64c0; bundleID='org.cocoapods.nanopb', path='<DVTFilePath:0x6000034f8cb0:'/Users/craig/actions-runner/_work/gcode/gcode/build/out/37790665-gps.xcarchive/Products/Applications/gps.app/Frameworks/nanopb.framework'>', codeSigningInfo='<_DVTCodeSigningInformation_Path: 0x600003cab480; isSigned='1', isAdHocSigned='0', signingCertificate='<DVTSigningCertificate: 0x600002808000; name='Apple Development: Craig Gorman (5JC3XWB44V)', hash='4306BBB633743D94CFC7565694FEA4757730DEB5', serialNumber='494AE56079AD754BE508213DD1272D64', certificateKinds='(
    "1.2.840.113635.100.6.1.12",
    "1.2.840.113635.100.6.1.2"
), issueDate='2022-06-27 06:12:40 +0000''>', entitlements='(null)', teamID='9R8LPM6UR2', identifier='org.cocoapods.nanopb', executablePath='<DVTFilePath:0x600003bc30c0:'/Users/craig/actions-runner/_work/gcode/gcode/build/out/37790665-gps.xcarchive/Products/Applications/gps.app/Frameworks/nanopb.framework/nanopb'>', hardenedRuntime='0'>'>
2023-02-20 01:18:09 +0000 [MT] Processing step: IDEDistributionInfoPlistStep
2023-02-20 01:18:09 +0000 [MT] Skipping step: IDEDistributionInfoPlistStep because it said so
2023-02-20 01:18:09 +0000 [MT] Skipping step: IDEDistributionInfoPlistStep because it said so
2023-02-20 01:18:09 +0000 [MT] Skipping step: IDEDistributionInfoPlistStep because it said so
2023-02-20 01:18:09 +0000 [MT] Skipping step: IDEDistributionInfoPlistStep because it said so
2023-02-20 01:18:09 +0000 [MT] Skipping step: IDEDistributionInfoPlistStep because it said so
2023-02-20 01:18:09 +0000 [MT] Skipping step: IDEDistributionInfoPlistStep because it said so
2023-02-20 01:18:09 +0000 [MT] Skipping step: IDEDistributionInfoPlistStep because it said so
2023-02-20 01:18:09 +0000 [MT] Skipping step: IDEDistributionInfoPlistStep because it said so
2023-02-20 01:18:09 +0000 [MT] Skipping step: IDEDistributionInfoPlistStep because it said so
2023-02-20 01:18:09 +0000 [MT] Skipping step: IDEDistributionInfoPlistStep because it said so
2023-02-20 01:18:09 +0000 [MT] Processing step: IDEDistributionAppThinningPlistStep
2023-02-20 01:18:09 +0000 [MT] Skipping step: IDEDistributionAppThinningPlistStep because it said so
2023-02-20 01:18:09 +0000 [MT] Processing step: IDEDistributionCompileBitcodeStep
2023-02-20 01:18:09 +0000 [MT] Skipping step: IDEDistributionCompileBitcodeStep because it said so
2023-02-20 01:18:09 +0000 [MT] Processing step: IDEDistributionCodeSlimmingStep
2023-02-20 01:18:09 +0000 [MT] Processing step: IDEDistributionCopyBCSymbolMapsStep
2023-02-20 01:18:09 +0000 [MT] Skipping step: IDEDistributionCopyBCSymbolMapsStep because it said so
2023-02-20 01:18:09 +0000 [MT] Skipping step: IDEDistributionCopyBCSymbolMapsStep because it said so
2023-02-20 01:18:09 +0000 [MT] Skipping step: IDEDistributionCopyBCSymbolMapsStep because it said so
2023-02-20 01:18:09 +0000 [MT] Skipping step: IDEDistributionCopyBCSymbolMapsStep because it said so
2023-02-20 01:18:09 +0000 [MT] Skipping step: IDEDistributionCopyBCSymbolMapsStep because it said so
2023-02-20 01:18:09 +0000 [MT] Skipping step: IDEDistributionCopyBCSymbolMapsStep because it said so
2023-02-20 01:18:09 +0000 [MT] Skipping step: IDEDistributionCopyBCSymbolMapsStep because it said so
2023-02-20 01:18:09 +0000 [MT] Skipping step: IDEDistributionCopyBCSymbolMapsStep because it said so
2023-02-20 01:18:09 +0000 [MT] Skipping step: IDEDistributionCopyBCSymbolMapsStep because it said so
2023-02-20 01:18:09 +0000 [MT] Skipping step: IDEDistributionCopyBCSymbolMapsStep because it said so
2023-02-20 01:18:09 +0000 [MT] Processing step: IDEDistributionSymbolsStep
2023-02-20 01:18:09 +0000 [MT] Skipping step: IDEDistributionSymbolsStep because it said so
2023-02-20 01:18:09 +0000 [MT] Skipping step: IDEDistributionSymbolsStep because it said so
2023-02-20 01:18:09 +0000 [MT] Skipping step: IDEDistributionSymbolsStep because it said so
2023-02-20 01:18:09 +0000 [MT] Skipping step: IDEDistributionSymbolsStep because it said so
2023-02-20 01:18:09 +0000 [MT] Skipping step: IDEDistributionSymbolsStep because it said so
2023-02-20 01:18:09 +0000 [MT] Skipping step: IDEDistributionSymbolsStep because it said so
2023-02-20 01:18:09 +0000 [MT] Skipping step: IDEDistributionSymbolsStep because it said so
2023-02-20 01:18:09 +0000 [MT] Skipping step: IDEDistributionSymbolsStep because it said so
2023-02-20 01:18:09 +0000 [MT] Skipping step: IDEDistributionSymbolsStep because it said so
2023-02-20 01:18:09 +0000 [MT] Skipping step: IDEDistributionSymbolsStep because it said so
2023-02-20 01:18:09 +0000 [MT] Processing step: IDEDistributionAppThinningStep
2023-02-20 01:18:09 +0000 [MT] Skipping step: IDEDistributionAppThinningStep because it said so
2023-02-20 01:18:09 +0000 [MT] Processing step: IDEDistributionArchThinningStep
2023-02-20 01:18:09 +0000 [MT] Running /Applications/Xcode.app/Contents/Developer/Toolchains/XcodeDefault.xctoolchain/usr/bin/lipo '/var/folders/sv/h0fz1p090h97prcxzlhf99740000gr/T/XcodeDistPipeline.~~~NAyCP8/Root/Payload/gps.app/Frameworks/FBLPromises.framework/FBLPromises' '-verify_arch' 'arm64e'
2023-02-20 01:18:09 +0000 [MT] /Applications/Xcode.app/Contents/Developer/Toolchains/XcodeDefault.xctoolchain/usr/bin/lipo exited with 1
2023-02-20 01:18:09 +0000 [MT] Skipping architecture thinning for item "FBLPromises" because arch "arm64e" wasn't found
2023-02-20 01:18:09 +0000 [MT] Running /Applications/Xcode.app/Contents/Developer/Toolchains/XcodeDefault.xctoolchain/usr/bin/lipo '/var/folders/sv/h0fz1p090h97prcxzlhf99740000gr/T/XcodeDistPipeline.~~~NAyCP8/Root/Payload/gps.app/Frameworks/FirebaseCore.framework/FirebaseCore' '-verify_arch' 'arm64e'
2023-02-20 01:18:09 +0000 [MT] /Applications/Xcode.app/Contents/Developer/Toolchains/XcodeDefault.xctoolchain/usr/bin/lipo exited with 1
2023-02-20 01:18:09 +0000 [MT] Skipping architecture thinning for item "FirebaseCore" because arch "arm64e" wasn't found
2023-02-20 01:18:09 +0000 [MT] Running /Applications/Xcode.app/Contents/Developer/Toolchains/XcodeDefault.xctoolchain/usr/bin/lipo '/var/folders/sv/h0fz1p090h97prcxzlhf99740000gr/T/XcodeDistPipeline.~~~NAyCP8/Root/Payload/gps.app/Frameworks/FirebaseCoreDiagnostics.framework/FirebaseCoreDiagnostics' '-verify_arch' 'arm64e'
2023-02-20 01:18:09 +0000 [MT] /Applications/Xcode.app/Contents/Developer/Toolchains/XcodeDefault.xctoolchain/usr/bin/lipo exited with 1
2023-02-20 01:18:09 +0000 [MT] Skipping architecture thinning for item "FirebaseCoreDiagnostics" because arch "arm64e" wasn't found
2023-02-20 01:18:09 +0000 [MT] Running /Applications/Xcode.app/Contents/Developer/Toolchains/XcodeDefault.xctoolchain/usr/bin/lipo '/var/folders/sv/h0fz1p090h97prcxzlhf99740000gr/T/XcodeDistPipeline.~~~NAyCP8/Root/Payload/gps.app/Frameworks/FirebaseCoreInternal.framework/FirebaseCoreInternal' '-verify_arch' 'arm64e'
2023-02-20 01:18:09 +0000 [MT] /Applications/Xcode.app/Contents/Developer/Toolchains/XcodeDefault.xctoolchain/usr/bin/lipo exited with 1
2023-02-20 01:18:09 +0000 [MT] Skipping architecture thinning for item "FirebaseCoreInternal" because arch "arm64e" wasn't found
2023-02-20 01:18:09 +0000 [MT] Running /Applications/Xcode.app/Contents/Developer/Toolchains/XcodeDefault.xctoolchain/usr/bin/lipo '/var/folders/sv/h0fz1p090h97prcxzlhf99740000gr/T/XcodeDistPipeline.~~~NAyCP8/Root/Payload/gps.app/Frameworks/FirebaseInstallations.framework/FirebaseInstallations' '-verify_arch' 'arm64e'
2023-02-20 01:18:09 +0000 [MT] /Applications/Xcode.app/Contents/Developer/Toolchains/XcodeDefault.xctoolchain/usr/bin/lipo exited with 1
2023-02-20 01:18:09 +0000 [MT] Skipping architecture thinning for item "FirebaseInstallations" because arch "arm64e" wasn't found
2023-02-20 01:18:09 +0000 [MT] Running /Applications/Xcode.app/Contents/Developer/Toolchains/XcodeDefault.xctoolchain/usr/bin/lipo '/var/folders/sv/h0fz1p090h97prcxzlhf99740000gr/T/XcodeDistPipeline.~~~NAyCP8/Root/Payload/gps.app/Frameworks/FirebaseMessaging.framework/FirebaseMessaging' '-verify_arch' 'arm64e'
2023-02-20 01:18:09 +0000 [MT] /Applications/Xcode.app/Contents/Developer/Toolchains/XcodeDefault.xctoolchain/usr/bin/lipo exited with 1
2023-02-20 01:18:09 +0000 [MT] Skipping architecture thinning for item "FirebaseMessaging" because arch "arm64e" wasn't found
2023-02-20 01:18:09 +0000 [MT] Running /Applications/Xcode.app/Contents/Developer/Toolchains/XcodeDefault.xctoolchain/usr/bin/lipo '/var/folders/sv/h0fz1p090h97prcxzlhf99740000gr/T/XcodeDistPipeline.~~~NAyCP8/Root/Payload/gps.app/Frameworks/GoogleDataTransport.framework/GoogleDataTransport' '-verify_arch' 'arm64e'
2023-02-20 01:18:09 +0000 [MT] /Applications/Xcode.app/Contents/Developer/Toolchains/XcodeDefault.xctoolchain/usr/bin/lipo exited with 1
2023-02-20 01:18:09 +0000 [MT] Skipping architecture thinning for item "GoogleDataTransport" because arch "arm64e" wasn't found
2023-02-20 01:18:09 +0000 [MT] Running /Applications/Xcode.app/Contents/Developer/Toolchains/XcodeDefault.xctoolchain/usr/bin/lipo '/var/folders/sv/h0fz1p090h97prcxzlhf99740000gr/T/XcodeDistPipeline.~~~NAyCP8/Root/Payload/gps.app/Frameworks/GoogleUtilities.framework/GoogleUtilities' '-verify_arch' 'arm64e'
2023-02-20 01:18:09 +0000 [MT] /Applications/Xcode.app/Contents/Developer/Toolchains/XcodeDefault.xctoolchain/usr/bin/lipo exited with 1
2023-02-20 01:18:09 +0000 [MT] Skipping architecture thinning for item "GoogleUtilities" because arch "arm64e" wasn't found
2023-02-20 01:18:09 +0000 [MT] Running /Applications/Xcode.app/Contents/Developer/Toolchains/XcodeDefault.xctoolchain/usr/bin/lipo '/var/folders/sv/h0fz1p090h97prcxzlhf99740000gr/T/XcodeDistPipeline.~~~NAyCP8/Root/Payload/gps.app/Frameworks/nanopb.framework/nanopb' '-verify_arch' 'arm64e'
2023-02-20 01:18:09 +0000 [MT] /Applications/Xcode.app/Contents/Developer/Toolchains/XcodeDefault.xctoolchain/usr/bin/lipo exited with 1
2023-02-20 01:18:09 +0000 [MT] Skipping architecture thinning for item "nanopb" because arch "arm64e" wasn't found
2023-02-20 01:18:09 +0000 [MT] Running /Applications/Xcode.app/Contents/Developer/Toolchains/XcodeDefault.xctoolchain/usr/bin/lipo '/var/folders/sv/h0fz1p090h97prcxzlhf99740000gr/T/XcodeDistPipeline.~~~NAyCP8/Root/Payload/gps.app/gps' '-verify_arch' 'arm64e'
2023-02-20 01:18:09 +0000 [MT] /Applications/Xcode.app/Contents/Developer/Toolchains/XcodeDefault.xctoolchain/usr/bin/lipo exited with 1
2023-02-20 01:18:09 +0000 [MT] Skipping architecture thinning for item "gps" because arch "arm64e" wasn't found
2023-02-20 01:18:09 +0000 [MT] Processing step: IDEDistributionODRStep
2023-02-20 01:18:09 +0000 [MT] Processing step: IDEDistributionStripXattrsStep
2023-02-20 01:18:09 +0000 [MT] Skipping stripping extended attributes of item: <IDEDistributionItem: 0x600003bc7240; bundleID='org.cocoapods.FBLPromises', path='<DVTFilePath:0x6000034e11f0:'/Users/craig/actions-runner/_work/gcode/gcode/build/out/37790665-gps.xcarchive/Products/Applications/gps.app/Frameworks/FBLPromises.framework'>', codeSigningInfo='<_DVTCodeSigningInformation_Path: 0x600003cf6030; isSigned='1', isAdHocSigned='0', signingCertificate='<DVTSigningCertificate: 0x600002866470; name='Apple Development: Craig Gorman (5JC3XWB44V)', hash='4306BBB633743D94CFC7565694FEA4757730DEB5', serialNumber='494AE56079AD754BE508213DD1272D64', certificateKinds='(
    "1.2.840.113635.100.6.1.12",
    "1.2.840.113635.100.6.1.2"
), issueDate='2022-06-27 06:12:40 +0000''>', entitlements='(null)', teamID='9R8LPM6UR2', identifier='org.cocoapods.FBLPromises', executablePath='<DVTFilePath:0x6000034e2760:'/Users/craig/actions-runner/_work/gcode/gcode/build/out/37790665-gps.xcarchive/Products/Applications/gps.app/Frameworks/FBLPromises.framework/FBLPromises'>', hardenedRuntime='0'>'>
2023-02-20 01:18:09 +0000 [MT] Skipping stripping extended attributes of item: <IDEDistributionItem: 0x600003bd9aa0; bundleID='org.cocoapods.FirebaseCore', path='<DVTFilePath:0x6000034d5880:'/Users/craig/actions-runner/_work/gcode/gcode/build/out/37790665-gps.xcarchive/Products/Applications/gps.app/Frameworks/FirebaseCore.framework'>', codeSigningInfo='<_DVTCodeSigningInformation_Path: 0x600003c9eb20; isSigned='1', isAdHocSigned='0', signingCertificate='<DVTSigningCertificate: 0x600002808160; name='Apple Development: Craig Gorman (5JC3XWB44V)', hash='4306BBB633743D94CFC7565694FEA4757730DEB5', serialNumber='494AE56079AD754BE508213DD1272D64', certificateKinds='(
    "1.2.840.113635.100.6.1.12",
    "1.2.840.113635.100.6.1.2"
), issueDate='2022-06-27 06:12:40 +0000''>', entitlements='(null)', teamID='9R8LPM6UR2', identifier='org.cocoapods.FirebaseCore', executablePath='<DVTFilePath:0x6000034e2d10:'/Users/craig/actions-runner/_work/gcode/gcode/build/out/37790665-gps.xcarchive/Products/Applications/gps.app/Frameworks/FirebaseCore.framework/FirebaseCore'>', hardenedRuntime='0'>'>
2023-02-20 01:18:09 +0000 [MT] Skipping stripping extended attributes of item: <IDEDistributionItem: 0x600003bc70c0; bundleID='org.cocoapods.FirebaseCoreDiagnostics', path='<DVTFilePath:0x600003045a80:'/Users/craig/actions-runner/_work/gcode/gcode/build/out/37790665-gps.xcarchive/Products/Applications/gps.app/Frameworks/FirebaseCoreDiagnostics.framework'>', codeSigningInfo='<_DVTCodeSigningInformation_Path: 0x600003c94ff0; isSigned='1', isAdHocSigned='0', signingCertificate='<DVTSigningCertificate: 0x60000287a940; name='Apple Development: Craig Gorman (5JC3XWB44V)', hash='4306BBB633743D94CFC7565694FEA4757730DEB5', serialNumber='494AE56079AD754BE508213DD1272D64', certificateKinds='(
    "1.2.840.113635.100.6.1.12",
    "1.2.840.113635.100.6.1.2"
), issueDate='2022-06-27 06:12:40 +0000''>', entitlements='(null)', teamID='9R8LPM6UR2', identifier='org.cocoapods.FirebaseCoreDiagnostics', executablePath='<DVTFilePath:0x6000034d2c30:'/Users/craig/actions-runner/_work/gcode/gcode/build/out/37790665-gps.xcarchive/Products/Applications/gps.app/Frameworks/FirebaseCoreDiagnostics.framework/FirebaseCoreDiagnostics'>', hardenedRuntime='0'>'>
2023-02-20 01:18:09 +0000 [MT] Skipping stripping extended attributes of item: <IDEDistributionItem: 0x600003bd9ce0; bundleID='org.cocoapods.FirebaseCoreInternal', path='<DVTFilePath:0x600003005480:'/Users/craig/actions-runner/_work/gcode/gcode/build/out/37790665-gps.xcarchive/Products/Applications/gps.app/Frameworks/FirebaseCoreInternal.framework'>', codeSigningInfo='<_DVTCodeSigningInformation_Path: 0x600003cab9d0; isSigned='1', isAdHocSigned='0', signingCertificate='<DVTSigningCertificate: 0x600002808160; name='Apple Development: Craig Gorman (5JC3XWB44V)', hash='4306BBB633743D94CFC7565694FEA4757730DEB5', serialNumber='494AE56079AD754BE508213DD1272D64', certificateKinds='(
    "1.2.840.113635.100.6.1.12",
    "1.2.840.113635.100.6.1.2"
), issueDate='2022-06-27 06:12:40 +0000''>', entitlements='(null)', teamID='9R8LPM6UR2', identifier='org.cocoapods.FirebaseCoreInternal', executablePath='<DVTFilePath:0x6000034e2990:'/Users/craig/actions-runner/_work/gcode/gcode/build/out/37790665-gps.xcarchive/Products/Applications/gps.app/Frameworks/FirebaseCoreInternal.framework/FirebaseCoreInternal'>', hardenedRuntime='0'>'>
2023-02-20 01:18:09 +0000 [MT] Skipping stripping extended attributes of item: <IDEDistributionItem: 0x600003bd9d40; bundleID='org.cocoapods.FirebaseInstallations', path='<DVTFilePath:0x600003045400:'/Users/craig/actions-runner/_work/gcode/gcode/build/out/37790665-gps.xcarchive/Products/Applications/gps.app/Frameworks/FirebaseInstallations.framework'>', codeSigningInfo='<_DVTCodeSigningInformation_Path: 0x600003c9a3a0; isSigned='1', isAdHocSigned='0', signingCertificate='<DVTSigningCertificate: 0x600002808160; name='Apple Development: Craig Gorman (5JC3XWB44V)', hash='4306BBB633743D94CFC7565694FEA4757730DEB5', serialNumber='494AE56079AD754BE508213DD1272D64', certificateKinds='(
    "1.2.840.113635.100.6.1.12",
    "1.2.840.113635.100.6.1.2"
), issueDate='2022-06-27 06:12:40 +0000''>', entitlements='(null)', teamID='9R8LPM6UR2', identifier='org.cocoapods.FirebaseInstallations', executablePath='<DVTFilePath:0x6000034d26f0:'/Users/craig/actions-runner/_work/gcode/gcode/build/out/37790665-gps.xcarchive/Products/Applications/gps.app/Frameworks/FirebaseInstallations.framework/FirebaseInstallations'>', hardenedRuntime='0'>'>
2023-02-20 01:18:09 +0000 [MT] Skipping stripping extended attributes of item: <IDEDistributionItem: 0x600003bd0180; bundleID='org.cocoapods.FirebaseMessaging', path='<DVTFilePath:0x600003016280:'/Users/craig/actions-runner/_work/gcode/gcode/build/out/37790665-gps.xcarchive/Products/Applications/gps.app/Frameworks/FirebaseMessaging.framework'>', codeSigningInfo='<_DVTCodeSigningInformation_Path: 0x600003c9f570; isSigned='1', isAdHocSigned='0', signingCertificate='<DVTSigningCertificate: 0x600002808160; name='Apple Development: Craig Gorman (5JC3XWB44V)', hash='4306BBB633743D94CFC7565694FEA4757730DEB5', serialNumber='494AE56079AD754BE508213DD1272D64', certificateKinds='(
    "1.2.840.113635.100.6.1.12",
    "1.2.840.113635.100.6.1.2"
), issueDate='2022-06-27 06:12:40 +0000''>', entitlements='(null)', teamID='9R8LPM6UR2', identifier='org.cocoapods.FirebaseMessaging', executablePath='<DVTFilePath:0x6000034e3250:'/Users/craig/actions-runner/_work/gcode/gcode/build/out/37790665-gps.xcarchive/Products/Applications/gps.app/Frameworks/FirebaseMessaging.framework/FirebaseMessaging'>', hardenedRuntime='0'>'>
2023-02-20 01:18:09 +0000 [MT] Skipping stripping extended attributes of item: <IDEDistributionItem: 0x600003bc0360; bundleID='org.cocoapods.GoogleDataTransport', path='<DVTFilePath:0x600003044580:'/Users/craig/actions-runner/_work/gcode/gcode/build/out/37790665-gps.xcarchive/Products/Applications/gps.app/Frameworks/GoogleDataTransport.framework'>', codeSigningInfo='<_DVTCodeSigningInformation_Path: 0x600003c94c30; isSigned='1', isAdHocSigned='0', signingCertificate='<DVTSigningCertificate: 0x600002808160; name='Apple Development: Craig Gorman (5JC3XWB44V)', hash='4306BBB633743D94CFC7565694FEA4757730DEB5', serialNumber='494AE56079AD754BE508213DD1272D64', certificateKinds='(
    "1.2.840.113635.100.6.1.12",
    "1.2.840.113635.100.6.1.2"
), issueDate='2022-06-27 06:12:40 +0000''>', entitlements='(null)', teamID='9R8LPM6UR2', identifier='org.cocoapods.GoogleDataTransport', executablePath='<DVTFilePath:0x6000034e2680:'/Users/craig/actions-runner/_work/gcode/gcode/build/out/37790665-gps.xcarchive/Products/Applications/gps.app/Frameworks/GoogleDataTransport.framework/GoogleDataTransport'>', hardenedRuntime='0'>'>
2023-02-20 01:18:09 +0000 [MT] Skipping stripping extended attributes of item: <IDEDistributionItem: 0x600003bd0000; bundleID='org.cocoapods.GoogleUtilities', path='<DVTFilePath:0x600003015180:'/Users/craig/actions-runner/_work/gcode/gcode/build/out/37790665-gps.xcarchive/Products/Applications/gps.app/Frameworks/GoogleUtilities.framework'>', codeSigningInfo='<_DVTCodeSigningInformation_Path: 0x600003c95540; isSigned='1', isAdHocSigned='0', signingCertificate='<DVTSigningCertificate: 0x600002808160; name='Apple Development: Craig Gorman (5JC3XWB44V)', hash='4306BBB633743D94CFC7565694FEA4757730DEB5', serialNumber='494AE56079AD754BE508213DD1272D64', certificateKinds='(
    "1.2.840.113635.100.6.1.12",
    "1.2.840.113635.100.6.1.2"
), issueDate='2022-06-27 06:12:40 +0000''>', entitlements='(null)', teamID='9R8LPM6UR2', identifier='org.cocoapods.GoogleUtilities', executablePath='<DVTFilePath:0x6000034e2fb0:'/Users/craig/actions-runner/_work/gcode/gcode/build/out/37790665-gps.xcarchive/Products/Applications/gps.app/Frameworks/GoogleUtilities.framework/GoogleUtilities'>', hardenedRuntime='0'>'>
2023-02-20 01:18:09 +0000 [MT] Skipping stripping extended attributes of item: <IDEDistributionItem: 0x600003bc64c0; bundleID='org.cocoapods.nanopb', path='<DVTFilePath:0x6000034f8cb0:'/Users/craig/actions-runner/_work/gcode/gcode/build/out/37790665-gps.xcarchive/Products/Applications/gps.app/Frameworks/nanopb.framework'>', codeSigningInfo='<_DVTCodeSigningInformation_Path: 0x600003cab480; isSigned='1', isAdHocSigned='0', signingCertificate='<DVTSigningCertificate: 0x600002808160; name='Apple Development: Craig Gorman (5JC3XWB44V)', hash='4306BBB633743D94CFC7565694FEA4757730DEB5', serialNumber='494AE56079AD754BE508213DD1272D64', certificateKinds='(
    "1.2.840.113635.100.6.1.12",
    "1.2.840.113635.100.6.1.2"
), issueDate='2022-06-27 06:12:40 +0000''>', entitlements='(null)', teamID='9R8LPM6UR2', identifier='org.cocoapods.nanopb', executablePath='<DVTFilePath:0x600003bc30c0:'/Users/craig/actions-runner/_work/gcode/gcode/build/out/37790665-gps.xcarchive/Products/Applications/gps.app/Frameworks/nanopb.framework/nanopb'>', hardenedRuntime='0'>'>
2023-02-20 01:18:09 +0000 [MT] Running /usr/bin/xattr '-crs' '/var/folders/sv/h0fz1p090h97prcxzlhf99740000gr/T/XcodeDistPipeline.~~~NAyCP8/Root/Payload/gps.app'
2023-02-20 01:18:09 +0000 [MT] /usr/bin/xattr exited with 0
2023-02-20 01:18:09 +0000 [MT] Processing step: IDEDistributionCodesignStep
2023-02-20 01:18:09 +0000 [MT] Entitlements for <IDEDistributionItem: 0x600003bc7240; bundleID='org.cocoapods.FBLPromises', path='<DVTFilePath:0x6000034e11f0:'/Users/craig/actions-runner/_work/gcode/gcode/build/out/37790665-gps.xcarchive/Products/Applications/gps.app/Frameworks/FBLPromises.framework'>', codeSigningInfo='<_DVTCodeSigningInformation_Path: 0x600003cf6030; isSigned='1', isAdHocSigned='0', signingCertificate='<DVTSigningCertificate: 0x60000287a940; name='Apple Development: Craig Gorman (5JC3XWB44V)', hash='4306BBB633743D94CFC7565694FEA4757730DEB5', serialNumber='494AE56079AD754BE508213DD1272D64', certificateKinds='(
    "1.2.840.113635.100.6.1.12",
    "1.2.840.113635.100.6.1.2"
), issueDate='2022-06-27 06:12:40 +0000''>', entitlements='(null)', teamID='9R8LPM6UR2', identifier='org.cocoapods.FBLPromises', executablePath='<DVTFilePath:0x6000034e2760:'/Users/craig/actions-runner/_work/gcode/gcode/build/out/37790665-gps.xcarchive/Products/Applications/gps.app/Frameworks/FBLPromises.framework/FBLPromises'>', hardenedRuntime='0'>'>: {
}
2023-02-20 01:18:09 +0000 [MT] Entitlements for <IDEDistributionItem: 0x600003bc7240; bundleID='org.cocoapods.FBLPromises', path='<DVTFilePath:0x6000034e11f0:'/Users/craig/actions-runner/_work/gcode/gcode/build/out/37790665-gps.xcarchive/Products/Applications/gps.app/Frameworks/FBLPromises.framework'>', codeSigningInfo='<_DVTCodeSigningInformation_Path: 0x600003cf6030; isSigned='1', isAdHocSigned='0', signingCertificate='<DVTSigningCertificate: 0x6000028082c0; name='Apple Development: Craig Gorman (5JC3XWB44V)', hash='4306BBB633743D94CFC7565694FEA4757730DEB5', serialNumber='494AE56079AD754BE508213DD1272D64', certificateKinds='(
    "1.2.840.113635.100.6.1.12",
    "1.2.840.113635.100.6.1.2"
), issueDate='2022-06-27 06:12:40 +0000''>', entitlements='(null)', teamID='9R8LPM6UR2', identifier='org.cocoapods.FBLPromises', executablePath='<DVTFilePath:0x6000034e2760:'/Users/craig/actions-runner/_work/gcode/gcode/build/out/37790665-gps.xcarchive/Products/Applications/gps.app/Frameworks/FBLPromises.framework/FBLPromises'>', hardenedRuntime='0'>'> are: {
}
2023-02-20 01:18:09 +0000 [MT] Writing entitlements for <IDEDistributionItem: 0x600003bc7240; bundleID='org.cocoapods.FBLPromises', path='<DVTFilePath:0x6000034e11f0:'/Users/craig/actions-runner/_work/gcode/gcode/build/out/37790665-gps.xcarchive/Products/Applications/gps.app/Frameworks/FBLPromises.framework'>', codeSigningInfo='<_DVTCodeSigningInformation_Path: 0x600003cf6030; isSigned='1', isAdHocSigned='0', signingCertificate='<DVTSigningCertificate: 0x600002866470; name='Apple Development: Craig Gorman (5JC3XWB44V)', hash='4306BBB633743D94CFC7565694FEA4757730DEB5', serialNumber='494AE56079AD754BE508213DD1272D64', certificateKinds='(
    "1.2.840.113635.100.6.1.12",
    "1.2.840.113635.100.6.1.2"
), issueDate='2022-06-27 06:12:40 +0000''>', entitlements='(null)', teamID='9R8LPM6UR2', identifier='org.cocoapods.FBLPromises', executablePath='<DVTFilePath:0x6000034e2760:'/Users/craig/actions-runner/_work/gcode/gcode/build/out/37790665-gps.xcarchive/Products/Applications/gps.app/Frameworks/FBLPromises.framework/FBLPromises'>', hardenedRuntime='0'>'> to: /var/folders/sv/h0fz1p090h97prcxzlhf99740000gr/T/XcodeDistPipeline.~~~NAyCP8/entitlements~~~6st9BA
2023-02-20 01:18:09 +0000 [MT] Running /usr/bin/codesign '-vvv' '--force' '--sign' '9A1D235C02F17F93093236EB8D084528E5FB034C' '--entitlements' '/var/folders/sv/h0fz1p090h97prcxzlhf99740000gr/T/XcodeDistPipeline.~~~NAyCP8/entitlements~~~6st9BA' '--generate-entitlement-der' '--preserve-metadata=identifier,flags,runtime' '/var/folders/sv/h0fz1p090h97prcxzlhf99740000gr/T/XcodeDistPipeline.~~~NAyCP8/Root/Payload/gps.app/Frameworks/FBLPromises.framework'
2023-02-20 01:18:09 +0000  /var/folders/sv/h0fz1p090h97prcxzlhf99740000gr/T/XcodeDistPipeline.~~~NAyCP8/Root/Payload/gps.app/Frameworks/FBLPromises.framework: replacing existing signature
2023-02-20 01:18:09 +0000  /var/folders/sv/h0fz1p090h97prcxzlhf99740000gr/T/XcodeDistPipeline.~~~NAyCP8/Root/Payload/gps.app/Frameworks/FBLPromises.framework: signed bundle with Mach-O thin (arm64) [org.cocoapods.FBLPromises]
2023-02-20 01:18:09 +0000 [MT] /usr/bin/codesign exited with 0
2023-02-20 01:18:09 +0000 [MT] Entitlements for <IDEDistributionItem: 0x600003bd9aa0; bundleID='org.cocoapods.FirebaseCore', path='<DVTFilePath:0x6000034d5880:'/Users/craig/actions-runner/_work/gcode/gcode/build/out/37790665-gps.xcarchive/Products/Applications/gps.app/Frameworks/FirebaseCore.framework'>', codeSigningInfo='<_DVTCodeSigningInformation_Path: 0x600003c9eb20; isSigned='1', isAdHocSigned='0', signingCertificate='<DVTSigningCertificate: 0x60000287a940; name='Apple Development: Craig Gorman (5JC3XWB44V)', hash='4306BBB633743D94CFC7565694FEA4757730DEB5', serialNumber='494AE56079AD754BE508213DD1272D64', certificateKinds='(
    "1.2.840.113635.100.6.1.12",
    "1.2.840.113635.100.6.1.2"
), issueDate='2022-06-27 06:12:40 +0000''>', entitlements='(null)', teamID='9R8LPM6UR2', identifier='org.cocoapods.FirebaseCore', executablePath='<DVTFilePath:0x6000034e2d10:'/Users/craig/actions-runner/_work/gcode/gcode/build/out/37790665-gps.xcarchive/Products/Applications/gps.app/Frameworks/FirebaseCore.framework/FirebaseCore'>', hardenedRuntime='0'>'>: {
}
2023-02-20 01:18:09 +0000 [MT] Entitlements for <IDEDistributionItem: 0x600003bd9aa0; bundleID='org.cocoapods.FirebaseCore', path='<DVTFilePath:0x6000034d5880:'/Users/craig/actions-runner/_work/gcode/gcode/build/out/37790665-gps.xcarchive/Products/Applications/gps.app/Frameworks/FirebaseCore.framework'>', codeSigningInfo='<_DVTCodeSigningInformation_Path: 0x600003c9eb20; isSigned='1', isAdHocSigned='0', signingCertificate='<DVTSigningCertificate: 0x600002866520; name='Apple Development: Craig Gorman (5JC3XWB44V)', hash='4306BBB633743D94CFC7565694FEA4757730DEB5', serialNumber='494AE56079AD754BE508213DD1272D64', certificateKinds='(
    "1.2.840.113635.100.6.1.12",
    "1.2.840.113635.100.6.1.2"
), issueDate='2022-06-27 06:12:40 +0000''>', entitlements='(null)', teamID='9R8LPM6UR2', identifier='org.cocoapods.FirebaseCore', executablePath='<DVTFilePath:0x6000034e2d10:'/Users/craig/actions-runner/_work/gcode/gcode/build/out/37790665-gps.xcarchive/Products/Applications/gps.app/Frameworks/FirebaseCore.framework/FirebaseCore'>', hardenedRuntime='0'>'> are: {
}
2023-02-20 01:18:09 +0000 [MT] Writing entitlements for <IDEDistributionItem: 0x600003bd9aa0; bundleID='org.cocoapods.FirebaseCore', path='<DVTFilePath:0x6000034d5880:'/Users/craig/actions-runner/_work/gcode/gcode/build/out/37790665-gps.xcarchive/Products/Applications/gps.app/Frameworks/FirebaseCore.framework'>', codeSigningInfo='<_DVTCodeSigningInformation_Path: 0x600003c9eb20; isSigned='1', isAdHocSigned='0', signingCertificate='<DVTSigningCertificate: 0x600002865ef0; name='Apple Development: Craig Gorman (5JC3XWB44V)', hash='4306BBB633743D94CFC7565694FEA4757730DEB5', serialNumber='494AE56079AD754BE508213DD1272D64', certificateKinds='(
    "1.2.840.113635.100.6.1.12",
    "1.2.840.113635.100.6.1.2"
), issueDate='2022-06-27 06:12:40 +0000''>', entitlements='(null)', teamID='9R8LPM6UR2', identifier='org.cocoapods.FirebaseCore', executablePath='<DVTFilePath:0x6000034e2d10:'/Users/craig/actions-runner/_work/gcode/gcode/build/out/37790665-gps.xcarchive/Products/Applications/gps.app/Frameworks/FirebaseCore.framework/FirebaseCore'>', hardenedRuntime='0'>'> to: /var/folders/sv/h0fz1p090h97prcxzlhf99740000gr/T/XcodeDistPipeline.~~~NAyCP8/entitlements~~~SRtRN9
2023-02-20 01:18:09 +0000 [MT] Running /usr/bin/codesign '-vvv' '--force' '--sign' '9A1D235C02F17F93093236EB8D084528E5FB034C' '--entitlements' '/var/folders/sv/h0fz1p090h97prcxzlhf99740000gr/T/XcodeDistPipeline.~~~NAyCP8/entitlements~~~SRtRN9' '--generate-entitlement-der' '--preserve-metadata=identifier,flags,runtime' '/var/folders/sv/h0fz1p090h97prcxzlhf99740000gr/T/XcodeDistPipeline.~~~NAyCP8/Root/Payload/gps.app/Frameworks/FirebaseCore.framework'
2023-02-20 01:18:09 +0000  /var/folders/sv/h0fz1p090h97prcxzlhf99740000gr/T/XcodeDistPipeline.~~~NAyCP8/Root/Payload/gps.app/Frameworks/FirebaseCore.framework: replacing existing signature
2023-02-20 01:18:09 +0000  /var/folders/sv/h0fz1p090h97prcxzlhf99740000gr/T/XcodeDistPipeline.~~~NAyCP8/Root/Payload/gps.app/Frameworks/FirebaseCore.framework: signed bundle with Mach-O thin (arm64) [org.cocoapods.FirebaseCore]
2023-02-20 01:18:09 +0000 [MT] /usr/bin/codesign exited with 0
2023-02-20 01:18:09 +0000 [MT] Entitlements for <IDEDistributionItem: 0x600003bc70c0; bundleID='org.cocoapods.FirebaseCoreDiagnostics', path='<DVTFilePath:0x600003045a80:'/Users/craig/actions-runner/_work/gcode/gcode/build/out/37790665-gps.xcarchive/Products/Applications/gps.app/Frameworks/FirebaseCoreDiagnostics.framework'>', codeSigningInfo='<_DVTCodeSigningInformation_Path: 0x600003c94ff0; isSigned='1', isAdHocSigned='0', signingCertificate='<DVTSigningCertificate: 0x60000287a940; name='Apple Development: Craig Gorman (5JC3XWB44V)', hash='4306BBB633743D94CFC7565694FEA4757730DEB5', serialNumber='494AE56079AD754BE508213DD1272D64', certificateKinds='(
    "1.2.840.113635.100.6.1.12",
    "1.2.840.113635.100.6.1.2"
), issueDate='2022-06-27 06:12:40 +0000''>', entitlements='(null)', teamID='9R8LPM6UR2', identifier='org.cocoapods.FirebaseCoreDiagnostics', executablePath='<DVTFilePath:0x6000034d2c30:'/Users/craig/actions-runner/_work/gcode/gcode/build/out/37790665-gps.xcarchive/Products/Applications/gps.app/Frameworks/FirebaseCoreDiagnostics.framework/FirebaseCoreDiagnostics'>', hardenedRuntime='0'>'>: {
}
2023-02-20 01:18:09 +0000 [MT] Entitlements for <IDEDistributionItem: 0x600003bc70c0; bundleID='org.cocoapods.FirebaseCoreDiagnostics', path='<DVTFilePath:0x600003045a80:'/Users/craig/actions-runner/_work/gcode/gcode/build/out/37790665-gps.xcarchive/Products/Applications/gps.app/Frameworks/FirebaseCoreDiagnostics.framework'>', codeSigningInfo='<_DVTCodeSigningInformation_Path: 0x600003c94ff0; isSigned='1', isAdHocSigned='0', signingCertificate='<DVTSigningCertificate: 0x6000028082c0; name='Apple Development: Craig Gorman (5JC3XWB44V)', hash='4306BBB633743D94CFC7565694FEA4757730DEB5', serialNumber='494AE56079AD754BE508213DD1272D64', certificateKinds='(
    "1.2.840.113635.100.6.1.12",
    "1.2.840.113635.100.6.1.2"
), issueDate='2022-06-27 06:12:40 +0000''>', entitlements='(null)', teamID='9R8LPM6UR2', identifier='org.cocoapods.FirebaseCoreDiagnostics', executablePath='<DVTFilePath:0x6000034d2c30:'/Users/craig/actions-runner/_work/gcode/gcode/build/out/37790665-gps.xcarchive/Products/Applications/gps.app/Frameworks/FirebaseCoreDiagnostics.framework/FirebaseCoreDiagnostics'>', hardenedRuntime='0'>'> are: {
}
2023-02-20 01:18:09 +0000 [MT] Writing entitlements for <IDEDistributionItem: 0x600003bc70c0; bundleID='org.cocoapods.FirebaseCoreDiagnostics', path='<DVTFilePath:0x600003045a80:'/Users/craig/actions-runner/_work/gcode/gcode/build/out/37790665-gps.xcarchive/Products/Applications/gps.app/Frameworks/FirebaseCoreDiagnostics.framework'>', codeSigningInfo='<_DVTCodeSigningInformation_Path: 0x600003c94ff0; isSigned='1', isAdHocSigned='0', signingCertificate='<DVTSigningCertificate: 0x600002808420; name='Apple Development: Craig Gorman (5JC3XWB44V)', hash='4306BBB633743D94CFC7565694FEA4757730DEB5', serialNumber='494AE56079AD754BE508213DD1272D64', certificateKinds='(
    "1.2.840.113635.100.6.1.12",
    "1.2.840.113635.100.6.1.2"
), issueDate='2022-06-27 06:12:40 +0000''>', entitlements='(null)', teamID='9R8LPM6UR2', identifier='org.cocoapods.FirebaseCoreDiagnostics', executablePath='<DVTFilePath:0x6000034d2c30:'/Users/craig/actions-runner/_work/gcode/gcode/build/out/37790665-gps.xcarchive/Products/Applications/gps.app/Frameworks/FirebaseCoreDiagnostics.framework/FirebaseCoreDiagnostics'>', hardenedRuntime='0'>'> to: /var/folders/sv/h0fz1p090h97prcxzlhf99740000gr/T/XcodeDistPipeline.~~~NAyCP8/entitlements~~~oJCz2f
2023-02-20 01:18:09 +0000 [MT] Running /usr/bin/codesign '-vvv' '--force' '--sign' '9A1D235C02F17F93093236EB8D084528E5FB034C' '--entitlements' '/var/folders/sv/h0fz1p090h97prcxzlhf99740000gr/T/XcodeDistPipeline.~~~NAyCP8/entitlements~~~oJCz2f' '--generate-entitlement-der' '--preserve-metadata=identifier,flags,runtime' '/var/folders/sv/h0fz1p090h97prcxzlhf99740000gr/T/XcodeDistPipeline.~~~NAyCP8/Root/Payload/gps.app/Frameworks/FirebaseCoreDiagnostics.framework'
2023-02-20 01:18:09 +0000  /var/folders/sv/h0fz1p090h97prcxzlhf99740000gr/T/XcodeDistPipeline.~~~NAyCP8/Root/Payload/gps.app/Frameworks/FirebaseCoreDiagnostics.framework: replacing existing signature
2023-02-20 01:18:09 +0000  /var/folders/sv/h0fz1p090h97prcxzlhf99740000gr/T/XcodeDistPipeline.~~~NAyCP8/Root/Payload/gps.app/Frameworks/FirebaseCoreDiagnostics.framework: signed bundle with Mach-O thin (arm64) [org.cocoapods.FirebaseCoreDiagnostics]
2023-02-20 01:18:09 +0000 [MT] /usr/bin/codesign exited with 0
2023-02-20 01:18:09 +0000 [MT] Entitlements for <IDEDistributionItem: 0x600003bd9ce0; bundleID='org.cocoapods.FirebaseCoreInternal', path='<DVTFilePath:0x600003005480:'/Users/craig/actions-runner/_work/gcode/gcode/build/out/37790665-gps.xcarchive/Products/Applications/gps.app/Frameworks/FirebaseCoreInternal.framework'>', codeSigningInfo='<_DVTCodeSigningInformation_Path: 0x600003cab9d0; isSigned='1', isAdHocSigned='0', signingCertificate='<DVTSigningCertificate: 0x600002866470; name='Apple Development: Craig Gorman (5JC3XWB44V)', hash='4306BBB633743D94CFC7565694FEA4757730DEB5', serialNumber='494AE56079AD754BE508213DD1272D64', certificateKinds='(
    "1.2.840.113635.100.6.1.12",
    "1.2.840.113635.100.6.1.2"
), issueDate='2022-06-27 06:12:40 +0000''>', entitlements='(null)', teamID='9R8LPM6UR2', identifier='org.cocoapods.FirebaseCoreInternal', executablePath='<DVTFilePath:0x6000034e2990:'/Users/craig/actions-runner/_work/gcode/gcode/build/out/37790665-gps.xcarchive/Products/Applications/gps.app/Frameworks/FirebaseCoreInternal.framework/FirebaseCoreInternal'>', hardenedRuntime='0'>'>: {
}
2023-02-20 01:18:09 +0000 [MT] Entitlements for <IDEDistributionItem: 0x600003bd9ce0; bundleID='org.cocoapods.FirebaseCoreInternal', path='<DVTFilePath:0x600003005480:'/Users/craig/actions-runner/_work/gcode/gcode/build/out/37790665-gps.xcarchive/Products/Applications/gps.app/Frameworks/FirebaseCoreInternal.framework'>', codeSigningInfo='<_DVTCodeSigningInformation_Path: 0x600003cab9d0; isSigned='1', isAdHocSigned='0', signingCertificate='<DVTSigningCertificate: 0x600002808370; name='Apple Development: Craig Gorman (5JC3XWB44V)', hash='4306BBB633743D94CFC7565694FEA4757730DEB5', serialNumber='494AE56079AD754BE508213DD1272D64', certificateKinds='(
    "1.2.840.113635.100.6.1.12",
    "1.2.840.113635.100.6.1.2"
), issueDate='2022-06-27 06:12:40 +0000''>', entitlements='(null)', teamID='9R8LPM6UR2', identifier='org.cocoapods.FirebaseCoreInternal', executablePath='<DVTFilePath:0x6000034e2990:'/Users/craig/actions-runner/_work/gcode/gcode/build/out/37790665-gps.xcarchive/Products/Applications/gps.app/Frameworks/FirebaseCoreInternal.framework/FirebaseCoreInternal'>', hardenedRuntime='0'>'> are: {
}
2023-02-20 01:18:09 +0000 [MT] Writing entitlements for <IDEDistributionItem: 0x600003bd9ce0; bundleID='org.cocoapods.FirebaseCoreInternal', path='<DVTFilePath:0x600003005480:'/Users/craig/actions-runner/_work/gcode/gcode/build/out/37790665-gps.xcarchive/Products/Applications/gps.app/Frameworks/FirebaseCoreInternal.framework'>', codeSigningInfo='<_DVTCodeSigningInformation_Path: 0x600003cab9d0; isSigned='1', isAdHocSigned='0', signingCertificate='<DVTSigningCertificate: 0x60000287a940; name='Apple Development: Craig Gorman (5JC3XWB44V)', hash='4306BBB633743D94CFC7565694FEA4757730DEB5', serialNumber='494AE56079AD754BE508213DD1272D64', certificateKinds='(
    "1.2.840.113635.100.6.1.12",
    "1.2.840.113635.100.6.1.2"
), issueDate='2022-06-27 06:12:40 +0000''>', entitlements='(null)', teamID='9R8LPM6UR2', identifier='org.cocoapods.FirebaseCoreInternal', executablePath='<DVTFilePath:0x6000034e2990:'/Users/craig/actions-runner/_work/gcode/gcode/build/out/37790665-gps.xcarchive/Products/Applications/gps.app/Frameworks/FirebaseCoreInternal.framework/FirebaseCoreInternal'>', hardenedRuntime='0'>'> to: /var/folders/sv/h0fz1p090h97prcxzlhf99740000gr/T/XcodeDistPipeline.~~~NAyCP8/entitlements~~~lHk0pW
2023-02-20 01:18:09 +0000 [MT] Running /usr/bin/codesign '-vvv' '--force' '--sign' '9A1D235C02F17F93093236EB8D084528E5FB034C' '--entitlements' '/var/folders/sv/h0fz1p090h97prcxzlhf99740000gr/T/XcodeDistPipeline.~~~NAyCP8/entitlements~~~lHk0pW' '--generate-entitlement-der' '--preserve-metadata=identifier,flags,runtime' '/var/folders/sv/h0fz1p090h97prcxzlhf99740000gr/T/XcodeDistPipeline.~~~NAyCP8/Root/Payload/gps.app/Frameworks/FirebaseCoreInternal.framework'
2023-02-20 01:18:09 +0000  /var/folders/sv/h0fz1p090h97prcxzlhf99740000gr/T/XcodeDistPipeline.~~~NAyCP8/Root/Payload/gps.app/Frameworks/FirebaseCoreInternal.framework: replacing existing signature
2023-02-20 01:18:09 +0000  /var/folders/sv/h0fz1p090h97prcxzlhf99740000gr/T/XcodeDistPipeline.~~~NAyCP8/Root/Payload/gps.app/Frameworks/FirebaseCoreInternal.framework: signed bundle with Mach-O thin (arm64) [org.cocoapods.FirebaseCoreInternal]
2023-02-20 01:18:09 +0000 [MT] /usr/bin/codesign exited with 0
2023-02-20 01:18:09 +0000 [MT] Entitlements for <IDEDistributionItem: 0x600003bd9d40; bundleID='org.cocoapods.FirebaseInstallations', path='<DVTFilePath:0x600003045400:'/Users/craig/actions-runner/_work/gcode/gcode/build/out/37790665-gps.xcarchive/Products/Applications/gps.app/Frameworks/FirebaseInstallations.framework'>', codeSigningInfo='<_DVTCodeSigningInformation_Path: 0x600003c9a3a0; isSigned='1', isAdHocSigned='0', signingCertificate='<DVTSigningCertificate: 0x600002808160; name='Apple Development: Craig Gorman (5JC3XWB44V)', hash='4306BBB633743D94CFC7565694FEA4757730DEB5', serialNumber='494AE56079AD754BE508213DD1272D64', certificateKinds='(
    "1.2.840.113635.100.6.1.12",
    "1.2.840.113635.100.6.1.2"
), issueDate='2022-06-27 06:12:40 +0000''>', entitlements='(null)', teamID='9R8LPM6UR2', identifier='org.cocoapods.FirebaseInstallations', executablePath='<DVTFilePath:0x6000034d26f0:'/Users/craig/actions-runner/_work/gcode/gcode/build/out/37790665-gps.xcarchive/Products/Applications/gps.app/Frameworks/FirebaseInstallations.framework/FirebaseInstallations'>', hardenedRuntime='0'>'>: {
}
2023-02-20 01:18:09 +0000 [MT] Entitlements for <IDEDistributionItem: 0x600003bd9d40; bundleID='org.cocoapods.FirebaseInstallations', path='<DVTFilePath:0x600003045400:'/Users/craig/actions-runner/_work/gcode/gcode/build/out/37790665-gps.xcarchive/Products/Applications/gps.app/Frameworks/FirebaseInstallations.framework'>', codeSigningInfo='<_DVTCodeSigningInformation_Path: 0x600003c9a3a0; isSigned='1', isAdHocSigned='0', signingCertificate='<DVTSigningCertificate: 0x600002808420; name='Apple Development: Craig Gorman (5JC3XWB44V)', hash='4306BBB633743D94CFC7565694FEA4757730DEB5', serialNumber='494AE56079AD754BE508213DD1272D64', certificateKinds='(
    "1.2.840.113635.100.6.1.12",
    "1.2.840.113635.100.6.1.2"
), issueDate='2022-06-27 06:12:40 +0000''>', entitlements='(null)', teamID='9R8LPM6UR2', identifier='org.cocoapods.FirebaseInstallations', executablePath='<DVTFilePath:0x6000034d26f0:'/Users/craig/actions-runner/_work/gcode/gcode/build/out/37790665-gps.xcarchive/Products/Applications/gps.app/Frameworks/FirebaseInstallations.framework/FirebaseInstallations'>', hardenedRuntime='0'>'> are: {
}
2023-02-20 01:18:09 +0000 [MT] Writing entitlements for <IDEDistributionItem: 0x600003bd9d40; bundleID='org.cocoapods.FirebaseInstallations', path='<DVTFilePath:0x600003045400:'/Users/craig/actions-runner/_work/gcode/gcode/build/out/37790665-gps.xcarchive/Products/Applications/gps.app/Frameworks/FirebaseInstallations.framework'>', codeSigningInfo='<_DVTCodeSigningInformation_Path: 0x600003c9a3a0; isSigned='1', isAdHocSigned='0', signingCertificate='<DVTSigningCertificate: 0x600002866470; name='Apple Development: Craig Gorman (5JC3XWB44V)', hash='4306BBB633743D94CFC7565694FEA4757730DEB5', serialNumber='494AE56079AD754BE508213DD1272D64', certificateKinds='(
    "1.2.840.113635.100.6.1.12",
    "1.2.840.113635.100.6.1.2"
), issueDate='2022-06-27 06:12:40 +0000''>', entitlements='(null)', teamID='9R8LPM6UR2', identifier='org.cocoapods.FirebaseInstallations', executablePath='<DVTFilePath:0x6000034d26f0:'/Users/craig/actions-runner/_work/gcode/gcode/build/out/37790665-gps.xcarchive/Products/Applications/gps.app/Frameworks/FirebaseInstallations.framework/FirebaseInstallations'>', hardenedRuntime='0'>'> to: /var/folders/sv/h0fz1p090h97prcxzlhf99740000gr/T/XcodeDistPipeline.~~~NAyCP8/entitlements~~~S9qLdr
2023-02-20 01:18:09 +0000 [MT] Running /usr/bin/codesign '-vvv' '--force' '--sign' '9A1D235C02F17F93093236EB8D084528E5FB034C' '--entitlements' '/var/folders/sv/h0fz1p090h97prcxzlhf99740000gr/T/XcodeDistPipeline.~~~NAyCP8/entitlements~~~S9qLdr' '--generate-entitlement-der' '--preserve-metadata=identifier,flags,runtime' '/var/folders/sv/h0fz1p090h97prcxzlhf99740000gr/T/XcodeDistPipeline.~~~NAyCP8/Root/Payload/gps.app/Frameworks/FirebaseInstallations.framework'
2023-02-20 01:18:10 +0000  /var/folders/sv/h0fz1p090h97prcxzlhf99740000gr/T/XcodeDistPipeline.~~~NAyCP8/Root/Payload/gps.app/Frameworks/FirebaseInstallations.framework: replacing existing signature
2023-02-20 01:18:10 +0000  /var/folders/sv/h0fz1p090h97prcxzlhf99740000gr/T/XcodeDistPipeline.~~~NAyCP8/Root/Payload/gps.app/Frameworks/FirebaseInstallations.framework: signed bundle with Mach-O thin (arm64) [org.cocoapods.FirebaseInstallations]
2023-02-20 01:18:10 +0000 [MT] /usr/bin/codesign exited with 0
2023-02-20 01:18:10 +0000 [MT] Entitlements for <IDEDistributionItem: 0x600003bd0180; bundleID='org.cocoapods.FirebaseMessaging', path='<DVTFilePath:0x600003016280:'/Users/craig/actions-runner/_work/gcode/gcode/build/out/37790665-gps.xcarchive/Products/Applications/gps.app/Frameworks/FirebaseMessaging.framework'>', codeSigningInfo='<_DVTCodeSigningInformation_Path: 0x600003c9f570; isSigned='1', isAdHocSigned='0', signingCertificate='<DVTSigningCertificate: 0x60000287a940; name='Apple Development: Craig Gorman (5JC3XWB44V)', hash='4306BBB633743D94CFC7565694FEA4757730DEB5', serialNumber='494AE56079AD754BE508213DD1272D64', certificateKinds='(
    "1.2.840.113635.100.6.1.12",
    "1.2.840.113635.100.6.1.2"
), issueDate='2022-06-27 06:12:40 +0000''>', entitlements='(null)', teamID='9R8LPM6UR2', identifier='org.cocoapods.FirebaseMessaging', executablePath='<DVTFilePath:0x6000034e3250:'/Users/craig/actions-runner/_work/gcode/gcode/build/out/37790665-gps.xcarchive/Products/Applications/gps.app/Frameworks/FirebaseMessaging.framework/FirebaseMessaging'>', hardenedRuntime='0'>'>: {
}
2023-02-20 01:18:10 +0000 [MT] Entitlements for <IDEDistributionItem: 0x600003bd0180; bundleID='org.cocoapods.FirebaseMessaging', path='<DVTFilePath:0x600003016280:'/Users/craig/actions-runner/_work/gcode/gcode/build/out/37790665-gps.xcarchive/Products/Applications/gps.app/Frameworks/FirebaseMessaging.framework'>', codeSigningInfo='<_DVTCodeSigningInformation_Path: 0x600003c9f570; isSigned='1', isAdHocSigned='0', signingCertificate='<DVTSigningCertificate: 0x6000028082c0; name='Apple Development: Craig Gorman (5JC3XWB44V)', hash='4306BBB633743D94CFC7565694FEA4757730DEB5', serialNumber='494AE56079AD754BE508213DD1272D64', certificateKinds='(
    "1.2.840.113635.100.6.1.12",
    "1.2.840.113635.100.6.1.2"
), issueDate='2022-06-27 06:12:40 +0000''>', entitlements='(null)', teamID='9R8LPM6UR2', identifier='org.cocoapods.FirebaseMessaging', executablePath='<DVTFilePath:0x6000034e3250:'/Users/craig/actions-runner/_work/gcode/gcode/build/out/37790665-gps.xcarchive/Products/Applications/gps.app/Frameworks/FirebaseMessaging.framework/FirebaseMessaging'>', hardenedRuntime='0'>'> are: {
}
2023-02-20 01:18:10 +0000 [MT] Writing entitlements for <IDEDistributionItem: 0x600003bd0180; bundleID='org.cocoapods.FirebaseMessaging', path='<DVTFilePath:0x600003016280:'/Users/craig/actions-runner/_work/gcode/gcode/build/out/37790665-gps.xcarchive/Products/Applications/gps.app/Frameworks/FirebaseMessaging.framework'>', codeSigningInfo='<_DVTCodeSigningInformation_Path: 0x600003c9f570; isSigned='1', isAdHocSigned='0', signingCertificate='<DVTSigningCertificate: 0x6000028744d0; name='Apple Development: Craig Gorman (5JC3XWB44V)', hash='4306BBB633743D94CFC7565694FEA4757730DEB5', serialNumber='494AE56079AD754BE508213DD1272D64', certificateKinds='(
    "1.2.840.113635.100.6.1.12",
    "1.2.840.113635.100.6.1.2"
), issueDate='2022-06-27 06:12:40 +0000''>', entitlements='(null)', teamID='9R8LPM6UR2', identifier='org.cocoapods.FirebaseMessaging', executablePath='<DVTFilePath:0x6000034e3250:'/Users/craig/actions-runner/_work/gcode/gcode/build/out/37790665-gps.xcarchive/Products/Applications/gps.app/Frameworks/FirebaseMessaging.framework/FirebaseMessaging'>', hardenedRuntime='0'>'> to: /var/folders/sv/h0fz1p090h97prcxzlhf99740000gr/T/XcodeDistPipeline.~~~NAyCP8/entitlements~~~IY15T2
2023-02-20 01:18:10 +0000 [MT] Running /usr/bin/codesign '-vvv' '--force' '--sign' '9A1D235C02F17F93093236EB8D084528E5FB034C' '--entitlements' '/var/folders/sv/h0fz1p090h97prcxzlhf99740000gr/T/XcodeDistPipeline.~~~NAyCP8/entitlements~~~IY15T2' '--generate-entitlement-der' '--preserve-metadata=identifier,flags,runtime' '/var/folders/sv/h0fz1p090h97prcxzlhf99740000gr/T/XcodeDistPipeline.~~~NAyCP8/Root/Payload/gps.app/Frameworks/FirebaseMessaging.framework'
2023-02-20 01:18:10 +0000  /var/folders/sv/h0fz1p090h97prcxzlhf99740000gr/T/XcodeDistPipeline.~~~NAyCP8/Root/Payload/gps.app/Frameworks/FirebaseMessaging.framework: replacing existing signature
2023-02-20 01:18:10 +0000  /var/folders/sv/h0fz1p090h97prcxzlhf99740000gr/T/XcodeDistPipeline.~~~NAyCP8/Root/Payload/gps.app/Frameworks/FirebaseMessaging.framework: signed bundle with Mach-O thin (arm64) [org.cocoapods.FirebaseMessaging]
2023-02-20 01:18:10 +0000 [MT] /usr/bin/codesign exited with 0
2023-02-20 01:18:10 +0000 [MT] Entitlements for <IDEDistributionItem: 0x600003bc0360; bundleID='org.cocoapods.GoogleDataTransport', path='<DVTFilePath:0x600003044580:'/Users/craig/actions-runner/_work/gcode/gcode/build/out/37790665-gps.xcarchive/Products/Applications/gps.app/Frameworks/GoogleDataTransport.framework'>', codeSigningInfo='<_DVTCodeSigningInformation_Path: 0x600003c94c30; isSigned='1', isAdHocSigned='0', signingCertificate='<DVTSigningCertificate: 0x600002808160; name='Apple Development: Craig Gorman (5JC3XWB44V)', hash='4306BBB633743D94CFC7565694FEA4757730DEB5', serialNumber='494AE56079AD754BE508213DD1272D64', certificateKinds='(
    "1.2.840.113635.100.6.1.12",
    "1.2.840.113635.100.6.1.2"
), issueDate='2022-06-27 06:12:40 +0000''>', entitlements='(null)', teamID='9R8LPM6UR2', identifier='org.cocoapods.GoogleDataTransport', executablePath='<DVTFilePath:0x6000034e2680:'/Users/craig/actions-runner/_work/gcode/gcode/build/out/37790665-gps.xcarchive/Products/Applications/gps.app/Frameworks/GoogleDataTransport.framework/GoogleDataTransport'>', hardenedRuntime='0'>'>: {
}
2023-02-20 01:18:10 +0000 [MT] Entitlements for <IDEDistributionItem: 0x600003bc0360; bundleID='org.cocoapods.GoogleDataTransport', path='<DVTFilePath:0x600003044580:'/Users/craig/actions-runner/_work/gcode/gcode/build/out/37790665-gps.xcarchive/Products/Applications/gps.app/Frameworks/GoogleDataTransport.framework'>', codeSigningInfo='<_DVTCodeSigningInformation_Path: 0x600003c94c30; isSigned='1', isAdHocSigned='0', signingCertificate='<DVTSigningCertificate: 0x600002808420; name='Apple Development: Craig Gorman (5JC3XWB44V)', hash='4306BBB633743D94CFC7565694FEA4757730DEB5', serialNumber='494AE56079AD754BE508213DD1272D64', certificateKinds='(
    "1.2.840.113635.100.6.1.12",
    "1.2.840.113635.100.6.1.2"
), issueDate='2022-06-27 06:12:40 +0000''>', entitlements='(null)', teamID='9R8LPM6UR2', identifier='org.cocoapods.GoogleDataTransport', executablePath='<DVTFilePath:0x6000034e2680:'/Users/craig/actions-runner/_work/gcode/gcode/build/out/37790665-gps.xcarchive/Products/Applications/gps.app/Frameworks/GoogleDataTransport.framework/GoogleDataTransport'>', hardenedRuntime='0'>'> are: {
}
2023-02-20 01:18:10 +0000 [MT] Writing entitlements for <IDEDistributionItem: 0x600003bc0360; bundleID='org.cocoapods.GoogleDataTransport', path='<DVTFilePath:0x600003044580:'/Users/craig/actions-runner/_work/gcode/gcode/build/out/37790665-gps.xcarchive/Products/Applications/gps.app/Frameworks/GoogleDataTransport.framework'>', codeSigningInfo='<_DVTCodeSigningInformation_Path: 0x600003c94c30; isSigned='1', isAdHocSigned='0', signingCertificate='<DVTSigningCertificate: 0x600002808580; name='Apple Development: Craig Gorman (5JC3XWB44V)', hash='4306BBB633743D94CFC7565694FEA4757730DEB5', serialNumber='494AE56079AD754BE508213DD1272D64', certificateKinds='(
    "1.2.840.113635.100.6.1.12",
    "1.2.840.113635.100.6.1.2"
), issueDate='2022-06-27 06:12:40 +0000''>', entitlements='(null)', teamID='9R8LPM6UR2', identifier='org.cocoapods.GoogleDataTransport', executablePath='<DVTFilePath:0x6000034e2680:'/Users/craig/actions-runner/_work/gcode/gcode/build/out/37790665-gps.xcarchive/Products/Applications/gps.app/Frameworks/GoogleDataTransport.framework/GoogleDataTransport'>', hardenedRuntime='0'>'> to: /var/folders/sv/h0fz1p090h97prcxzlhf99740000gr/T/XcodeDistPipeline.~~~NAyCP8/entitlements~~~8bljgO
2023-02-20 01:18:10 +0000 [MT] Running /usr/bin/codesign '-vvv' '--force' '--sign' '9A1D235C02F17F93093236EB8D084528E5FB034C' '--entitlements' '/var/folders/sv/h0fz1p090h97prcxzlhf99740000gr/T/XcodeDistPipeline.~~~NAyCP8/entitlements~~~8bljgO' '--generate-entitlement-der' '--preserve-metadata=identifier,flags,runtime' '/var/folders/sv/h0fz1p090h97prcxzlhf99740000gr/T/XcodeDistPipeline.~~~NAyCP8/Root/Payload/gps.app/Frameworks/GoogleDataTransport.framework'
2023-02-20 01:18:10 +0000  /var/folders/sv/h0fz1p090h97prcxzlhf99740000gr/T/XcodeDistPipeline.~~~NAyCP8/Root/Payload/gps.app/Frameworks/GoogleDataTransport.framework: replacing existing signature
2023-02-20 01:18:10 +0000  /var/folders/sv/h0fz1p090h97prcxzlhf99740000gr/T/XcodeDistPipeline.~~~NAyCP8/Root/Payload/gps.app/Frameworks/GoogleDataTransport.framework: signed bundle with Mach-O thin (arm64) [org.cocoapods.GoogleDataTransport]
2023-02-20 01:18:10 +0000 [MT] /usr/bin/codesign exited with 0
2023-02-20 01:18:10 +0000 [MT] Entitlements for <IDEDistributionItem: 0x600003bd0000; bundleID='org.cocoapods.GoogleUtilities', path='<DVTFilePath:0x600003015180:'/Users/craig/actions-runner/_work/gcode/gcode/build/out/37790665-gps.xcarchive/Products/Applications/gps.app/Frameworks/GoogleUtilities.framework'>', codeSigningInfo='<_DVTCodeSigningInformation_Path: 0x600003c95540; isSigned='1', isAdHocSigned='0', signingCertificate='<DVTSigningCertificate: 0x600002808160; name='Apple Development: Craig Gorman (5JC3XWB44V)', hash='4306BBB633743D94CFC7565694FEA4757730DEB5', serialNumber='494AE56079AD754BE508213DD1272D64', certificateKinds='(
    "1.2.840.113635.100.6.1.12",
    "1.2.840.113635.100.6.1.2"
), issueDate='2022-06-27 06:12:40 +0000''>', entitlements='(null)', teamID='9R8LPM6UR2', identifier='org.cocoapods.GoogleUtilities', executablePath='<DVTFilePath:0x6000034e2fb0:'/Users/craig/actions-runner/_work/gcode/gcode/build/out/37790665-gps.xcarchive/Products/Applications/gps.app/Frameworks/GoogleUtilities.framework/GoogleUtilities'>', hardenedRuntime='0'>'>: {
}
2023-02-20 01:18:10 +0000 [MT] Entitlements for <IDEDistributionItem: 0x600003bd0000; bundleID='org.cocoapods.GoogleUtilities', path='<DVTFilePath:0x600003015180:'/Users/craig/actions-runner/_work/gcode/gcode/build/out/37790665-gps.xcarchive/Products/Applications/gps.app/Frameworks/GoogleUtilities.framework'>', codeSigningInfo='<_DVTCodeSigningInformation_Path: 0x600003c95540; isSigned='1', isAdHocSigned='0', signingCertificate='<DVTSigningCertificate: 0x600002808420; name='Apple Development: Craig Gorman (5JC3XWB44V)', hash='4306BBB633743D94CFC7565694FEA4757730DEB5', serialNumber='494AE56079AD754BE508213DD1272D64', certificateKinds='(
    "1.2.840.113635.100.6.1.12",
    "1.2.840.113635.100.6.1.2"
), issueDate='2022-06-27 06:12:40 +0000''>', entitlements='(null)', teamID='9R8LPM6UR2', identifier='org.cocoapods.GoogleUtilities', executablePath='<DVTFilePath:0x6000034e2fb0:'/Users/craig/actions-runner/_work/gcode/gcode/build/out/37790665-gps.xcarchive/Products/Applications/gps.app/Frameworks/GoogleUtilities.framework/GoogleUtilities'>', hardenedRuntime='0'>'> are: {
}
2023-02-20 01:18:10 +0000 [MT] Writing entitlements for <IDEDistributionItem: 0x600003bd0000; bundleID='org.cocoapods.GoogleUtilities', path='<DVTFilePath:0x600003015180:'/Users/craig/actions-runner/_work/gcode/gcode/build/out/37790665-gps.xcarchive/Products/Applications/gps.app/Frameworks/GoogleUtilities.framework'>', codeSigningInfo='<_DVTCodeSigningInformation_Path: 0x600003c95540; isSigned='1', isAdHocSigned='0', signingCertificate='<DVTSigningCertificate: 0x6000028740b0; name='Apple Development: Craig Gorman (5JC3XWB44V)', hash='4306BBB633743D94CFC7565694FEA4757730DEB5', serialNumber='494AE56079AD754BE508213DD1272D64', certificateKinds='(
    "1.2.840.113635.100.6.1.12",
    "1.2.840.113635.100.6.1.2"
), issueDate='2022-06-27 06:12:40 +0000''>', entitlements='(null)', teamID='9R8LPM6UR2', identifier='org.cocoapods.GoogleUtilities', executablePath='<DVTFilePath:0x6000034e2fb0:'/Users/craig/actions-runner/_work/gcode/gcode/build/out/37790665-gps.xcarchive/Products/Applications/gps.app/Frameworks/GoogleUtilities.framework/GoogleUtilities'>', hardenedRuntime='0'>'> to: /var/folders/sv/h0fz1p090h97prcxzlhf99740000gr/T/XcodeDistPipeline.~~~NAyCP8/entitlements~~~Fcwfyz
2023-02-20 01:18:10 +0000 [MT] Running /usr/bin/codesign '-vvv' '--force' '--sign' '9A1D235C02F17F93093236EB8D084528E5FB034C' '--entitlements' '/var/folders/sv/h0fz1p090h97prcxzlhf99740000gr/T/XcodeDistPipeline.~~~NAyCP8/entitlements~~~Fcwfyz' '--generate-entitlement-der' '--preserve-metadata=identifier,flags,runtime' '/var/folders/sv/h0fz1p090h97prcxzlhf99740000gr/T/XcodeDistPipeline.~~~NAyCP8/Root/Payload/gps.app/Frameworks/GoogleUtilities.framework'
2023-02-20 01:18:10 +0000  /var/folders/sv/h0fz1p090h97prcxzlhf99740000gr/T/XcodeDistPipeline.~~~NAyCP8/Root/Payload/gps.app/Frameworks/GoogleUtilities.framework: replacing existing signature
2023-02-20 01:18:10 +0000  /var/folders/sv/h0fz1p090h97prcxzlhf99740000gr/T/XcodeDistPipeline.~~~NAyCP8/Root/Payload/gps.app/Frameworks/GoogleUtilities.framework: signed bundle with Mach-O thin (arm64) [org.cocoapods.GoogleUtilities]
2023-02-20 01:18:10 +0000 [MT] /usr/bin/codesign exited with 0
2023-02-20 01:18:10 +0000 [MT] Entitlements for <IDEDistributionItem: 0x600003bc64c0; bundleID='org.cocoapods.nanopb', path='<DVTFilePath:0x6000034f8cb0:'/Users/craig/actions-runner/_work/gcode/gcode/build/out/37790665-gps.xcarchive/Products/Applications/gps.app/Frameworks/nanopb.framework'>', codeSigningInfo='<_DVTCodeSigningInformation_Path: 0x600003cab480; isSigned='1', isAdHocSigned='0', signingCertificate='<DVTSigningCertificate: 0x600002808160; name='Apple Development: Craig Gorman (5JC3XWB44V)', hash='4306BBB633743D94CFC7565694FEA4757730DEB5', serialNumber='494AE56079AD754BE508213DD1272D64', certificateKinds='(
    "1.2.840.113635.100.6.1.12",
    "1.2.840.113635.100.6.1.2"
), issueDate='2022-06-27 06:12:40 +0000''>', entitlements='(null)', teamID='9R8LPM6UR2', identifier='org.cocoapods.nanopb', executablePath='<DVTFilePath:0x600003bc30c0:'/Users/craig/actions-runner/_work/gcode/gcode/build/out/37790665-gps.xcarchive/Products/Applications/gps.app/Frameworks/nanopb.framework/nanopb'>', hardenedRuntime='0'>'>: {
}
2023-02-20 01:18:10 +0000 [MT] Entitlements for <IDEDistributionItem: 0x600003bc64c0; bundleID='org.cocoapods.nanopb', path='<DVTFilePath:0x6000034f8cb0:'/Users/craig/actions-runner/_work/gcode/gcode/build/out/37790665-gps.xcarchive/Products/Applications/gps.app/Frameworks/nanopb.framework'>', codeSigningInfo='<_DVTCodeSigningInformation_Path: 0x600003cab480; isSigned='1', isAdHocSigned='0', signingCertificate='<DVTSigningCertificate: 0x60000287ae10; name='Apple Development: Craig Gorman (5JC3XWB44V)', hash='4306BBB633743D94CFC7565694FEA4757730DEB5', serialNumber='494AE56079AD754BE508213DD1272D64', certificateKinds='(
    "1.2.840.113635.100.6.1.12",
    "1.2.840.113635.100.6.1.2"
), issueDate='2022-06-27 06:12:40 +0000''>', entitlements='(null)', teamID='9R8LPM6UR2', identifier='org.cocoapods.nanopb', executablePath='<DVTFilePath:0x600003bc30c0:'/Users/craig/actions-runner/_work/gcode/gcode/build/out/37790665-gps.xcarchive/Products/Applications/gps.app/Frameworks/nanopb.framework/nanopb'>', hardenedRuntime='0'>'> are: {
}
2023-02-20 01:18:10 +0000 [MT] Writing entitlements for <IDEDistributionItem: 0x600003bc64c0; bundleID='org.cocoapods.nanopb', path='<DVTFilePath:0x6000034f8cb0:'/Users/craig/actions-runner/_work/gcode/gcode/build/out/37790665-gps.xcarchive/Products/Applications/gps.app/Frameworks/nanopb.framework'>', codeSigningInfo='<_DVTCodeSigningInformation_Path: 0x600003cab480; isSigned='1', isAdHocSigned='0', signingCertificate='<DVTSigningCertificate: 0x600002808370; name='Apple Development: Craig Gorman (5JC3XWB44V)', hash='4306BBB633743D94CFC7565694FEA4757730DEB5', serialNumber='494AE56079AD754BE508213DD1272D64', certificateKinds='(
    "1.2.840.113635.100.6.1.12",
    "1.2.840.113635.100.6.1.2"
), issueDate='2022-06-27 06:12:40 +0000''>', entitlements='(null)', teamID='9R8LPM6UR2', identifier='org.cocoapods.nanopb', executablePath='<DVTFilePath:0x600003bc30c0:'/Users/craig/actions-runner/_work/gcode/gcode/build/out/37790665-gps.xcarchive/Products/Applications/gps.app/Frameworks/nanopb.framework/nanopb'>', hardenedRuntime='0'>'> to: /var/folders/sv/h0fz1p090h97prcxzlhf99740000gr/T/XcodeDistPipeline.~~~NAyCP8/entitlements~~~mfI4bu
2023-02-20 01:18:10 +0000 [MT] Running /usr/bin/codesign '-vvv' '--force' '--sign' '9A1D235C02F17F93093236EB8D084528E5FB034C' '--entitlements' '/var/folders/sv/h0fz1p090h97prcxzlhf99740000gr/T/XcodeDistPipeline.~~~NAyCP8/entitlements~~~mfI4bu' '--generate-entitlement-der' '--preserve-metadata=identifier,flags,runtime' '/var/folders/sv/h0fz1p090h97prcxzlhf99740000gr/T/XcodeDistPipeline.~~~NAyCP8/Root/Payload/gps.app/Frameworks/nanopb.framework'
2023-02-20 01:18:10 +0000  /var/folders/sv/h0fz1p090h97prcxzlhf99740000gr/T/XcodeDistPipeline.~~~NAyCP8/Root/Payload/gps.app/Frameworks/nanopb.framework: replacing existing signature
2023-02-20 01:18:10 +0000  /var/folders/sv/h0fz1p090h97prcxzlhf99740000gr/T/XcodeDistPipeline.~~~NAyCP8/Root/Payload/gps.app/Frameworks/nanopb.framework: signed bundle with Mach-O thin (arm64) [org.cocoapods.nanopb]
2023-02-20 01:18:10 +0000 [MT] /usr/bin/codesign exited with 0
2023-02-20 01:18:10 +0000 [MT] Entitlements for <IDEDistributionItem: 0x600003b2d2c0; bundleID='au.com.gcode.37790665-gps', path='<DVTFilePath:0x600003bc9740:'/Users/craig/actions-runner/_work/gcode/gcode/build/out/37790665-gps.xcarchive/Products/Applications/gps.app'>', codeSigningInfo='<_DVTCodeSigningInformation_Path: 0x600003c951d0; isSigned='1', isAdHocSigned='0', signingCertificate='<DVTSigningCertificate: 0x60000287ae10; name='Apple Development: Craig Gorman (5JC3XWB44V)', hash='4306BBB633743D94CFC7565694FEA4757730DEB5', serialNumber='494AE56079AD754BE508213DD1272D64', certificateKinds='(
    "1.2.840.113635.100.6.1.12",
    "1.2.840.113635.100.6.1.2"
), issueDate='2022-06-27 06:12:40 +0000''>', entitlements='{
    "application-identifier" = "9R8LPM6UR2.au.com.gcode.37790665-gps";
    "aps-environment" = development;
    "com.apple.developer.associated-domains" =     (
        "applinks:gcode.com.au",
        "webcredentials:gcode.com.au"
    );
    "com.apple.developer.team-identifier" = 9R8LPM6UR2;
    "get-task-allow" = 1;
}', teamID='9R8LPM6UR2', identifier='au.com.gcode.37790665-gps', executablePath='<DVTFilePath:0x600003b13240:'/Users/craig/actions-runner/_work/gcode/gcode/build/out/37790665-gps.xcarchive/Products/Applications/gps.app/gps'>', hardenedRuntime='0'>'>: {
    "application-identifier" = "9R8LPM6UR2.au.com.gcode.37790665-gps";
    "aps-environment" = production;
    "com.apple.developer.associated-domains" =     (
        "applinks:gcode.com.au",
        "webcredentials:gcode.com.au"
    );
    "com.apple.developer.team-identifier" = 9R8LPM6UR2;
    "get-task-allow" = 0;
}
2023-02-20 01:18:10 +0000 [MT] Entitlements for <IDEDistributionItem: 0x600003b2d2c0; bundleID='au.com.gcode.37790665-gps', path='<DVTFilePath:0x600003bc9740:'/Users/craig/actions-runner/_work/gcode/gcode/build/out/37790665-gps.xcarchive/Products/Applications/gps.app'>', codeSigningInfo='<_DVTCodeSigningInformation_Path: 0x600003c951d0; isSigned='1', isAdHocSigned='0', signingCertificate='<DVTSigningCertificate: 0x600002808370; name='Apple Development: Craig Gorman (5JC3XWB44V)', hash='4306BBB633743D94CFC7565694FEA4757730DEB5', serialNumber='494AE56079AD754BE508213DD1272D64', certificateKinds='(
    "1.2.840.113635.100.6.1.12",
    "1.2.840.113635.100.6.1.2"
), issueDate='2022-06-27 06:12:40 +0000''>', entitlements='{
    "application-identifier" = "9R8LPM6UR2.au.com.gcode.37790665-gps";
    "aps-environment" = development;
    "com.apple.developer.associated-domains" =     (
        "applinks:gcode.com.au",
        "webcredentials:gcode.com.au"
    );
    "com.apple.developer.team-identifier" = 9R8LPM6UR2;
    "get-task-allow" = 1;
}', teamID='9R8LPM6UR2', identifier='au.com.gcode.37790665-gps', executablePath='<DVTFilePath:0x600003b13240:'/Users/craig/actions-runner/_work/gcode/gcode/build/out/37790665-gps.xcarchive/Products/Applications/gps.app/gps'>', hardenedRuntime='0'>'> are: {
    "application-identifier" = "9R8LPM6UR2.au.com.gcode.37790665-gps";
    "aps-environment" = production;
    "com.apple.developer.associated-domains" =     (
        "applinks:gcode.com.au",
        "webcredentials:gcode.com.au"
    );
    "com.apple.developer.team-identifier" = 9R8LPM6UR2;
    "get-task-allow" = 0;
}
2023-02-20 01:18:10 +0000 [MT] Writing entitlements for <IDEDistributionItem: 0x600003b2d2c0; bundleID='au.com.gcode.37790665-gps', path='<DVTFilePath:0x600003bc9740:'/Users/craig/actions-runner/_work/gcode/gcode/build/out/37790665-gps.xcarchive/Products/Applications/gps.app'>', codeSigningInfo='<_DVTCodeSigningInformation_Path: 0x600003c951d0; isSigned='1', isAdHocSigned='0', signingCertificate='<DVTSigningCertificate: 0x6000028665d0; name='Apple Development: Craig Gorman (5JC3XWB44V)', hash='4306BBB633743D94CFC7565694FEA4757730DEB5', serialNumber='494AE56079AD754BE508213DD1272D64', certificateKinds='(
    "1.2.840.113635.100.6.1.12",
    "1.2.840.113635.100.6.1.2"
), issueDate='2022-06-27 06:12:40 +0000''>', entitlements='{
    "application-identifier" = "9R8LPM6UR2.au.com.gcode.37790665-gps";
    "aps-environment" = development;
    "com.apple.developer.associated-domains" =     (
        "applinks:gcode.com.au",
        "webcredentials:gcode.com.au"
    );
    "com.apple.developer.team-identifier" = 9R8LPM6UR2;
    "get-task-allow" = 1;
}', teamID='9R8LPM6UR2', identifier='au.com.gcode.37790665-gps', executablePath='<DVTFilePath:0x600003b13240:'/Users/craig/actions-runner/_work/gcode/gcode/build/out/37790665-gps.xcarchive/Products/Applications/gps.app/gps'>', hardenedRuntime='0'>'> to: /var/folders/sv/h0fz1p090h97prcxzlhf99740000gr/T/XcodeDistPipeline.~~~NAyCP8/entitlements~~~HUSqMU
2023-02-20 01:18:10 +0000 [MT] Running /usr/bin/codesign '-vvv' '--force' '--sign' '9A1D235C02F17F93093236EB8D084528E5FB034C' '--entitlements' '/var/folders/sv/h0fz1p090h97prcxzlhf99740000gr/T/XcodeDistPipeline.~~~NAyCP8/entitlements~~~HUSqMU' '--generate-entitlement-der' '--preserve-metadata=identifier,flags,runtime' '/var/folders/sv/h0fz1p090h97prcxzlhf99740000gr/T/XcodeDistPipeline.~~~NAyCP8/Root/Payload/gps.app'
2023-02-20 01:18:10 +0000  /var/folders/sv/h0fz1p090h97prcxzlhf99740000gr/T/XcodeDistPipeline.~~~NAyCP8/Root/Payload/gps.app: replacing existing signature
2023-02-20 01:18:10 +0000  /var/folders/sv/h0fz1p090h97prcxzlhf99740000gr/T/XcodeDistPipeline.~~~NAyCP8/Root/Payload/gps.app: signed app bundle with Mach-O thin (arm64) [au.com.gcode.37790665-gps]
2023-02-20 01:18:10 +0000 [MT] /usr/bin/codesign exited with 0
2023-02-20 01:18:10 +0000 [MT] Processing step: IDEDistributionZipODRItemStep
2023-02-20 01:18:10 +0000 [MT] Skipping step: IDEDistributionZipODRItemStep because it said so
2023-02-20 01:18:10 +0000 [MT] Skipping step: IDEDistributionZipODRItemStep because it said so
2023-02-20 01:18:10 +0000 [MT] Skipping step: IDEDistributionZipODRItemStep because it said so
2023-02-20 01:18:10 +0000 [MT] Skipping step: IDEDistributionZipODRItemStep because it said so
2023-02-20 01:18:10 +0000 [MT] Skipping step: IDEDistributionZipODRItemStep because it said so
2023-02-20 01:18:10 +0000 [MT] Skipping step: IDEDistributionZipODRItemStep because it said so
2023-02-20 01:18:10 +0000 [MT] Skipping step: IDEDistributionZipODRItemStep because it said so
2023-02-20 01:18:10 +0000 [MT] Skipping step: IDEDistributionZipODRItemStep because it said so
2023-02-20 01:18:10 +0000 [MT] Skipping step: IDEDistributionZipODRItemStep because it said so
2023-02-20 01:18:10 +0000 [MT] Skipping step: IDEDistributionZipODRItemStep because it said so
2023-02-20 01:18:10 +0000 [MT] Processing step: IDEDistributionCreateIPAStep
2023-02-20 01:18:10 +0000 [MT] Running /usr/bin/ditto '-V' '-c' '-k' '--norsrc' '/var/folders/sv/h0fz1p090h97prcxzlhf99740000gr/T/XcodeDistPipeline.~~~NAyCP8/Root' '/var/folders/sv/h0fz1p090h97prcxzlhf99740000gr/T/XcodeDistPipeline.~~~NAyCP8/Packages/gps.ipa'
2023-02-20 01:18:10 +0000  >>> Copying /var/folders/sv/h0fz1p090h97prcxzlhf99740000gr/T/XcodeDistPipeline.~~~NAyCP8/Root 
2023-02-20 01:18:10 +0000  copying file ./Payload/gps.app/_CodeSignature/CodeResources ... 
2023-02-20 01:18:10 +0000  14045 bytes for ./Payload/gps.app/_CodeSignature/CodeResources
2023-02-20 01:18:10 +0000  copying file ./Payload/gps.app/gps ... 
2023-02-20 01:18:10 +0000  196736 bytes for ./Payload/gps.app/gps
copying file ./Payload/gps.app/AppIcon60x60@2x.png ... 
2023-02-20 01:18:10 +0000  7165 bytes for ./Payload/gps.app/AppIcon60x60@2x.png
copying file ./Payload/gps.app/GoogleService-Info.plist ... 
664 bytes for ./Payload/gps.app/GoogleService-Info.plist
2023-02-20 01:18:10 +0000  copying file ./Payload/gps.app/Base.lproj/Main.storyboardc/UIViewController-BYZ-38-t0r.nib/runtime.nib ... 
965 bytes for ./Payload/gps.app/Base.lproj/Main.storyboardc/UIViewController-BYZ-38-t0r.nib/runtime.nib
copying file ./Payload/gps.app/Base.lproj/Main.storyboardc/UIViewController-BYZ-38-t0r.nib/objects-14.0+.nib ... 
2023-02-20 01:18:10 +0000  965 bytes for ./Payload/gps.app/Base.lproj/Main.storyboardc/UIViewController-BYZ-38-t0r.nib/objects-14.0+.nib
copying file ./Payload/gps.app/Base.lproj/Main.storyboardc/BYZ-38-t0r-view-8bC-Xf-vdC.nib/runtime.nib ... 
2023-02-20 01:18:10 +0000  4315 bytes for ./Payload/gps.app/Base.lproj/Main.storyboardc/BYZ-38-t0r-view-8bC-Xf-vdC.nib/runtime.nib
copying file ./Payload/gps.app/Base.lproj/Main.storyboardc/BYZ-38-t0r-view-8bC-Xf-vdC.nib/objects-14.0+.nib ... 
2023-02-20 01:18:10 +0000  3166 bytes for ./Payload/gps.app/Base.lproj/Main.storyboardc/BYZ-38-t0r-view-8bC-Xf-vdC.nib/objects-14.0+.nib
copying file ./Payload/gps.app/Base.lproj/Main.storyboardc/Info.plist ... 
2023-02-20 01:18:10 +0000  258 bytes for ./Payload/gps.app/Base.lproj/Main.storyboardc/Info.plist
copying file ./Payload/gps.app/Base.lproj/LaunchScreen.storyboardc/01J-lp-oVM-view-4mO-e4-REQ.nib ... 
2023-02-20 01:18:10 +0000  2242 bytes for ./Payload/gps.app/Base.lproj/LaunchScreen.storyboardc/01J-lp-oVM-view-4mO-e4-REQ.nib
copying file ./Payload/gps.app/Base.lproj/LaunchScreen.storyboardc/UIViewController-01J-lp-oVM.nib ... 
2023-02-20 01:18:10 +0000  896 bytes for ./Payload/gps.app/Base.lproj/LaunchScreen.storyboardc/UIViewController-01J-lp-oVM.nib
copying file ./Payload/gps.app/Base.lproj/LaunchScreen.storyboardc/Info.plist ... 
258 bytes for ./Payload/gps.app/Base.lproj/LaunchScreen.storyboardc/Info.plist
2023-02-20 01:18:10 +0000  copying file ./Payload/gps.app/Entitlements/Entitlements.plist ... 
837 bytes for ./Payload/gps.app/Entitlements/Entitlements.plist
copying file ./Payload/gps.app/Entitlements/.gitignore ... 
27 bytes for ./Payload/gps.app/Entitlements/.gitignore
2023-02-20 01:18:10 +0000  copying file ./Payload/gps.app/Assets.car ... 
2023-02-20 01:18:10 +0000  259455 bytes for ./Payload/gps.app/Assets.car
copying file ./Payload/gps.app/AppIcon76x76@2x~ipad.png ... 
2023-02-20 01:18:10 +0000  8870 bytes for ./Payload/gps.app/AppIcon76x76@2x~ipad.png
copying file ./Payload/gps.app/Frameworks/GoogleDataTransport.framework/_CodeSignature/CodeResources ... 
1798 bytes for ./Payload/gps.app/Frameworks/GoogleDataTransport.framework/_CodeSignature/CodeResources
copying file ./Payload/gps.app/Frameworks/GoogleDataTransport.framework/GoogleDataTransport ... 
2023-02-20 01:18:10 +0000  361568 bytes for ./Payload/gps.app/Frameworks/GoogleDataTransport.framework/GoogleDataTransport
copying file ./Payload/gps.app/Frameworks/GoogleDataTransport.framework/Info.plist ... 
2023-02-20 01:18:10 +0000  807 bytes for ./Payload/gps.app/Frameworks/GoogleDataTransport.framework/Info.plist
copying file ./Payload/gps.app/Frameworks/FBLPromises.framework/_CodeSignature/CodeResources ... 
1798 bytes for ./Payload/gps.app/Frameworks/FBLPromises.framework/_CodeSignature/CodeResources
copying file ./Payload/gps.app/Frameworks/FBLPromises.framework/FBLPromises ... 
2023-02-20 01:18:10 +0000  192144 bytes for ./Payload/gps.app/Frameworks/FBLPromises.framework/FBLPromises
copying file ./Payload/gps.app/Frameworks/FBLPromises.framework/Info.plist ... 
2023-02-20 01:18:10 +0000  789 bytes for ./Payload/gps.app/Frameworks/FBLPromises.framework/Info.plist
2023-02-20 01:18:10 +0000  copying file ./Payload/gps.app/Frameworks/FirebaseCoreInternal.framework/_CodeSignature/CodeResources ... 
1798 bytes for ./Payload/gps.app/Frameworks/FirebaseCoreInternal.framework/_CodeSignature/CodeResources
copying file ./Payload/gps.app/Frameworks/FirebaseCoreInternal.framework/FirebaseCoreInternal ... 
2023-02-20 01:18:10 +0000  404368 bytes for ./Payload/gps.app/Frameworks/FirebaseCoreInternal.framework/FirebaseCoreInternal
copying file ./Payload/gps.app/Frameworks/FirebaseCoreInternal.framework/Info.plist ... 
2023-02-20 01:18:10 +0000  809 bytes for ./Payload/gps.app/Frameworks/FirebaseCoreInternal.framework/Info.plist
copying file ./Payload/gps.app/Frameworks/FirebaseCore.framework/_CodeSignature/CodeResources ... 
1798 bytes for ./Payload/gps.app/Frameworks/FirebaseCore.framework/_CodeSignature/CodeResources
copying file ./Payload/gps.app/Frameworks/FirebaseCore.framework/FirebaseCore ... 
2023-02-20 01:18:10 +0000  223872 bytes for ./Payload/gps.app/Frameworks/FirebaseCore.framework/FirebaseCore
copying file ./Payload/gps.app/Frameworks/FirebaseCore.framework/Info.plist ... 
2023-02-20 01:18:10 +0000  791 bytes for ./Payload/gps.app/Frameworks/FirebaseCore.framework/Info.plist
2023-02-20 01:18:10 +0000  copying file ./Payload/gps.app/Frameworks/GoogleUtilities.framework/_CodeSignature/CodeResources ... 
2023-02-20 01:18:10 +0000  1798 bytes for ./Payload/gps.app/Frameworks/GoogleUtilities.framework/_CodeSignature/CodeResources
copying file ./Payload/gps.app/Frameworks/GoogleUtilities.framework/GoogleUtilities ... 
2023-02-20 01:18:10 +0000  308912 bytes for ./Payload/gps.app/Frameworks/GoogleUtilities.framework/GoogleUtilities
copying file ./Payload/gps.app/Frameworks/GoogleUtilities.framework/Info.plist ... 
2023-02-20 01:18:10 +0000  799 bytes for ./Payload/gps.app/Frameworks/GoogleUtilities.framework/Info.plist
copying file ./Payload/gps.app/Frameworks/FirebaseMessaging.framework/_CodeSignature/CodeResources ... 
1798 bytes for ./Payload/gps.app/Frameworks/FirebaseMessaging.framework/_CodeSignature/CodeResources
copying file ./Payload/gps.app/Frameworks/FirebaseMessaging.framework/FirebaseMessaging ... 
2023-02-20 01:18:10 +0000  566704 bytes for ./Payload/gps.app/Frameworks/FirebaseMessaging.framework/FirebaseMessaging
copying file ./Payload/gps.app/Frameworks/FirebaseMessaging.framework/Info.plist ... 
2023-02-20 01:18:10 +0000  804 bytes for ./Payload/gps.app/Frameworks/FirebaseMessaging.framework/Info.plist
copying file ./Payload/gps.app/Frameworks/nanopb.framework/_CodeSignature/CodeResources ... 
1798 bytes for ./Payload/gps.app/Frameworks/nanopb.framework/_CodeSignature/CodeResources
copying file ./Payload/gps.app/Frameworks/nanopb.framework/nanopb ... 
2023-02-20 01:18:10 +0000  81024 bytes for ./Payload/gps.app/Frameworks/nanopb.framework/nanopb
copying file ./Payload/gps.app/Frameworks/nanopb.framework/Info.plist ... 
2023-02-20 01:18:10 +0000  783 bytes for ./Payload/gps.app/Frameworks/nanopb.framework/Info.plist
2023-02-20 01:18:10 +0000  copying file ./Payload/gps.app/Frameworks/FirebaseInstallations.framework/_CodeSignature/CodeResources ... 
2023-02-20 01:18:10 +0000  1798 bytes for ./Payload/gps.app/Frameworks/FirebaseInstallations.framework/_CodeSignature/CodeResources
copying file ./Payload/gps.app/Frameworks/FirebaseInstallations.framework/FirebaseInstallations ... 
2023-02-20 01:18:10 +0000  294176 bytes for ./Payload/gps.app/Frameworks/FirebaseInstallations.framework/FirebaseInstallations
copying file ./Payload/gps.app/Frameworks/FirebaseInstallations.framework/Info.plist ... 
2023-02-20 01:18:10 +0000  811 bytes for ./Payload/gps.app/Frameworks/FirebaseInstallations.framework/Info.plist
copying file ./Payload/gps.app/Frameworks/FirebaseCoreDiagnostics.framework/_CodeSignature/CodeResources ... 
1798 bytes for ./Payload/gps.app/Frameworks/FirebaseCoreDiagnostics.framework/_CodeSignature/CodeResources
copying file ./Payload/gps.app/Frameworks/FirebaseCoreDiagnostics.framework/FirebaseCoreDiagnostics ... 
2023-02-20 01:18:10 +0000  86544 bytes for ./Payload/gps.app/Frameworks/FirebaseCoreDiagnostics.framework/FirebaseCoreDiagnostics
copying file ./Payload/gps.app/Frameworks/FirebaseCoreDiagnostics.framework/Info.plist ... 
2023-02-20 01:18:10 +0000  815 bytes for ./Payload/gps.app/Frameworks/FirebaseCoreDiagnostics.framework/Info.plist
copying file ./Payload/gps.app/embedded.mobileprovision ... 
2023-02-20 01:18:10 +0000  17461 bytes for ./Payload/gps.app/embedded.mobileprovision
copying file ./Payload/gps.app/Info.plist ... 
2023-02-20 01:18:10 +0000  2358 bytes for ./Payload/gps.app/Info.plist
copying file ./Payload/gps.app/PkgInfo ... 
8 bytes for ./Payload/gps.app/PkgInfo
2023-02-20 01:18:10 +0000 [MT] /usr/bin/ditto exited with 0
2023-02-20 01:18:10 +0000 [MT] Processing step: IDEDistributionAppStoreInformationStep
2023-02-20 01:18:10 +0000 [MT] Skipping step: IDEDistributionAppStoreInformationStep because it said so
2023-02-20 01:18:10 +0000 [MT] Processing step: IDEDistributionGenerateProcessedDistributionItems
2023-02-20 01:18:10 +0000 [MT] IDEDistributionItem init <DVTFilePath:0x6000034ecf50:'/var/folders/sv/h0fz1p090h97prcxzlhf99740000gr/T/XcodeDistPipeline.~~~NAyCP8/Root/Payload/gps.app/Frameworks/FBLPromises.framework'>
2023-02-20 01:18:10 +0000 [MT] IDEDistributionItem init <DVTFilePath:0x60000348d9d0:'/var/folders/sv/h0fz1p090h97prcxzlhf99740000gr/T/XcodeDistPipeline.~~~NAyCP8/Root/Payload/gps.app/Frameworks/nanopb.framework'>
2023-02-20 01:18:10 +0000 [MT] IDEDistributionItem init <DVTFilePath:0x600003077a80:'/var/folders/sv/h0fz1p090h97prcxzlhf99740000gr/T/XcodeDistPipeline.~~~NAyCP8/Root/Payload/gps.app/Frameworks/GoogleDataTransport.framework'>
2023-02-20 01:18:10 +0000 [MT] IDEDistributionItem init <DVTFilePath:0x600003066f80:'/var/folders/sv/h0fz1p090h97prcxzlhf99740000gr/T/XcodeDistPipeline.~~~NAyCP8/Root/Payload/gps.app/Frameworks/FirebaseCoreInternal.framework'>
2023-02-20 01:18:10 +0000 [MT] IDEDistributionItem init <DVTFilePath:0x600003077980:'/var/folders/sv/h0fz1p090h97prcxzlhf99740000gr/T/XcodeDistPipeline.~~~NAyCP8/Root/Payload/gps.app/Frameworks/FirebaseCoreDiagnostics.framework'>
2023-02-20 01:18:10 +0000 [MT] IDEDistributionItem init <DVTFilePath:0x600003067c00:'/var/folders/sv/h0fz1p090h97prcxzlhf99740000gr/T/XcodeDistPipeline.~~~NAyCP8/Root/Payload/gps.app/Frameworks/GoogleUtilities.framework'>
2023-02-20 01:18:10 +0000 [MT] IDEDistributionItem init <DVTFilePath:0x600003076280:'/var/folders/sv/h0fz1p090h97prcxzlhf99740000gr/T/XcodeDistPipeline.~~~NAyCP8/Root/Payload/gps.app/Frameworks/FirebaseMessaging.framework'>
2023-02-20 01:18:10 +0000 [MT] IDEDistributionItem init <DVTFilePath:0x600003067800:'/var/folders/sv/h0fz1p090h97prcxzlhf99740000gr/T/XcodeDistPipeline.~~~NAyCP8/Root/Payload/gps.app/Frameworks/FirebaseInstallations.framework'>
2023-02-20 01:18:10 +0000 [MT] IDEDistributionItem init <DVTFilePath:0x60000348b410:'/var/folders/sv/h0fz1p090h97prcxzlhf99740000gr/T/XcodeDistPipeline.~~~NAyCP8/Root/Payload/gps.app/Frameworks/FirebaseCore.framework'>
2023-02-20 01:18:10 +0000 [MT] IDEDistributionItem init <DVTFilePath:0x600003b816e0:'/var/folders/sv/h0fz1p090h97prcxzlhf99740000gr/T/XcodeDistPipeline.~~~NAyCP8/Root/Payload/gps.app'>
2023-02-20 01:18:10 +0000 [MT] Processing step: IDEDistributionCreateManifestStep
